[I 2024-12-29 22:19:13,387] Trial 2952 finished with value: 0.9293326113754449 and parameters: {'iterations': 81, 'learning_rate': 0.19991714081410394, 'depth': 4, 'l2_leaf_reg': 4.350539366112373, 'subsample': 0.725670814254028, 'min_data_in_leaf': 25, 'rsm': 0.9817904113184479}. Best is trial 1892 with value: 0.9319758700936625.
Trial 2952: AUC = 0.9293 | Params = {'iterations': 81, 'learning_rate': 0.19991714081410394, 'depth': 4, 'l2_leaf_reg': 4.350539366112373, 'subsample': 0.725670814254028, 'min_data_in_leaf': 25, 'rsm': 0.9817904113184479, 'loss_function': 'Logloss', 'eval_metric': 'AUC', 'grow_policy': 'Depthwise'}
[I 2024-12-29 22:19:13,890] Trial 2953 finished with value: 0.9304789115332772 and parameters: {'iterations': 80, 'learning_rate': 0.18334077528819426, 'depth': 4, 'l2_leaf_reg': 4.043392193858707, 'subsample': 0.717685345716131, 'min_data_in_leaf': 26, 'rsm': 0.79695248542348}. Best is trial 1892 with value: 0.9319758700936625.
Trial 2953: AUC = 0.9305 | Params = {'iterations': 80, 'learning_rate': 0.18334077528819426, 'depth': 4, 'l2_leaf_reg': 4.043392193858707, 'subsample': 0.717685345716131, 'min_data_in_leaf': 26, 'rsm': 0.79695248542348, 'loss_function': 'Logloss', 'eval_metric': 'AUC', 'grow_policy': 'Depthwise'}
[I 2024-12-29 22:19:14,381] Trial 2954 finished with value: 0.9294276563634061 and parameters: {'iterations': 78, 'learning_rate': 0.19999655338464742, 'depth': 4, 'l2_leaf_reg': 4.244933410226711, 'subsample': 0.7179211483911103, 'min_data_in_leaf': 24, 'rsm': 0.9650220850518709}. Best is trial 1892 with value: 0.9319758700936625.
Trial 2954: AUC = 0.9294 | Params = {'iterations': 78, 'learning_rate': 0.19999655338464742, 'depth': 4, 'l2_leaf_reg': 4.244933410226711, 'subsample': 0.7179211483911103, 'min_data_in_leaf': 24, 'rsm': 0.9650220850518709, 'loss_function': 'Logloss', 'eval_metric': 'AUC', 'grow_policy': 'Depthwise'}
[I 2024-12-29 22:19:15,015] Trial 2955 finished with value: 0.9298452782802041 and parameters: {'iterations': 78, 'learning_rate': 0.1920928079247301, 'depth': 4, 'l2_leaf_reg': 4.145568378683718, 'subsample': 0.7314602223151833, 'min_data_in_leaf': 23, 'rsm': 0.9742806117068068}. Best is trial 1892 with value: 0.9319758700936625.
Trial 2955: AUC = 0.9298 | Params = {'iterations': 78, 'learning_rate': 0.1920928079247301, 'depth': 4, 'l2_leaf_reg': 4.145568378683718, 'subsample': 0.7314602223151833, 'min_data_in_leaf': 23, 'rsm': 0.9742806117068068, 'loss_function': 'Logloss', 'eval_metric': 'AUC', 'grow_policy': 'Depthwise'}
[I 2024-12-29 22:19:15,518] Trial 2956 finished with value: 0.930324103408947 and parameters: {'iterations': 83, 'learning_rate': 0.19539303089770454, 'depth': 4, 'l2_leaf_reg': 4.344766760075791, 'subsample': 0.7231695574009915, 'min_data_in_leaf': 24, 'rsm': 0.9573695998066323}. Best is trial 1892 with value: 0.9319758700936625.
Trial 2956: AUC = 0.9303 | Params = {'iterations': 83, 'learning_rate': 0.19539303089770454, 'depth': 4, 'l2_leaf_reg': 4.344766760075791, 'subsample': 0.7231695574009915, 'min_data_in_leaf': 24, 'rsm': 0.9573695998066323, 'loss_function': 'Logloss', 'eval_metric': 'AUC', 'grow_policy': 'Depthwise'}
[I 2024-12-29 22:19:15,995] Trial 2957 finished with value: 0.9308497309938825 and parameters: {'iterations': 75, 'learning_rate': 0.15839716428474307, 'depth': 4, 'l2_leaf_reg': 4.270932315136473, 'subsample': 0.7156067497951812, 'min_data_in_leaf': 25, 'rsm': 0.7302147991049875}. Best is trial 1892 with value: 0.9319758700936625.
Trial 2957: AUC = 0.9308 | Params = {'iterations': 75, 'learning_rate': 0.15839716428474307, 'depth': 4, 'l2_leaf_reg': 4.270932315136473, 'subsample': 0.7156067497951812, 'min_data_in_leaf': 25, 'rsm': 0.7302147991049875, 'loss_function': 'Logloss', 'eval_metric': 'AUC', 'grow_policy': 'Depthwise'}
[I 2024-12-29 22:19:16,597] Trial 2958 finished with value: 0.9293214507897374 and parameters: {'iterations': 82, 'learning_rate': 0.17996198754915724, 'depth': 4, 'l2_leaf_reg': 3.9633984139818934, 'subsample': 0.7261309292780327, 'min_data_in_leaf': 25, 'rsm': 0.9878969497999702}. Best is trial 1892 with value: 0.9319758700936625.
Trial 2958: AUC = 0.9293 | Params = {'iterations': 82, 'learning_rate': 0.17996198754915724, 'depth': 4, 'l2_leaf_reg': 3.9633984139818934, 'subsample': 0.7261309292780327, 'min_data_in_leaf': 25, 'rsm': 0.9878969497999702, 'loss_function': 'Logloss', 'eval_metric': 'AUC', 'grow_policy': 'Depthwise'}
[I 2024-12-29 22:19:17,080] Trial 2959 finished with value: 0.9308346102003434 and parameters: {'iterations': 74, 'learning_rate': 0.18930740969057894, 'depth': 4, 'l2_leaf_reg': 4.347176400976606, 'subsample': 0.7184812813982866, 'min_data_in_leaf': 29, 'rsm': 0.9710802432822842}. Best is trial 1892 with value: 0.9319758700936625.
Trial 2959: AUC = 0.9308 | Params = {'iterations': 74, 'learning_rate': 0.18930740969057894, 'depth': 4, 'l2_leaf_reg': 4.347176400976606, 'subsample': 0.7184812813982866, 'min_data_in_leaf': 29, 'rsm': 0.9710802432822842, 'loss_function': 'Logloss', 'eval_metric': 'AUC', 'grow_policy': 'Depthwise'}
[I 2024-12-29 22:19:17,665] Trial 2960 finished with value: 0.9293174905819057 and parameters: {'iterations': 81, 'learning_rate': 0.19272416343706575, 'depth': 4, 'l2_leaf_reg': 4.190081224070779, 'subsample': 0.8691065365584428, 'min_data_in_leaf': 24, 'rsm': 0.979497897525819}. Best is trial 1892 with value: 0.9319758700936625.
Trial 2960: AUC = 0.9293 | Params = {'iterations': 81, 'learning_rate': 0.19272416343706575, 'depth': 4, 'l2_leaf_reg': 4.190081224070779, 'subsample': 0.8691065365584428, 'min_data_in_leaf': 24, 'rsm': 0.979497897525819, 'loss_function': 'Logloss', 'eval_metric': 'AUC', 'grow_policy': 'Depthwise'}
[I 2024-12-29 22:19:18,168] Trial 2961 finished with value: 0.9301386936786443 and parameters: {'iterations': 77, 'learning_rate': 0.1970288051489385, 'depth': 4, 'l2_leaf_reg': 4.376893612676597, 'subsample': 0.7122134245154959, 'min_data_in_leaf': 25, 'rsm': 0.9624633254242705}. Best is trial 1892 with value: 0.9319758700936625.
Trial 2961: AUC = 0.9301 | Params = {'iterations': 77, 'learning_rate': 0.1970288051489385, 'depth': 4, 'l2_leaf_reg': 4.376893612676597, 'subsample': 0.7122134245154959, 'min_data_in_leaf': 25, 'rsm': 0.9624633254242705, 'loss_function': 'Logloss', 'eval_metric': 'AUC', 'grow_policy': 'Depthwise'}
[I 2024-12-29 22:19:18,810] Trial 2962 finished with value: 0.9293412518288959 and parameters: {'iterations': 83, 'learning_rate': 0.18698344561000407, 'depth': 4, 'l2_leaf_reg': 4.10690309446745, 'subsample': 0.7217152054076775, 'min_data_in_leaf': 10, 'rsm': 0.9843101284174713}. Best is trial 1892 with value: 0.9319758700936625.
Trial 2962: AUC = 0.9293 | Params = {'iterations': 83, 'learning_rate': 0.18698344561000407, 'depth': 4, 'l2_leaf_reg': 4.10690309446745, 'subsample': 0.7217152054076775, 'min_data_in_leaf': 10, 'rsm': 0.9843101284174713, 'loss_function': 'Logloss', 'eval_metric': 'AUC', 'grow_policy': 'Depthwise'}
[I 2024-12-29 22:19:19,320] Trial 2963 finished with value: 0.9307809673851684 and parameters: {'iterations': 77, 'learning_rate': 0.1952114760364934, 'depth': 4, 'l2_leaf_reg': 4.2704633871071405, 'subsample': 0.7295913410087217, 'min_data_in_leaf': 26, 'rsm': 0.9932539128293782}. Best is trial 1892 with value: 0.9319758700936625.
Trial 2963: AUC = 0.9308 | Params = {'iterations': 77, 'learning_rate': 0.1952114760364934, 'depth': 4, 'l2_leaf_reg': 4.2704633871071405, 'subsample': 0.7295913410087217, 'min_data_in_leaf': 26, 'rsm': 0.9932539128293782, 'loss_function': 'Logloss', 'eval_metric': 'AUC', 'grow_policy': 'Depthwise'}
[I 2024-12-29 22:19:19,892] Trial 2964 finished with value: 0.9307914079330882 and parameters: {'iterations': 84, 'learning_rate': 0.19109284207214958, 'depth': 4, 'l2_leaf_reg': 4.209479811847376, 'subsample': 0.7148483503035307, 'min_data_in_leaf': 27, 'rsm': 0.9760857660283533}. Best is trial 1892 with value: 0.9319758700936625.
Trial 2964: AUC = 0.9308 | Params = {'iterations': 84, 'learning_rate': 0.19109284207214958, 'depth': 4, 'l2_leaf_reg': 4.209479811847376, 'subsample': 0.7148483503035307, 'min_data_in_leaf': 27, 'rsm': 0.9760857660283533, 'loss_function': 'Logloss', 'eval_metric': 'AUC', 'grow_policy': 'Depthwise'}
[I 2024-12-29 22:19:20,414] Trial 2965 finished with value: 0.9296105459614521 and parameters: {'iterations': 76, 'learning_rate': 0.19733449636998185, 'depth': 4, 'l2_leaf_reg': 4.381558613591949, 'subsample': 0.7101325661260735, 'min_data_in_leaf': 26, 'rsm': 0.9673216959417139}. Best is trial 1892 with value: 0.9319758700936625.
Trial 2965: AUC = 0.9296 | Params = {'iterations': 76, 'learning_rate': 0.19733449636998185, 'depth': 4, 'l2_leaf_reg': 4.381558613591949, 'subsample': 0.7101325661260735, 'min_data_in_leaf': 26, 'rsm': 0.9673216959417139, 'loss_function': 'Logloss', 'eval_metric': 'AUC', 'grow_policy': 'Depthwise'}
[I 2024-12-29 22:19:21,179] Trial 2966 finished with value: 0.9303269835600972 and parameters: {'iterations': 85, 'learning_rate': 0.18475597620807752, 'depth': 4, 'l2_leaf_reg': 4.283187900151741, 'subsample': 0.737473140273495, 'min_data_in_leaf': 25, 'rsm': 0.8203755792924595}. Best is trial 1892 with value: 0.9319758700936625.
Trial 2966: AUC = 0.9303 | Params = {'iterations': 85, 'learning_rate': 0.18475597620807752, 'depth': 4, 'l2_leaf_reg': 4.283187900151741, 'subsample': 0.737473140273495, 'min_data_in_leaf': 25, 'rsm': 0.8203755792924595, 'loss_function': 'Logloss', 'eval_metric': 'AUC', 'grow_policy': 'Depthwise'}
[I 2024-12-29 22:19:21,668] Trial 2967 finished with value: 0.9293570926602228 and parameters: {'iterations': 75, 'learning_rate': 0.19313099406060105, 'depth': 4, 'l2_leaf_reg': 4.156700909796875, 'subsample': 0.7218481814242999, 'min_data_in_leaf': 2, 'rsm': 0.7083659971666156}. Best is trial 1892 with value: 0.9319758700936625.
Trial 2967: AUC = 0.9294 | Params = {'iterations': 75, 'learning_rate': 0.19313099406060105, 'depth': 4, 'l2_leaf_reg': 4.156700909796875, 'subsample': 0.7218481814242999, 'min_data_in_leaf': 2, 'rsm': 0.7083659971666156, 'loss_function': 'Logloss', 'eval_metric': 'AUC', 'grow_policy': 'Depthwise'}
[I 2024-12-29 22:19:22,198] Trial 2968 finished with value: 0.9301667751523599 and parameters: {'iterations': 88, 'learning_rate': 0.1999972811864903, 'depth': 4, 'l2_leaf_reg': 4.0395313816169, 'subsample': 0.7078591401126854, 'min_data_in_leaf': 24, 'rsm': 0.9725081552312684}. Best is trial 1892 with value: 0.9319758700936625.
Trial 2968: AUC = 0.9302 | Params = {'iterations': 88, 'learning_rate': 0.1999972811864903, 'depth': 4, 'l2_leaf_reg': 4.0395313816169, 'subsample': 0.7078591401126854, 'min_data_in_leaf': 24, 'rsm': 0.9725081552312684, 'loss_function': 'Logloss', 'eval_metric': 'AUC', 'grow_policy': 'Depthwise'}
[I 2024-12-29 22:19:22,726] Trial 2969 finished with value: 0.9294672584417231 and parameters: {'iterations': 85, 'learning_rate': 0.18777207696284526, 'depth': 4, 'l2_leaf_reg': 4.323224179861265, 'subsample': 0.7154471255954613, 'min_data_in_leaf': 23, 'rsm': 0.9804770185775521}. Best is trial 1892 with value: 0.9319758700936625.
Trial 2969: AUC = 0.9295 | Params = {'iterations': 85, 'learning_rate': 0.18777207696284526, 'depth': 4, 'l2_leaf_reg': 4.323224179861265, 'subsample': 0.7154471255954613, 'min_data_in_leaf': 23, 'rsm': 0.9804770185775521, 'loss_function': 'Logloss', 'eval_metric': 'AUC', 'grow_policy': 'Depthwise'}
[I 2024-12-29 22:19:23,259] Trial 2970 finished with value: 0.9302423791200563 and parameters: {'iterations': 91, 'learning_rate': 0.19522972638013475, 'depth': 4, 'l2_leaf_reg': 4.400090868204421, 'subsample': 0.726674365037606, 'min_data_in_leaf': 18, 'rsm': 0.9590517506773254}. Best is trial 1892 with value: 0.9319758700936625.
Trial 2970: AUC = 0.9302 | Params = {'iterations': 91, 'learning_rate': 0.19522972638013475, 'depth': 4, 'l2_leaf_reg': 4.400090868204421, 'subsample': 0.726674365037606, 'min_data_in_leaf': 18, 'rsm': 0.9590517506773254, 'loss_function': 'Logloss', 'eval_metric': 'AUC', 'grow_policy': 'Depthwise'}
[I 2024-12-29 22:19:23,889] Trial 2971 finished with value: 0.9295785042799046 and parameters: {'iterations': 88, 'learning_rate': 0.09578208366788024, 'depth': 4, 'l2_leaf_reg': 4.238473797486206, 'subsample': 0.716765918938636, 'min_data_in_leaf': 12, 'rsm': 0.9526781578924886}. Best is trial 1892 with value: 0.9319758700936625.
Trial 2971: AUC = 0.9296 | Params = {'iterations': 88, 'learning_rate': 0.09578208366788024, 'depth': 4, 'l2_leaf_reg': 4.238473797486206, 'subsample': 0.716765918938636, 'min_data_in_leaf': 12, 'rsm': 0.9526781578924886, 'loss_function': 'Logloss', 'eval_metric': 'AUC', 'grow_policy': 'Depthwise'}
[I 2024-12-29 22:19:24,426] Trial 2972 finished with value: 0.9302132175896591 and parameters: {'iterations': 94, 'learning_rate': 0.19068044321918937, 'depth': 4, 'l2_leaf_reg': 4.100743811892183, 'subsample': 0.7884950396883941, 'min_data_in_leaf': 24, 'rsm': 0.9675916062736722}. Best is trial 1892 with value: 0.9319758700936625.
Trial 2972: AUC = 0.9302 | Params = {'iterations': 94, 'learning_rate': 0.19068044321918937, 'depth': 4, 'l2_leaf_reg': 4.100743811892183, 'subsample': 0.7884950396883941, 'min_data_in_leaf': 24, 'rsm': 0.9675916062736722, 'loss_function': 'Logloss', 'eval_metric': 'AUC', 'grow_policy': 'Depthwise'}
[I 2024-12-29 22:19:25,022] Trial 2973 finished with value: 0.9298218770521077 and parameters: {'iterations': 80, 'learning_rate': 0.10306016665476345, 'depth': 4, 'l2_leaf_reg': 4.390886085459319, 'subsample': 0.7051212288691937, 'min_data_in_leaf': 26, 'rsm': 0.986627625221009}. Best is trial 1892 with value: 0.9319758700936625.
Trial 2973: AUC = 0.9298 | Params = {'iterations': 80, 'learning_rate': 0.10306016665476345, 'depth': 4, 'l2_leaf_reg': 4.390886085459319, 'subsample': 0.7051212288691937, 'min_data_in_leaf': 26, 'rsm': 0.986627625221009, 'loss_function': 'Logloss', 'eval_metric': 'AUC', 'grow_policy': 'Depthwise'}
[I 2024-12-29 22:19:25,610] Trial 2974 finished with value: 0.9288631467379408 and parameters: {'iterations': 91, 'learning_rate': 0.19712101705063573, 'depth': 4, 'l2_leaf_reg': 4.262927049279068, 'subsample': 0.8052657616309595, 'min_data_in_leaf': 14, 'rsm': 0.9750234113199356}. Best is trial 1892 with value: 0.9319758700936625.
Trial 2974: AUC = 0.9289 | Params = {'iterations': 91, 'learning_rate': 0.19712101705063573, 'depth': 4, 'l2_leaf_reg': 4.262927049279068, 'subsample': 0.8052657616309595, 'min_data_in_leaf': 14, 'rsm': 0.9750234113199356, 'loss_function': 'Logloss', 'eval_metric': 'AUC', 'grow_policy': 'Depthwise'}
[I 2024-12-29 22:19:26,223] Trial 2975 finished with value: 0.929128840681559 and parameters: {'iterations': 74, 'learning_rate': 0.1932591010401375, 'depth': 4, 'l2_leaf_reg': 4.324429139290703, 'subsample': 0.7125905859793608, 'min_data_in_leaf': 25, 'rsm': 0.9788604099340802}. Best is trial 1892 with value: 0.9319758700936625.
Trial 2975: AUC = 0.9291 | Params = {'iterations': 74, 'learning_rate': 0.1932591010401375, 'depth': 4, 'l2_leaf_reg': 4.324429139290703, 'subsample': 0.7125905859793608, 'min_data_in_leaf': 25, 'rsm': 0.9788604099340802, 'loss_function': 'Logloss', 'eval_metric': 'AUC', 'grow_policy': 'Depthwise'}
[I 2024-12-29 22:19:26,730] Trial 2976 finished with value: 0.929721071761846 and parameters: {'iterations': 84, 'learning_rate': 0.18862123981834653, 'depth': 4, 'l2_leaf_reg': 3.933890372709969, 'subsample': 0.7215142146907416, 'min_data_in_leaf': 25, 'rsm': 0.9126242780704568}. Best is trial 1892 with value: 0.9319758700936625.
Trial 2976: AUC = 0.9297 | Params = {'iterations': 84, 'learning_rate': 0.18862123981834653, 'depth': 4, 'l2_leaf_reg': 3.933890372709969, 'subsample': 0.7215142146907416, 'min_data_in_leaf': 25, 'rsm': 0.9126242780704568, 'loss_function': 'Logloss', 'eval_metric': 'AUC', 'grow_policy': 'Depthwise'}
[I 2024-12-29 22:19:27,338] Trial 2977 finished with value: 0.9300047666501537 and parameters: {'iterations': 89, 'learning_rate': 0.1828072323523981, 'depth': 4, 'l2_leaf_reg': 4.185434236601587, 'subsample': 0.763074385012751, 'min_data_in_leaf': 28, 'rsm': 0.9325825442799717}. Best is trial 1892 with value: 0.9319758700936625.
Trial 2977: AUC = 0.9300 | Params = {'iterations': 89, 'learning_rate': 0.1828072323523981, 'depth': 4, 'l2_leaf_reg': 4.185434236601587, 'subsample': 0.763074385012751, 'min_data_in_leaf': 28, 'rsm': 0.9325825442799717, 'loss_function': 'Logloss', 'eval_metric': 'AUC', 'grow_policy': 'Depthwise'}
[I 2024-12-29 22:19:27,893] Trial 2978 finished with value: 0.9295108207278718 and parameters: {'iterations': 93, 'learning_rate': 0.19552958402659404, 'depth': 4, 'l2_leaf_reg': 4.413230686962557, 'subsample': 0.8568455529277395, 'min_data_in_leaf': 22, 'rsm': 0.9676010180350488}. Best is trial 1892 with value: 0.9319758700936625.
Trial 2978: AUC = 0.9295 | Params = {'iterations': 93, 'learning_rate': 0.19552958402659404, 'depth': 4, 'l2_leaf_reg': 4.413230686962557, 'subsample': 0.8568455529277395, 'min_data_in_leaf': 22, 'rsm': 0.9676010180350488, 'loss_function': 'Logloss', 'eval_metric': 'AUC', 'grow_policy': 'Depthwise'}
[I 2024-12-29 22:19:28,321] Trial 2979 finished with value: 0.9290766379419592 and parameters: {'iterations': 50, 'learning_rate': 0.10941258698512193, 'depth': 4, 'l2_leaf_reg': 4.323372559221854, 'subsample': 0.731512056776863, 'min_data_in_leaf': 26, 'rsm': 0.9628726398076839}. Best is trial 1892 with value: 0.9319758700936625.
Trial 2979: AUC = 0.9291 | Params = {'iterations': 50, 'learning_rate': 0.10941258698512193, 'depth': 4, 'l2_leaf_reg': 4.323372559221854, 'subsample': 0.731512056776863, 'min_data_in_leaf': 26, 'rsm': 0.9628726398076839, 'loss_function': 'Logloss', 'eval_metric': 'AUC', 'grow_policy': 'Depthwise'}
[I 2024-12-29 22:19:28,908] Trial 2980 finished with value: 0.9282305935415491 and parameters: {'iterations': 116, 'learning_rate': 0.19063188785466476, 'depth': 4, 'l2_leaf_reg': 4.15419986486447, 'subsample': 0.7101501925488609, 'min_data_in_leaf': 17, 'rsm': 0.9947896645079541}. Best is trial 1892 with value: 0.9319758700936625.
Trial 2980: AUC = 0.9282 | Params = {'iterations': 116, 'learning_rate': 0.19063188785466476, 'depth': 4, 'l2_leaf_reg': 4.15419986486447, 'subsample': 0.7101501925488609, 'min_data_in_leaf': 17, 'rsm': 0.9947896645079541, 'loss_function': 'Logloss', 'eval_metric': 'AUC', 'grow_policy': 'Depthwise'}
[I 2024-12-29 22:19:29,460] Trial 2981 finished with value: 0.9292940893538093 and parameters: {'iterations': 88, 'learning_rate': 0.19282862602555997, 'depth': 4, 'l2_leaf_reg': 4.043890306673966, 'subsample': 0.7425610414359354, 'min_data_in_leaf': 24, 'rsm': 0.9835092440668604}. Best is trial 1892 with value: 0.9319758700936625.
Trial 2981: AUC = 0.9293 | Params = {'iterations': 88, 'learning_rate': 0.19282862602555997, 'depth': 4, 'l2_leaf_reg': 4.043890306673966, 'subsample': 0.7425610414359354, 'min_data_in_leaf': 24, 'rsm': 0.9835092440668604, 'loss_function': 'Logloss', 'eval_metric': 'AUC', 'grow_policy': 'Depthwise'}
[I 2024-12-29 22:19:30,112] Trial 2982 finished with value: 0.9303305837490351 and parameters: {'iterations': 81, 'learning_rate': 0.18007017571973966, 'depth': 4, 'l2_leaf_reg': 4.422252239595369, 'subsample': 0.7184955457722567, 'min_data_in_leaf': 25, 'rsm': 0.9735196303412481}. Best is trial 1892 with value: 0.9319758700936625.
Trial 2982: AUC = 0.9303 | Params = {'iterations': 81, 'learning_rate': 0.18007017571973966, 'depth': 4, 'l2_leaf_reg': 4.422252239595369, 'subsample': 0.7184955457722567, 'min_data_in_leaf': 25, 'rsm': 0.9735196303412481, 'loss_function': 'Logloss', 'eval_metric': 'AUC', 'grow_policy': 'Depthwise'}
[I 2024-12-29 22:19:30,759] Trial 2983 finished with value: 0.9300864909390444 and parameters: {'iterations': 85, 'learning_rate': 0.19694065014641018, 'depth': 4, 'l2_leaf_reg': 4.244889242689288, 'subsample': 0.705349609553671, 'min_data_in_leaf': 30, 'rsm': 0.9592812324459689}. Best is trial 1892 with value: 0.9319758700936625.
Trial 2983: AUC = 0.9301 | Params = {'iterations': 85, 'learning_rate': 0.19694065014641018, 'depth': 4, 'l2_leaf_reg': 4.244889242689288, 'subsample': 0.705349609553671, 'min_data_in_leaf': 30, 'rsm': 0.9592812324459689, 'loss_function': 'Logloss', 'eval_metric': 'AUC', 'grow_policy': 'Depthwise'}
[I 2024-12-29 22:19:31,292] Trial 2984 finished with value: 0.9290103944655016 and parameters: {'iterations': 93, 'learning_rate': 0.18667164014568424, 'depth': 4, 'l2_leaf_reg': 4.3058237981964, 'subsample': 0.7250433325724808, 'min_data_in_leaf': 23, 'rsm': 0.8411924227673812}. Best is trial 1892 with value: 0.9319758700936625.
Trial 2984: AUC = 0.9290 | Params = {'iterations': 93, 'learning_rate': 0.18667164014568424, 'depth': 4, 'l2_leaf_reg': 4.3058237981964, 'subsample': 0.7250433325724808, 'min_data_in_leaf': 23, 'rsm': 0.8411924227673812, 'loss_function': 'Logloss', 'eval_metric': 'AUC', 'grow_policy': 'Depthwise'}
[I 2024-12-29 22:19:32,262] Trial 2985 finished with value: 0.9288080638471908 and parameters: {'iterations': 75, 'learning_rate': 0.19733138410331283, 'depth': 4, 'l2_leaf_reg': 4.3803167570858825, 'subsample': 0.828060366931244, 'min_data_in_leaf': 27, 'rsm': 0.8826663709869434}. Best is trial 1892 with value: 0.9319758700936625.
Trial 2985: AUC = 0.9288 | Params = {'iterations': 75, 'learning_rate': 0.19733138410331283, 'depth': 4, 'l2_leaf_reg': 4.3803167570858825, 'subsample': 0.828060366931244, 'min_data_in_leaf': 27, 'rsm': 0.8826663709869434, 'loss_function': 'Logloss', 'eval_metric': 'AUC', 'grow_policy': 'Depthwise'}
