[I 2024-12-29 22:12:33,183] Trial 2170 finished with value: 0.9292955294293845 and parameters: {'iterations': 96, 'learning_rate': 0.18757290705321372, 'depth': 4, 'l2_leaf_reg': 4.204407628209628, 'subsample': 0.7163728543632886, 'min_data_in_leaf': 25, 'rsm': 0.8490502760124812}. Best is trial 1892 with value: 0.9319758700936625.
Trial 2170: AUC = 0.9293 | Params = {'iterations': 96, 'learning_rate': 0.18757290705321372, 'depth': 4, 'l2_leaf_reg': 4.204407628209628, 'subsample': 0.7163728543632886, 'min_data_in_leaf': 25, 'rsm': 0.8490502760124812, 'loss_function': 'Logloss', 'eval_metric': 'AUC', 'grow_policy': 'Depthwise'}
[I 2024-12-29 22:12:33,667] Trial 2171 finished with value: 0.9289477511779818 and parameters: {'iterations': 86, 'learning_rate': 0.1375185819647426, 'depth': 4, 'l2_leaf_reg': 4.48376859987639, 'subsample': 0.7211920411867774, 'min_data_in_leaf': 23, 'rsm': 0.9715402503261791}. Best is trial 1892 with value: 0.9319758700936625.
Trial 2171: AUC = 0.9289 | Params = {'iterations': 86, 'learning_rate': 0.1375185819647426, 'depth': 4, 'l2_leaf_reg': 4.48376859987639, 'subsample': 0.7211920411867774, 'min_data_in_leaf': 23, 'rsm': 0.9715402503261791, 'loss_function': 'Logloss', 'eval_metric': 'AUC', 'grow_policy': 'Depthwise'}
[I 2024-12-29 22:12:34,123] Trial 2172 finished with value: 0.9299680447229872 and parameters: {'iterations': 80, 'learning_rate': 0.1935596254199583, 'depth': 4, 'l2_leaf_reg': 4.290505528785189, 'subsample': 0.8342031254725152, 'min_data_in_leaf': 25, 'rsm': 0.9867101445315315}. Best is trial 1892 with value: 0.9319758700936625.
Trial 2172: AUC = 0.9300 | Params = {'iterations': 80, 'learning_rate': 0.1935596254199583, 'depth': 4, 'l2_leaf_reg': 4.290505528785189, 'subsample': 0.8342031254725152, 'min_data_in_leaf': 25, 'rsm': 0.9867101445315315, 'loss_function': 'Logloss', 'eval_metric': 'AUC', 'grow_policy': 'Depthwise'}
[I 2024-12-29 22:12:34,665] Trial 2173 finished with value: 0.9301912564371377 and parameters: {'iterations': 155, 'learning_rate': 0.1963031034535999, 'depth': 4, 'l2_leaf_reg': 4.378514077976192, 'subsample': 0.7335606871078936, 'min_data_in_leaf': 26, 'rsm': 0.9635011245641274}. Best is trial 1892 with value: 0.9319758700936625.
Trial 2173: AUC = 0.9302 | Params = {'iterations': 155, 'learning_rate': 0.1963031034535999, 'depth': 4, 'l2_leaf_reg': 4.378514077976192, 'subsample': 0.7335606871078936, 'min_data_in_leaf': 26, 'rsm': 0.9635011245641274, 'loss_function': 'Logloss', 'eval_metric': 'AUC', 'grow_policy': 'Depthwise'}
[I 2024-12-29 22:12:35,163] Trial 2174 finished with value: 0.9304670309097822 and parameters: {'iterations': 89, 'learning_rate': 0.1540277812952813, 'depth': 4, 'l2_leaf_reg': 3.1157373307481393, 'subsample': 0.7000729153423286, 'min_data_in_leaf': 25, 'rsm': 0.9802838721802678}. Best is trial 1892 with value: 0.9319758700936625.
Trial 2174: AUC = 0.9305 | Params = {'iterations': 89, 'learning_rate': 0.1540277812952813, 'depth': 4, 'l2_leaf_reg': 3.1157373307481393, 'subsample': 0.7000729153423286, 'min_data_in_leaf': 25, 'rsm': 0.9802838721802678, 'loss_function': 'Logloss', 'eval_metric': 'AUC', 'grow_policy': 'Depthwise'}
[I 2024-12-29 22:12:35,681] Trial 2175 finished with value: 0.9293815739450008 and parameters: {'iterations': 75, 'learning_rate': 0.09804515405128514, 'depth': 4, 'l2_leaf_reg': 4.062948087824131, 'subsample': 0.7096987316248524, 'min_data_in_leaf': 24, 'rsm': 0.9748688256123106}. Best is trial 1892 with value: 0.9319758700936625.
Trial 2175: AUC = 0.9294 | Params = {'iterations': 75, 'learning_rate': 0.09804515405128514, 'depth': 4, 'l2_leaf_reg': 4.062948087824131, 'subsample': 0.7096987316248524, 'min_data_in_leaf': 24, 'rsm': 0.9748688256123106, 'loss_function': 'Logloss', 'eval_metric': 'AUC', 'grow_policy': 'Depthwise'}
[I 2024-12-29 22:12:36,112] Trial 2176 finished with value: 0.9297531134433934 and parameters: {'iterations': 65, 'learning_rate': 0.199963841318103, 'depth': 4, 'l2_leaf_reg': 4.176734819927747, 'subsample': 0.7168224674980747, 'min_data_in_leaf': 27, 'rsm': 0.9649957159091824}. Best is trial 1892 with value: 0.9319758700936625.
Trial 2176: AUC = 0.9298 | Params = {'iterations': 65, 'learning_rate': 0.199963841318103, 'depth': 4, 'l2_leaf_reg': 4.176734819927747, 'subsample': 0.7168224674980747, 'min_data_in_leaf': 27, 'rsm': 0.9649957159091824, 'loss_function': 'Logloss', 'eval_metric': 'AUC', 'grow_policy': 'Depthwise'}
[I 2024-12-29 22:12:36,573] Trial 2177 finished with value: 0.9295860646766743 and parameters: {'iterations': 72, 'learning_rate': 0.19025546614123162, 'depth': 4, 'l2_leaf_reg': 4.624321085720816, 'subsample': 0.7236274455337821, 'min_data_in_leaf': 24, 'rsm': 0.9708211212335874}. Best is trial 1892 with value: 0.9319758700936625.
Trial 2177: AUC = 0.9296 | Params = {'iterations': 72, 'learning_rate': 0.19025546614123162, 'depth': 4, 'l2_leaf_reg': 4.624321085720816, 'subsample': 0.7236274455337821, 'min_data_in_leaf': 24, 'rsm': 0.9708211212335874, 'loss_function': 'Logloss', 'eval_metric': 'AUC', 'grow_policy': 'Depthwise'}
[I 2024-12-29 22:12:37,057] Trial 2178 finished with value: 0.9292940893538094 and parameters: {'iterations': 94, 'learning_rate': 0.1926381294901079, 'depth': 4, 'l2_leaf_reg': 2.854499440600781, 'subsample': 0.7089336929889632, 'min_data_in_leaf': 26, 'rsm': 0.9857801175777137}. Best is trial 1892 with value: 0.9319758700936625.
Trial 2178: AUC = 0.9293 | Params = {'iterations': 94, 'learning_rate': 0.1926381294901079, 'depth': 4, 'l2_leaf_reg': 2.854499440600781, 'subsample': 0.7089336929889632, 'min_data_in_leaf': 26, 'rsm': 0.9857801175777137, 'loss_function': 'Logloss', 'eval_metric': 'AUC', 'grow_policy': 'Depthwise'}
[I 2024-12-29 22:12:37,542] Trial 2179 finished with value: 0.9305116732526122 and parameters: {'iterations': 84, 'learning_rate': 0.19575869001952553, 'depth': 4, 'l2_leaf_reg': 4.251548895632297, 'subsample': 0.7154804975687841, 'min_data_in_leaf': 23, 'rsm': 0.9919255821399169}. Best is trial 1892 with value: 0.9319758700936625.
Trial 2179: AUC = 0.9305 | Params = {'iterations': 84, 'learning_rate': 0.19575869001952553, 'depth': 4, 'l2_leaf_reg': 4.251548895632297, 'subsample': 0.7154804975687841, 'min_data_in_leaf': 23, 'rsm': 0.9919255821399169, 'loss_function': 'Logloss', 'eval_metric': 'AUC', 'grow_policy': 'Depthwise'}
[I 2024-12-29 22:12:38,093] Trial 2180 finished with value: 0.9296829097591041 and parameters: {'iterations': 91, 'learning_rate': 0.07959203777538185, 'depth': 4, 'l2_leaf_reg': 4.490154453668305, 'subsample': 0.7296217900030126, 'min_data_in_leaf': 25, 'rsm': 0.9771428327348037}. Best is trial 1892 with value: 0.9319758700936625.
Trial 2180: AUC = 0.9297 | Params = {'iterations': 91, 'learning_rate': 0.07959203777538185, 'depth': 4, 'l2_leaf_reg': 4.490154453668305, 'subsample': 0.7296217900030126, 'min_data_in_leaf': 25, 'rsm': 0.9771428327348037, 'loss_function': 'Logloss', 'eval_metric': 'AUC', 'grow_policy': 'Depthwise'}
[I 2024-12-29 22:12:38,623] Trial 2181 finished with value: 0.9295180211057477 and parameters: {'iterations': 68, 'learning_rate': 0.19311923512549156, 'depth': 4, 'l2_leaf_reg': 4.384688604600449, 'subsample': 0.7063301366860623, 'min_data_in_leaf': 26, 'rsm': 0.9690901641102937}. Best is trial 1892 with value: 0.9319758700936625.
Trial 2181: AUC = 0.9295 | Params = {'iterations': 68, 'learning_rate': 0.19311923512549156, 'depth': 4, 'l2_leaf_reg': 4.384688604600449, 'subsample': 0.7063301366860623, 'min_data_in_leaf': 26, 'rsm': 0.9690901641102937, 'loss_function': 'Logloss', 'eval_metric': 'AUC', 'grow_policy': 'Depthwise'}
[I 2024-12-29 22:12:39,153] Trial 2182 finished with value: 0.9294470973836707 and parameters: {'iterations': 96, 'learning_rate': 0.19675147112976119, 'depth': 4, 'l2_leaf_reg': 4.003310756745102, 'subsample': 0.7193408828225226, 'min_data_in_leaf': 24, 'rsm': 0.9815289150608583}. Best is trial 1892 with value: 0.9319758700936625.
Trial 2182: AUC = 0.9294 | Params = {'iterations': 96, 'learning_rate': 0.19675147112976119, 'depth': 4, 'l2_leaf_reg': 4.003310756745102, 'subsample': 0.7193408828225226, 'min_data_in_leaf': 24, 'rsm': 0.9815289150608583, 'loss_function': 'Logloss', 'eval_metric': 'AUC', 'grow_policy': 'Depthwise'}
[I 2024-12-29 22:12:39,669] Trial 2183 finished with value: 0.929317130563012 and parameters: {'iterations': 87, 'learning_rate': 0.18693131737900098, 'depth': 4, 'l2_leaf_reg': 2.387733534441873, 'subsample': 0.7122623091496503, 'min_data_in_leaf': 27, 'rsm': 0.9627722325032769}. Best is trial 1892 with value: 0.9319758700936625.
Trial 2183: AUC = 0.9293 | Params = {'iterations': 87, 'learning_rate': 0.18693131737900098, 'depth': 4, 'l2_leaf_reg': 2.387733534441873, 'subsample': 0.7122623091496503, 'min_data_in_leaf': 27, 'rsm': 0.9627722325032769, 'loss_function': 'Logloss', 'eval_metric': 'AUC', 'grow_policy': 'Depthwise'}
[I 2024-12-29 22:12:40,202] Trial 2184 finished with value: 0.9282817162244674 and parameters: {'iterations': 57, 'learning_rate': 0.18995865331070394, 'depth': 6, 'l2_leaf_reg': 4.561387808861888, 'subsample': 0.7259933852389567, 'min_data_in_leaf': 25, 'rsm': 0.9746452226178458}. Best is trial 1892 with value: 0.9319758700936625.
Trial 2184: AUC = 0.9283 | Params = {'iterations': 57, 'learning_rate': 0.18995865331070394, 'depth': 6, 'l2_leaf_reg': 4.561387808861888, 'subsample': 0.7259933852389567, 'min_data_in_leaf': 25, 'rsm': 0.9746452226178458, 'loss_function': 'Logloss', 'eval_metric': 'AUC', 'grow_policy': 'Depthwise'}
[I 2024-12-29 22:12:40,659] Trial 2185 finished with value: 0.9297541935000749 and parameters: {'iterations': 77, 'learning_rate': 0.19564795995235912, 'depth': 4, 'l2_leaf_reg': 4.31687896128119, 'subsample': 0.705658174716098, 'min_data_in_leaf': 26, 'rsm': 0.9701012687002856}. Best is trial 1892 with value: 0.9319758700936625.
Trial 2185: AUC = 0.9298 | Params = {'iterations': 77, 'learning_rate': 0.19564795995235912, 'depth': 4, 'l2_leaf_reg': 4.31687896128119, 'subsample': 0.705658174716098, 'min_data_in_leaf': 26, 'rsm': 0.9701012687002856, 'loss_function': 'Logloss', 'eval_metric': 'AUC', 'grow_policy': 'Depthwise'}
[I 2024-12-29 22:12:41,129] Trial 2186 finished with value: 0.930384586583104 and parameters: {'iterations': 92, 'learning_rate': 0.19727661080777636, 'depth': 4, 'l2_leaf_reg': 4.434311464316341, 'subsample': 0.7197489522030581, 'min_data_in_leaf': 25, 'rsm': 0.8847718305967318}. Best is trial 1892 with value: 0.9319758700936625.
Trial 2186: AUC = 0.9304 | Params = {'iterations': 92, 'learning_rate': 0.19727661080777636, 'depth': 4, 'l2_leaf_reg': 4.434311464316341, 'subsample': 0.7197489522030581, 'min_data_in_leaf': 25, 'rsm': 0.8847718305967318, 'loss_function': 'Logloss', 'eval_metric': 'AUC', 'grow_policy': 'Depthwise'}
[I 2024-12-29 22:12:41,667] Trial 2187 finished with value: 0.9282471544106634 and parameters: {'iterations': 95, 'learning_rate': 0.14713642074598682, 'depth': 4, 'l2_leaf_reg': 4.243456730031331, 'subsample': 0.8226826936989203, 'min_data_in_leaf': 24, 'rsm': 0.9860724068006692}. Best is trial 1892 with value: 0.9319758700936625.
Trial 2187: AUC = 0.9282 | Params = {'iterations': 95, 'learning_rate': 0.14713642074598682, 'depth': 4, 'l2_leaf_reg': 4.243456730031331, 'subsample': 0.8226826936989203, 'min_data_in_leaf': 24, 'rsm': 0.9860724068006692, 'loss_function': 'Logloss', 'eval_metric': 'AUC', 'grow_policy': 'Depthwise'}
[I 2024-12-29 22:12:42,131] Trial 2188 finished with value: 0.9298755198672827 and parameters: {'iterations': 81, 'learning_rate': 0.1999652561733084, 'depth': 4, 'l2_leaf_reg': 4.14062575979441, 'subsample': 0.7143326194579518, 'min_data_in_leaf': 25, 'rsm': 0.9773468334818746}. Best is trial 1892 with value: 0.9319758700936625.
Trial 2188: AUC = 0.9299 | Params = {'iterations': 81, 'learning_rate': 0.1999652561733084, 'depth': 4, 'l2_leaf_reg': 4.14062575979441, 'subsample': 0.7143326194579518, 'min_data_in_leaf': 25, 'rsm': 0.9773468334818746, 'loss_function': 'Logloss', 'eval_metric': 'AUC', 'grow_policy': 'Depthwise'}
[I 2024-12-29 22:12:42,640] Trial 2189 finished with value: 0.9301440939620512 and parameters: {'iterations': 89, 'learning_rate': 0.18714679515319574, 'depth': 4, 'l2_leaf_reg': 1.3055454094697558, 'subsample': 0.7363495600845071, 'min_data_in_leaf': 27, 'rsm': 0.9995875090640294}. Best is trial 1892 with value: 0.9319758700936625.
Trial 2189: AUC = 0.9301 | Params = {'iterations': 89, 'learning_rate': 0.18714679515319574, 'depth': 4, 'l2_leaf_reg': 1.3055454094697558, 'subsample': 0.7363495600845071, 'min_data_in_leaf': 27, 'rsm': 0.9995875090640294, 'loss_function': 'Logloss', 'eval_metric': 'AUC', 'grow_policy': 'Depthwise'}
[I 2024-12-29 22:12:43,103] Trial 2190 finished with value: 0.9299190821534313 and parameters: {'iterations': 73, 'learning_rate': 0.19208929319352622, 'depth': 4, 'l2_leaf_reg': 4.343411699904552, 'subsample': 0.7252138426659666, 'min_data_in_leaf': 23, 'rsm': 0.9641488140601588}. Best is trial 1892 with value: 0.9319758700936625.
Trial 2190: AUC = 0.9299 | Params = {'iterations': 73, 'learning_rate': 0.19208929319352622, 'depth': 4, 'l2_leaf_reg': 4.343411699904552, 'subsample': 0.7252138426659666, 'min_data_in_leaf': 23, 'rsm': 0.9641488140601588, 'loss_function': 'Logloss', 'eval_metric': 'AUC', 'grow_policy': 'Depthwise'}
[I 2024-12-29 22:12:43,585] Trial 2191 finished with value: 0.9300047666501539 and parameters: {'iterations': 85, 'learning_rate': 0.19415499950897835, 'depth': 4, 'l2_leaf_reg': 4.490298537652292, 'subsample': 0.7049330500031663, 'min_data_in_leaf': 26, 'rsm': 0.9806213559893407}. Best is trial 1892 with value: 0.9319758700936625.
Trial 2191: AUC = 0.9300 | Params = {'iterations': 85, 'learning_rate': 0.19415499950897835, 'depth': 4, 'l2_leaf_reg': 4.490298537652292, 'subsample': 0.7049330500031663, 'min_data_in_leaf': 26, 'rsm': 0.9806213559893407, 'loss_function': 'Logloss', 'eval_metric': 'AUC', 'grow_policy': 'Depthwise'}
[I 2024-12-29 22:12:44,077] Trial 2192 finished with value: 0.9304094278867755 and parameters: {'iterations': 93, 'learning_rate': 0.18977706376430742, 'depth': 4, 'l2_leaf_reg': 4.193757387298619, 'subsample': 0.71318040718772, 'min_data_in_leaf': 25, 'rsm': 0.9728847096916087}. Best is trial 1892 with value: 0.9319758700936625.
Trial 2192: AUC = 0.9304 | Params = {'iterations': 93, 'learning_rate': 0.18977706376430742, 'depth': 4, 'l2_leaf_reg': 4.193757387298619, 'subsample': 0.71318040718772, 'min_data_in_leaf': 25, 'rsm': 0.9728847096916087, 'loss_function': 'Logloss', 'eval_metric': 'AUC', 'grow_policy': 'Depthwise'}
[I 2024-12-29 22:12:44,545] Trial 2193 finished with value: 0.9304933122890289 and parameters: {'iterations': 69, 'learning_rate': 0.1969770375814708, 'depth': 4, 'l2_leaf_reg': 4.073386480476537, 'subsample': 0.7209435845475067, 'min_data_in_leaf': 24, 'rsm': 0.9899242843351096}. Best is trial 1892 with value: 0.9319758700936625.
Trial 2193: AUC = 0.9305 | Params = {'iterations': 69, 'learning_rate': 0.1969770375814708, 'depth': 4, 'l2_leaf_reg': 4.073386480476537, 'subsample': 0.7209435845475067, 'min_data_in_leaf': 24, 'rsm': 0.9899242843351096, 'loss_function': 'Logloss', 'eval_metric': 'AUC', 'grow_policy': 'Depthwise'}
[I 2024-12-29 22:12:45,146] Trial 2194 finished with value: 0.9296652688333082 and parameters: {'iterations': 88, 'learning_rate': 0.15836851577990832, 'depth': 4, 'l2_leaf_reg': 4.41191600862817, 'subsample': 0.7095986572097851, 'min_data_in_leaf': 26, 'rsm': 0.9684228036761566}. Best is trial 1892 with value: 0.9319758700936625.
Trial 2194: AUC = 0.9297 | Params = {'iterations': 88, 'learning_rate': 0.15836851577990832, 'depth': 4, 'l2_leaf_reg': 4.41191600862817, 'subsample': 0.7095986572097851, 'min_data_in_leaf': 26, 'rsm': 0.9684228036761566, 'loss_function': 'Logloss', 'eval_metric': 'AUC', 'grow_policy': 'Depthwise'}
[I 2024-12-29 22:12:45,654] Trial 2195 finished with value: 0.9291972442713794 and parameters: {'iterations': 96, 'learning_rate': 0.19358436336590015, 'depth': 4, 'l2_leaf_reg': 4.295624021281502, 'subsample': 0.7307812760654332, 'min_data_in_leaf': 24, 'rsm': 0.9635733402330753}. Best is trial 1892 with value: 0.9319758700936625.
Trial 2195: AUC = 0.9292 | Params = {'iterations': 96, 'learning_rate': 0.19358436336590015, 'depth': 4, 'l2_leaf_reg': 4.295624021281502, 'subsample': 0.7307812760654332, 'min_data_in_leaf': 24, 'rsm': 0.9635733402330753, 'loss_function': 'Logloss', 'eval_metric': 'AUC', 'grow_policy': 'Depthwise'}
[I 2024-12-29 22:12:46,202] Trial 2196 finished with value: 0.9294366568357508 and parameters: {'iterations': 83, 'learning_rate': 0.19035954701104538, 'depth': 4, 'l2_leaf_reg': 2.1832723752389613, 'subsample': 0.7158124344476048, 'min_data_in_leaf': 25, 'rsm': 0.9812624346452672}. Best is trial 1892 with value: 0.9319758700936625.
Trial 2196: AUC = 0.9294 | Params = {'iterations': 83, 'learning_rate': 0.19035954701104538, 'depth': 4, 'l2_leaf_reg': 2.1832723752389613, 'subsample': 0.7158124344476048, 'min_data_in_leaf': 25, 'rsm': 0.9812624346452672, 'loss_function': 'Logloss', 'eval_metric': 'AUC', 'grow_policy': 'Depthwise'}
[I 2024-12-29 22:12:46,719] Trial 2197 finished with value: 0.9292818487114204 and parameters: {'iterations': 90, 'learning_rate': 0.18691158874155267, 'depth': 4, 'l2_leaf_reg': 2.7232762907178047, 'subsample': 0.70475147714585, 'min_data_in_leaf': 23, 'rsm': 0.9760905301187673}. Best is trial 1892 with value: 0.9319758700936625.
Trial 2197: AUC = 0.9293 | Params = {'iterations': 90, 'learning_rate': 0.18691158874155267, 'depth': 4, 'l2_leaf_reg': 2.7232762907178047, 'subsample': 0.70475147714585, 'min_data_in_leaf': 23, 'rsm': 0.9760905301187673, 'loss_function': 'Logloss', 'eval_metric': 'AUC', 'grow_policy': 'Depthwise'}
[I 2024-12-29 22:12:47,169] Trial 2198 finished with value: 0.9310430611398487 and parameters: {'iterations': 74, 'learning_rate': 0.1974378958837211, 'depth': 4, 'l2_leaf_reg': 4.527494280022551, 'subsample': 0.7183606212378522, 'min_data_in_leaf': 27, 'rsm': 0.9702856718845735}. Best is trial 1892 with value: 0.9319758700936625.
Trial 2198: AUC = 0.9310 | Params = {'iterations': 74, 'learning_rate': 0.1974378958837211, 'depth': 4, 'l2_leaf_reg': 4.527494280022551, 'subsample': 0.7183606212378522, 'min_data_in_leaf': 27, 'rsm': 0.9702856718845735, 'loss_function': 'Logloss', 'eval_metric': 'AUC', 'grow_policy': 'Depthwise'}
[I 2024-12-29 22:12:47,620] Trial 2199 finished with value: 0.9303482246748309 and parameters: {'iterations': 66, 'learning_rate': 0.1999588568603108, 'depth': 4, 'l2_leaf_reg': 4.375630774606853, 'subsample': 0.7255999146615716, 'min_data_in_leaf': 26, 'rsm': 0.9835658463015502}. Best is trial 1892 with value: 0.9319758700936625.
Trial 2199: AUC = 0.9303 | Params = {'iterations': 66, 'learning_rate': 0.1999588568603108, 'depth': 4, 'l2_leaf_reg': 4.375630774606853, 'subsample': 0.7255999146615716, 'min_data_in_leaf': 26, 'rsm': 0.9835658463015502, 'loss_function': 'Logloss', 'eval_metric': 'AUC', 'grow_policy': 'Depthwise'}
[I 2024-12-29 22:12:48,079] Trial 2200 finished with value: 0.9297617538968445 and parameters: {'iterations': 134, 'learning_rate': 0.19372382157070395, 'depth': 4, 'l2_leaf_reg': 4.236849615288062, 'subsample': 0.7119677594357653, 'min_data_in_leaf': 24, 'rsm': 0.9628556067035327}. Best is trial 1892 with value: 0.9319758700936625.
Trial 2200: AUC = 0.9298 | Params = {'iterations': 134, 'learning_rate': 0.19372382157070395, 'depth': 4, 'l2_leaf_reg': 4.236849615288062, 'subsample': 0.7119677594357653, 'min_data_in_leaf': 24, 'rsm': 0.9628556067035327, 'loss_function': 'Logloss', 'eval_metric': 'AUC', 'grow_policy': 'Depthwise'}
[I 2024-12-29 22:12:48,548] Trial 2201 finished with value: 0.9308295699358301 and parameters: {'iterations': 93, 'learning_rate': 0.195323457750656, 'depth': 4, 'l2_leaf_reg': 4.132982480200171, 'subsample': 0.7195110435351286, 'min_data_in_leaf': 25, 'rsm': 0.9766267072960854}. Best is trial 1892 with value: 0.9319758700936625.
Trial 2201: AUC = 0.9308 | Params = {'iterations': 93, 'learning_rate': 0.195323457750656, 'depth': 4, 'l2_leaf_reg': 4.132982480200171, 'subsample': 0.7195110435351286, 'min_data_in_leaf': 25, 'rsm': 0.9766267072960854, 'loss_function': 'Logloss', 'eval_metric': 'AUC', 'grow_policy': 'Depthwise'}
[I 2024-12-29 22:12:49,138] Trial 2202 finished with value: 0.9296364673218049 and parameters: {'iterations': 86, 'learning_rate': 0.19049798986904173, 'depth': 4, 'l2_leaf_reg': 4.661755314804464, 'subsample': 0.7095763537731089, 'min_data_in_leaf': 26, 'rsm': 0.9702975795558206}. Best is trial 1892 with value: 0.9319758700936625.
Trial 2202: AUC = 0.9296 | Params = {'iterations': 86, 'learning_rate': 0.19049798986904173, 'depth': 4, 'l2_leaf_reg': 4.661755314804464, 'subsample': 0.7095763537731089, 'min_data_in_leaf': 26, 'rsm': 0.9702975795558206, 'loss_function': 'Logloss', 'eval_metric': 'AUC', 'grow_policy': 'Depthwise'}
[I 2024-12-29 22:12:49,668] Trial 2203 finished with value: 0.9287483007108213 and parameters: {'iterations': 79, 'learning_rate': 0.19712337533978627, 'depth': 4, 'l2_leaf_reg': 4.452641639581384, 'subsample': 0.7241840417765837, 'min_data_in_leaf': 25, 'rsm': 0.9875218158949287}. Best is trial 1892 with value: 0.9319758700936625.
Trial 2203: AUC = 0.9287 | Params = {'iterations': 79, 'learning_rate': 0.19712337533978627, 'depth': 4, 'l2_leaf_reg': 4.452641639581384, 'subsample': 0.7241840417765837, 'min_data_in_leaf': 25, 'rsm': 0.9875218158949287, 'loss_function': 'Logloss', 'eval_metric': 'AUC', 'grow_policy': 'Depthwise'}
