[I 2024-12-29 22:14:31,353] Trial 2408 finished with value: 0.929890280641928 and parameters: {'iterations': 102, 'learning_rate': 0.09596160852698485, 'depth': 4, 'l2_leaf_reg': 3.987698280859831, 'subsample': 0.7132782657832422, 'min_data_in_leaf': 14, 'rsm': 0.7776082934318136}. Best is trial 1892 with value: 0.9319758700936625.
Trial 2408: AUC = 0.9299 | Params = {'iterations': 102, 'learning_rate': 0.09596160852698485, 'depth': 4, 'l2_leaf_reg': 3.987698280859831, 'subsample': 0.7132782657832422, 'min_data_in_leaf': 14, 'rsm': 0.7776082934318136, 'loss_function': 'Logloss', 'eval_metric': 'AUC', 'grow_policy': 'Depthwise'}
[I 2024-12-29 22:14:31,903] Trial 2409 finished with value: 0.9304299489637216 and parameters: {'iterations': 93, 'learning_rate': 0.1887649014467629, 'depth': 4, 'l2_leaf_reg': 4.502451507814519, 'subsample': 0.7224075768573419, 'min_data_in_leaf': 26, 'rsm': 0.9711633497900659}. Best is trial 1892 with value: 0.9319758700936625.
Trial 2409: AUC = 0.9304 | Params = {'iterations': 93, 'learning_rate': 0.1887649014467629, 'depth': 4, 'l2_leaf_reg': 4.502451507814519, 'subsample': 0.7224075768573419, 'min_data_in_leaf': 26, 'rsm': 0.9711633497900659, 'loss_function': 'Logloss', 'eval_metric': 'AUC', 'grow_policy': 'Depthwise'}
[I 2024-12-29 22:14:32,505] Trial 2410 finished with value: 0.9285632509994124 and parameters: {'iterations': 125, 'learning_rate': 0.19399146371832207, 'depth': 4, 'l2_leaf_reg': 2.4299724911807186, 'subsample': 0.8074297409693162, 'min_data_in_leaf': 8, 'rsm': 0.9824937659005946}. Best is trial 1892 with value: 0.9319758700936625.
Trial 2410: AUC = 0.9286 | Params = {'iterations': 125, 'learning_rate': 0.19399146371832207, 'depth': 4, 'l2_leaf_reg': 2.4299724911807186, 'subsample': 0.8074297409693162, 'min_data_in_leaf': 8, 'rsm': 0.9824937659005946, 'loss_function': 'Logloss', 'eval_metric': 'AUC', 'grow_policy': 'Depthwise'}
[I 2024-12-29 22:14:32,943] Trial 2411 finished with value: 0.9295342219559681 and parameters: {'iterations': 71, 'learning_rate': 0.19999236472136467, 'depth': 4, 'l2_leaf_reg': 4.199795103728569, 'subsample': 0.7085845849221544, 'min_data_in_leaf': 17, 'rsm': 0.9997195864518741}. Best is trial 1892 with value: 0.9319758700936625.
Trial 2411: AUC = 0.9295 | Params = {'iterations': 71, 'learning_rate': 0.19999236472136467, 'depth': 4, 'l2_leaf_reg': 4.199795103728569, 'subsample': 0.7085845849221544, 'min_data_in_leaf': 17, 'rsm': 0.9997195864518741, 'loss_function': 'Logloss', 'eval_metric': 'AUC', 'grow_policy': 'Depthwise'}
[I 2024-12-29 22:14:33,447] Trial 2412 finished with value: 0.9293812139261068 and parameters: {'iterations': 98, 'learning_rate': 0.19051875811330632, 'depth': 4, 'l2_leaf_reg': 4.402223369152695, 'subsample': 0.7278295030200189, 'min_data_in_leaf': 27, 'rsm': 0.9745054749785718}. Best is trial 1892 with value: 0.9319758700936625.
Trial 2412: AUC = 0.9294 | Params = {'iterations': 98, 'learning_rate': 0.19051875811330632, 'depth': 4, 'l2_leaf_reg': 4.402223369152695, 'subsample': 0.7278295030200189, 'min_data_in_leaf': 27, 'rsm': 0.9745054749785718, 'loss_function': 'Logloss', 'eval_metric': 'AUC', 'grow_policy': 'Depthwise'}
[I 2024-12-29 22:14:33,846] Trial 2413 finished with value: 0.9296202664715845 and parameters: {'iterations': 62, 'learning_rate': 0.1972370511847484, 'depth': 4, 'l2_leaf_reg': 4.60039209681501, 'subsample': 0.7165093323989981, 'min_data_in_leaf': 25, 'rsm': 0.8519328683092993}. Best is trial 1892 with value: 0.9319758700936625.
Trial 2413: AUC = 0.9296 | Params = {'iterations': 62, 'learning_rate': 0.1972370511847484, 'depth': 4, 'l2_leaf_reg': 4.60039209681501, 'subsample': 0.7165093323989981, 'min_data_in_leaf': 25, 'rsm': 0.8519328683092993, 'loss_function': 'Logloss', 'eval_metric': 'AUC', 'grow_policy': 'Depthwise'}
[I 2024-12-29 22:14:34,347] Trial 2414 finished with value: 0.9291227203603646 and parameters: {'iterations': 89, 'learning_rate': 0.194696689991079, 'depth': 4, 'l2_leaf_reg': 4.303518486168534, 'subsample': 0.7040353192765685, 'min_data_in_leaf': 28, 'rsm': 0.966061438826504}. Best is trial 1892 with value: 0.9319758700936625.
Trial 2414: AUC = 0.9291 | Params = {'iterations': 89, 'learning_rate': 0.194696689991079, 'depth': 4, 'l2_leaf_reg': 4.303518486168534, 'subsample': 0.7040353192765685, 'min_data_in_leaf': 28, 'rsm': 0.966061438826504, 'loss_function': 'Logloss', 'eval_metric': 'AUC', 'grow_policy': 'Depthwise'}
[I 2024-12-29 22:14:34,811] Trial 2415 finished with value: 0.9303453445236807 and parameters: {'iterations': 115, 'learning_rate': 0.18822692528969157, 'depth': 4, 'l2_leaf_reg': 4.701056780195779, 'subsample': 0.8436470048977859, 'min_data_in_leaf': 26, 'rsm': 0.9807275083331316}. Best is trial 1892 with value: 0.9319758700936625.
Trial 2415: AUC = 0.9303 | Params = {'iterations': 115, 'learning_rate': 0.18822692528969157, 'depth': 4, 'l2_leaf_reg': 4.701056780195779, 'subsample': 0.8436470048977859, 'min_data_in_leaf': 26, 'rsm': 0.9807275083331316, 'loss_function': 'Logloss', 'eval_metric': 'AUC', 'grow_policy': 'Depthwise'}
[I 2024-12-29 22:14:35,303] Trial 2416 finished with value: 0.9303021422564257 and parameters: {'iterations': 95, 'learning_rate': 0.19188211399333305, 'depth': 4, 'l2_leaf_reg': 4.152492080608083, 'subsample': 0.7210607311023988, 'min_data_in_leaf': 23, 'rsm': 0.9886384211104756}. Best is trial 1892 with value: 0.9319758700936625.
Trial 2416: AUC = 0.9303 | Params = {'iterations': 95, 'learning_rate': 0.19188211399333305, 'depth': 4, 'l2_leaf_reg': 4.152492080608083, 'subsample': 0.7210607311023988, 'min_data_in_leaf': 23, 'rsm': 0.9886384211104756, 'loss_function': 'Logloss', 'eval_metric': 'AUC', 'grow_policy': 'Depthwise'}
[I 2024-12-29 22:14:35,897] Trial 2417 finished with value: 0.9303633454683703 and parameters: {'iterations': 120, 'learning_rate': 0.19563926481706637, 'depth': 4, 'l2_leaf_reg': 4.040794450483561, 'subsample': 0.7000514955462687, 'min_data_in_leaf': 26, 'rsm': 0.9752743265920362}. Best is trial 1892 with value: 0.9319758700936625.
Trial 2417: AUC = 0.9304 | Params = {'iterations': 120, 'learning_rate': 0.19563926481706637, 'depth': 4, 'l2_leaf_reg': 4.040794450483561, 'subsample': 0.7000514955462687, 'min_data_in_leaf': 26, 'rsm': 0.9752743265920362, 'loss_function': 'Logloss', 'eval_metric': 'AUC', 'grow_policy': 'Depthwise'}
[I 2024-12-29 22:14:36,487] Trial 2418 finished with value: 0.9295795843365859 and parameters: {'iterations': 87, 'learning_rate': 0.19298055929638702, 'depth': 4, 'l2_leaf_reg': 4.2834574942034305, 'subsample': 0.7454776564409415, 'min_data_in_leaf': 25, 'rsm': 0.9663640369286824}. Best is trial 1892 with value: 0.9319758700936625.
Trial 2418: AUC = 0.9296 | Params = {'iterations': 87, 'learning_rate': 0.19298055929638702, 'depth': 4, 'l2_leaf_reg': 4.2834574942034305, 'subsample': 0.7454776564409415, 'min_data_in_leaf': 25, 'rsm': 0.9663640369286824, 'loss_function': 'Logloss', 'eval_metric': 'AUC', 'grow_policy': 'Depthwise'}
[I 2024-12-29 22:14:36,998] Trial 2419 finished with value: 0.9313825589566941 and parameters: {'iterations': 161, 'learning_rate': 0.19762522479735858, 'depth': 4, 'l2_leaf_reg': 4.44388788555475, 'subsample': 0.7126512847312013, 'min_data_in_leaf': 24, 'rsm': 0.9763245446764477}. Best is trial 1892 with value: 0.9319758700936625.
Trial 2419: AUC = 0.9314 | Params = {'iterations': 161, 'learning_rate': 0.19762522479735858, 'depth': 4, 'l2_leaf_reg': 4.44388788555475, 'subsample': 0.7126512847312013, 'min_data_in_leaf': 24, 'rsm': 0.9763245446764477, 'loss_function': 'Logloss', 'eval_metric': 'AUC', 'grow_policy': 'Depthwise'}
[I 2024-12-29 22:14:37,565] Trial 2420 finished with value: 0.9292022845358926 and parameters: {'iterations': 161, 'learning_rate': 0.19984983922129726, 'depth': 4, 'l2_leaf_reg': 4.25431332389047, 'subsample': 0.7001174477617766, 'min_data_in_leaf': 23, 'rsm': 0.9044201565915478}. Best is trial 1892 with value: 0.9319758700936625.
Trial 2420: AUC = 0.9292 | Params = {'iterations': 161, 'learning_rate': 0.19984983922129726, 'depth': 4, 'l2_leaf_reg': 4.25431332389047, 'subsample': 0.7001174477617766, 'min_data_in_leaf': 23, 'rsm': 0.9044201565915478, 'loss_function': 'Logloss', 'eval_metric': 'AUC', 'grow_policy': 'Depthwise'}
[I 2024-12-29 22:14:38,075] Trial 2421 finished with value: 0.9298726397161323 and parameters: {'iterations': 92, 'learning_rate': 0.19794185241804604, 'depth': 4, 'l2_leaf_reg': 4.19828857899548, 'subsample': 0.7084657103331868, 'min_data_in_leaf': 22, 'rsm': 0.9899134860600844}. Best is trial 1892 with value: 0.9319758700936625.
Trial 2421: AUC = 0.9299 | Params = {'iterations': 92, 'learning_rate': 0.19794185241804604, 'depth': 4, 'l2_leaf_reg': 4.19828857899548, 'subsample': 0.7084657103331868, 'min_data_in_leaf': 22, 'rsm': 0.9899134860600844, 'loss_function': 'Logloss', 'eval_metric': 'AUC', 'grow_policy': 'Depthwise'}
[I 2024-12-29 22:14:38,588] Trial 2422 finished with value: 0.9296695890600339 and parameters: {'iterations': 96, 'learning_rate': 0.19987456819657948, 'depth': 4, 'l2_leaf_reg': 4.349605280369708, 'subsample': 0.7049461862123831, 'min_data_in_leaf': 22, 'rsm': 0.7231409468178245}. Best is trial 1892 with value: 0.9319758700936625.
Trial 2422: AUC = 0.9297 | Params = {'iterations': 96, 'learning_rate': 0.19987456819657948, 'depth': 4, 'l2_leaf_reg': 4.349605280369708, 'subsample': 0.7049461862123831, 'min_data_in_leaf': 22, 'rsm': 0.7231409468178245, 'loss_function': 'Logloss', 'eval_metric': 'AUC', 'grow_policy': 'Depthwise'}
[I 2024-12-29 22:14:39,155] Trial 2423 finished with value: 0.9288624267001532 and parameters: {'iterations': 91, 'learning_rate': 0.19745433468780257, 'depth': 4, 'l2_leaf_reg': 4.10393975823934, 'subsample': 0.7090540386233674, 'min_data_in_leaf': 22, 'rsm': 0.7720819160300383}. Best is trial 1892 with value: 0.9319758700936625.
Trial 2423: AUC = 0.9289 | Params = {'iterations': 91, 'learning_rate': 0.19745433468780257, 'depth': 4, 'l2_leaf_reg': 4.10393975823934, 'subsample': 0.7090540386233674, 'min_data_in_leaf': 22, 'rsm': 0.7720819160300383, 'loss_function': 'Logloss', 'eval_metric': 'AUC', 'grow_policy': 'Depthwise'}
[I 2024-12-29 22:14:39,646] Trial 2424 finished with value: 0.9299406832870589 and parameters: {'iterations': 89, 'learning_rate': 0.19994839155297045, 'depth': 4, 'l2_leaf_reg': 4.275104248967777, 'subsample': 0.7101816068875848, 'min_data_in_leaf': 23, 'rsm': 0.9843553422397242}. Best is trial 1892 with value: 0.9319758700936625.
Trial 2424: AUC = 0.9299 | Params = {'iterations': 89, 'learning_rate': 0.19994839155297045, 'depth': 4, 'l2_leaf_reg': 4.275104248967777, 'subsample': 0.7101816068875848, 'min_data_in_leaf': 23, 'rsm': 0.9843553422397242, 'loss_function': 'Logloss', 'eval_metric': 'AUC', 'grow_policy': 'Depthwise'}
[I 2024-12-29 22:14:40,216] Trial 2425 finished with value: 0.9283929620626491 and parameters: {'iterations': 148, 'learning_rate': 0.12431060792723173, 'depth': 4, 'l2_leaf_reg': 4.3395511944349305, 'subsample': 0.7122804842694068, 'min_data_in_leaf': 23, 'rsm': 0.9822738347740348}. Best is trial 1892 with value: 0.9319758700936625.
Trial 2425: AUC = 0.9284 | Params = {'iterations': 148, 'learning_rate': 0.12431060792723173, 'depth': 4, 'l2_leaf_reg': 4.3395511944349305, 'subsample': 0.7122804842694068, 'min_data_in_leaf': 23, 'rsm': 0.9822738347740348, 'loss_function': 'Logloss', 'eval_metric': 'AUC', 'grow_policy': 'Depthwise'}
[I 2024-12-29 22:14:40,676] Trial 2426 finished with value: 0.9301001716570086 and parameters: {'iterations': 100, 'learning_rate': 0.19654509003909662, 'depth': 4, 'l2_leaf_reg': 4.1873720359137, 'subsample': 0.7045230231186638, 'min_data_in_leaf': 23, 'rsm': 0.8244778818226933}. Best is trial 1892 with value: 0.9319758700936625.
Trial 2426: AUC = 0.9301 | Params = {'iterations': 100, 'learning_rate': 0.19654509003909662, 'depth': 4, 'l2_leaf_reg': 4.1873720359137, 'subsample': 0.7045230231186638, 'min_data_in_leaf': 23, 'rsm': 0.8244778818226933, 'loss_function': 'Logloss', 'eval_metric': 'AUC', 'grow_policy': 'Depthwise'}
[I 2024-12-29 22:14:41,345] Trial 2427 finished with value: 0.9301444539809449 and parameters: {'iterations': 157, 'learning_rate': 0.13128910754291256, 'depth': 4, 'l2_leaf_reg': 4.3460675664701975, 'subsample': 0.7122188885553279, 'min_data_in_leaf': 23, 'rsm': 0.9916118012301957}. Best is trial 1892 with value: 0.9319758700936625.
Trial 2427: AUC = 0.9301 | Params = {'iterations': 157, 'learning_rate': 0.13128910754291256, 'depth': 4, 'l2_leaf_reg': 4.3460675664701975, 'subsample': 0.7122188885553279, 'min_data_in_leaf': 23, 'rsm': 0.9916118012301957, 'loss_function': 'Logloss', 'eval_metric': 'AUC', 'grow_policy': 'Depthwise'}
[I 2024-12-29 22:14:41,823] Trial 2428 finished with value: 0.9298513986013986 and parameters: {'iterations': 153, 'learning_rate': 0.197491296447376, 'depth': 4, 'l2_leaf_reg': 4.275807992893743, 'subsample': 0.9122326306882473, 'min_data_in_leaf': 23, 'rsm': 0.9819960010437605}. Best is trial 1892 with value: 0.9319758700936625.
Trial 2428: AUC = 0.9299 | Params = {'iterations': 153, 'learning_rate': 0.197491296447376, 'depth': 4, 'l2_leaf_reg': 4.275807992893743, 'subsample': 0.9122326306882473, 'min_data_in_leaf': 23, 'rsm': 0.9819960010437605, 'loss_function': 'Logloss', 'eval_metric': 'AUC', 'grow_policy': 'Depthwise'}
[I 2024-12-29 22:14:42,305] Trial 2429 finished with value: 0.9311157849563945 and parameters: {'iterations': 153, 'learning_rate': 0.19756407213308128, 'depth': 4, 'l2_leaf_reg': 4.381836667250327, 'subsample': 0.7050908078089323, 'min_data_in_leaf': 23, 'rsm': 0.9776556169472936}. Best is trial 1892 with value: 0.9319758700936625.
Trial 2429: AUC = 0.9311 | Params = {'iterations': 153, 'learning_rate': 0.19756407213308128, 'depth': 4, 'l2_leaf_reg': 4.381836667250327, 'subsample': 0.7050908078089323, 'min_data_in_leaf': 23, 'rsm': 0.9776556169472936, 'loss_function': 'Logloss', 'eval_metric': 'AUC', 'grow_policy': 'Depthwise'}
[I 2024-12-29 22:14:42,843] Trial 2430 finished with value: 0.9291997644036358 and parameters: {'iterations': 94, 'learning_rate': 0.1999461398372977, 'depth': 5, 'l2_leaf_reg': 4.13935889027964, 'subsample': 0.7131728996312636, 'min_data_in_leaf': 22, 'rsm': 0.9710541967763755}. Best is trial 1892 with value: 0.9319758700936625.
Trial 2430: AUC = 0.9292 | Params = {'iterations': 94, 'learning_rate': 0.1999461398372977, 'depth': 5, 'l2_leaf_reg': 4.13935889027964, 'subsample': 0.7131728996312636, 'min_data_in_leaf': 22, 'rsm': 0.9710541967763755, 'loss_function': 'Logloss', 'eval_metric': 'AUC', 'grow_policy': 'Depthwise'}
[I 2024-12-29 22:14:43,307] Trial 2431 finished with value: 0.9297959556917548 and parameters: {'iterations': 85, 'learning_rate': 0.19575307991236632, 'depth': 4, 'l2_leaf_reg': 4.238829342976247, 'subsample': 0.7103183251902118, 'min_data_in_leaf': 24, 'rsm': 0.9861625678574902}. Best is trial 1892 with value: 0.9319758700936625.
Trial 2431: AUC = 0.9298 | Params = {'iterations': 85, 'learning_rate': 0.19575307991236632, 'depth': 4, 'l2_leaf_reg': 4.238829342976247, 'subsample': 0.7103183251902118, 'min_data_in_leaf': 24, 'rsm': 0.9861625678574902, 'loss_function': 'Logloss', 'eval_metric': 'AUC', 'grow_policy': 'Depthwise'}
[I 2024-12-29 22:14:43,836] Trial 2432 finished with value: 0.9313515973318278 and parameters: {'iterations': 98, 'learning_rate': 0.19505061300386348, 'depth': 4, 'l2_leaf_reg': 4.416395516776951, 'subsample': 0.705011086142798, 'min_data_in_leaf': 24, 'rsm': 0.9773239044229406}. Best is trial 1892 with value: 0.9319758700936625.
Trial 2432: AUC = 0.9314 | Params = {'iterations': 98, 'learning_rate': 0.19505061300386348, 'depth': 4, 'l2_leaf_reg': 4.416395516776951, 'subsample': 0.705011086142798, 'min_data_in_leaf': 24, 'rsm': 0.9773239044229406, 'loss_function': 'Logloss', 'eval_metric': 'AUC', 'grow_policy': 'Depthwise'}
[I 2024-12-29 22:14:44,344] Trial 2433 finished with value: 0.9303079025587263 and parameters: {'iterations': 92, 'learning_rate': 0.1973261831167828, 'depth': 4, 'l2_leaf_reg': 3.9290239848430857, 'subsample': 0.7152743446934228, 'min_data_in_leaf': 23, 'rsm': 0.9712775375410532}. Best is trial 1892 with value: 0.9319758700936625.
Trial 2433: AUC = 0.9303 | Params = {'iterations': 92, 'learning_rate': 0.1973261831167828, 'depth': 4, 'l2_leaf_reg': 3.9290239848430857, 'subsample': 0.7152743446934228, 'min_data_in_leaf': 23, 'rsm': 0.9712775375410532, 'loss_function': 'Logloss', 'eval_metric': 'AUC', 'grow_policy': 'Depthwise'}
[I 2024-12-29 22:14:44,789] Trial 2434 finished with value: 0.930788527781938 and parameters: {'iterations': 88, 'learning_rate': 0.19421610900670902, 'depth': 4, 'l2_leaf_reg': 4.076245253330329, 'subsample': 0.7086298524193839, 'min_data_in_leaf': 24, 'rsm': 0.9666363319023193}. Best is trial 1892 with value: 0.9319758700936625.
Trial 2434: AUC = 0.9308 | Params = {'iterations': 88, 'learning_rate': 0.19421610900670902, 'depth': 4, 'l2_leaf_reg': 4.076245253330329, 'subsample': 0.7086298524193839, 'min_data_in_leaf': 24, 'rsm': 0.9666363319023193, 'loss_function': 'Logloss', 'eval_metric': 'AUC', 'grow_policy': 'Depthwise'}
[I 2024-12-29 22:14:45,388] Trial 2435 finished with value: 0.9307611663460098 and parameters: {'iterations': 145, 'learning_rate': 0.19195779181970707, 'depth': 4, 'l2_leaf_reg': 4.292800304502995, 'subsample': 0.7002939093150343, 'min_data_in_leaf': 24, 'rsm': 0.9781793488056542}. Best is trial 1892 with value: 0.9319758700936625.
Trial 2435: AUC = 0.9308 | Params = {'iterations': 145, 'learning_rate': 0.19195779181970707, 'depth': 4, 'l2_leaf_reg': 4.292800304502995, 'subsample': 0.7002939093150343, 'min_data_in_leaf': 24, 'rsm': 0.9781793488056542, 'loss_function': 'Logloss', 'eval_metric': 'AUC', 'grow_policy': 'Depthwise'}
[I 2024-12-29 22:14:45,854] Trial 2436 finished with value: 0.9293322513565512 and parameters: {'iterations': 95, 'learning_rate': 0.1999040162748738, 'depth': 4, 'l2_leaf_reg': 4.22272126778541, 'subsample': 0.7159361760004401, 'min_data_in_leaf': 23, 'rsm': 0.9955287201971692}. Best is trial 1892 with value: 0.9319758700936625.
Trial 2436: AUC = 0.9293 | Params = {'iterations': 95, 'learning_rate': 0.1999040162748738, 'depth': 4, 'l2_leaf_reg': 4.22272126778541, 'subsample': 0.7159361760004401, 'min_data_in_leaf': 23, 'rsm': 0.9955287201971692, 'loss_function': 'Logloss', 'eval_metric': 'AUC', 'grow_policy': 'Depthwise'}
[I 2024-12-29 22:14:46,777] Trial 2437 finished with value: 0.9299918059699773 and parameters: {'iterations': 145, 'learning_rate': 0.15295540331521307, 'depth': 4, 'l2_leaf_reg': 4.374420493975526, 'subsample': 0.7164311362259224, 'min_data_in_leaf': 22, 'rsm': 0.7361266713121473}. Best is trial 1892 with value: 0.9319758700936625.
Trial 2437: AUC = 0.9300 | Params = {'iterations': 145, 'learning_rate': 0.15295540331521307, 'depth': 4, 'l2_leaf_reg': 4.374420493975526, 'subsample': 0.7164311362259224, 'min_data_in_leaf': 22, 'rsm': 0.7361266713121473, 'loss_function': 'Logloss', 'eval_metric': 'AUC', 'grow_policy': 'Depthwise'}
[I 2024-12-29 22:14:47,309] Trial 2438 finished with value: 0.930234098685499 and parameters: {'iterations': 149, 'learning_rate': 0.19516705319270555, 'depth': 4, 'l2_leaf_reg': 4.155876864477467, 'subsample': 0.7085345384220718, 'min_data_in_leaf': 24, 'rsm': 0.9856500454684795}. Best is trial 1892 with value: 0.9319758700936625.
Trial 2438: AUC = 0.9302 | Params = {'iterations': 149, 'learning_rate': 0.19516705319270555, 'depth': 4, 'l2_leaf_reg': 4.155876864477467, 'subsample': 0.7085345384220718, 'min_data_in_leaf': 24, 'rsm': 0.9856500454684795, 'loss_function': 'Logloss', 'eval_metric': 'AUC', 'grow_policy': 'Depthwise'}
[I 2024-12-29 22:14:47,805] Trial 2439 finished with value: 0.9293250509786753 and parameters: {'iterations': 141, 'learning_rate': 0.19735723421319795, 'depth': 4, 'l2_leaf_reg': 4.420004027877479, 'subsample': 0.8876406256072482, 'min_data_in_leaf': 24, 'rsm': 0.9730539072240154}. Best is trial 1892 with value: 0.9319758700936625.
Trial 2439: AUC = 0.9293 | Params = {'iterations': 141, 'learning_rate': 0.19735723421319795, 'depth': 4, 'l2_leaf_reg': 4.420004027877479, 'subsample': 0.8876406256072482, 'min_data_in_leaf': 24, 'rsm': 0.9730539072240154, 'loss_function': 'Logloss', 'eval_metric': 'AUC', 'grow_policy': 'Depthwise'}
[I 2024-12-29 22:14:48,301] Trial 2440 finished with value: 0.9304771114388084 and parameters: {'iterations': 157, 'learning_rate': 0.19086432919312388, 'depth': 4, 'l2_leaf_reg': 4.302751632353771, 'subsample': 0.7137432799969219, 'min_data_in_leaf': 24, 'rsm': 0.9645775514375317}. Best is trial 1892 with value: 0.9319758700936625.
Trial 2440: AUC = 0.9305 | Params = {'iterations': 157, 'learning_rate': 0.19086432919312388, 'depth': 4, 'l2_leaf_reg': 4.302751632353771, 'subsample': 0.7137432799969219, 'min_data_in_leaf': 24, 'rsm': 0.9645775514375317, 'loss_function': 'Logloss', 'eval_metric': 'AUC', 'grow_policy': 'Depthwise'}
[I 2024-12-29 22:14:48,882] Trial 2441 finished with value: 0.9297757946337024 and parameters: {'iterations': 102, 'learning_rate': 0.19325753024239928, 'depth': 4, 'l2_leaf_reg': 4.195138645582729, 'subsample': 0.7224320608645045, 'min_data_in_leaf': 23, 'rsm': 0.9808712380059667}. Best is trial 1892 with value: 0.9319758700936625.
Trial 2441: AUC = 0.9298 | Params = {'iterations': 102, 'learning_rate': 0.19325753024239928, 'depth': 4, 'l2_leaf_reg': 4.195138645582729, 'subsample': 0.7224320608645045, 'min_data_in_leaf': 23, 'rsm': 0.9808712380059667, 'loss_function': 'Logloss', 'eval_metric': 'AUC', 'grow_policy': 'Depthwise'}
