[I 2024-12-29 22:14:49,384] Trial 2442 finished with value: 0.9293322513565512 and parameters: {'iterations': 158, 'learning_rate': 0.19998982288749684, 'depth': 4, 'l2_leaf_reg': 1.4393912776111895, 'subsample': 0.7053816657741885, 'min_data_in_leaf': 24, 'rsm': 0.9928074354955794}. Best is trial 1892 with value: 0.9319758700936625.
Trial 2442: AUC = 0.9293 | Params = {'iterations': 158, 'learning_rate': 0.19998982288749684, 'depth': 4, 'l2_leaf_reg': 1.4393912776111895, 'subsample': 0.7053816657741885, 'min_data_in_leaf': 24, 'rsm': 0.9928074354955794, 'loss_function': 'Logloss', 'eval_metric': 'AUC', 'grow_policy': 'Depthwise'}
[I 2024-12-29 22:14:50,106] Trial 2443 finished with value: 0.9290593570350573 and parameters: {'iterations': 165, 'learning_rate': 0.18732679782740347, 'depth': 4, 'l2_leaf_reg': 4.041874297024883, 'subsample': 0.8656051986678965, 'min_data_in_leaf': 24, 'rsm': 0.9750932018747414}. Best is trial 1892 with value: 0.9319758700936625.
Trial 2443: AUC = 0.9291 | Params = {'iterations': 165, 'learning_rate': 0.18732679782740347, 'depth': 4, 'l2_leaf_reg': 4.041874297024883, 'subsample': 0.8656051986678965, 'min_data_in_leaf': 24, 'rsm': 0.9750932018747414, 'loss_function': 'Logloss', 'eval_metric': 'AUC', 'grow_policy': 'Depthwise'}
[I 2024-12-29 22:14:50,578] Trial 2444 finished with value: 0.9301710953790854 and parameters: {'iterations': 164, 'learning_rate': 0.19543004524290813, 'depth': 4, 'l2_leaf_reg': 4.354571716558397, 'subsample': 0.7184085997109448, 'min_data_in_leaf': 23, 'rsm': 0.9702958300639813}. Best is trial 1892 with value: 0.9319758700936625.
Trial 2444: AUC = 0.9302 | Params = {'iterations': 164, 'learning_rate': 0.19543004524290813, 'depth': 4, 'l2_leaf_reg': 4.354571716558397, 'subsample': 0.7184085997109448, 'min_data_in_leaf': 23, 'rsm': 0.9702958300639813, 'loss_function': 'Logloss', 'eval_metric': 'AUC', 'grow_policy': 'Depthwise'}
[I 2024-12-29 22:14:51,160] Trial 2445 finished with value: 0.9303183431066463 and parameters: {'iterations': 135, 'learning_rate': 0.19167148078001067, 'depth': 4, 'l2_leaf_reg': 4.437862097600919, 'subsample': 0.7120374296631765, 'min_data_in_leaf': 24, 'rsm': 0.712899813091363}. Best is trial 1892 with value: 0.9319758700936625.
Trial 2445: AUC = 0.9303 | Params = {'iterations': 135, 'learning_rate': 0.19167148078001067, 'depth': 4, 'l2_leaf_reg': 4.437862097600919, 'subsample': 0.7120374296631765, 'min_data_in_leaf': 24, 'rsm': 0.712899813091363, 'loss_function': 'Logloss', 'eval_metric': 'AUC', 'grow_policy': 'Depthwise'}
[I 2024-12-29 22:14:51,727] Trial 2446 finished with value: 0.9290186749000587 and parameters: {'iterations': 130, 'learning_rate': 0.19766202477135533, 'depth': 4, 'l2_leaf_reg': 4.243548429503122, 'subsample': 0.7089501808582762, 'min_data_in_leaf': 24, 'rsm': 0.9797433713506929}. Best is trial 1892 with value: 0.9319758700936625.
Trial 2446: AUC = 0.9290 | Params = {'iterations': 130, 'learning_rate': 0.19766202477135533, 'depth': 4, 'l2_leaf_reg': 4.243548429503122, 'subsample': 0.7089501808582762, 'min_data_in_leaf': 24, 'rsm': 0.9797433713506929, 'loss_function': 'Logloss', 'eval_metric': 'AUC', 'grow_policy': 'Depthwise'}
[I 2024-12-29 22:14:52,208] Trial 2447 finished with value: 0.9290172348244835 and parameters: {'iterations': 90, 'learning_rate': 0.19338929767451435, 'depth': 4, 'l2_leaf_reg': 4.110337102981289, 'subsample': 0.700025843738296, 'min_data_in_leaf': 23, 'rsm': 0.986088421625811}. Best is trial 1892 with value: 0.9319758700936625.
Trial 2447: AUC = 0.9290 | Params = {'iterations': 90, 'learning_rate': 0.19338929767451435, 'depth': 4, 'l2_leaf_reg': 4.110337102981289, 'subsample': 0.700025843738296, 'min_data_in_leaf': 23, 'rsm': 0.986088421625811, 'loss_function': 'Logloss', 'eval_metric': 'AUC', 'grow_policy': 'Depthwise'}
[I 2024-12-29 22:14:52,684] Trial 2448 finished with value: 0.9286712566675499 and parameters: {'iterations': 98, 'learning_rate': 0.1883150197347311, 'depth': 4, 'l2_leaf_reg': 4.307138687145024, 'subsample': 0.71990001989633, 'min_data_in_leaf': 24, 'rsm': 0.9639135267428472}. Best is trial 1892 with value: 0.9319758700936625.
Trial 2448: AUC = 0.9287 | Params = {'iterations': 98, 'learning_rate': 0.1883150197347311, 'depth': 4, 'l2_leaf_reg': 4.307138687145024, 'subsample': 0.71990001989633, 'min_data_in_leaf': 24, 'rsm': 0.9639135267428472, 'loss_function': 'Logloss', 'eval_metric': 'AUC', 'grow_policy': 'Depthwise'}
[I 2024-12-29 22:14:53,331] Trial 2449 finished with value: 0.9299910859321896 and parameters: {'iterations': 93, 'learning_rate': 0.08972446271542533, 'depth': 4, 'l2_leaf_reg': 4.368762371671119, 'subsample': 0.7145178668687785, 'min_data_in_leaf': 24, 'rsm': 0.7642605653605805}. Best is trial 1892 with value: 0.9319758700936625.
Trial 2449: AUC = 0.9300 | Params = {'iterations': 93, 'learning_rate': 0.08972446271542533, 'depth': 4, 'l2_leaf_reg': 4.368762371671119, 'subsample': 0.7145178668687785, 'min_data_in_leaf': 24, 'rsm': 0.7642605653605805, 'loss_function': 'Logloss', 'eval_metric': 'AUC', 'grow_policy': 'Depthwise'}
[I 2024-12-29 22:14:53,808] Trial 2450 finished with value: 0.929097519037799 and parameters: {'iterations': 86, 'learning_rate': 0.19550788689089077, 'depth': 4, 'l2_leaf_reg': 3.8624168126007157, 'subsample': 0.7220495503573114, 'min_data_in_leaf': 21, 'rsm': 0.9716865486380379}. Best is trial 1892 with value: 0.9319758700936625.
Trial 2450: AUC = 0.9291 | Params = {'iterations': 86, 'learning_rate': 0.19550788689089077, 'depth': 4, 'l2_leaf_reg': 3.8624168126007157, 'subsample': 0.7220495503573114, 'min_data_in_leaf': 21, 'rsm': 0.9716865486380379, 'loss_function': 'Logloss', 'eval_metric': 'AUC', 'grow_policy': 'Depthwise'}
[I 2024-12-29 22:14:54,301] Trial 2451 finished with value: 0.9293732935104435 and parameters: {'iterations': 164, 'learning_rate': 0.19995399629647703, 'depth': 4, 'l2_leaf_reg': 4.203063867546466, 'subsample': 0.7050827315382127, 'min_data_in_leaf': 22, 'rsm': 0.9763779153562726}. Best is trial 1892 with value: 0.9319758700936625.
Trial 2451: AUC = 0.9294 | Params = {'iterations': 164, 'learning_rate': 0.19995399629647703, 'depth': 4, 'l2_leaf_reg': 4.203063867546466, 'subsample': 0.7050827315382127, 'min_data_in_leaf': 22, 'rsm': 0.9763779153562726, 'loss_function': 'Logloss', 'eval_metric': 'AUC', 'grow_policy': 'Depthwise'}
[I 2024-12-29 22:14:54,940] Trial 2452 finished with value: 0.927607040817502 and parameters: {'iterations': 90, 'learning_rate': 0.18983959522892443, 'depth': 6, 'l2_leaf_reg': 3.963304434351014, 'subsample': 0.7128006191228253, 'min_data_in_leaf': 24, 'rsm': 0.9643063869511397}. Best is trial 1892 with value: 0.9319758700936625.
Trial 2452: AUC = 0.9276 | Params = {'iterations': 90, 'learning_rate': 0.18983959522892443, 'depth': 6, 'l2_leaf_reg': 3.963304434351014, 'subsample': 0.7128006191228253, 'min_data_in_leaf': 24, 'rsm': 0.9643063869511397, 'loss_function': 'Logloss', 'eval_metric': 'AUC', 'grow_policy': 'Depthwise'}
[I 2024-12-29 22:14:55,546] Trial 2453 finished with value: 0.9290399160147924 and parameters: {'iterations': 94, 'learning_rate': 0.1930882803547718, 'depth': 4, 'l2_leaf_reg': 4.448894114485218, 'subsample': 0.7240825781422406, 'min_data_in_leaf': 24, 'rsm': 0.9850186545570178}. Best is trial 1892 with value: 0.9319758700936625.
Trial 2453: AUC = 0.9290 | Params = {'iterations': 94, 'learning_rate': 0.1930882803547718, 'depth': 4, 'l2_leaf_reg': 4.448894114485218, 'subsample': 0.7240825781422406, 'min_data_in_leaf': 24, 'rsm': 0.9850186545570178, 'loss_function': 'Logloss', 'eval_metric': 'AUC', 'grow_policy': 'Depthwise'}
[I 2024-12-29 22:14:56,210] Trial 2454 finished with value: 0.9310617821223257 and parameters: {'iterations': 138, 'learning_rate': 0.19738096619018305, 'depth': 4, 'l2_leaf_reg': 4.3198954773804195, 'subsample': 0.7164065469441843, 'min_data_in_leaf': 23, 'rsm': 0.9695142467336259}. Best is trial 1892 with value: 0.9319758700936625.
Trial 2454: AUC = 0.9311 | Params = {'iterations': 138, 'learning_rate': 0.19738096619018305, 'depth': 4, 'l2_leaf_reg': 4.3198954773804195, 'subsample': 0.7164065469441843, 'min_data_in_leaf': 23, 'rsm': 0.9695142467336259, 'loss_function': 'Logloss', 'eval_metric': 'AUC', 'grow_policy': 'Depthwise'}
[I 2024-12-29 22:14:56,771] Trial 2455 finished with value: 0.9294251362311494 and parameters: {'iterations': 161, 'learning_rate': 0.19535127025779514, 'depth': 4, 'l2_leaf_reg': 4.11996292136942, 'subsample': 0.7084076244656243, 'min_data_in_leaf': 24, 'rsm': 0.9787629225931027}. Best is trial 1892 with value: 0.9319758700936625.
Trial 2455: AUC = 0.9294 | Params = {'iterations': 161, 'learning_rate': 0.19535127025779514, 'depth': 4, 'l2_leaf_reg': 4.11996292136942, 'subsample': 0.7084076244656243, 'min_data_in_leaf': 24, 'rsm': 0.9787629225931027, 'loss_function': 'Logloss', 'eval_metric': 'AUC', 'grow_policy': 'Depthwise'}
[I 2024-12-29 22:14:56,028] Trial 2456 finished with value: 0.9306679214525179 and parameters: {'iterations': 86, 'learning_rate': 0.1910207111062913, 'depth': 4, 'l2_leaf_reg': 4.259281836867084, 'subsample': 0.728863448520917, 'min_data_in_leaf': 23, 'rsm': 0.9906452225588891}. Best is trial 1892 with value: 0.9319758700936625.
Trial 2456: AUC = 0.9307 | Params = {'iterations': 86, 'learning_rate': 0.1910207111062913, 'depth': 4, 'l2_leaf_reg': 4.259281836867084, 'subsample': 0.728863448520917, 'min_data_in_leaf': 23, 'rsm': 0.9906452225588891, 'loss_function': 'Logloss', 'eval_metric': 'AUC', 'grow_policy': 'Depthwise'}
[I 2024-12-29 22:14:56,474] Trial 2457 finished with value: 0.9309069739979955 and parameters: {'iterations': 103, 'learning_rate': 0.18656162925656558, 'depth': 4, 'l2_leaf_reg': 4.425438221698358, 'subsample': 0.7187990720698788, 'min_data_in_leaf': 24, 'rsm': 0.9742420375185554}. Best is trial 1892 with value: 0.9319758700936625.
Trial 2457: AUC = 0.9309 | Params = {'iterations': 103, 'learning_rate': 0.18656162925656558, 'depth': 4, 'l2_leaf_reg': 4.425438221698358, 'subsample': 0.7187990720698788, 'min_data_in_leaf': 24, 'rsm': 0.9742420375185554, 'loss_function': 'Logloss', 'eval_metric': 'AUC', 'grow_policy': 'Depthwise'}
[I 2024-12-29 22:14:57,041] Trial 2458 finished with value: 0.9297613938779508 and parameters: {'iterations': 96, 'learning_rate': 0.19528543323309488, 'depth': 4, 'l2_leaf_reg': 3.2116934952894405, 'subsample': 0.7000319886564633, 'min_data_in_leaf': 25, 'rsm': 0.9825743728118725}. Best is trial 1892 with value: 0.9319758700936625.
Trial 2458: AUC = 0.9298 | Params = {'iterations': 96, 'learning_rate': 0.19528543323309488, 'depth': 4, 'l2_leaf_reg': 3.2116934952894405, 'subsample': 0.7000319886564633, 'min_data_in_leaf': 25, 'rsm': 0.9825743728118725, 'loss_function': 'Logloss', 'eval_metric': 'AUC', 'grow_policy': 'Depthwise'}
[I 2024-12-29 22:14:57,524] Trial 2459 finished with value: 0.9300472488796213 and parameters: {'iterations': 142, 'learning_rate': 0.19311952254989753, 'depth': 4, 'l2_leaf_reg': 4.186186816857947, 'subsample': 0.7104095583760975, 'min_data_in_leaf': 24, 'rsm': 0.9642762063683029}. Best is trial 1892 with value: 0.9319758700936625.
Trial 2459: AUC = 0.9300 | Params = {'iterations': 142, 'learning_rate': 0.19311952254989753, 'depth': 4, 'l2_leaf_reg': 4.186186816857947, 'subsample': 0.7104095583760975, 'min_data_in_leaf': 24, 'rsm': 0.9642762063683029, 'loss_function': 'Logloss', 'eval_metric': 'AUC', 'grow_policy': 'Depthwise'}
[I 2024-12-29 22:14:58,050] Trial 2460 finished with value: 0.9298330376378152 and parameters: {'iterations': 91, 'learning_rate': 0.14961019971527006, 'depth': 4, 'l2_leaf_reg': 4.356266053585896, 'subsample': 0.7258527378174005, 'min_data_in_leaf': 25, 'rsm': 0.9704249474422995}. Best is trial 1892 with value: 0.9319758700936625.
Trial 2460: AUC = 0.9298 | Params = {'iterations': 91, 'learning_rate': 0.14961019971527006, 'depth': 4, 'l2_leaf_reg': 4.356266053585896, 'subsample': 0.7258527378174005, 'min_data_in_leaf': 25, 'rsm': 0.9704249474422995, 'loss_function': 'Logloss', 'eval_metric': 'AUC', 'grow_policy': 'Depthwise'}
[I 2024-12-29 22:14:58,702] Trial 2461 finished with value: 0.9287562211264847 and parameters: {'iterations': 100, 'learning_rate': 0.05022884394456093, 'depth': 5, 'l2_leaf_reg': 4.037070764597914, 'subsample': 0.7169609895266732, 'min_data_in_leaf': 13, 'rsm': 0.96007988018569}. Best is trial 1892 with value: 0.9319758700936625.
Trial 2461: AUC = 0.9288 | Params = {'iterations': 100, 'learning_rate': 0.05022884394456093, 'depth': 5, 'l2_leaf_reg': 4.037070764597914, 'subsample': 0.7169609895266732, 'min_data_in_leaf': 13, 'rsm': 0.96007988018569, 'loss_function': 'Logloss', 'eval_metric': 'AUC', 'grow_policy': 'Depthwise'}
[I 2024-12-29 22:14:59,254] Trial 2462 finished with value: 0.9287097786891856 and parameters: {'iterations': 88, 'learning_rate': 0.18988760765004015, 'depth': 4, 'l2_leaf_reg': 4.2779456257855015, 'subsample': 0.8364563446692834, 'min_data_in_leaf': 18, 'rsm': 0.978386459076759}. Best is trial 1892 with value: 0.9319758700936625.
Trial 2462: AUC = 0.9287 | Params = {'iterations': 88, 'learning_rate': 0.18988760765004015, 'depth': 4, 'l2_leaf_reg': 4.2779456257855015, 'subsample': 0.8364563446692834, 'min_data_in_leaf': 18, 'rsm': 0.978386459076759, 'loss_function': 'Logloss', 'eval_metric': 'AUC', 'grow_policy': 'Depthwise'}
[I 2024-12-29 22:14:59,750] Trial 2463 finished with value: 0.9304328291148719 and parameters: {'iterations': 96, 'learning_rate': 0.19714774325977238, 'depth': 4, 'l2_leaf_reg': 4.463226779771844, 'subsample': 0.8759997600600072, 'min_data_in_leaf': 15, 'rsm': 0.9890443220378387}. Best is trial 1892 with value: 0.9319758700936625.
Trial 2463: AUC = 0.9304 | Params = {'iterations': 96, 'learning_rate': 0.19714774325977238, 'depth': 4, 'l2_leaf_reg': 4.463226779771844, 'subsample': 0.8759997600600072, 'min_data_in_leaf': 15, 'rsm': 0.9890443220378387, 'loss_function': 'Logloss', 'eval_metric': 'AUC', 'grow_policy': 'Depthwise'}
[I 2024-12-29 22:15:00,391] Trial 2464 finished with value: 0.9292818487114204 and parameters: {'iterations': 93, 'learning_rate': 0.19748963428671673, 'depth': 4, 'l2_leaf_reg': 4.376523182464544, 'subsample': 0.8027925740624394, 'min_data_in_leaf': 23, 'rsm': 0.9679001897147068}. Best is trial 1892 with value: 0.9319758700936625.
Trial 2464: AUC = 0.9293 | Params = {'iterations': 93, 'learning_rate': 0.19748963428671673, 'depth': 4, 'l2_leaf_reg': 4.376523182464544, 'subsample': 0.8027925740624394, 'min_data_in_leaf': 23, 'rsm': 0.9679001897147068, 'loss_function': 'Logloss', 'eval_metric': 'AUC', 'grow_policy': 'Depthwise'}
[I 2024-12-29 22:15:00,880] Trial 2465 finished with value: 0.9301437339431574 and parameters: {'iterations': 86, 'learning_rate': 0.19298544689141842, 'depth': 4, 'l2_leaf_reg': 4.160832323128556, 'subsample': 0.7070413341522878, 'min_data_in_leaf': 25, 'rsm': 0.974410684378397}. Best is trial 1892 with value: 0.9319758700936625.
Trial 2465: AUC = 0.9301 | Params = {'iterations': 86, 'learning_rate': 0.19298544689141842, 'depth': 4, 'l2_leaf_reg': 4.160832323128556, 'subsample': 0.7070413341522878, 'min_data_in_leaf': 25, 'rsm': 0.974410684378397, 'loss_function': 'Logloss', 'eval_metric': 'AUC', 'grow_policy': 'Depthwise'}
[I 2024-12-29 22:15:01,459] Trial 2466 finished with value: 0.9292879690326147 and parameters: {'iterations': 93, 'learning_rate': 0.18733125320460717, 'depth': 4, 'l2_leaf_reg': 1.2164770843210948, 'subsample': 0.8495535288535032, 'min_data_in_leaf': 24, 'rsm': 0.9810377028918299}. Best is trial 1892 with value: 0.9319758700936625.
Trial 2466: AUC = 0.9293 | Params = {'iterations': 93, 'learning_rate': 0.18733125320460717, 'depth': 4, 'l2_leaf_reg': 1.2164770843210948, 'subsample': 0.8495535288535032, 'min_data_in_leaf': 24, 'rsm': 0.9810377028918299, 'loss_function': 'Logloss', 'eval_metric': 'AUC', 'grow_policy': 'Depthwise'}
[I 2024-12-29 22:15:01,965] Trial 2467 finished with value: 0.9292130851027063 and parameters: {'iterations': 89, 'learning_rate': 0.06828259745430854, 'depth': 4, 'l2_leaf_reg': 4.271946478306886, 'subsample': 0.7139592860255827, 'min_data_in_leaf': 25, 'rsm': 0.9624788607016553}. Best is trial 1892 with value: 0.9319758700936625.
Trial 2467: AUC = 0.9292 | Params = {'iterations': 89, 'learning_rate': 0.06828259745430854, 'depth': 4, 'l2_leaf_reg': 4.271946478306886, 'subsample': 0.7139592860255827, 'min_data_in_leaf': 25, 'rsm': 0.9624788607016553, 'loss_function': 'Logloss', 'eval_metric': 'AUC', 'grow_policy': 'Depthwise'}
[I 2024-12-29 22:15:02,421] Trial 2468 finished with value: 0.9288257047729864 and parameters: {'iterations': 99, 'learning_rate': 0.19771936122317205, 'depth': 4, 'l2_leaf_reg': 4.448117743576647, 'subsample': 0.7216970254129347, 'min_data_in_leaf': 23, 'rsm': 0.9952081127967196}. Best is trial 1892 with value: 0.9319758700936625.
Trial 2468: AUC = 0.9288 | Params = {'iterations': 99, 'learning_rate': 0.19771936122317205, 'depth': 4, 'l2_leaf_reg': 4.448117743576647, 'subsample': 0.7216970254129347, 'min_data_in_leaf': 23, 'rsm': 0.9952081127967196, 'loss_function': 'Logloss', 'eval_metric': 'AUC', 'grow_policy': 'Depthwise'}
[I 2024-12-29 22:15:03,091] Trial 2469 finished with value: 0.9299867657054641 and parameters: {'iterations': 151, 'learning_rate': 0.08070150890612085, 'depth': 4, 'l2_leaf_reg': 4.1030353373120345, 'subsample': 0.7341747567704034, 'min_data_in_leaf': 16, 'rsm': 0.9837196334168793}. Best is trial 1892 with value: 0.9319758700936625.
Trial 2469: AUC = 0.9300 | Params = {'iterations': 151, 'learning_rate': 0.08070150890612085, 'depth': 4, 'l2_leaf_reg': 4.1030353373120345, 'subsample': 0.7341747567704034, 'min_data_in_leaf': 16, 'rsm': 0.9837196334168793, 'loss_function': 'Logloss', 'eval_metric': 'AUC', 'grow_policy': 'Depthwise'}
[I 2024-12-29 22:15:03,550] Trial 2470 finished with value: 0.9302585799702769 and parameters: {'iterations': 58, 'learning_rate': 0.19112534041567988, 'depth': 4, 'l2_leaf_reg': 4.335400400270803, 'subsample': 0.7098672414247337, 'min_data_in_leaf': 24, 'rsm': 0.974754225280029}. Best is trial 1892 with value: 0.9319758700936625.
Trial 2470: AUC = 0.9303 | Params = {'iterations': 58, 'learning_rate': 0.19112534041567988, 'depth': 4, 'l2_leaf_reg': 4.335400400270803, 'subsample': 0.7098672414247337, 'min_data_in_leaf': 24, 'rsm': 0.974754225280029, 'loss_function': 'Logloss', 'eval_metric': 'AUC', 'grow_policy': 'Depthwise'}
[I 2024-12-29 22:15:04,140] Trial 2471 finished with value: 0.9294460173269893 and parameters: {'iterations': 91, 'learning_rate': 0.19508303665684368, 'depth': 4, 'l2_leaf_reg': 4.219258637226792, 'subsample': 0.7049496815176711, 'min_data_in_leaf': 25, 'rsm': 0.9707746198113216}. Best is trial 1892 with value: 0.9319758700936625.
Trial 2471: AUC = 0.9294 | Params = {'iterations': 91, 'learning_rate': 0.19508303665684368, 'depth': 4, 'l2_leaf_reg': 4.219258637226792, 'subsample': 0.7049496815176711, 'min_data_in_leaf': 25, 'rsm': 0.9707746198113216, 'loss_function': 'Logloss', 'eval_metric': 'AUC', 'grow_policy': 'Depthwise'}
[I 2024-12-29 22:15:04,672] Trial 2472 finished with value: 0.9290071542954574 and parameters: {'iterations': 84, 'learning_rate': 0.1934146829134406, 'depth': 4, 'l2_leaf_reg': 3.9693909884769183, 'subsample': 0.7163355487285803, 'min_data_in_leaf': 25, 'rsm': 0.8133029620767581}. Best is trial 1892 with value: 0.9319758700936625.
Trial 2472: AUC = 0.9290 | Params = {'iterations': 84, 'learning_rate': 0.1934146829134406, 'depth': 4, 'l2_leaf_reg': 3.9693909884769183, 'subsample': 0.7163355487285803, 'min_data_in_leaf': 25, 'rsm': 0.8133029620767581, 'loss_function': 'Logloss', 'eval_metric': 'AUC', 'grow_policy': 'Depthwise'}
[I 2024-12-29 22:15:05,184] Trial 2473 finished with value: 0.9297084711005633 and parameters: {'iterations': 96, 'learning_rate': 0.1896941156563036, 'depth': 4, 'l2_leaf_reg': 4.425128829279093, 'subsample': 0.7251819298954424, 'min_data_in_leaf': 24, 'rsm': 0.9666410990603319}. Best is trial 1892 with value: 0.9319758700936625.
Trial 2473: AUC = 0.9297 | Params = {'iterations': 96, 'learning_rate': 0.1896941156563036, 'depth': 4, 'l2_leaf_reg': 4.425128829279093, 'subsample': 0.7251819298954424, 'min_data_in_leaf': 24, 'rsm': 0.9666410990603319, 'loss_function': 'Logloss', 'eval_metric': 'AUC', 'grow_policy': 'Depthwise'}
[I 2024-12-29 22:15:05,789] Trial 2474 finished with value: 0.9287468606352463 and parameters: {'iterations': 104, 'learning_rate': 0.19771522456432675, 'depth': 4, 'l2_leaf_reg': 4.293664244390655, 'subsample': 0.7196078381292692, 'min_data_in_leaf': 24, 'rsm': 0.9779531042475739}. Best is trial 1892 with value: 0.9319758700936625.
Trial 2474: AUC = 0.9287 | Params = {'iterations': 104, 'learning_rate': 0.19771522456432675, 'depth': 4, 'l2_leaf_reg': 4.293664244390655, 'subsample': 0.7196078381292692, 'min_data_in_leaf': 24, 'rsm': 0.9779531042475739, 'loss_function': 'Logloss', 'eval_metric': 'AUC', 'grow_policy': 'Depthwise'}
[I 2024-12-29 22:15:06,305] Trial 2475 finished with value: 0.93006993006993 and parameters: {'iterations': 88, 'learning_rate': 0.19999385815255974, 'depth': 4, 'l2_leaf_reg': 4.492678715623444, 'subsample': 0.7117784887518743, 'min_data_in_leaf': 22, 'rsm': 0.9868844713911124}. Best is trial 1892 with value: 0.9319758700936625.
Trial 2475: AUC = 0.9301 | Params = {'iterations': 88, 'learning_rate': 0.19999385815255974, 'depth': 4, 'l2_leaf_reg': 4.492678715623444, 'subsample': 0.7117784887518743, 'min_data_in_leaf': 22, 'rsm': 0.9868844713911124, 'loss_function': 'Logloss', 'eval_metric': 'AUC', 'grow_policy': 'Depthwise'}
