[I 2024-12-29 22:18:35,163] Trial 2884 finished with value: 0.9288397455098444 and parameters: {'iterations': 87, 'learning_rate': 0.19146544767742577, 'depth': 4, 'l2_leaf_reg': 1.672283445523464, 'subsample': 0.9057580297098752, 'min_data_in_leaf': 25, 'rsm': 0.9920018180365066}. Best is trial 1892 with value: 0.9319758700936625.
Trial 2884: AUC = 0.9288 | Params = {'iterations': 87, 'learning_rate': 0.19146544767742577, 'depth': 4, 'l2_leaf_reg': 1.672283445523464, 'subsample': 0.9057580297098752, 'min_data_in_leaf': 25, 'rsm': 0.9920018180365066, 'loss_function': 'Logloss', 'eval_metric': 'AUC', 'grow_policy': 'Depthwise'}
[I 2024-12-29 22:18:36,126] Trial 2885 finished with value: 0.9298852403774152 and parameters: {'iterations': 88, 'learning_rate': 0.19723502838329748, 'depth': 4, 'l2_leaf_reg': 4.354027370669868, 'subsample': 0.7233428416800209, 'min_data_in_leaf': 30, 'rsm': 0.9728833474334624}. Best is trial 1892 with value: 0.9319758700936625.
Trial 2885: AUC = 0.9299 | Params = {'iterations': 88, 'learning_rate': 0.19723502838329748, 'depth': 4, 'l2_leaf_reg': 4.354027370669868, 'subsample': 0.7233428416800209, 'min_data_in_leaf': 30, 'rsm': 0.9728833474334624, 'loss_function': 'Logloss', 'eval_metric': 'AUC', 'grow_policy': 'Depthwise'}
[I 2024-12-29 22:18:36,859] Trial 2886 finished with value: 0.9293722134537621 and parameters: {'iterations': 73, 'learning_rate': 0.19426824506151905, 'depth': 4, 'l2_leaf_reg': 2.820700059131403, 'subsample': 0.708607434398436, 'min_data_in_leaf': 27, 'rsm': 0.9638083686484775}. Best is trial 1892 with value: 0.9319758700936625.
Trial 2886: AUC = 0.9294 | Params = {'iterations': 73, 'learning_rate': 0.19426824506151905, 'depth': 4, 'l2_leaf_reg': 2.820700059131403, 'subsample': 0.708607434398436, 'min_data_in_leaf': 27, 'rsm': 0.9638083686484775, 'loss_function': 'Logloss', 'eval_metric': 'AUC', 'grow_policy': 'Depthwise'}
[I 2024-12-29 22:18:37,705] Trial 2887 finished with value: 0.9300411285584267 and parameters: {'iterations': 77, 'learning_rate': 0.19726985866501998, 'depth': 4, 'l2_leaf_reg': 4.113045230663221, 'subsample': 0.9809381386977719, 'min_data_in_leaf': 23, 'rsm': 0.9778434699712066}. Best is trial 1892 with value: 0.9319758700936625.
Trial 2887: AUC = 0.9300 | Params = {'iterations': 77, 'learning_rate': 0.19726985866501998, 'depth': 4, 'l2_leaf_reg': 4.113045230663221, 'subsample': 0.9809381386977719, 'min_data_in_leaf': 23, 'rsm': 0.9778434699712066, 'loss_function': 'Logloss', 'eval_metric': 'AUC', 'grow_policy': 'Depthwise'}
[I 2024-12-29 22:18:38,334] Trial 2888 finished with value: 0.9312050696420549 and parameters: {'iterations': 60, 'learning_rate': 0.18948313663587, 'depth': 4, 'l2_leaf_reg': 4.608053781730505, 'subsample': 0.718085941069267, 'min_data_in_leaf': 25, 'rsm': 0.9703132303981272}. Best is trial 1892 with value: 0.9319758700936625.
Trial 2888: AUC = 0.9312 | Params = {'iterations': 60, 'learning_rate': 0.18948313663587, 'depth': 4, 'l2_leaf_reg': 4.608053781730505, 'subsample': 0.718085941069267, 'min_data_in_leaf': 25, 'rsm': 0.9703132303981272, 'loss_function': 'Logloss', 'eval_metric': 'AUC', 'grow_policy': 'Depthwise'}
[I 2024-12-29 22:18:39,234] Trial 2889 finished with value: 0.9303367040702297 and parameters: {'iterations': 84, 'learning_rate': 0.1929184752182868, 'depth': 4, 'l2_leaf_reg': 4.29841293090848, 'subsample': 0.7047857476256127, 'min_data_in_leaf': 24, 'rsm': 0.9840808794890934}. Best is trial 1892 with value: 0.9319758700936625.
Trial 2889: AUC = 0.9303 | Params = {'iterations': 84, 'learning_rate': 0.1929184752182868, 'depth': 4, 'l2_leaf_reg': 4.29841293090848, 'subsample': 0.7047857476256127, 'min_data_in_leaf': 24, 'rsm': 0.9840808794890934, 'loss_function': 'Logloss', 'eval_metric': 'AUC', 'grow_policy': 'Depthwise'}
[I 2024-12-29 22:18:39,844] Trial 2890 finished with value: 0.9300774904666997 and parameters: {'iterations': 89, 'learning_rate': 0.1868717053219354, 'depth': 4, 'l2_leaf_reg': 4.433750832036794, 'subsample': 0.7141617018213823, 'min_data_in_leaf': 26, 'rsm': 0.7817204897461087}. Best is trial 1892 with value: 0.9319758700936625.
Trial 2890: AUC = 0.9301 | Params = {'iterations': 89, 'learning_rate': 0.1868717053219354, 'depth': 4, 'l2_leaf_reg': 4.433750832036794, 'subsample': 0.7141617018213823, 'min_data_in_leaf': 26, 'rsm': 0.7817204897461087, 'loss_function': 'Logloss', 'eval_metric': 'AUC', 'grow_policy': 'Depthwise'}
[I 2024-12-29 22:18:40,472] Trial 2891 finished with value: 0.9276084808930771 and parameters: {'iterations': 69, 'learning_rate': 0.19716915353398085, 'depth': 6, 'l2_leaf_reg': 4.2380205425268365, 'subsample': 0.7306537346365352, 'min_data_in_leaf': 25, 'rsm': 0.9618651773975434}. Best is trial 1892 with value: 0.9319758700936625.
Trial 2891: AUC = 0.9276 | Params = {'iterations': 69, 'learning_rate': 0.19716915353398085, 'depth': 6, 'l2_leaf_reg': 4.2380205425268365, 'subsample': 0.7306537346365352, 'min_data_in_leaf': 25, 'rsm': 0.9618651773975434, 'loss_function': 'Logloss', 'eval_metric': 'AUC', 'grow_policy': 'Depthwise'}
[I 2024-12-29 22:18:41,084] Trial 2892 finished with value: 0.9299892858377208 and parameters: {'iterations': 81, 'learning_rate': 0.1999347582962516, 'depth': 4, 'l2_leaf_reg': 1.9926604664565195, 'subsample': 0.7228034258134499, 'min_data_in_leaf': 26, 'rsm': 0.9773531743819686}. Best is trial 1892 with value: 0.9319758700936625.
Trial 2892: AUC = 0.9300 | Params = {'iterations': 81, 'learning_rate': 0.1999347582962516, 'depth': 4, 'l2_leaf_reg': 1.9926604664565195, 'subsample': 0.7228034258134499, 'min_data_in_leaf': 26, 'rsm': 0.9773531743819686, 'loss_function': 'Logloss', 'eval_metric': 'AUC', 'grow_policy': 'Depthwise'}
[I 2024-12-29 22:18:41,805] Trial 2893 finished with value: 0.9290773579797467 and parameters: {'iterations': 65, 'learning_rate': 0.19997928022233813, 'depth': 4, 'l2_leaf_reg': 4.351173289372171, 'subsample': 0.710055703645499, 'min_data_in_leaf': 24, 'rsm': 0.9935373577827602}. Best is trial 1892 with value: 0.9319758700936625.
Trial 2893: AUC = 0.9291 | Params = {'iterations': 65, 'learning_rate': 0.19997928022233813, 'depth': 4, 'l2_leaf_reg': 4.351173289372171, 'subsample': 0.710055703645499, 'min_data_in_leaf': 24, 'rsm': 0.9935373577827602, 'loss_function': 'Logloss', 'eval_metric': 'AUC', 'grow_policy': 'Depthwise'}
[I 2024-12-29 22:18:42,372] Trial 2894 finished with value: 0.9300015264801097 and parameters: {'iterations': 75, 'learning_rate': 0.19126786100458354, 'depth': 4, 'l2_leaf_reg': 4.558624838148931, 'subsample': 0.739416762178305, 'min_data_in_leaf': 23, 'rsm': 0.9687060302168164}. Best is trial 1892 with value: 0.9319758700936625.
Trial 2894: AUC = 0.9300 | Params = {'iterations': 75, 'learning_rate': 0.19126786100458354, 'depth': 4, 'l2_leaf_reg': 4.558624838148931, 'subsample': 0.739416762178305, 'min_data_in_leaf': 23, 'rsm': 0.9687060302168164, 'loss_function': 'Logloss', 'eval_metric': 'AUC', 'grow_policy': 'Depthwise'}
[I 2024-12-29 22:18:42,975] Trial 2895 finished with value: 0.9302517396112949 and parameters: {'iterations': 89, 'learning_rate': 0.1837234638739833, 'depth': 4, 'l2_leaf_reg': 4.443465465087222, 'subsample': 0.7000391338226102, 'min_data_in_leaf': 22, 'rsm': 0.7428859138437272}. Best is trial 1892 with value: 0.9319758700936625.
Trial 2895: AUC = 0.9303 | Params = {'iterations': 89, 'learning_rate': 0.1837234638739833, 'depth': 4, 'l2_leaf_reg': 4.443465465087222, 'subsample': 0.7000391338226102, 'min_data_in_leaf': 22, 'rsm': 0.7428859138437272, 'loss_function': 'Logloss', 'eval_metric': 'AUC', 'grow_policy': 'Depthwise'}
[I 2024-12-29 22:18:43,638] Trial 2896 finished with value: 0.9300656098432045 and parameters: {'iterations': 86, 'learning_rate': 0.19464717951340962, 'depth': 4, 'l2_leaf_reg': 4.1517201152370085, 'subsample': 0.9173415725230218, 'min_data_in_leaf': 6, 'rsm': 0.9817237314320651}. Best is trial 1892 with value: 0.9319758700936625.
Trial 2896: AUC = 0.9301 | Params = {'iterations': 86, 'learning_rate': 0.19464717951340962, 'depth': 4, 'l2_leaf_reg': 4.1517201152370085, 'subsample': 0.9173415725230218, 'min_data_in_leaf': 6, 'rsm': 0.9817237314320651, 'loss_function': 'Logloss', 'eval_metric': 'AUC', 'grow_policy': 'Depthwise'}
[I 2024-12-29 22:18:44,189] Trial 2897 finished with value: 0.9307561260814968 and parameters: {'iterations': 62, 'learning_rate': 0.19397832507626278, 'depth': 4, 'l2_leaf_reg': 4.27727287941306, 'subsample': 0.7184037017028397, 'min_data_in_leaf': 25, 'rsm': 0.9722646553177838}. Best is trial 1892 with value: 0.9319758700936625.
Trial 2897: AUC = 0.9308 | Params = {'iterations': 62, 'learning_rate': 0.19397832507626278, 'depth': 4, 'l2_leaf_reg': 4.27727287941306, 'subsample': 0.7184037017028397, 'min_data_in_leaf': 25, 'rsm': 0.9722646553177838, 'loss_function': 'Logloss', 'eval_metric': 'AUC', 'grow_policy': 'Depthwise'}
[I 2024-12-29 22:18:44,652] Trial 2898 finished with value: 0.9302243781753665 and parameters: {'iterations': 70, 'learning_rate': 0.18773168648678054, 'depth': 4, 'l2_leaf_reg': 4.370215140417027, 'subsample': 0.7126848934860761, 'min_data_in_leaf': 15, 'rsm': 0.9881149669811432}. Best is trial 1892 with value: 0.9319758700936625.
Trial 2898: AUC = 0.9302 | Params = {'iterations': 70, 'learning_rate': 0.18773168648678054, 'depth': 4, 'l2_leaf_reg': 4.370215140417027, 'subsample': 0.7126848934860761, 'min_data_in_leaf': 15, 'rsm': 0.9881149669811432, 'loss_function': 'Logloss', 'eval_metric': 'AUC', 'grow_policy': 'Depthwise'}
[I 2024-12-29 22:18:45,358] Trial 2899 finished with value: 0.9306978030207025 and parameters: {'iterations': 83, 'learning_rate': 0.12904556593454572, 'depth': 4, 'l2_leaf_reg': 4.483074748820058, 'subsample': 0.7253373270148531, 'min_data_in_leaf': 28, 'rsm': 0.9569458061116553}. Best is trial 1892 with value: 0.9319758700936625.
Trial 2899: AUC = 0.9307 | Params = {'iterations': 83, 'learning_rate': 0.12904556593454572, 'depth': 4, 'l2_leaf_reg': 4.483074748820058, 'subsample': 0.7253373270148531, 'min_data_in_leaf': 28, 'rsm': 0.9569458061116553, 'loss_function': 'Logloss', 'eval_metric': 'AUC', 'grow_policy': 'Depthwise'}
[I 2024-12-29 22:18:45,948] Trial 2900 finished with value: 0.9301412138109008 and parameters: {'iterations': 53, 'learning_rate': 0.19052138278402111, 'depth': 4, 'l2_leaf_reg': 4.0831962617709845, 'subsample': 0.7069064656921107, 'min_data_in_leaf': 26, 'rsm': 0.9638969213763999}. Best is trial 1892 with value: 0.9319758700936625.
Trial 2900: AUC = 0.9301 | Params = {'iterations': 53, 'learning_rate': 0.19052138278402111, 'depth': 4, 'l2_leaf_reg': 4.0831962617709845, 'subsample': 0.7069064656921107, 'min_data_in_leaf': 26, 'rsm': 0.9638969213763999, 'loss_function': 'Logloss', 'eval_metric': 'AUC', 'grow_policy': 'Depthwise'}
[I 2024-12-29 22:18:46,422] Trial 2901 finished with value: 0.9298899206230343 and parameters: {'iterations': 90, 'learning_rate': 0.19629877657183406, 'depth': 4, 'l2_leaf_reg': 4.18933145286345, 'subsample': 0.7180499298779416, 'min_data_in_leaf': 27, 'rsm': 0.9779970117423076}. Best is trial 1892 with value: 0.9319758700936625.
Trial 2901: AUC = 0.9299 | Params = {'iterations': 90, 'learning_rate': 0.19629877657183406, 'depth': 4, 'l2_leaf_reg': 4.18933145286345, 'subsample': 0.7180499298779416, 'min_data_in_leaf': 27, 'rsm': 0.9779970117423076, 'loss_function': 'Logloss', 'eval_metric': 'AUC', 'grow_policy': 'Depthwise'}
[I 2024-12-29 22:18:46,924] Trial 2902 finished with value: 0.9307618863837973 and parameters: {'iterations': 87, 'learning_rate': 0.19236361774102376, 'depth': 4, 'l2_leaf_reg': 4.32353333418585, 'subsample': 0.7132422394328837, 'min_data_in_leaf': 25, 'rsm': 0.8644210022170266}. Best is trial 1892 with value: 0.9319758700936625.
Trial 2902: AUC = 0.9308 | Params = {'iterations': 87, 'learning_rate': 0.19236361774102376, 'depth': 4, 'l2_leaf_reg': 4.32353333418585, 'subsample': 0.7132422394328837, 'min_data_in_leaf': 25, 'rsm': 0.8644210022170266, 'loss_function': 'Logloss', 'eval_metric': 'AUC', 'grow_policy': 'Depthwise'}
[I 2024-12-29 22:18:47,532] Trial 2903 finished with value: 0.9300065667446228 and parameters: {'iterations': 66, 'learning_rate': 0.19757657438894452, 'depth': 4, 'l2_leaf_reg': 3.5595389967528903, 'subsample': 0.7336997186799546, 'min_data_in_leaf': 24, 'rsm': 0.9733220248107365}. Best is trial 1892 with value: 0.9319758700936625.
Trial 2903: AUC = 0.9300 | Params = {'iterations': 66, 'learning_rate': 0.19757657438894452, 'depth': 4, 'l2_leaf_reg': 3.5595389967528903, 'subsample': 0.7336997186799546, 'min_data_in_leaf': 24, 'rsm': 0.9733220248107365, 'loss_function': 'Logloss', 'eval_metric': 'AUC', 'grow_policy': 'Depthwise'}
[I 2024-12-29 22:18:48,006] Trial 2904 finished with value: 0.9292800486169515 and parameters: {'iterations': 58, 'learning_rate': 0.18878332083006052, 'depth': 4, 'l2_leaf_reg': 4.523101249081407, 'subsample': 0.7250292814569524, 'min_data_in_leaf': 24, 'rsm': 0.9215664816700415}. Best is trial 1892 with value: 0.9319758700936625.
Trial 2904: AUC = 0.9293 | Params = {'iterations': 58, 'learning_rate': 0.18878332083006052, 'depth': 4, 'l2_leaf_reg': 4.523101249081407, 'subsample': 0.7250292814569524, 'min_data_in_leaf': 24, 'rsm': 0.9215664816700415, 'loss_function': 'Logloss', 'eval_metric': 'AUC', 'grow_policy': 'Depthwise'}
[I 2024-12-29 22:18:48,566] Trial 2905 finished with value: 0.929370773378187 and parameters: {'iterations': 90, 'learning_rate': 0.19547262178401317, 'depth': 4, 'l2_leaf_reg': 4.667926499261624, 'subsample': 0.7051091157868725, 'min_data_in_leaf': 25, 'rsm': 0.9674131541811739}. Best is trial 1892 with value: 0.9319758700936625.
Trial 2905: AUC = 0.9294 | Params = {'iterations': 90, 'learning_rate': 0.19547262178401317, 'depth': 4, 'l2_leaf_reg': 4.667926499261624, 'subsample': 0.7051091157868725, 'min_data_in_leaf': 25, 'rsm': 0.9674131541811739, 'loss_function': 'Logloss', 'eval_metric': 'AUC', 'grow_policy': 'Depthwise'}
[I 2024-12-29 22:18:49,155] Trial 2906 finished with value: 0.9300346482183384 and parameters: {'iterations': 79, 'learning_rate': 0.1854938556282001, 'depth': 4, 'l2_leaf_reg': 4.40776683277567, 'subsample': 0.7211360680285652, 'min_data_in_leaf': 19, 'rsm': 0.9826897763529165}. Best is trial 1892 with value: 0.9319758700936625.
Trial 2906: AUC = 0.9300 | Params = {'iterations': 79, 'learning_rate': 0.1854938556282001, 'depth': 4, 'l2_leaf_reg': 4.40776683277567, 'subsample': 0.7211360680285652, 'min_data_in_leaf': 19, 'rsm': 0.9826897763529165, 'loss_function': 'Logloss', 'eval_metric': 'AUC', 'grow_policy': 'Depthwise'}
[I 2024-12-29 22:18:49,654] Trial 2907 finished with value: 0.9304133880946073 and parameters: {'iterations': 84, 'learning_rate': 0.19311189696968958, 'depth': 4, 'l2_leaf_reg': 4.24902497075802, 'subsample': 0.7134036698199184, 'min_data_in_leaf': 1, 'rsm': 0.9752388432608217}. Best is trial 1892 with value: 0.9319758700936625.
Trial 2907: AUC = 0.9304 | Params = {'iterations': 84, 'learning_rate': 0.19311189696968958, 'depth': 4, 'l2_leaf_reg': 4.24902497075802, 'subsample': 0.7134036698199184, 'min_data_in_leaf': 1, 'rsm': 0.9752388432608217, 'loss_function': 'Logloss', 'eval_metric': 'AUC', 'grow_policy': 'Depthwise'}
[I 2024-12-29 22:18:50,212] Trial 2908 finished with value: 0.9297761546525961 and parameters: {'iterations': 73, 'learning_rate': 0.17980460009293164, 'depth': 4, 'l2_leaf_reg': 4.335579020245987, 'subsample': 0.7294188097757842, 'min_data_in_leaf': 26, 'rsm': 0.9519347302569316}. Best is trial 1892 with value: 0.9319758700936625.
Trial 2908: AUC = 0.9298 | Params = {'iterations': 73, 'learning_rate': 0.17980460009293164, 'depth': 4, 'l2_leaf_reg': 4.335579020245987, 'subsample': 0.7294188097757842, 'min_data_in_leaf': 26, 'rsm': 0.9519347302569316, 'loss_function': 'Logloss', 'eval_metric': 'AUC', 'grow_policy': 'Depthwise'}
[I 2024-12-29 22:18:50,701] Trial 2909 finished with value: 0.9301221328095299 and parameters: {'iterations': 91, 'learning_rate': 0.19484209292307517, 'depth': 4, 'l2_leaf_reg': 4.595937809872128, 'subsample': 0.7086127280256822, 'min_data_in_leaf': 24, 'rsm': 0.988053743750418}. Best is trial 1892 with value: 0.9319758700936625.
Trial 2909: AUC = 0.9301 | Params = {'iterations': 91, 'learning_rate': 0.19484209292307517, 'depth': 4, 'l2_leaf_reg': 4.595937809872128, 'subsample': 0.7086127280256822, 'min_data_in_leaf': 24, 'rsm': 0.988053743750418, 'loss_function': 'Logloss', 'eval_metric': 'AUC', 'grow_policy': 'Depthwise'}
[I 2024-12-29 22:18:51,155] Trial 2910 finished with value: 0.9306506405456157 and parameters: {'iterations': 63, 'learning_rate': 0.19121968721638985, 'depth': 4, 'l2_leaf_reg': 4.188445927621874, 'subsample': 0.7161064905949205, 'min_data_in_leaf': 29, 'rsm': 0.9624360064816364}. Best is trial 1892 with value: 0.9319758700936625.
Trial 2910: AUC = 0.9307 | Params = {'iterations': 63, 'learning_rate': 0.19121968721638985, 'depth': 4, 'l2_leaf_reg': 4.188445927621874, 'subsample': 0.7161064905949205, 'min_data_in_leaf': 29, 'rsm': 0.9624360064816364, 'loss_function': 'Logloss', 'eval_metric': 'AUC', 'grow_policy': 'Depthwise'}
[I 2024-12-29 22:18:51,673] Trial 2911 finished with value: 0.9302038570984205 and parameters: {'iterations': 87, 'learning_rate': 0.19744559477748, 'depth': 4, 'l2_leaf_reg': 4.447956246878329, 'subsample': 0.721189624964489, 'min_data_in_leaf': 3, 'rsm': 0.9688017038457232}. Best is trial 1892 with value: 0.9319758700936625.
Trial 2911: AUC = 0.9302 | Params = {'iterations': 87, 'learning_rate': 0.19744559477748, 'depth': 4, 'l2_leaf_reg': 4.447956246878329, 'subsample': 0.721189624964489, 'min_data_in_leaf': 3, 'rsm': 0.9688017038457232, 'loss_function': 'Logloss', 'eval_metric': 'AUC', 'grow_policy': 'Depthwise'}
[I 2024-12-29 22:18:52,201] Trial 2912 finished with value: 0.9303280636167787 and parameters: {'iterations': 71, 'learning_rate': 0.18240968694677684, 'depth': 4, 'l2_leaf_reg': 4.271749868550422, 'subsample': 0.7047012705952953, 'min_data_in_leaf': 25, 'rsm': 0.9795936939822597}. Best is trial 1892 with value: 0.9319758700936625.
Trial 2912: AUC = 0.9303 | Params = {'iterations': 71, 'learning_rate': 0.18240968694677684, 'depth': 4, 'l2_leaf_reg': 4.271749868550422, 'subsample': 0.7047012705952953, 'min_data_in_leaf': 25, 'rsm': 0.9795936939822597, 'loss_function': 'Logloss', 'eval_metric': 'AUC', 'grow_policy': 'Depthwise'}
[I 2024-12-29 22:18:52,734] Trial 2913 finished with value: 0.9296861499291482 and parameters: {'iterations': 90, 'learning_rate': 0.1148207186045706, 'depth': 4, 'l2_leaf_reg': 4.394069195570669, 'subsample': 0.711820323646468, 'min_data_in_leaf': 25, 'rsm': 0.9998808396722867}. Best is trial 1892 with value: 0.9319758700936625.
Trial 2913: AUC = 0.9297 | Params = {'iterations': 90, 'learning_rate': 0.1148207186045706, 'depth': 4, 'l2_leaf_reg': 4.394069195570669, 'subsample': 0.711820323646468, 'min_data_in_leaf': 25, 'rsm': 0.9998808396722867, 'loss_function': 'Logloss', 'eval_metric': 'AUC', 'grow_policy': 'Depthwise'}
[I 2024-12-29 22:18:53,232] Trial 2914 finished with value: 0.9295673436941971 and parameters: {'iterations': 76, 'learning_rate': 0.18731247146160432, 'depth': 4, 'l2_leaf_reg': 4.505410273923915, 'subsample': 0.7689551191202987, 'min_data_in_leaf': 30, 'rsm': 0.9731380323975053}. Best is trial 1892 with value: 0.9319758700936625.
Trial 2914: AUC = 0.9296 | Params = {'iterations': 76, 'learning_rate': 0.18731247146160432, 'depth': 4, 'l2_leaf_reg': 4.505410273923915, 'subsample': 0.7689551191202987, 'min_data_in_leaf': 30, 'rsm': 0.9731380323975053, 'loss_function': 'Logloss', 'eval_metric': 'AUC', 'grow_policy': 'Depthwise'}
[I 2024-12-29 22:18:53,696] Trial 2915 finished with value: 0.9295630234674717 and parameters: {'iterations': 67, 'learning_rate': 0.19032464950156783, 'depth': 4, 'l2_leaf_reg': 4.095842181526942, 'subsample': 0.700128886445547, 'min_data_in_leaf': 26, 'rsm': 0.957196903984953}. Best is trial 1892 with value: 0.9319758700936625.
Trial 2915: AUC = 0.9296 | Params = {'iterations': 67, 'learning_rate': 0.19032464950156783, 'depth': 4, 'l2_leaf_reg': 4.095842181526942, 'subsample': 0.700128886445547, 'min_data_in_leaf': 26, 'rsm': 0.957196903984953, 'loss_function': 'Logloss', 'eval_metric': 'AUC', 'grow_policy': 'Depthwise'}
[I 2024-12-29 22:18:54,338] Trial 2916 finished with value: 0.930189096323775 and parameters: {'iterations': 87, 'learning_rate': 0.07395754461999042, 'depth': 4, 'l2_leaf_reg': 4.322429860163585, 'subsample': 0.7253410950745939, 'min_data_in_leaf': 24, 'rsm': 0.9848537236714833}. Best is trial 1892 with value: 0.9319758700936625.
Trial 2916: AUC = 0.9302 | Params = {'iterations': 87, 'learning_rate': 0.07395754461999042, 'depth': 4, 'l2_leaf_reg': 4.322429860163585, 'subsample': 0.7253410950745939, 'min_data_in_leaf': 24, 'rsm': 0.9848537236714833, 'loss_function': 'Logloss', 'eval_metric': 'AUC', 'grow_policy': 'Depthwise'}
[I 2024-12-29 22:18:54,855] Trial 2917 finished with value: 0.9300242076704185 and parameters: {'iterations': 93, 'learning_rate': 0.1974926608662913, 'depth': 4, 'l2_leaf_reg': 4.224954617326206, 'subsample': 0.7182859350488906, 'min_data_in_leaf': 27, 'rsm': 0.9667806442016555}. Best is trial 1892 with value: 0.9319758700936625.
Trial 2917: AUC = 0.9300 | Params = {'iterations': 93, 'learning_rate': 0.1974926608662913, 'depth': 4, 'l2_leaf_reg': 4.224954617326206, 'subsample': 0.7182859350488906, 'min_data_in_leaf': 27, 'rsm': 0.9667806442016555, 'loss_function': 'Logloss', 'eval_metric': 'AUC', 'grow_policy': 'Depthwise'}
