[I 2024-12-29 22:13:06,244] Trial 2238 finished with value: 0.9302585799702769 and parameters: {'iterations': 91, 'learning_rate': 0.19692893201799022, 'depth': 4, 'l2_leaf_reg': 4.346557908489949, 'subsample': 0.7217870473318181, 'min_data_in_leaf': 24, 'rsm': 0.9692744501585099}. Best is trial 1892 with value: 0.9319758700936625.
Trial 2238: AUC = 0.9303 | Params = {'iterations': 91, 'learning_rate': 0.19692893201799022, 'depth': 4, 'l2_leaf_reg': 4.346557908489949, 'subsample': 0.7217870473318181, 'min_data_in_leaf': 24, 'rsm': 0.9692744501585099, 'loss_function': 'Logloss', 'eval_metric': 'AUC', 'grow_policy': 'Depthwise'}
[I 2024-12-29 22:13:06,764] Trial 2239 finished with value: 0.9303921469798736 and parameters: {'iterations': 97, 'learning_rate': 0.1925565650024033, 'depth': 4, 'l2_leaf_reg': 4.428270799915804, 'subsample': 0.7388853324791904, 'min_data_in_leaf': 26, 'rsm': 0.9628859036077818}. Best is trial 1892 with value: 0.9319758700936625.
Trial 2239: AUC = 0.9304 | Params = {'iterations': 97, 'learning_rate': 0.1925565650024033, 'depth': 4, 'l2_leaf_reg': 4.428270799915804, 'subsample': 0.7388853324791904, 'min_data_in_leaf': 26, 'rsm': 0.9628859036077818, 'loss_function': 'Logloss', 'eval_metric': 'AUC', 'grow_policy': 'Depthwise'}
[I 2024-12-29 22:13:07,266] Trial 2240 finished with value: 0.9299813654220573 and parameters: {'iterations': 73, 'learning_rate': 0.13285539427739151, 'depth': 4, 'l2_leaf_reg': 4.273970473662669, 'subsample': 0.7046727872500492, 'min_data_in_leaf': 25, 'rsm': 0.9752722513254346}. Best is trial 1892 with value: 0.9319758700936625.
Trial 2240: AUC = 0.9300 | Params = {'iterations': 73, 'learning_rate': 0.13285539427739151, 'depth': 4, 'l2_leaf_reg': 4.273970473662669, 'subsample': 0.7046727872500492, 'min_data_in_leaf': 25, 'rsm': 0.9752722513254346, 'loss_function': 'Logloss', 'eval_metric': 'AUC', 'grow_policy': 'Depthwise'}
[I 2024-12-29 22:13:07,811] Trial 2241 finished with value: 0.9292188454050068 and parameters: {'iterations': 127, 'learning_rate': 0.18876789648110437, 'depth': 4, 'l2_leaf_reg': 4.50325902697954, 'subsample': 0.7147354215320525, 'min_data_in_leaf': 23, 'rsm': 0.9882331406789705}. Best is trial 1892 with value: 0.9319758700936625.
Trial 2241: AUC = 0.9292 | Params = {'iterations': 127, 'learning_rate': 0.18876789648110437, 'depth': 4, 'l2_leaf_reg': 4.50325902697954, 'subsample': 0.7147354215320525, 'min_data_in_leaf': 23, 'rsm': 0.9882331406789705, 'loss_function': 'Logloss', 'eval_metric': 'AUC', 'grow_policy': 'Depthwise'}
[I 2024-12-29 22:13:08,298] Trial 2242 finished with value: 0.9309879782490985 and parameters: {'iterations': 84, 'learning_rate': 0.19529297747902097, 'depth': 4, 'l2_leaf_reg': 4.14870225855799, 'subsample': 0.7290193799035911, 'min_data_in_leaf': 27, 'rsm': 0.9811935035119657}. Best is trial 1892 with value: 0.9319758700936625.
Trial 2242: AUC = 0.9310 | Params = {'iterations': 84, 'learning_rate': 0.19529297747902097, 'depth': 4, 'l2_leaf_reg': 4.14870225855799, 'subsample': 0.7290193799035911, 'min_data_in_leaf': 27, 'rsm': 0.9811935035119657, 'loss_function': 'Logloss', 'eval_metric': 'AUC', 'grow_policy': 'Depthwise'}
[I 2024-12-29 22:13:08,772] Trial 2243 finished with value: 0.9299979262911718 and parameters: {'iterations': 60, 'learning_rate': 0.19722868017157713, 'depth': 4, 'l2_leaf_reg': 4.220600477959509, 'subsample': 0.7095143133262288, 'min_data_in_leaf': 24, 'rsm': 0.9694942054122163}. Best is trial 1892 with value: 0.9319758700936625.
Trial 2243: AUC = 0.9300 | Params = {'iterations': 60, 'learning_rate': 0.19722868017157713, 'depth': 4, 'l2_leaf_reg': 4.220600477959509, 'subsample': 0.7095143133262288, 'min_data_in_leaf': 24, 'rsm': 0.9694942054122163, 'loss_function': 'Logloss', 'eval_metric': 'AUC', 'grow_policy': 'Depthwise'}
[I 2024-12-29 22:13:09,268] Trial 2244 finished with value: 0.9310643022545824 and parameters: {'iterations': 68, 'learning_rate': 0.19230406683511336, 'depth': 4, 'l2_leaf_reg': 4.368771390545157, 'subsample': 0.7188945035941593, 'min_data_in_leaf': 22, 'rsm': 0.9756348994372989}. Best is trial 1892 with value: 0.9319758700936625.
Trial 2244: AUC = 0.9311 | Params = {'iterations': 68, 'learning_rate': 0.19230406683511336, 'depth': 4, 'l2_leaf_reg': 4.368771390545157, 'subsample': 0.7188945035941593, 'min_data_in_leaf': 22, 'rsm': 0.9756348994372989, 'loss_function': 'Logloss', 'eval_metric': 'AUC', 'grow_policy': 'Depthwise'}
[I 2024-12-29 22:13:09,783] Trial 2245 finished with value: 0.9294719386873422 and parameters: {'iterations': 94, 'learning_rate': 0.18663424008398782, 'depth': 4, 'l2_leaf_reg': 4.068533984990025, 'subsample': 0.9741867693590281, 'min_data_in_leaf': 25, 'rsm': 0.9617741552938861}. Best is trial 1892 with value: 0.9319758700936625.
Trial 2245: AUC = 0.9295 | Params = {'iterations': 94, 'learning_rate': 0.18663424008398782, 'depth': 4, 'l2_leaf_reg': 4.068533984990025, 'subsample': 0.9741867693590281, 'min_data_in_leaf': 25, 'rsm': 0.9617741552938861, 'loss_function': 'Logloss', 'eval_metric': 'AUC', 'grow_policy': 'Depthwise'}
[I 2024-12-29 22:13:10,279] Trial 2246 finished with value: 0.9297570736512252 and parameters: {'iterations': 88, 'learning_rate': 0.19998889407248974, 'depth': 4, 'l2_leaf_reg': 4.661134569088887, 'subsample': 0.7136023233379147, 'min_data_in_leaf': 26, 'rsm': 0.9952473159159392}. Best is trial 1892 with value: 0.9319758700936625.
Trial 2246: AUC = 0.9298 | Params = {'iterations': 88, 'learning_rate': 0.19998889407248974, 'depth': 4, 'l2_leaf_reg': 4.661134569088887, 'subsample': 0.7136023233379147, 'min_data_in_leaf': 26, 'rsm': 0.9952473159159392, 'loss_function': 'Logloss', 'eval_metric': 'AUC', 'grow_policy': 'Depthwise'}
[I 2024-12-29 22:13:10,882] Trial 2247 finished with value: 0.9290521566571813 and parameters: {'iterations': 90, 'learning_rate': 0.19001967276206683, 'depth': 5, 'l2_leaf_reg': 4.326877471373741, 'subsample': 0.7001331032645128, 'min_data_in_leaf': 25, 'rsm': 0.9834497183086901}. Best is trial 1892 with value: 0.9319758700936625.
Trial 2247: AUC = 0.9291 | Params = {'iterations': 90, 'learning_rate': 0.19001967276206683, 'depth': 5, 'l2_leaf_reg': 4.326877471373741, 'subsample': 0.7001331032645128, 'min_data_in_leaf': 25, 'rsm': 0.9834497183086901, 'loss_function': 'Logloss', 'eval_metric': 'AUC', 'grow_policy': 'Depthwise'}
[I 2024-12-29 22:13:11,365] Trial 2248 finished with value: 0.9295687837697724 and parameters: {'iterations': 96, 'learning_rate': 0.1949456496532952, 'depth': 4, 'l2_leaf_reg': 4.4551715070943825, 'subsample': 0.7239089755712081, 'min_data_in_leaf': 23, 'rsm': 0.9694158976374969}. Best is trial 1892 with value: 0.9319758700936625.
Trial 2248: AUC = 0.9296 | Params = {'iterations': 96, 'learning_rate': 0.1949456496532952, 'depth': 4, 'l2_leaf_reg': 4.4551715070943825, 'subsample': 0.7239089755712081, 'min_data_in_leaf': 23, 'rsm': 0.9694158976374969, 'loss_function': 'Logloss', 'eval_metric': 'AUC', 'grow_policy': 'Depthwise'}
[I 2024-12-29 22:13:11,895] Trial 2249 finished with value: 0.9293200107141623 and parameters: {'iterations': 81, 'learning_rate': 0.19283811116389218, 'depth': 4, 'l2_leaf_reg': 4.560004415851266, 'subsample': 0.9917672282154805, 'min_data_in_leaf': 26, 'rsm': 0.9736577777791352}. Best is trial 1892 with value: 0.9319758700936625.
Trial 2249: AUC = 0.9293 | Params = {'iterations': 81, 'learning_rate': 0.19283811116389218, 'depth': 4, 'l2_leaf_reg': 4.560004415851266, 'subsample': 0.9917672282154805, 'min_data_in_leaf': 26, 'rsm': 0.9736577777791352, 'loss_function': 'Logloss', 'eval_metric': 'AUC', 'grow_policy': 'Depthwise'}
[I 2024-12-29 22:13:12,350] Trial 2250 finished with value: 0.9294208160044237 and parameters: {'iterations': 76, 'learning_rate': 0.19748446182204046, 'depth': 4, 'l2_leaf_reg': 4.3852100856195095, 'subsample': 0.8603030917437076, 'min_data_in_leaf': 24, 'rsm': 0.8546271514943258}. Best is trial 1892 with value: 0.9319758700936625.
Trial 2250: AUC = 0.9294 | Params = {'iterations': 76, 'learning_rate': 0.19748446182204046, 'depth': 4, 'l2_leaf_reg': 4.3852100856195095, 'subsample': 0.8603030917437076, 'min_data_in_leaf': 24, 'rsm': 0.8546271514943258, 'loss_function': 'Logloss', 'eval_metric': 'AUC', 'grow_policy': 'Depthwise'}
[I 2024-12-29 22:13:12,783] Trial 2251 finished with value: 0.9303313037868227 and parameters: {'iterations': 86, 'learning_rate': 0.18669685503298938, 'depth': 4, 'l2_leaf_reg': 4.261930253785989, 'subsample': 0.7092197591779836, 'min_data_in_leaf': 27, 'rsm': 0.9789111108306694}. Best is trial 1892 with value: 0.9319758700936625.
Trial 2251: AUC = 0.9303 | Params = {'iterations': 86, 'learning_rate': 0.18669685503298938, 'depth': 4, 'l2_leaf_reg': 4.261930253785989, 'subsample': 0.7092197591779836, 'min_data_in_leaf': 27, 'rsm': 0.9789111108306694, 'loss_function': 'Logloss', 'eval_metric': 'AUC', 'grow_policy': 'Depthwise'}
[I 2024-12-29 22:13:13,255] Trial 2252 finished with value: 0.9291209202658957 and parameters: {'iterations': 93, 'learning_rate': 0.1947166648207698, 'depth': 4, 'l2_leaf_reg': 3.0128947249394415, 'subsample': 0.7207094099645629, 'min_data_in_leaf': 25, 'rsm': 0.9666493405852724}. Best is trial 1892 with value: 0.9319758700936625.
Trial 2252: AUC = 0.9291 | Params = {'iterations': 93, 'learning_rate': 0.1947166648207698, 'depth': 4, 'l2_leaf_reg': 3.0128947249394415, 'subsample': 0.7207094099645629, 'min_data_in_leaf': 25, 'rsm': 0.9666493405852724, 'loss_function': 'Logloss', 'eval_metric': 'AUC', 'grow_policy': 'Depthwise'}
[I 2024-12-29 22:13:13,682] Trial 2253 finished with value: 0.9297588737456942 and parameters: {'iterations': 70, 'learning_rate': 0.1901228488630075, 'depth': 4, 'l2_leaf_reg': 4.163363115783093, 'subsample': 0.7161078611753903, 'min_data_in_leaf': 24, 'rsm': 0.9862680790496298}. Best is trial 1892 with value: 0.9319758700936625.
Trial 2253: AUC = 0.9298 | Params = {'iterations': 70, 'learning_rate': 0.1901228488630075, 'depth': 4, 'l2_leaf_reg': 4.163363115783093, 'subsample': 0.7161078611753903, 'min_data_in_leaf': 24, 'rsm': 0.9862680790496298, 'loss_function': 'Logloss', 'eval_metric': 'AUC', 'grow_policy': 'Depthwise'}
[I 2024-12-29 22:13:14,110] Trial 2254 finished with value: 0.929581384431055 and parameters: {'iterations': 64, 'learning_rate': 0.19526638898419005, 'depth': 4, 'l2_leaf_reg': 4.461187011725069, 'subsample': 0.7301768632202165, 'min_data_in_leaf': 26, 'rsm': 0.9798644141995803}. Best is trial 1892 with value: 0.9319758700936625.
Trial 2254: AUC = 0.9296 | Params = {'iterations': 64, 'learning_rate': 0.19526638898419005, 'depth': 4, 'l2_leaf_reg': 4.461187011725069, 'subsample': 0.7301768632202165, 'min_data_in_leaf': 26, 'rsm': 0.9798644141995803, 'loss_function': 'Logloss', 'eval_metric': 'AUC', 'grow_policy': 'Depthwise'}
[I 2024-12-29 22:13:14,697] Trial 2255 finished with value: 0.9293696933215055 and parameters: {'iterations': 98, 'learning_rate': 0.19193920534876954, 'depth': 4, 'l2_leaf_reg': 4.310905937635171, 'subsample': 0.7079153327125304, 'min_data_in_leaf': 25, 'rsm': 0.9613952866824883}. Best is trial 1892 with value: 0.9319758700936625.
Trial 2255: AUC = 0.9294 | Params = {'iterations': 98, 'learning_rate': 0.19193920534876954, 'depth': 4, 'l2_leaf_reg': 4.310905937635171, 'subsample': 0.7079153327125304, 'min_data_in_leaf': 25, 'rsm': 0.9613952866824883, 'loss_function': 'Logloss', 'eval_metric': 'AUC', 'grow_policy': 'Depthwise'}
[I 2024-12-29 22:13:15,182] Trial 2256 finished with value: 0.9308076087833089 and parameters: {'iterations': 91, 'learning_rate': 0.1974432286370125, 'depth': 4, 'l2_leaf_reg': 3.9949773974305067, 'subsample': 0.7186130145879845, 'min_data_in_leaf': 26, 'rsm': 0.9724556267424455}. Best is trial 1892 with value: 0.9319758700936625.
Trial 2256: AUC = 0.9308 | Params = {'iterations': 91, 'learning_rate': 0.1974432286370125, 'depth': 4, 'l2_leaf_reg': 3.9949773974305067, 'subsample': 0.7186130145879845, 'min_data_in_leaf': 26, 'rsm': 0.9724556267424455, 'loss_function': 'Logloss', 'eval_metric': 'AUC', 'grow_policy': 'Depthwise'}
[I 2024-12-29 22:13:15,625] Trial 2257 finished with value: 0.9304979925346483 and parameters: {'iterations': 74, 'learning_rate': 0.07048469777140368, 'depth': 4, 'l2_leaf_reg': 4.2491953913523925, 'subsample': 0.7143380036723703, 'min_data_in_leaf': 25, 'rsm': 0.8947990719382101}. Best is trial 1892 with value: 0.9319758700936625.
Trial 2257: AUC = 0.9305 | Params = {'iterations': 74, 'learning_rate': 0.07048469777140368, 'depth': 4, 'l2_leaf_reg': 4.2491953913523925, 'subsample': 0.7143380036723703, 'min_data_in_leaf': 25, 'rsm': 0.8947990719382101, 'loss_function': 'Logloss', 'eval_metric': 'AUC', 'grow_policy': 'Depthwise'}
[I 2024-12-29 22:13:16,101] Trial 2258 finished with value: 0.9305527154065044 and parameters: {'iterations': 86, 'learning_rate': 0.19740935384521216, 'depth': 4, 'l2_leaf_reg': 4.371667813146444, 'subsample': 0.7248321190770353, 'min_data_in_leaf': 24, 'rsm': 0.9893119280806474}. Best is trial 1892 with value: 0.9319758700936625.
Trial 2258: AUC = 0.9306 | Params = {'iterations': 86, 'learning_rate': 0.19740935384521216, 'depth': 4, 'l2_leaf_reg': 4.371667813146444, 'subsample': 0.7248321190770353, 'min_data_in_leaf': 24, 'rsm': 0.9893119280806474, 'loss_function': 'Logloss', 'eval_metric': 'AUC', 'grow_policy': 'Depthwise'}
[I 2024-12-29 22:13:16,586] Trial 2259 finished with value: 0.9296069457725141 and parameters: {'iterations': 89, 'learning_rate': 0.18648443373452064, 'depth': 4, 'l2_leaf_reg': 4.192810677577422, 'subsample': 0.7043809223598052, 'min_data_in_leaf': 27, 'rsm': 0.966659394818984}. Best is trial 1892 with value: 0.9319758700936625.
Trial 2259: AUC = 0.9296 | Params = {'iterations': 89, 'learning_rate': 0.18648443373452064, 'depth': 4, 'l2_leaf_reg': 4.192810677577422, 'subsample': 0.7043809223598052, 'min_data_in_leaf': 27, 'rsm': 0.966659394818984, 'loss_function': 'Logloss', 'eval_metric': 'AUC', 'grow_policy': 'Depthwise'}
[I 2024-12-29 22:13:17,041] Trial 2260 finished with value: 0.9296213465282659 and parameters: {'iterations': 80, 'learning_rate': 0.19295013310906395, 'depth': 4, 'l2_leaf_reg': 3.4634613030414996, 'subsample': 0.7104725186225482, 'min_data_in_leaf': 25, 'rsm': 0.8806863153650202}. Best is trial 1892 with value: 0.9319758700936625.
Trial 2260: AUC = 0.9296 | Params = {'iterations': 80, 'learning_rate': 0.19295013310906395, 'depth': 4, 'l2_leaf_reg': 3.4634613030414996, 'subsample': 0.7104725186225482, 'min_data_in_leaf': 25, 'rsm': 0.8806863153650202, 'loss_function': 'Logloss', 'eval_metric': 'AUC', 'grow_policy': 'Depthwise'}
[I 2024-12-29 22:13:17,542] Trial 2261 finished with value: 0.9295115407656593 and parameters: {'iterations': 94, 'learning_rate': 0.1892840569352186, 'depth': 4, 'l2_leaf_reg': 4.076795536795283, 'subsample': 0.7350947271260604, 'min_data_in_leaf': 26, 'rsm': 0.9776391658435178}. Best is trial 1892 with value: 0.9319758700936625.
Trial 2261: AUC = 0.9295 | Params = {'iterations': 94, 'learning_rate': 0.1892840569352186, 'depth': 4, 'l2_leaf_reg': 4.076795536795283, 'subsample': 0.7350947271260604, 'min_data_in_leaf': 26, 'rsm': 0.9776391658435178, 'loss_function': 'Logloss', 'eval_metric': 'AUC', 'grow_policy': 'Depthwise'}
[I 2024-12-29 22:13:18,083] Trial 2262 finished with value: 0.9295979453001694 and parameters: {'iterations': 97, 'learning_rate': 0.195146267041406, 'depth': 4, 'l2_leaf_reg': 4.534932047709434, 'subsample': 0.7194762486758365, 'min_data_in_leaf': 24, 'rsm': 0.9840099293373894}. Best is trial 1892 with value: 0.9319758700936625.
Trial 2262: AUC = 0.9296 | Params = {'iterations': 97, 'learning_rate': 0.195146267041406, 'depth': 4, 'l2_leaf_reg': 4.534932047709434, 'subsample': 0.7194762486758365, 'min_data_in_leaf': 24, 'rsm': 0.9840099293373894, 'loss_function': 'Logloss', 'eval_metric': 'AUC', 'grow_policy': 'Depthwise'}
[I 2024-12-29 22:13:18,526] Trial 2263 finished with value: 0.9303979072821741 and parameters: {'iterations': 67, 'learning_rate': 0.1973746163610409, 'depth': 4, 'l2_leaf_reg': 4.4227585074002205, 'subsample': 0.7001640702358348, 'min_data_in_leaf': 23, 'rsm': 0.9725756911182779}. Best is trial 1892 with value: 0.9319758700936625.
Trial 2263: AUC = 0.9304 | Params = {'iterations': 67, 'learning_rate': 0.1973746163610409, 'depth': 4, 'l2_leaf_reg': 4.4227585074002205, 'subsample': 0.7001640702358348, 'min_data_in_leaf': 23, 'rsm': 0.9725756911182779, 'loss_function': 'Logloss', 'eval_metric': 'AUC', 'grow_policy': 'Depthwise'}
[I 2024-12-29 22:13:18,991] Trial 2264 finished with value: 0.9304972724968607 and parameters: {'iterations': 83, 'learning_rate': 0.1921607639411173, 'depth': 4, 'l2_leaf_reg': 4.310809030226772, 'subsample': 0.7258078551683407, 'min_data_in_leaf': 25, 'rsm': 0.966704951149832}. Best is trial 1892 with value: 0.9319758700936625.
Trial 2264: AUC = 0.9305 | Params = {'iterations': 83, 'learning_rate': 0.1921607639411173, 'depth': 4, 'l2_leaf_reg': 4.310809030226772, 'subsample': 0.7258078551683407, 'min_data_in_leaf': 25, 'rsm': 0.966704951149832, 'loss_function': 'Logloss', 'eval_metric': 'AUC', 'grow_policy': 'Depthwise'}
[I 2024-12-29 22:13:19,466] Trial 2265 finished with value: 0.9288221045840485 and parameters: {'iterations': 71, 'learning_rate': 0.1975823841100105, 'depth': 4, 'l2_leaf_reg': 4.585176266792382, 'subsample': 0.7132648755785775, 'min_data_in_leaf': 27, 'rsm': 0.9605238100766907}. Best is trial 1892 with value: 0.9319758700936625.
Trial 2265: AUC = 0.9288 | Params = {'iterations': 71, 'learning_rate': 0.1975823841100105, 'depth': 4, 'l2_leaf_reg': 4.585176266792382, 'subsample': 0.7132648755785775, 'min_data_in_leaf': 27, 'rsm': 0.9605238100766907, 'loss_function': 'Logloss', 'eval_metric': 'AUC', 'grow_policy': 'Depthwise'}
[I 2024-12-29 22:13:19,990] Trial 2266 finished with value: 0.9294128955887604 and parameters: {'iterations': 90, 'learning_rate': 0.19995608966317674, 'depth': 4, 'l2_leaf_reg': 3.566516162594938, 'subsample': 0.7059322779095119, 'min_data_in_leaf': 24, 'rsm': 0.9949578300418189}. Best is trial 1892 with value: 0.9319758700936625.
Trial 2266: AUC = 0.9294 | Params = {'iterations': 90, 'learning_rate': 0.19995608966317674, 'depth': 4, 'l2_leaf_reg': 3.566516162594938, 'subsample': 0.7059322779095119, 'min_data_in_leaf': 24, 'rsm': 0.9949578300418189, 'loss_function': 'Logloss', 'eval_metric': 'AUC', 'grow_policy': 'Depthwise'}
[I 2024-12-29 22:13:20,446] Trial 2267 finished with value: 0.9312342311724519 and parameters: {'iterations': 78, 'learning_rate': 0.1888843002685509, 'depth': 4, 'l2_leaf_reg': 4.157422174390193, 'subsample': 0.7173688357964889, 'min_data_in_leaf': 22, 'rsm': 0.9766135942846715}. Best is trial 1892 with value: 0.9319758700936625.
Trial 2267: AUC = 0.9312 | Params = {'iterations': 78, 'learning_rate': 0.1888843002685509, 'depth': 4, 'l2_leaf_reg': 4.157422174390193, 'subsample': 0.7173688357964889, 'min_data_in_leaf': 22, 'rsm': 0.9766135942846715, 'loss_function': 'Logloss', 'eval_metric': 'AUC', 'grow_policy': 'Depthwise'}
[I 2024-12-29 22:13:20,913] Trial 2268 finished with value: 0.9285135683920691 and parameters: {'iterations': 93, 'learning_rate': 0.19444520220222156, 'depth': 4, 'l2_leaf_reg': 4.475475475810951, 'subsample': 0.7319846743648348, 'min_data_in_leaf': 26, 'rsm': 0.9825958773723551}. Best is trial 1892 with value: 0.9319758700936625.
Trial 2268: AUC = 0.9285 | Params = {'iterations': 93, 'learning_rate': 0.19444520220222156, 'depth': 4, 'l2_leaf_reg': 4.475475475810951, 'subsample': 0.7319846743648348, 'min_data_in_leaf': 26, 'rsm': 0.9825958773723551, 'loss_function': 'Logloss', 'eval_metric': 'AUC', 'grow_policy': 'Depthwise'}
[I 2024-12-29 22:13:21,569] Trial 2269 finished with value: 0.9290892386032418 and parameters: {'iterations': 87, 'learning_rate': 0.19143554750867456, 'depth': 6, 'l2_leaf_reg': 4.362242405054391, 'subsample': 0.7090205755705992, 'min_data_in_leaf': 25, 'rsm': 0.9706532410971495}. Best is trial 1892 with value: 0.9319758700936625.
Trial 2269: AUC = 0.9291 | Params = {'iterations': 87, 'learning_rate': 0.19143554750867456, 'depth': 6, 'l2_leaf_reg': 4.362242405054391, 'subsample': 0.7090205755705992, 'min_data_in_leaf': 25, 'rsm': 0.9706532410971495, 'loss_function': 'Logloss', 'eval_metric': 'AUC', 'grow_policy': 'Depthwise'}
[I 2024-12-29 22:13:22,073] Trial 2270 finished with value: 0.9296314270572921 and parameters: {'iterations': 98, 'learning_rate': 0.1449682690964562, 'depth': 4, 'l2_leaf_reg': 4.250466081096185, 'subsample': 0.7211581359327195, 'min_data_in_leaf': 23, 'rsm': 0.9615288167530117}. Best is trial 1892 with value: 0.9319758700936625.
Trial 2270: AUC = 0.9296 | Params = {'iterations': 98, 'learning_rate': 0.1449682690964562, 'depth': 4, 'l2_leaf_reg': 4.250466081096185, 'subsample': 0.7211581359327195, 'min_data_in_leaf': 23, 'rsm': 0.9615288167530117, 'loss_function': 'Logloss', 'eval_metric': 'AUC', 'grow_policy': 'Depthwise'}
[I 2024-12-29 22:13:22,523] Trial 2271 finished with value: 0.9295889448278246 and parameters: {'iterations': 74, 'learning_rate': 0.1999985209284304, 'depth': 4, 'l2_leaf_reg': 4.419061915130873, 'subsample': 0.7143975634967573, 'min_data_in_leaf': 26, 'rsm': 0.9763416681426248}. Best is trial 1892 with value: 0.9319758700936625.
Trial 2271: AUC = 0.9296 | Params = {'iterations': 74, 'learning_rate': 0.1999985209284304, 'depth': 4, 'l2_leaf_reg': 4.419061915130873, 'subsample': 0.7143975634967573, 'min_data_in_leaf': 26, 'rsm': 0.9763416681426248, 'loss_function': 'Logloss', 'eval_metric': 'AUC', 'grow_policy': 'Depthwise'}
