[I 2024-12-29 22:13:54,192] Trial 2340 finished with value: 0.9295313418048179 and parameters: {'iterations': 66, 'learning_rate': 0.19175673581323777, 'depth': 4, 'l2_leaf_reg': 4.564326491247717, 'subsample': 0.7258534061318799, 'min_data_in_leaf': 24, 'rsm': 0.7066225994102421}. Best is trial 1892 with value: 0.9319758700936625.
Trial 2340: AUC = 0.9295 | Params = {'iterations': 66, 'learning_rate': 0.19175673581323777, 'depth': 4, 'l2_leaf_reg': 4.564326491247717, 'subsample': 0.7258534061318799, 'min_data_in_leaf': 24, 'rsm': 0.7066225994102421, 'loss_function': 'Logloss', 'eval_metric': 'AUC', 'grow_policy': 'Depthwise'}
[I 2024-12-29 22:13:54,721] Trial 2341 finished with value: 0.9298081963341437 and parameters: {'iterations': 99, 'learning_rate': 0.19745391384724736, 'depth': 4, 'l2_leaf_reg': 4.048241273379227, 'subsample': 0.7106231971278886, 'min_data_in_leaf': 25, 'rsm': 0.7518702713568907}. Best is trial 1892 with value: 0.9319758700936625.
Trial 2341: AUC = 0.9298 | Params = {'iterations': 99, 'learning_rate': 0.19745391384724736, 'depth': 4, 'l2_leaf_reg': 4.048241273379227, 'subsample': 0.7106231971278886, 'min_data_in_leaf': 25, 'rsm': 0.7518702713568907, 'loss_function': 'Logloss', 'eval_metric': 'AUC', 'grow_policy': 'Depthwise'}
[I 2024-12-29 22:13:55,221] Trial 2342 finished with value: 0.9297891153327726 and parameters: {'iterations': 96, 'learning_rate': 0.07680912640628607, 'depth': 4, 'l2_leaf_reg': 4.20937088612356, 'subsample': 0.7191338995223185, 'min_data_in_leaf': 25, 'rsm': 0.8594945711787888}. Best is trial 1892 with value: 0.9319758700936625.
Trial 2342: AUC = 0.9298 | Params = {'iterations': 96, 'learning_rate': 0.07680912640628607, 'depth': 4, 'l2_leaf_reg': 4.20937088612356, 'subsample': 0.7191338995223185, 'min_data_in_leaf': 25, 'rsm': 0.8594945711787888, 'loss_function': 'Logloss', 'eval_metric': 'AUC', 'grow_policy': 'Depthwise'}
[I 2024-12-29 22:13:55,736] Trial 2343 finished with value: 0.92906151714842 and parameters: {'iterations': 117, 'learning_rate': 0.19758605144354757, 'depth': 4, 'l2_leaf_reg': 4.292741269183218, 'subsample': 0.7356583475616995, 'min_data_in_leaf': 24, 'rsm': 0.8455494228853538}. Best is trial 1892 with value: 0.9319758700936625.
Trial 2343: AUC = 0.9291 | Params = {'iterations': 117, 'learning_rate': 0.19758605144354757, 'depth': 4, 'l2_leaf_reg': 4.292741269183218, 'subsample': 0.7356583475616995, 'min_data_in_leaf': 24, 'rsm': 0.8455494228853538, 'loss_function': 'Logloss', 'eval_metric': 'AUC', 'grow_policy': 'Depthwise'}
[I 2024-12-29 22:13:56,208] Trial 2344 finished with value: 0.9296850698724669 and parameters: {'iterations': 91, 'learning_rate': 0.19205035973966306, 'depth': 4, 'l2_leaf_reg': 4.382367657218079, 'subsample': 0.7084014507712009, 'min_data_in_leaf': 25, 'rsm': 0.8434219216589883}. Best is trial 1892 with value: 0.9319758700936625.
Trial 2344: AUC = 0.9297 | Params = {'iterations': 91, 'learning_rate': 0.19205035973966306, 'depth': 4, 'l2_leaf_reg': 4.382367657218079, 'subsample': 0.7084014507712009, 'min_data_in_leaf': 25, 'rsm': 0.8434219216589883, 'loss_function': 'Logloss', 'eval_metric': 'AUC', 'grow_policy': 'Depthwise'}
[I 2024-12-29 22:13:56,717] Trial 2345 finished with value: 0.9302380588933308 and parameters: {'iterations': 93, 'learning_rate': 0.19545052112682088, 'depth': 4, 'l2_leaf_reg': 4.2350775947592965, 'subsample': 0.8755666345089173, 'min_data_in_leaf': 25, 'rsm': 0.7587575815372994}. Best is trial 1892 with value: 0.9319758700936625.
Trial 2345: AUC = 0.9302 | Params = {'iterations': 93, 'learning_rate': 0.19545052112682088, 'depth': 4, 'l2_leaf_reg': 4.2350775947592965, 'subsample': 0.8755666345089173, 'min_data_in_leaf': 25, 'rsm': 0.7587575815372994, 'loss_function': 'Logloss', 'eval_metric': 'AUC', 'grow_policy': 'Depthwise'}
[I 2024-12-29 22:13:57,117] Trial 2346 finished with value: 0.9280621046992547 and parameters: {'iterations': 63, 'learning_rate': 0.19995349543530938, 'depth': 4, 'l2_leaf_reg': 4.533422173435982, 'subsample': 0.7222685918525479, 'min_data_in_leaf': 24, 'rsm': 0.8395485023537893}. Best is trial 1892 with value: 0.9319758700936625.
Trial 2346: AUC = 0.9281 | Params = {'iterations': 63, 'learning_rate': 0.19995349543530938, 'depth': 4, 'l2_leaf_reg': 4.533422173435982, 'subsample': 0.7222685918525479, 'min_data_in_leaf': 24, 'rsm': 0.8395485023537893, 'loss_function': 'Logloss', 'eval_metric': 'AUC', 'grow_policy': 'Depthwise'}
[I 2024-12-29 22:13:57,570] Trial 2347 finished with value: 0.9299626444395802 and parameters: {'iterations': 100, 'learning_rate': 0.19339799617087872, 'depth': 4, 'l2_leaf_reg': 4.326974914231307, 'subsample': 0.7299438959540456, 'min_data_in_leaf': 25, 'rsm': 0.9794417627731353}. Best is trial 1892 with value: 0.9319758700936625.
Trial 2347: AUC = 0.9300 | Params = {'iterations': 100, 'learning_rate': 0.19339799617087872, 'depth': 4, 'l2_leaf_reg': 4.326974914231307, 'subsample': 0.7299438959540456, 'min_data_in_leaf': 25, 'rsm': 0.9794417627731353, 'loss_function': 'Logloss', 'eval_metric': 'AUC', 'grow_policy': 'Depthwise'}
[I 2024-12-29 22:13:58,070] Trial 2348 finished with value: 0.9307122037764541 and parameters: {'iterations': 96, 'learning_rate': 0.19509686284877628, 'depth': 4, 'l2_leaf_reg': 4.095535662953348, 'subsample': 0.7132019033029986, 'min_data_in_leaf': 24, 'rsm': 0.7785225734277321}. Best is trial 1892 with value: 0.9319758700936625.
Trial 2348: AUC = 0.9307 | Params = {'iterations': 96, 'learning_rate': 0.19509686284877628, 'depth': 4, 'l2_leaf_reg': 4.095535662953348, 'subsample': 0.7132019033029986, 'min_data_in_leaf': 24, 'rsm': 0.7785225734277321, 'loss_function': 'Logloss', 'eval_metric': 'AUC', 'grow_policy': 'Depthwise'}
[I 2024-12-29 22:13:58,611] Trial 2349 finished with value: 0.9299061214732549 and parameters: {'iterations': 92, 'learning_rate': 0.19147413072466785, 'depth': 4, 'l2_leaf_reg': 4.404740657216877, 'subsample': 0.7165145588667804, 'min_data_in_leaf': 25, 'rsm': 0.7669307670318698}. Best is trial 1892 with value: 0.9319758700936625.
Trial 2349: AUC = 0.9299 | Params = {'iterations': 92, 'learning_rate': 0.19147413072466785, 'depth': 4, 'l2_leaf_reg': 4.404740657216877, 'subsample': 0.7165145588667804, 'min_data_in_leaf': 25, 'rsm': 0.7669307670318698, 'loss_function': 'Logloss', 'eval_metric': 'AUC', 'grow_policy': 'Depthwise'}
[I 2024-12-29 22:13:59,033] Trial 2350 finished with value: 0.9300627296920543 and parameters: {'iterations': 67, 'learning_rate': 0.19715732510341566, 'depth': 4, 'l2_leaf_reg': 3.947132253578864, 'subsample': 0.7086211637354882, 'min_data_in_leaf': 24, 'rsm': 0.8156539551184734}. Best is trial 1892 with value: 0.9319758700936625.
Trial 2350: AUC = 0.9301 | Params = {'iterations': 67, 'learning_rate': 0.19715732510341566, 'depth': 4, 'l2_leaf_reg': 3.947132253578864, 'subsample': 0.7086211637354882, 'min_data_in_leaf': 24, 'rsm': 0.8156539551184734, 'loss_function': 'Logloss', 'eval_metric': 'AUC', 'grow_policy': 'Depthwise'}
[I 2024-12-29 22:13:59,531] Trial 2351 finished with value: 0.9298182768631698 and parameters: {'iterations': 91, 'learning_rate': 0.19181781446487733, 'depth': 4, 'l2_leaf_reg': 4.15675328258148, 'subsample': 0.7222546250998083, 'min_data_in_leaf': 25, 'rsm': 0.8531863543019138}. Best is trial 1892 with value: 0.9319758700936625.
Trial 2351: AUC = 0.9298 | Params = {'iterations': 91, 'learning_rate': 0.19181781446487733, 'depth': 4, 'l2_leaf_reg': 4.15675328258148, 'subsample': 0.7222546250998083, 'min_data_in_leaf': 25, 'rsm': 0.8531863543019138, 'loss_function': 'Logloss', 'eval_metric': 'AUC', 'grow_policy': 'Depthwise'}
[I 2024-12-29 22:13:59,985] Trial 2352 finished with value: 0.928525809034458 and parameters: {'iterations': 95, 'learning_rate': 0.19740079301027635, 'depth': 4, 'l2_leaf_reg': 4.267230294318884, 'subsample': 0.7146008659971167, 'min_data_in_leaf': 26, 'rsm': 0.8290854607687599}. Best is trial 1892 with value: 0.9319758700936625.
Trial 2352: AUC = 0.9285 | Params = {'iterations': 95, 'learning_rate': 0.19740079301027635, 'depth': 4, 'l2_leaf_reg': 4.267230294318884, 'subsample': 0.7146008659971167, 'min_data_in_leaf': 26, 'rsm': 0.8290854607687599, 'loss_function': 'Logloss', 'eval_metric': 'AUC', 'grow_policy': 'Depthwise'}
[I 2024-12-29 22:14:00,413] Trial 2353 finished with value: 0.9301325733574497 and parameters: {'iterations': 69, 'learning_rate': 0.19994563801442053, 'depth': 4, 'l2_leaf_reg': 4.476178978792923, 'subsample': 0.7049516018992423, 'min_data_in_leaf': 24, 'rsm': 0.7690800338920686}. Best is trial 1892 with value: 0.9319758700936625.
Trial 2353: AUC = 0.9301 | Params = {'iterations': 69, 'learning_rate': 0.19994563801442053, 'depth': 4, 'l2_leaf_reg': 4.476178978792923, 'subsample': 0.7049516018992423, 'min_data_in_leaf': 24, 'rsm': 0.7690800338920686, 'loss_function': 'Logloss', 'eval_metric': 'AUC', 'grow_policy': 'Depthwise'}
[I 2024-12-29 22:14:00,985] Trial 2354 finished with value: 0.9299795653275884 and parameters: {'iterations': 90, 'learning_rate': 0.19480064437350805, 'depth': 4, 'l2_leaf_reg': 4.332780688459677, 'subsample': 0.7260533773922622, 'min_data_in_leaf': 25, 'rsm': 0.7968255251635012}. Best is trial 1892 with value: 0.9319758700936625.
Trial 2354: AUC = 0.9300 | Params = {'iterations': 90, 'learning_rate': 0.19480064437350805, 'depth': 4, 'l2_leaf_reg': 4.332780688459677, 'subsample': 0.7260533773922622, 'min_data_in_leaf': 25, 'rsm': 0.7968255251635012, 'loss_function': 'Logloss', 'eval_metric': 'AUC', 'grow_policy': 'Depthwise'}
[I 2024-12-29 22:14:01,501] Trial 2355 finished with value: 0.9286672964597182 and parameters: {'iterations': 96, 'learning_rate': 0.19001461513727713, 'depth': 4, 'l2_leaf_reg': 4.567537185390465, 'subsample': 0.7423642188081163, 'min_data_in_leaf': 23, 'rsm': 0.7420271857276122}. Best is trial 1892 with value: 0.9319758700936625.
Trial 2355: AUC = 0.9287 | Params = {'iterations': 96, 'learning_rate': 0.19001461513727713, 'depth': 4, 'l2_leaf_reg': 4.567537185390465, 'subsample': 0.7423642188081163, 'min_data_in_leaf': 23, 'rsm': 0.7420271857276122, 'loss_function': 'Logloss', 'eval_metric': 'AUC', 'grow_policy': 'Depthwise'}
[I 2024-12-29 22:14:01,940] Trial 2356 finished with value: 0.9300429286528957 and parameters: {'iterations': 93, 'learning_rate': 0.19338667228908132, 'depth': 4, 'l2_leaf_reg': 4.19801450907859, 'subsample': 0.7001303629272826, 'min_data_in_leaf': 25, 'rsm': 0.8988790968052545}. Best is trial 1892 with value: 0.9319758700936625.
Trial 2356: AUC = 0.9300 | Params = {'iterations': 93, 'learning_rate': 0.19338667228908132, 'depth': 4, 'l2_leaf_reg': 4.19801450907859, 'subsample': 0.7001303629272826, 'min_data_in_leaf': 25, 'rsm': 0.8988790968052545, 'loss_function': 'Logloss', 'eval_metric': 'AUC', 'grow_policy': 'Depthwise'}
[I 2024-12-29 22:14:02,542] Trial 2357 finished with value: 0.9295090206334028 and parameters: {'iterations': 100, 'learning_rate': 0.19995392229364406, 'depth': 5, 'l2_leaf_reg': 4.433493895687747, 'subsample': 0.7194703764165747, 'min_data_in_leaf': 26, 'rsm': 0.8184884667445914}. Best is trial 1892 with value: 0.9319758700936625.
Trial 2357: AUC = 0.9295 | Params = {'iterations': 100, 'learning_rate': 0.19995392229364406, 'depth': 5, 'l2_leaf_reg': 4.433493895687747, 'subsample': 0.7194703764165747, 'min_data_in_leaf': 26, 'rsm': 0.8184884667445914, 'loss_function': 'Logloss', 'eval_metric': 'AUC', 'grow_policy': 'Depthwise'}
[I 2024-12-29 22:14:03,008] Trial 2358 finished with value: 0.9292440467275724 and parameters: {'iterations': 91, 'learning_rate': 0.1957855253309118, 'depth': 4, 'l2_leaf_reg': 4.085822040824066, 'subsample': 0.7097214746680073, 'min_data_in_leaf': 24, 'rsm': 0.9922359316987229}. Best is trial 1892 with value: 0.9319758700936625.
Trial 2358: AUC = 0.9292 | Params = {'iterations': 91, 'learning_rate': 0.1957855253309118, 'depth': 4, 'l2_leaf_reg': 4.085822040824066, 'subsample': 0.7097214746680073, 'min_data_in_leaf': 24, 'rsm': 0.9922359316987229, 'loss_function': 'Logloss', 'eval_metric': 'AUC', 'grow_policy': 'Depthwise'}
[I 2024-12-29 22:14:03,541] Trial 2359 finished with value: 0.928659016025161 and parameters: {'iterations': 97, 'learning_rate': 0.19277990631324063, 'depth': 4, 'l2_leaf_reg': 4.2642300553419155, 'subsample': 0.7293401022399388, 'min_data_in_leaf': 25, 'rsm': 0.7406904758579358}. Best is trial 1892 with value: 0.9319758700936625.
Trial 2359: AUC = 0.9287 | Params = {'iterations': 97, 'learning_rate': 0.19277990631324063, 'depth': 4, 'l2_leaf_reg': 4.2642300553419155, 'subsample': 0.7293401022399388, 'min_data_in_leaf': 25, 'rsm': 0.7406904758579358, 'loss_function': 'Logloss', 'eval_metric': 'AUC', 'grow_policy': 'Depthwise'}
[I 2024-12-29 22:14:04,019] Trial 2360 finished with value: 0.9309584566998075 and parameters: {'iterations': 61, 'learning_rate': 0.19015042993856987, 'depth': 4, 'l2_leaf_reg': 4.396579491888077, 'subsample': 0.7142168643652284, 'min_data_in_leaf': 19, 'rsm': 0.9813769338082847}. Best is trial 1892 with value: 0.9319758700936625.
Trial 2360: AUC = 0.9310 | Params = {'iterations': 61, 'learning_rate': 0.19015042993856987, 'depth': 4, 'l2_leaf_reg': 4.396579491888077, 'subsample': 0.7142168643652284, 'min_data_in_leaf': 19, 'rsm': 0.9813769338082847, 'loss_function': 'Logloss', 'eval_metric': 'AUC', 'grow_policy': 'Depthwise'}
[I 2024-12-29 22:14:04,459] Trial 2361 finished with value: 0.9283944021382242 and parameters: {'iterations': 66, 'learning_rate': 0.1949404632243762, 'depth': 4, 'l2_leaf_reg': 4.527970207590611, 'subsample': 0.7220155575621434, 'min_data_in_leaf': 26, 'rsm': 0.719787449091427}. Best is trial 1892 with value: 0.9319758700936625.
Trial 2361: AUC = 0.9284 | Params = {'iterations': 66, 'learning_rate': 0.1949404632243762, 'depth': 4, 'l2_leaf_reg': 4.527970207590611, 'subsample': 0.7220155575621434, 'min_data_in_leaf': 26, 'rsm': 0.719787449091427, 'loss_function': 'Logloss', 'eval_metric': 'AUC', 'grow_policy': 'Depthwise'}
[I 2024-12-29 22:14:04,938] Trial 2362 finished with value: 0.9309296551883043 and parameters: {'iterations': 89, 'learning_rate': 0.19748663772047725, 'depth': 4, 'l2_leaf_reg': 4.182417210037518, 'subsample': 0.708807724812619, 'min_data_in_leaf': 24, 'rsm': 0.9753608204303514}. Best is trial 1892 with value: 0.9319758700936625.
Trial 2362: AUC = 0.9309 | Params = {'iterations': 89, 'learning_rate': 0.19748663772047725, 'depth': 4, 'l2_leaf_reg': 4.182417210037518, 'subsample': 0.708807724812619, 'min_data_in_leaf': 24, 'rsm': 0.9753608204303514, 'loss_function': 'Logloss', 'eval_metric': 'AUC', 'grow_policy': 'Depthwise'}
[I 2024-12-29 22:14:05,389] Trial 2363 finished with value: 0.9295867847144619 and parameters: {'iterations': 94, 'learning_rate': 0.19090295205119256, 'depth': 4, 'l2_leaf_reg': 4.6977499839612085, 'subsample': 0.7156831241310171, 'min_data_in_leaf': 25, 'rsm': 0.9853766974292735}. Best is trial 1892 with value: 0.9319758700936625.
Trial 2363: AUC = 0.9296 | Params = {'iterations': 94, 'learning_rate': 0.19090295205119256, 'depth': 4, 'l2_leaf_reg': 4.6977499839612085, 'subsample': 0.7156831241310171, 'min_data_in_leaf': 25, 'rsm': 0.9853766974292735, 'loss_function': 'Logloss', 'eval_metric': 'AUC', 'grow_policy': 'Depthwise'}
[I 2024-12-29 22:14:05,905] Trial 2364 finished with value: 0.9298892005852466 and parameters: {'iterations': 69, 'learning_rate': 0.19495029782460915, 'depth': 4, 'l2_leaf_reg': 4.337768492970341, 'subsample': 0.9003476408480323, 'min_data_in_leaf': 24, 'rsm': 0.8387484021206125}. Best is trial 1892 with value: 0.9319758700936625.
Trial 2364: AUC = 0.9299 | Params = {'iterations': 69, 'learning_rate': 0.19495029782460915, 'depth': 4, 'l2_leaf_reg': 4.337768492970341, 'subsample': 0.9003476408480323, 'min_data_in_leaf': 24, 'rsm': 0.8387484021206125, 'loss_function': 'Logloss', 'eval_metric': 'AUC', 'grow_policy': 'Depthwise'}
[I 2024-12-29 22:14:06,536] Trial 2365 finished with value: 0.929610545961452 and parameters: {'iterations': 99, 'learning_rate': 0.19780071384793083, 'depth': 4, 'l2_leaf_reg': 3.9926609012281324, 'subsample': 0.8188528108942255, 'min_data_in_leaf': 26, 'rsm': 0.8052757843599323}. Best is trial 1892 with value: 0.9319758700936625.
Trial 2365: AUC = 0.9296 | Params = {'iterations': 99, 'learning_rate': 0.19780071384793083, 'depth': 4, 'l2_leaf_reg': 3.9926609012281324, 'subsample': 0.8188528108942255, 'min_data_in_leaf': 26, 'rsm': 0.8052757843599323, 'loss_function': 'Logloss', 'eval_metric': 'AUC', 'grow_policy': 'Depthwise'}
[I 2024-12-29 22:14:07,029] Trial 2366 finished with value: 0.9294049751730971 and parameters: {'iterations': 90, 'learning_rate': 0.19279474284683656, 'depth': 4, 'l2_leaf_reg': 4.440424160883718, 'subsample': 0.7217041006629981, 'min_data_in_leaf': 25, 'rsm': 0.8057196313033472}. Best is trial 1892 with value: 0.9319758700936625.
Trial 2366: AUC = 0.9294 | Params = {'iterations': 90, 'learning_rate': 0.19279474284683656, 'depth': 4, 'l2_leaf_reg': 4.440424160883718, 'subsample': 0.7217041006629981, 'min_data_in_leaf': 25, 'rsm': 0.8057196313033472, 'loss_function': 'Logloss', 'eval_metric': 'AUC', 'grow_policy': 'Depthwise'}
[I 2024-12-29 22:14:07,553] Trial 2367 finished with value: 0.9292109249893433 and parameters: {'iterations': 92, 'learning_rate': 0.05244474619230009, 'depth': 4, 'l2_leaf_reg': 4.291097607631496, 'subsample': 0.8288290311704761, 'min_data_in_leaf': 18, 'rsm': 0.7826744153472133}. Best is trial 1892 with value: 0.9319758700936625.
Trial 2367: AUC = 0.9292 | Params = {'iterations': 92, 'learning_rate': 0.05244474619230009, 'depth': 4, 'l2_leaf_reg': 4.291097607631496, 'subsample': 0.8288290311704761, 'min_data_in_leaf': 18, 'rsm': 0.7826744153472133, 'loss_function': 'Logloss', 'eval_metric': 'AUC', 'grow_policy': 'Depthwise'}
[I 2024-12-29 22:14:08,120] Trial 2368 finished with value: 0.9290636772617827 and parameters: {'iterations': 96, 'learning_rate': 0.19035136022169608, 'depth': 4, 'l2_leaf_reg': 4.217767853725696, 'subsample': 0.7313262330371435, 'min_data_in_leaf': 23, 'rsm': 0.788147255366671}. Best is trial 1892 with value: 0.9319758700936625.
Trial 2368: AUC = 0.9291 | Params = {'iterations': 96, 'learning_rate': 0.19035136022169608, 'depth': 4, 'l2_leaf_reg': 4.217767853725696, 'subsample': 0.7313262330371435, 'min_data_in_leaf': 23, 'rsm': 0.788147255366671, 'loss_function': 'Logloss', 'eval_metric': 'AUC', 'grow_policy': 'Depthwise'}
[I 2024-12-29 22:14:08,669] Trial 2369 finished with value: 0.9309894183246736 and parameters: {'iterations': 100, 'learning_rate': 0.19745200922683953, 'depth': 4, 'l2_leaf_reg': 4.617312671801859, 'subsample': 0.7144278457957264, 'min_data_in_leaf': 26, 'rsm': 0.9739272633759681}. Best is trial 1892 with value: 0.9319758700936625.
Trial 2369: AUC = 0.9310 | Params = {'iterations': 100, 'learning_rate': 0.19745200922683953, 'depth': 4, 'l2_leaf_reg': 4.617312671801859, 'subsample': 0.7144278457957264, 'min_data_in_leaf': 26, 'rsm': 0.9739272633759681, 'loss_function': 'Logloss', 'eval_metric': 'AUC', 'grow_policy': 'Depthwise'}
[I 2024-12-29 22:14:09,343] Trial 2370 finished with value: 0.928405202705038 and parameters: {'iterations': 88, 'learning_rate': 0.1944586530073252, 'depth': 4, 'l2_leaf_reg': 4.110960000626103, 'subsample': 0.7063604634917952, 'min_data_in_leaf': 24, 'rsm': 0.9789533986840122}. Best is trial 1892 with value: 0.9319758700936625.
Trial 2370: AUC = 0.9284 | Params = {'iterations': 88, 'learning_rate': 0.1944586530073252, 'depth': 4, 'l2_leaf_reg': 4.110960000626103, 'subsample': 0.7063604634917952, 'min_data_in_leaf': 24, 'rsm': 0.9789533986840122, 'loss_function': 'Logloss', 'eval_metric': 'AUC', 'grow_policy': 'Depthwise'}
[I 2024-12-29 22:14:09,978] Trial 2371 finished with value: 0.9291367610972224 and parameters: {'iterations': 94, 'learning_rate': 0.19994440059821422, 'depth': 4, 'l2_leaf_reg': 4.3452382256124436, 'subsample': 0.725027288257397, 'min_data_in_leaf': 25, 'rsm': 0.9729082717348991}. Best is trial 1892 with value: 0.9319758700936625.
Trial 2371: AUC = 0.9291 | Params = {'iterations': 94, 'learning_rate': 0.19994440059821422, 'depth': 4, 'l2_leaf_reg': 4.3452382256124436, 'subsample': 0.725027288257397, 'min_data_in_leaf': 25, 'rsm': 0.9729082717348991, 'loss_function': 'Logloss', 'eval_metric': 'AUC', 'grow_policy': 'Depthwise'}
[I 2024-12-29 22:14:10,495] Trial 2372 finished with value: 0.9292156052349626 and parameters: {'iterations': 69, 'learning_rate': 0.19207365518632757, 'depth': 4, 'l2_leaf_reg': 4.503968027156003, 'subsample': 0.7163130499135564, 'min_data_in_leaf': 10, 'rsm': 0.9822752174621416}. Best is trial 1892 with value: 0.9319758700936625.
Trial 2372: AUC = 0.9292 | Params = {'iterations': 69, 'learning_rate': 0.19207365518632757, 'depth': 4, 'l2_leaf_reg': 4.503968027156003, 'subsample': 0.7163130499135564, 'min_data_in_leaf': 10, 'rsm': 0.9822752174621416, 'loss_function': 'Logloss', 'eval_metric': 'AUC', 'grow_policy': 'Depthwise'}
[I 2024-12-29 22:14:11,075] Trial 2373 finished with value: 0.9301631749634219 and parameters: {'iterations': 90, 'learning_rate': 0.19535594853372673, 'depth': 4, 'l2_leaf_reg': 4.039414195677812, 'subsample': 0.7109186897973543, 'min_data_in_leaf': 11, 'rsm': 0.7601735929345502}. Best is trial 1892 with value: 0.9319758700936625.
Trial 2373: AUC = 0.9302 | Params = {'iterations': 90, 'learning_rate': 0.19535594853372673, 'depth': 4, 'l2_leaf_reg': 4.039414195677812, 'subsample': 0.7109186897973543, 'min_data_in_leaf': 11, 'rsm': 0.7601735929345502, 'loss_function': 'Logloss', 'eval_metric': 'AUC', 'grow_policy': 'Depthwise'}
