[I 2024-12-29 22:17:28,313] Trial 2748 finished with value: 0.930849010956095 and parameters: {'iterations': 58, 'learning_rate': 0.18259830821533363, 'depth': 4, 'l2_leaf_reg': 4.527479697952026, 'subsample': 0.7245032892951344, 'min_data_in_leaf': 25, 'rsm': 0.9632906487665763}. Best is trial 1892 with value: 0.9319758700936625.
Trial 2748: AUC = 0.9308 | Params = {'iterations': 58, 'learning_rate': 0.18259830821533363, 'depth': 4, 'l2_leaf_reg': 4.527479697952026, 'subsample': 0.7245032892951344, 'min_data_in_leaf': 25, 'rsm': 0.9632906487665763, 'loss_function': 'Logloss', 'eval_metric': 'AUC', 'grow_policy': 'Depthwise'}
[I 2024-12-29 22:17:28,870] Trial 2749 finished with value: 0.9300724502021867 and parameters: {'iterations': 66, 'learning_rate': 0.1908499303178002, 'depth': 4, 'l2_leaf_reg': 4.3786824181303885, 'subsample': 0.7062462445896529, 'min_data_in_leaf': 24, 'rsm': 0.9732245923683702}. Best is trial 1892 with value: 0.9319758700936625.
Trial 2749: AUC = 0.9301 | Params = {'iterations': 66, 'learning_rate': 0.1908499303178002, 'depth': 4, 'l2_leaf_reg': 4.3786824181303885, 'subsample': 0.7062462445896529, 'min_data_in_leaf': 24, 'rsm': 0.9732245923683702, 'loss_function': 'Logloss', 'eval_metric': 'AUC', 'grow_policy': 'Depthwise'}
[I 2024-12-29 22:17:29,319] Trial 2750 finished with value: 0.9308432506537943 and parameters: {'iterations': 64, 'learning_rate': 0.18723864901230777, 'depth': 4, 'l2_leaf_reg': 4.473108343481973, 'subsample': 0.8102071037628099, 'min_data_in_leaf': 26, 'rsm': 0.9557954545645659}. Best is trial 1892 with value: 0.9319758700936625.
Trial 2750: AUC = 0.9308 | Params = {'iterations': 64, 'learning_rate': 0.18723864901230777, 'depth': 4, 'l2_leaf_reg': 4.473108343481973, 'subsample': 0.8102071037628099, 'min_data_in_leaf': 26, 'rsm': 0.9557954545645659, 'loss_function': 'Logloss', 'eval_metric': 'AUC', 'grow_policy': 'Depthwise'}
[I 2024-12-29 22:17:29,776] Trial 2751 finished with value: 0.9292652878423061 and parameters: {'iterations': 68, 'learning_rate': 0.07754025360743903, 'depth': 4, 'l2_leaf_reg': 4.363658757867318, 'subsample': 0.7149581046618986, 'min_data_in_leaf': 15, 'rsm': 0.8347590698748832}. Best is trial 1892 with value: 0.9319758700936625.
Trial 2751: AUC = 0.9293 | Params = {'iterations': 68, 'learning_rate': 0.07754025360743903, 'depth': 4, 'l2_leaf_reg': 4.363658757867318, 'subsample': 0.7149581046618986, 'min_data_in_leaf': 15, 'rsm': 0.8347590698748832, 'loss_function': 'Logloss', 'eval_metric': 'AUC', 'grow_policy': 'Depthwise'}
[I 2024-12-29 22:17:30,289] Trial 2752 finished with value: 0.9300191674059055 and parameters: {'iterations': 59, 'learning_rate': 0.19198321707721838, 'depth': 4, 'l2_leaf_reg': 4.58290837314754, 'subsample': 0.7084077994280095, 'min_data_in_leaf': 25, 'rsm': 0.965645948684647}. Best is trial 1892 with value: 0.9319758700936625.
Trial 2752: AUC = 0.9300 | Params = {'iterations': 59, 'learning_rate': 0.19198321707721838, 'depth': 4, 'l2_leaf_reg': 4.58290837314754, 'subsample': 0.7084077994280095, 'min_data_in_leaf': 25, 'rsm': 0.965645948684647, 'loss_function': 'Logloss', 'eval_metric': 'AUC', 'grow_policy': 'Depthwise'}
[I 2024-12-29 22:17:30,752] Trial 2753 finished with value: 0.9303363440513359 and parameters: {'iterations': 67, 'learning_rate': 0.12027180779985158, 'depth': 4, 'l2_leaf_reg': 4.427020030820786, 'subsample': 0.7193506966106691, 'min_data_in_leaf': 21, 'rsm': 0.7500711064215904}. Best is trial 1892 with value: 0.9319758700936625.
Trial 2753: AUC = 0.9303 | Params = {'iterations': 67, 'learning_rate': 0.12027180779985158, 'depth': 4, 'l2_leaf_reg': 4.427020030820786, 'subsample': 0.7193506966106691, 'min_data_in_leaf': 21, 'rsm': 0.7500711064215904, 'loss_function': 'Logloss', 'eval_metric': 'AUC', 'grow_policy': 'Depthwise'}
[I 2024-12-29 22:17:31,195] Trial 2754 finished with value: 0.9304879120056221 and parameters: {'iterations': 63, 'learning_rate': 0.18879208344664183, 'depth': 4, 'l2_leaf_reg': 4.487707745576132, 'subsample': 0.7127210914268841, 'min_data_in_leaf': 24, 'rsm': 0.9732689360032076}. Best is trial 1892 with value: 0.9319758700936625.
Trial 2754: AUC = 0.9305 | Params = {'iterations': 63, 'learning_rate': 0.18879208344664183, 'depth': 4, 'l2_leaf_reg': 4.487707745576132, 'subsample': 0.7127210914268841, 'min_data_in_leaf': 24, 'rsm': 0.9732689360032076, 'loss_function': 'Logloss', 'eval_metric': 'AUC', 'grow_policy': 'Depthwise'}
[I 2024-12-29 22:17:31,770] Trial 2755 finished with value: 0.9298823602262648 and parameters: {'iterations': 71, 'learning_rate': 0.19284048522264702, 'depth': 4, 'l2_leaf_reg': 4.392576029247385, 'subsample': 0.7249537485661554, 'min_data_in_leaf': 25, 'rsm': 0.9686224561472329}. Best is trial 1892 with value: 0.9319758700936625.
Trial 2755: AUC = 0.9299 | Params = {'iterations': 71, 'learning_rate': 0.19284048522264702, 'depth': 4, 'l2_leaf_reg': 4.392576029247385, 'subsample': 0.7249537485661554, 'min_data_in_leaf': 25, 'rsm': 0.9686224561472329, 'loss_function': 'Logloss', 'eval_metric': 'AUC', 'grow_policy': 'Depthwise'}
[I 2024-12-29 22:17:32,212] Trial 2756 finished with value: 0.9295839045633115 and parameters: {'iterations': 69, 'learning_rate': 0.18456529198663815, 'depth': 4, 'l2_leaf_reg': 4.344657316999678, 'subsample': 0.7039978401760851, 'min_data_in_leaf': 26, 'rsm': 0.9612101253284744}. Best is trial 1892 with value: 0.9319758700936625.
Trial 2756: AUC = 0.9296 | Params = {'iterations': 69, 'learning_rate': 0.18456529198663815, 'depth': 4, 'l2_leaf_reg': 4.344657316999678, 'subsample': 0.7039978401760851, 'min_data_in_leaf': 26, 'rsm': 0.9612101253284744, 'loss_function': 'Logloss', 'eval_metric': 'AUC', 'grow_policy': 'Depthwise'}
[I 2024-12-29 22:17:31,489] Trial 2757 finished with value: 0.9303820664508473 and parameters: {'iterations': 67, 'learning_rate': 0.19240736081687063, 'depth': 4, 'l2_leaf_reg': 4.53091687467903, 'subsample': 0.7184929252155698, 'min_data_in_leaf': 26, 'rsm': 0.9737443103229515}. Best is trial 1892 with value: 0.9319758700936625.
Trial 2757: AUC = 0.9304 | Params = {'iterations': 67, 'learning_rate': 0.19240736081687063, 'depth': 4, 'l2_leaf_reg': 4.53091687467903, 'subsample': 0.7184929252155698, 'min_data_in_leaf': 26, 'rsm': 0.9737443103229515, 'loss_function': 'Logloss', 'eval_metric': 'AUC', 'grow_policy': 'Depthwise'}
[I 2024-12-29 22:17:31,970] Trial 2758 finished with value: 0.9297513133489247 and parameters: {'iterations': 73, 'learning_rate': 0.08152724571550651, 'depth': 4, 'l2_leaf_reg': 4.730318206973428, 'subsample': 0.7131443224451074, 'min_data_in_leaf': 24, 'rsm': 0.858246717660386}. Best is trial 1892 with value: 0.9319758700936625.
Trial 2758: AUC = 0.9298 | Params = {'iterations': 73, 'learning_rate': 0.08152724571550651, 'depth': 4, 'l2_leaf_reg': 4.730318206973428, 'subsample': 0.7131443224451074, 'min_data_in_leaf': 24, 'rsm': 0.858246717660386, 'loss_function': 'Logloss', 'eval_metric': 'AUC', 'grow_policy': 'Depthwise'}
[I 2024-12-29 22:17:32,453] Trial 2759 finished with value: 0.9292156052349627 and parameters: {'iterations': 70, 'learning_rate': 0.09231694494341017, 'depth': 4, 'l2_leaf_reg': 4.348113883110632, 'subsample': 0.707867395750872, 'min_data_in_leaf': 25, 'rsm': 0.9692448463727089}. Best is trial 1892 with value: 0.9319758700936625.
Trial 2759: AUC = 0.9292 | Params = {'iterations': 70, 'learning_rate': 0.09231694494341017, 'depth': 4, 'l2_leaf_reg': 4.348113883110632, 'subsample': 0.707867395750872, 'min_data_in_leaf': 25, 'rsm': 0.9692448463727089, 'loss_function': 'Logloss', 'eval_metric': 'AUC', 'grow_policy': 'Depthwise'}
[I 2024-12-29 22:17:33,105] Trial 2760 finished with value: 0.9286748568564878 and parameters: {'iterations': 63, 'learning_rate': 0.18966139907585694, 'depth': 6, 'l2_leaf_reg': 4.619869029755325, 'subsample': 0.7269288343038852, 'min_data_in_leaf': 24, 'rsm': 0.8676283399086724}. Best is trial 1892 with value: 0.9319758700936625.
Trial 2760: AUC = 0.9287 | Params = {'iterations': 63, 'learning_rate': 0.18966139907585694, 'depth': 6, 'l2_leaf_reg': 4.619869029755325, 'subsample': 0.7269288343038852, 'min_data_in_leaf': 24, 'rsm': 0.8676283399086724, 'loss_function': 'Logloss', 'eval_metric': 'AUC', 'grow_policy': 'Depthwise'}
[I 2024-12-29 22:17:33,583] Trial 2761 finished with value: 0.9288926682872316 and parameters: {'iterations': 66, 'learning_rate': 0.11186866216015563, 'depth': 4, 'l2_leaf_reg': 4.473687370379308, 'subsample': 0.7194036276804592, 'min_data_in_leaf': 26, 'rsm': 0.9751503602946578}. Best is trial 1892 with value: 0.9319758700936625.
Trial 2761: AUC = 0.9289 | Params = {'iterations': 66, 'learning_rate': 0.11186866216015563, 'depth': 4, 'l2_leaf_reg': 4.473687370379308, 'subsample': 0.7194036276804592, 'min_data_in_leaf': 26, 'rsm': 0.9751503602946578, 'loss_function': 'Logloss', 'eval_metric': 'AUC', 'grow_policy': 'Depthwise'}
[I 2024-12-29 22:17:34,088] Trial 2762 finished with value: 0.9297786747848528 and parameters: {'iterations': 106, 'learning_rate': 0.1869616899414767, 'depth': 4, 'l2_leaf_reg': 4.336500672483229, 'subsample': 0.7122451909356557, 'min_data_in_leaf': 25, 'rsm': 0.9616423181707348}. Best is trial 1892 with value: 0.9319758700936625.
Trial 2762: AUC = 0.9298 | Params = {'iterations': 106, 'learning_rate': 0.1869616899414767, 'depth': 4, 'l2_leaf_reg': 4.336500672483229, 'subsample': 0.7122451909356557, 'min_data_in_leaf': 25, 'rsm': 0.9616423181707348, 'loss_function': 'Logloss', 'eval_metric': 'AUC', 'grow_policy': 'Depthwise'}
[I 2024-12-29 22:17:34,618] Trial 2763 finished with value: 0.9302773009527541 and parameters: {'iterations': 58, 'learning_rate': 0.19296902344312913, 'depth': 4, 'l2_leaf_reg': 4.456170400848002, 'subsample': 0.7654753236755051, 'min_data_in_leaf': 3, 'rsm': 0.9695280662487465}. Best is trial 1892 with value: 0.9319758700936625.
Trial 2763: AUC = 0.9303 | Params = {'iterations': 58, 'learning_rate': 0.19296902344312913, 'depth': 4, 'l2_leaf_reg': 4.456170400848002, 'subsample': 0.7654753236755051, 'min_data_in_leaf': 3, 'rsm': 0.9695280662487465, 'loss_function': 'Logloss', 'eval_metric': 'AUC', 'grow_policy': 'Depthwise'}
[I 2024-12-29 22:17:35,088] Trial 2764 finished with value: 0.9296670689277773 and parameters: {'iterations': 53, 'learning_rate': 0.19082621349055906, 'depth': 5, 'l2_leaf_reg': 1.5830931044756498, 'subsample': 0.7052744358296055, 'min_data_in_leaf': 10, 'rsm': 0.9552061520697289}. Best is trial 1892 with value: 0.9319758700936625.
Trial 2764: AUC = 0.9297 | Params = {'iterations': 53, 'learning_rate': 0.19082621349055906, 'depth': 5, 'l2_leaf_reg': 1.5830931044756498, 'subsample': 0.7052744358296055, 'min_data_in_leaf': 10, 'rsm': 0.9552061520697289, 'loss_function': 'Logloss', 'eval_metric': 'AUC', 'grow_policy': 'Depthwise'}
[I 2024-12-29 22:17:35,540] Trial 2765 finished with value: 0.9294146956832294 and parameters: {'iterations': 75, 'learning_rate': 0.18257362582482306, 'depth': 4, 'l2_leaf_reg': 4.558138070684539, 'subsample': 0.8751483429264729, 'min_data_in_leaf': 26, 'rsm': 0.9758941142860439}. Best is trial 1892 with value: 0.9319758700936625.
Trial 2765: AUC = 0.9294 | Params = {'iterations': 75, 'learning_rate': 0.18257362582482306, 'depth': 4, 'l2_leaf_reg': 4.558138070684539, 'subsample': 0.8751483429264729, 'min_data_in_leaf': 26, 'rsm': 0.9758941142860439, 'loss_function': 'Logloss', 'eval_metric': 'AUC', 'grow_policy': 'Depthwise'}
[I 2024-12-29 22:17:36,209] Trial 2766 finished with value: 0.9307896078386193 and parameters: {'iterations': 101, 'learning_rate': 0.19354175816655758, 'depth': 4, 'l2_leaf_reg': 4.396999749081546, 'subsample': 0.7215760649038576, 'min_data_in_leaf': 25, 'rsm': 0.7776902932187407}. Best is trial 1892 with value: 0.9319758700936625.
Trial 2766: AUC = 0.9308 | Params = {'iterations': 101, 'learning_rate': 0.19354175816655758, 'depth': 4, 'l2_leaf_reg': 4.396999749081546, 'subsample': 0.7215760649038576, 'min_data_in_leaf': 25, 'rsm': 0.7776902932187407, 'loss_function': 'Logloss', 'eval_metric': 'AUC', 'grow_policy': 'Depthwise'}
[I 2024-12-29 22:17:36,727] Trial 2767 finished with value: 0.9296443877374684 and parameters: {'iterations': 95, 'learning_rate': 0.1394622585151707, 'depth': 4, 'l2_leaf_reg': 4.6433470705219975, 'subsample': 0.7150934553219243, 'min_data_in_leaf': 27, 'rsm': 0.9649144984869162}. Best is trial 1892 with value: 0.9319758700936625.
Trial 2767: AUC = 0.9296 | Params = {'iterations': 95, 'learning_rate': 0.1394622585151707, 'depth': 4, 'l2_leaf_reg': 4.6433470705219975, 'subsample': 0.7150934553219243, 'min_data_in_leaf': 27, 'rsm': 0.9649144984869162, 'loss_function': 'Logloss', 'eval_metric': 'AUC', 'grow_policy': 'Depthwise'}
[I 2024-12-29 22:17:37,180] Trial 2768 finished with value: 0.9299799253464822 and parameters: {'iterations': 70, 'learning_rate': 0.1874421044425942, 'depth': 4, 'l2_leaf_reg': 4.3218262760501, 'subsample': 0.7278008550094147, 'min_data_in_leaf': 25, 'rsm': 0.8162392146116515}. Best is trial 1892 with value: 0.9319758700936625.
Trial 2768: AUC = 0.9300 | Params = {'iterations': 70, 'learning_rate': 0.1874421044425942, 'depth': 4, 'l2_leaf_reg': 4.3218262760501, 'subsample': 0.7278008550094147, 'min_data_in_leaf': 25, 'rsm': 0.8162392146116515, 'loss_function': 'Logloss', 'eval_metric': 'AUC', 'grow_policy': 'Depthwise'}
[I 2024-12-29 22:17:37,686] Trial 2769 finished with value: 0.9308860929021556 and parameters: {'iterations': 77, 'learning_rate': 0.19353127697065026, 'depth': 4, 'l2_leaf_reg': 4.4384062556951935, 'subsample': 0.7042728413930309, 'min_data_in_leaf': 24, 'rsm': 0.976725685583842}. Best is trial 1892 with value: 0.9319758700936625.
Trial 2769: AUC = 0.9309 | Params = {'iterations': 77, 'learning_rate': 0.19353127697065026, 'depth': 4, 'l2_leaf_reg': 4.4384062556951935, 'subsample': 0.7042728413930309, 'min_data_in_leaf': 24, 'rsm': 0.976725685583842, 'loss_function': 'Logloss', 'eval_metric': 'AUC', 'grow_policy': 'Depthwise'}
[I 2024-12-29 22:17:38,184] Trial 2770 finished with value: 0.929539982258269 and parameters: {'iterations': 84, 'learning_rate': 0.1907653919367393, 'depth': 4, 'l2_leaf_reg': 4.504610775231761, 'subsample': 0.7000038360526417, 'min_data_in_leaf': 1, 'rsm': 0.9677469949262052}. Best is trial 1892 with value: 0.9319758700936625.
Trial 2770: AUC = 0.9295 | Params = {'iterations': 84, 'learning_rate': 0.1907653919367393, 'depth': 4, 'l2_leaf_reg': 4.504610775231761, 'subsample': 0.7000038360526417, 'min_data_in_leaf': 1, 'rsm': 0.9677469949262052, 'loss_function': 'Logloss', 'eval_metric': 'AUC', 'grow_policy': 'Depthwise'}
[I 2024-12-29 22:17:38,725] Trial 2771 finished with value: 0.9286600960818423 and parameters: {'iterations': 61, 'learning_rate': 0.1939416928512612, 'depth': 4, 'l2_leaf_reg': 4.3471570103525785, 'subsample': 0.7094747885479289, 'min_data_in_leaf': 24, 'rsm': 0.9540148492645594}. Best is trial 1892 with value: 0.9319758700936625.
Trial 2771: AUC = 0.9287 | Params = {'iterations': 61, 'learning_rate': 0.1939416928512612, 'depth': 4, 'l2_leaf_reg': 4.3471570103525785, 'subsample': 0.7094747885479289, 'min_data_in_leaf': 24, 'rsm': 0.9540148492645594, 'loss_function': 'Logloss', 'eval_metric': 'AUC', 'grow_policy': 'Depthwise'}
[I 2024-12-29 22:17:39,165] Trial 2772 finished with value: 0.9300274478404625 and parameters: {'iterations': 66, 'learning_rate': 0.08911769488983379, 'depth': 4, 'l2_leaf_reg': 4.413667001414444, 'subsample': 0.7175991692040286, 'min_data_in_leaf': 30, 'rsm': 0.961800690628403}. Best is trial 1892 with value: 0.9319758700936625.
Trial 2772: AUC = 0.9300 | Params = {'iterations': 66, 'learning_rate': 0.08911769488983379, 'depth': 4, 'l2_leaf_reg': 4.413667001414444, 'subsample': 0.7175991692040286, 'min_data_in_leaf': 30, 'rsm': 0.961800690628403, 'loss_function': 'Logloss', 'eval_metric': 'AUC', 'grow_policy': 'Depthwise'}
[I 2024-12-29 22:17:39,661] Trial 2773 finished with value: 0.9293786937938504 and parameters: {'iterations': 80, 'learning_rate': 0.06339889847559048, 'depth': 4, 'l2_leaf_reg': 4.568086773970892, 'subsample': 0.7334226005614877, 'min_data_in_leaf': 28, 'rsm': 0.9754929081539271}. Best is trial 1892 with value: 0.9319758700936625.
Trial 2773: AUC = 0.9294 | Params = {'iterations': 80, 'learning_rate': 0.06339889847559048, 'depth': 4, 'l2_leaf_reg': 4.568086773970892, 'subsample': 0.7334226005614877, 'min_data_in_leaf': 28, 'rsm': 0.9754929081539271, 'loss_function': 'Logloss', 'eval_metric': 'AUC', 'grow_policy': 'Depthwise'}
[I 2024-12-29 22:17:40,277] Trial 2774 finished with value: 0.9294402570246886 and parameters: {'iterations': 110, 'learning_rate': 0.107423260195088, 'depth': 4, 'l2_leaf_reg': 4.32984591664186, 'subsample': 0.712023979478168, 'min_data_in_leaf': 24, 'rsm': 0.9701223258310854}. Best is trial 1892 with value: 0.9319758700936625.
Trial 2774: AUC = 0.9294 | Params = {'iterations': 110, 'learning_rate': 0.107423260195088, 'depth': 4, 'l2_leaf_reg': 4.32984591664186, 'subsample': 0.712023979478168, 'min_data_in_leaf': 24, 'rsm': 0.9701223258310854, 'loss_function': 'Logloss', 'eval_metric': 'AUC', 'grow_policy': 'Depthwise'}
[I 2024-12-29 22:17:40,801] Trial 2775 finished with value: 0.9293984948330087 and parameters: {'iterations': 97, 'learning_rate': 0.18545347367708528, 'depth': 4, 'l2_leaf_reg': 4.50256518767775, 'subsample': 0.7223974107872977, 'min_data_in_leaf': 25, 'rsm': 0.9781526289783119}. Best is trial 1892 with value: 0.9319758700936625.
Trial 2775: AUC = 0.9294 | Params = {'iterations': 97, 'learning_rate': 0.18545347367708528, 'depth': 4, 'l2_leaf_reg': 4.50256518767775, 'subsample': 0.7223974107872977, 'min_data_in_leaf': 25, 'rsm': 0.9781526289783119, 'loss_function': 'Logloss', 'eval_metric': 'AUC', 'grow_policy': 'Depthwise'}
[I 2024-12-29 22:17:41,485] Trial 2776 finished with value: 0.9291655626087257 and parameters: {'iterations': 94, 'learning_rate': 0.1898078311137728, 'depth': 4, 'l2_leaf_reg': 3.688182420283007, 'subsample': 0.89823022200887, 'min_data_in_leaf': 26, 'rsm': 0.9610149639451185}. Best is trial 1892 with value: 0.9319758700936625.
Trial 2776: AUC = 0.9292 | Params = {'iterations': 94, 'learning_rate': 0.1898078311137728, 'depth': 4, 'l2_leaf_reg': 3.688182420283007, 'subsample': 0.89823022200887, 'min_data_in_leaf': 26, 'rsm': 0.9610149639451185, 'loss_function': 'Logloss', 'eval_metric': 'AUC', 'grow_policy': 'Depthwise'}
[I 2024-12-29 22:17:41,949] Trial 2777 finished with value: 0.9305840370502644 and parameters: {'iterations': 74, 'learning_rate': 0.19442151585060644, 'depth': 4, 'l2_leaf_reg': 4.3988907946453715, 'subsample': 0.7162543947578824, 'min_data_in_leaf': 24, 'rsm': 0.9685944464606439}. Best is trial 1892 with value: 0.9319758700936625.
Trial 2777: AUC = 0.9306 | Params = {'iterations': 74, 'learning_rate': 0.19442151585060644, 'depth': 4, 'l2_leaf_reg': 4.3988907946453715, 'subsample': 0.7162543947578824, 'min_data_in_leaf': 24, 'rsm': 0.9685944464606439, 'loss_function': 'Logloss', 'eval_metric': 'AUC', 'grow_policy': 'Depthwise'}
[I 2024-12-29 22:17:42,551] Trial 2778 finished with value: 0.9292210055183695 and parameters: {'iterations': 90, 'learning_rate': 0.053373973962328264, 'depth': 4, 'l2_leaf_reg': 4.67838554697827, 'subsample': 0.708442293866841, 'min_data_in_leaf': 6, 'rsm': 0.9742048708443487}. Best is trial 1892 with value: 0.9319758700936625.
Trial 2778: AUC = 0.9292 | Params = {'iterations': 90, 'learning_rate': 0.053373973962328264, 'depth': 4, 'l2_leaf_reg': 4.67838554697827, 'subsample': 0.708442293866841, 'min_data_in_leaf': 6, 'rsm': 0.9742048708443487, 'loss_function': 'Logloss', 'eval_metric': 'AUC', 'grow_policy': 'Depthwise'}
[I 2024-12-29 22:17:43,163] Trial 2779 finished with value: 0.9298326776189215 and parameters: {'iterations': 102, 'learning_rate': 0.11708043572773305, 'depth': 4, 'l2_leaf_reg': 4.343067638452993, 'subsample': 0.727699472777172, 'min_data_in_leaf': 26, 'rsm': 0.979613605739251}. Best is trial 1892 with value: 0.9319758700936625.
Trial 2779: AUC = 0.9298 | Params = {'iterations': 102, 'learning_rate': 0.11708043572773305, 'depth': 4, 'l2_leaf_reg': 4.343067638452993, 'subsample': 0.727699472777172, 'min_data_in_leaf': 26, 'rsm': 0.979613605739251, 'loss_function': 'Logloss', 'eval_metric': 'AUC', 'grow_policy': 'Depthwise'}
[I 2024-12-29 22:17:43,681] Trial 2780 finished with value: 0.9309148944136589 and parameters: {'iterations': 83, 'learning_rate': 0.19130975039435216, 'depth': 4, 'l2_leaf_reg': 3.4395269951064797, 'subsample': 0.7192377832891788, 'min_data_in_leaf': 27, 'rsm': 0.9648863144901152}. Best is trial 1892 with value: 0.9319758700936625.
Trial 2780: AUC = 0.9309 | Params = {'iterations': 83, 'learning_rate': 0.19130975039435216, 'depth': 4, 'l2_leaf_reg': 3.4395269951064797, 'subsample': 0.7192377832891788, 'min_data_in_leaf': 27, 'rsm': 0.9648863144901152, 'loss_function': 'Logloss', 'eval_metric': 'AUC', 'grow_policy': 'Depthwise'}
[I 2024-12-29 22:17:44,268] Trial 2781 finished with value: 0.9294647383094664 and parameters: {'iterations': 86, 'learning_rate': 0.182990628700452, 'depth': 4, 'l2_leaf_reg': 4.469528424946817, 'subsample': 0.7127516938493962, 'min_data_in_leaf': 25, 'rsm': 0.9724207436940514}. Best is trial 1892 with value: 0.9319758700936625.
Trial 2781: AUC = 0.9295 | Params = {'iterations': 86, 'learning_rate': 0.182990628700452, 'depth': 4, 'l2_leaf_reg': 4.469528424946817, 'subsample': 0.7127516938493962, 'min_data_in_leaf': 25, 'rsm': 0.9724207436940514, 'loss_function': 'Logloss', 'eval_metric': 'AUC', 'grow_policy': 'Depthwise'}
