[I 2024-12-29 22:17:44,832] Trial 2782 finished with value: 0.9290258752779347 and parameters: {'iterations': 98, 'learning_rate': 0.18830838667467825, 'depth': 4, 'l2_leaf_reg': 4.304902263265109, 'subsample': 0.7232366421829125, 'min_data_in_leaf': 24, 'rsm': 0.9590843394360429}. Best is trial 1892 with value: 0.9319758700936625.
Trial 2782: AUC = 0.9290 | Params = {'iterations': 98, 'learning_rate': 0.18830838667467825, 'depth': 4, 'l2_leaf_reg': 4.304902263265109, 'subsample': 0.7232366421829125, 'min_data_in_leaf': 24, 'rsm': 0.9590843394360429, 'loss_function': 'Logloss', 'eval_metric': 'AUC', 'grow_policy': 'Depthwise'}
[I 2024-12-29 22:17:45,279] Trial 2783 finished with value: 0.9289221898365226 and parameters: {'iterations': 64, 'learning_rate': 0.1949145602565851, 'depth': 4, 'l2_leaf_reg': 4.563649565216392, 'subsample': 0.7056076163715528, 'min_data_in_leaf': 4, 'rsm': 0.8032008850185256}. Best is trial 1892 with value: 0.9319758700936625.
Trial 2783: AUC = 0.9289 | Params = {'iterations': 64, 'learning_rate': 0.1949145602565851, 'depth': 4, 'l2_leaf_reg': 4.563649565216392, 'subsample': 0.7056076163715528, 'min_data_in_leaf': 4, 'rsm': 0.8032008850185256, 'loss_function': 'Logloss', 'eval_metric': 'AUC', 'grow_policy': 'Depthwise'}
[I 2024-12-29 22:17:45,973] Trial 2784 finished with value: 0.929455377818228 and parameters: {'iterations': 68, 'learning_rate': 0.13586510752253322, 'depth': 4, 'l2_leaf_reg': 4.442699982225342, 'subsample': 0.7002362277994026, 'min_data_in_leaf': 25, 'rsm': 0.9781160637685203}. Best is trial 1892 with value: 0.9319758700936625.
Trial 2784: AUC = 0.9295 | Params = {'iterations': 68, 'learning_rate': 0.13586510752253322, 'depth': 4, 'l2_leaf_reg': 4.442699982225342, 'subsample': 0.7002362277994026, 'min_data_in_leaf': 25, 'rsm': 0.9781160637685203, 'loss_function': 'Logloss', 'eval_metric': 'AUC', 'grow_policy': 'Depthwise'}
[I 2024-12-29 22:17:46,717] Trial 2785 finished with value: 0.9291223603414707 and parameters: {'iterations': 91, 'learning_rate': 0.19258893365774235, 'depth': 5, 'l2_leaf_reg': 4.298818882185729, 'subsample': 0.7143118836306801, 'min_data_in_leaf': 26, 'rsm': 0.9673819806550056}. Best is trial 1892 with value: 0.9319758700936625.
Trial 2785: AUC = 0.9291 | Params = {'iterations': 91, 'learning_rate': 0.19258893365774235, 'depth': 5, 'l2_leaf_reg': 4.298818882185729, 'subsample': 0.7143118836306801, 'min_data_in_leaf': 26, 'rsm': 0.9673819806550056, 'loss_function': 'Logloss', 'eval_metric': 'AUC', 'grow_policy': 'Depthwise'}
[I 2024-12-29 22:17:47,324] Trial 2786 finished with value: 0.9300040466123662 and parameters: {'iterations': 88, 'learning_rate': 0.1609331806340649, 'depth': 4, 'l2_leaf_reg': 4.358938698127477, 'subsample': 0.7379641223382871, 'min_data_in_leaf': 24, 'rsm': 0.9747298136260232}. Best is trial 1892 with value: 0.9319758700936625.
Trial 2786: AUC = 0.9300 | Params = {'iterations': 88, 'learning_rate': 0.1609331806340649, 'depth': 4, 'l2_leaf_reg': 4.358938698127477, 'subsample': 0.7379641223382871, 'min_data_in_leaf': 24, 'rsm': 0.9747298136260232, 'loss_function': 'Logloss', 'eval_metric': 'AUC', 'grow_policy': 'Depthwise'}
[I 2024-12-29 22:17:48,169] Trial 2787 finished with value: 0.9301970167394384 and parameters: {'iterations': 95, 'learning_rate': 0.12592263385865393, 'depth': 4, 'l2_leaf_reg': 2.7116623007447647, 'subsample': 0.7301969821190716, 'min_data_in_leaf': 25, 'rsm': 0.8794271782349348}. Best is trial 1892 with value: 0.9319758700936625.
Trial 2787: AUC = 0.9302 | Params = {'iterations': 95, 'learning_rate': 0.12592263385865393, 'depth': 4, 'l2_leaf_reg': 2.7116623007447647, 'subsample': 0.7301969821190716, 'min_data_in_leaf': 25, 'rsm': 0.8794271782349348, 'loss_function': 'Logloss', 'eval_metric': 'AUC', 'grow_policy': 'Depthwise'}
[I 2024-12-29 22:17:48,890] Trial 2788 finished with value: 0.9293779737560627 and parameters: {'iterations': 105, 'learning_rate': 0.1316812909496666, 'depth': 4, 'l2_leaf_reg': 4.505248631014467, 'subsample': 0.709267645649037, 'min_data_in_leaf': 25, 'rsm': 0.9794738323289389}. Best is trial 1892 with value: 0.9319758700936625.
Trial 2788: AUC = 0.9294 | Params = {'iterations': 105, 'learning_rate': 0.1316812909496666, 'depth': 4, 'l2_leaf_reg': 4.505248631014467, 'subsample': 0.709267645649037, 'min_data_in_leaf': 25, 'rsm': 0.9794738323289389, 'loss_function': 'Logloss', 'eval_metric': 'AUC', 'grow_policy': 'Depthwise'}
[I 2024-12-29 22:17:49,479] Trial 2789 finished with value: 0.9301419338486885 and parameters: {'iterations': 73, 'learning_rate': 0.18724841164830497, 'depth': 4, 'l2_leaf_reg': 4.402632075868649, 'subsample': 0.7208755992171972, 'min_data_in_leaf': 26, 'rsm': 0.9690579866548209}. Best is trial 1892 with value: 0.9319758700936625.
Trial 2789: AUC = 0.9301 | Params = {'iterations': 73, 'learning_rate': 0.18724841164830497, 'depth': 4, 'l2_leaf_reg': 4.402632075868649, 'subsample': 0.7208755992171972, 'min_data_in_leaf': 26, 'rsm': 0.9690579866548209, 'loss_function': 'Logloss', 'eval_metric': 'AUC', 'grow_policy': 'Depthwise'}
[I 2024-12-29 22:17:50,107] Trial 2790 finished with value: 0.9296073057914079 and parameters: {'iterations': 93, 'learning_rate': 0.19517593532190475, 'depth': 4, 'l2_leaf_reg': 4.617230226632982, 'subsample': 0.716109955552647, 'min_data_in_leaf': 30, 'rsm': 0.9551988674757184}. Best is trial 1892 with value: 0.9319758700936625.
Trial 2790: AUC = 0.9296 | Params = {'iterations': 93, 'learning_rate': 0.19517593532190475, 'depth': 4, 'l2_leaf_reg': 4.617230226632982, 'subsample': 0.716109955552647, 'min_data_in_leaf': 30, 'rsm': 0.9551988674757184, 'loss_function': 'Logloss', 'eval_metric': 'AUC', 'grow_policy': 'Depthwise'}
[I 2024-12-29 22:17:50,600] Trial 2791 finished with value: 0.9304457897950484 and parameters: {'iterations': 85, 'learning_rate': 0.19125180684971013, 'depth': 4, 'l2_leaf_reg': 4.313022408793807, 'subsample': 0.723965336060109, 'min_data_in_leaf': 5, 'rsm': 0.9620144442128752}. Best is trial 1892 with value: 0.9319758700936625.
Trial 2791: AUC = 0.9304 | Params = {'iterations': 85, 'learning_rate': 0.19125180684971013, 'depth': 4, 'l2_leaf_reg': 4.313022408793807, 'subsample': 0.723965336060109, 'min_data_in_leaf': 5, 'rsm': 0.9620144442128752, 'loss_function': 'Logloss', 'eval_metric': 'AUC', 'grow_policy': 'Depthwise'}
[I 2024-12-29 22:17:51,291] Trial 2792 finished with value: 0.9301869362104123 and parameters: {'iterations': 100, 'learning_rate': 0.1950702424449547, 'depth': 4, 'l2_leaf_reg': 1.284833846416098, 'subsample': 0.7102875031110228, 'min_data_in_leaf': 27, 'rsm': 0.9721767006485965}. Best is trial 1892 with value: 0.9319758700936625.
Trial 2792: AUC = 0.9302 | Params = {'iterations': 100, 'learning_rate': 0.1950702424449547, 'depth': 4, 'l2_leaf_reg': 1.284833846416098, 'subsample': 0.7102875031110228, 'min_data_in_leaf': 27, 'rsm': 0.9721767006485965, 'loss_function': 'Logloss', 'eval_metric': 'AUC', 'grow_policy': 'Depthwise'}
[I 2024-12-29 22:17:51,902] Trial 2793 finished with value: 0.9306978030207026 and parameters: {'iterations': 78, 'learning_rate': 0.18905237806214062, 'depth': 4, 'l2_leaf_reg': 4.423830086022373, 'subsample': 0.7187827141583474, 'min_data_in_leaf': 24, 'rsm': 0.7620401934218037}. Best is trial 1892 with value: 0.9319758700936625.
Trial 2793: AUC = 0.9307 | Params = {'iterations': 78, 'learning_rate': 0.18905237806214062, 'depth': 4, 'l2_leaf_reg': 4.423830086022373, 'subsample': 0.7187827141583474, 'min_data_in_leaf': 24, 'rsm': 0.7620401934218037, 'loss_function': 'Logloss', 'eval_metric': 'AUC', 'grow_policy': 'Depthwise'}
[I 2024-12-29 22:17:52,518] Trial 2794 finished with value: 0.9300465288418335 and parameters: {'iterations': 88, 'learning_rate': 0.14483672644690893, 'depth': 4, 'l2_leaf_reg': 2.5172166709598147, 'subsample': 0.8247576971369696, 'min_data_in_leaf': 2, 'rsm': 0.9793165905055591}. Best is trial 1892 with value: 0.9319758700936625.
Trial 2794: AUC = 0.9300 | Params = {'iterations': 88, 'learning_rate': 0.14483672644690893, 'depth': 4, 'l2_leaf_reg': 2.5172166709598147, 'subsample': 0.8247576971369696, 'min_data_in_leaf': 2, 'rsm': 0.9793165905055591, 'loss_function': 'Logloss', 'eval_metric': 'AUC', 'grow_policy': 'Depthwise'}
[I 2024-12-29 22:17:53,054] Trial 2795 finished with value: 0.9307068034930474 and parameters: {'iterations': 97, 'learning_rate': 0.18431880256158467, 'depth': 4, 'l2_leaf_reg': 4.50690795548551, 'subsample': 0.7065984120774822, 'min_data_in_leaf': 26, 'rsm': 0.9657557392804552}. Best is trial 1892 with value: 0.9319758700936625.
Trial 2795: AUC = 0.9307 | Params = {'iterations': 97, 'learning_rate': 0.18431880256158467, 'depth': 4, 'l2_leaf_reg': 4.50690795548551, 'subsample': 0.7065984120774822, 'min_data_in_leaf': 26, 'rsm': 0.9657557392804552, 'loss_function': 'Logloss', 'eval_metric': 'AUC', 'grow_policy': 'Depthwise'}
[I 2024-12-29 22:17:53,577] Trial 2796 finished with value: 0.928849106001083 and parameters: {'iterations': 71, 'learning_rate': 0.19314449582564702, 'depth': 4, 'l2_leaf_reg': 4.378880694538058, 'subsample': 0.8504370077011075, 'min_data_in_leaf': 20, 'rsm': 0.9725678167520215}. Best is trial 1892 with value: 0.9319758700936625.
Trial 2796: AUC = 0.9288 | Params = {'iterations': 71, 'learning_rate': 0.19314449582564702, 'depth': 4, 'l2_leaf_reg': 4.378880694538058, 'subsample': 0.8504370077011075, 'min_data_in_leaf': 20, 'rsm': 0.9725678167520215, 'loss_function': 'Logloss', 'eval_metric': 'AUC', 'grow_policy': 'Depthwise'}
[I 2024-12-29 22:17:54,058] Trial 2797 finished with value: 0.9300663298809921 and parameters: {'iterations': 82, 'learning_rate': 0.19534832398226623, 'depth': 4, 'l2_leaf_reg': 2.3146854730733226, 'subsample': 0.8637970319676902, 'min_data_in_leaf': 17, 'rsm': 0.9814027011024229}. Best is trial 1892 with value: 0.9319758700936625.
Trial 2797: AUC = 0.9301 | Params = {'iterations': 82, 'learning_rate': 0.19534832398226623, 'depth': 4, 'l2_leaf_reg': 2.3146854730733226, 'subsample': 0.8637970319676902, 'min_data_in_leaf': 17, 'rsm': 0.9814027011024229, 'loss_function': 'Logloss', 'eval_metric': 'AUC', 'grow_policy': 'Depthwise'}
[I 2024-12-29 22:17:54,698] Trial 2798 finished with value: 0.9309206547159594 and parameters: {'iterations': 90, 'learning_rate': 0.1908665354870346, 'depth': 4, 'l2_leaf_reg': 3.2296913892040644, 'subsample': 0.714475262257302, 'min_data_in_leaf': 25, 'rsm': 0.9540392132926172}. Best is trial 1892 with value: 0.9319758700936625.
Trial 2798: AUC = 0.9309 | Params = {'iterations': 90, 'learning_rate': 0.1908665354870346, 'depth': 4, 'l2_leaf_reg': 3.2296913892040644, 'subsample': 0.714475262257302, 'min_data_in_leaf': 25, 'rsm': 0.9540392132926172, 'loss_function': 'Logloss', 'eval_metric': 'AUC', 'grow_policy': 'Depthwise'}
[I 2024-12-29 22:17:55,196] Trial 2799 finished with value: 0.9299799253464822 and parameters: {'iterations': 93, 'learning_rate': 0.1866745656130369, 'depth': 4, 'l2_leaf_reg': 4.303808353068434, 'subsample': 0.7271720770795536, 'min_data_in_leaf': 14, 'rsm': 0.9611188573196502}. Best is trial 1892 with value: 0.9319758700936625.
Trial 2799: AUC = 0.9300 | Params = {'iterations': 93, 'learning_rate': 0.1866745656130369, 'depth': 4, 'l2_leaf_reg': 4.303808353068434, 'subsample': 0.7271720770795536, 'min_data_in_leaf': 14, 'rsm': 0.9611188573196502, 'loss_function': 'Logloss', 'eval_metric': 'AUC', 'grow_policy': 'Depthwise'}
[I 2024-12-29 22:17:55,657] Trial 2800 finished with value: 0.9286860174421954 and parameters: {'iterations': 66, 'learning_rate': 0.19512560577626512, 'depth': 4, 'l2_leaf_reg': 4.584742474085913, 'subsample': 0.7052888245507178, 'min_data_in_leaf': 19, 'rsm': 0.8876185782313486}. Best is trial 1892 with value: 0.9319758700936625.
Trial 2800: AUC = 0.9287 | Params = {'iterations': 66, 'learning_rate': 0.19512560577626512, 'depth': 4, 'l2_leaf_reg': 4.584742474085913, 'subsample': 0.7052888245507178, 'min_data_in_leaf': 19, 'rsm': 0.8876185782313486, 'loss_function': 'Logloss', 'eval_metric': 'AUC', 'grow_policy': 'Depthwise'}
[I 2024-12-29 22:17:56,244] Trial 2801 finished with value: 0.9305235538761074 and parameters: {'iterations': 96, 'learning_rate': 0.1926845656534968, 'depth': 4, 'l2_leaf_reg': 4.74520008542185, 'subsample': 0.7209376926085042, 'min_data_in_leaf': 25, 'rsm': 0.9746412864030202}. Best is trial 1892 with value: 0.9319758700936625.
Trial 2801: AUC = 0.9305 | Params = {'iterations': 96, 'learning_rate': 0.1926845656534968, 'depth': 4, 'l2_leaf_reg': 4.74520008542185, 'subsample': 0.7209376926085042, 'min_data_in_leaf': 25, 'rsm': 0.9746412864030202, 'loss_function': 'Logloss', 'eval_metric': 'AUC', 'grow_policy': 'Depthwise'}
[I 2024-12-29 22:17:56,770] Trial 2802 finished with value: 0.9294485374592459 and parameters: {'iterations': 87, 'learning_rate': 0.18207459463519318, 'depth': 4, 'l2_leaf_reg': 4.459125445560338, 'subsample': 0.7111861228012628, 'min_data_in_leaf': 22, 'rsm': 0.9673054354144299}. Best is trial 1892 with value: 0.9319758700936625.
Trial 2802: AUC = 0.9294 | Params = {'iterations': 87, 'learning_rate': 0.18207459463519318, 'depth': 4, 'l2_leaf_reg': 4.459125445560338, 'subsample': 0.7111861228012628, 'min_data_in_leaf': 22, 'rsm': 0.9673054354144299, 'loss_function': 'Logloss', 'eval_metric': 'AUC', 'grow_policy': 'Depthwise'}
[I 2024-12-29 22:17:57,317] Trial 2803 finished with value: 0.9291904039123973 and parameters: {'iterations': 101, 'learning_rate': 0.19594663872103343, 'depth': 4, 'l2_leaf_reg': 4.286730275392403, 'subsample': 0.7325634684301947, 'min_data_in_leaf': 27, 'rsm': 0.8405816150158218}. Best is trial 1892 with value: 0.9319758700936625.
Trial 2803: AUC = 0.9292 | Params = {'iterations': 101, 'learning_rate': 0.19594663872103343, 'depth': 4, 'l2_leaf_reg': 4.286730275392403, 'subsample': 0.7325634684301947, 'min_data_in_leaf': 27, 'rsm': 0.8405816150158218, 'loss_function': 'Logloss', 'eval_metric': 'AUC', 'grow_policy': 'Depthwise'}
[I 2024-12-29 22:17:57,837] Trial 2804 finished with value: 0.9292544872754923 and parameters: {'iterations': 61, 'learning_rate': 0.1893151651869488, 'depth': 4, 'l2_leaf_reg': 4.376630449676186, 'subsample': 0.7450939747613924, 'min_data_in_leaf': 24, 'rsm': 0.9801406280805122}. Best is trial 1892 with value: 0.9319758700936625.
Trial 2804: AUC = 0.9293 | Params = {'iterations': 61, 'learning_rate': 0.1893151651869488, 'depth': 4, 'l2_leaf_reg': 4.376630449676186, 'subsample': 0.7450939747613924, 'min_data_in_leaf': 24, 'rsm': 0.9801406280805122, 'loss_function': 'Logloss', 'eval_metric': 'AUC', 'grow_policy': 'Depthwise'}
[I 2024-12-29 22:17:58,346] Trial 2805 finished with value: 0.929868319489407 and parameters: {'iterations': 92, 'learning_rate': 0.16264176776551276, 'depth': 4, 'l2_leaf_reg': 4.283720639709714, 'subsample': 0.7152557189288281, 'min_data_in_leaf': 26, 'rsm': 0.9724699899871035}. Best is trial 1892 with value: 0.9319758700936625.
Trial 2805: AUC = 0.9299 | Params = {'iterations': 92, 'learning_rate': 0.16264176776551276, 'depth': 4, 'l2_leaf_reg': 4.283720639709714, 'subsample': 0.7152557189288281, 'min_data_in_leaf': 26, 'rsm': 0.9724699899871035, 'loss_function': 'Logloss', 'eval_metric': 'AUC', 'grow_policy': 'Depthwise'}
[I 2024-12-29 22:17:58,809] Trial 2806 finished with value: 0.930216817778597 and parameters: {'iterations': 69, 'learning_rate': 0.19713807842098574, 'depth': 4, 'l2_leaf_reg': 4.52387385140792, 'subsample': 0.7044545161009822, 'min_data_in_leaf': 25, 'rsm': 0.9824544195781754}. Best is trial 1892 with value: 0.9319758700936625.
Trial 2806: AUC = 0.9302 | Params = {'iterations': 69, 'learning_rate': 0.19713807842098574, 'depth': 4, 'l2_leaf_reg': 4.52387385140792, 'subsample': 0.7044545161009822, 'min_data_in_leaf': 25, 'rsm': 0.9824544195781754, 'loss_function': 'Logloss', 'eval_metric': 'AUC', 'grow_policy': 'Depthwise'}
[I 2024-12-29 22:17:59,356] Trial 2807 finished with value: 0.9295007401988457 and parameters: {'iterations': 84, 'learning_rate': 0.19140166557488097, 'depth': 4, 'l2_leaf_reg': 4.427754512677872, 'subsample': 0.72347722214102, 'min_data_in_leaf': 24, 'rsm': 0.9637860390513459}. Best is trial 1892 with value: 0.9319758700936625.
Trial 2807: AUC = 0.9295 | Params = {'iterations': 84, 'learning_rate': 0.19140166557488097, 'depth': 4, 'l2_leaf_reg': 4.427754512677872, 'subsample': 0.72347722214102, 'min_data_in_leaf': 24, 'rsm': 0.9637860390513459, 'loss_function': 'Logloss', 'eval_metric': 'AUC', 'grow_policy': 'Depthwise'}
[I 2024-12-29 22:17:59,917] Trial 2808 finished with value: 0.9307564861003905 and parameters: {'iterations': 90, 'learning_rate': 0.19301325973206915, 'depth': 4, 'l2_leaf_reg': 4.647488711494204, 'subsample': 0.7099160210555894, 'min_data_in_leaf': 25, 'rsm': 0.97634551430035}. Best is trial 1892 with value: 0.9319758700936625.
Trial 2808: AUC = 0.9308 | Params = {'iterations': 90, 'learning_rate': 0.19301325973206915, 'depth': 4, 'l2_leaf_reg': 4.647488711494204, 'subsample': 0.7099160210555894, 'min_data_in_leaf': 25, 'rsm': 0.97634551430035, 'loss_function': 'Logloss', 'eval_metric': 'AUC', 'grow_policy': 'Depthwise'}
[I 2024-12-29 22:18:00,509] Trial 2809 finished with value: 0.9293200107141621 and parameters: {'iterations': 95, 'learning_rate': 0.15140822684958494, 'depth': 4, 'l2_leaf_reg': 4.352211663717699, 'subsample': 0.7169466111979937, 'min_data_in_leaf': 26, 'rsm': 0.9545827521200303}. Best is trial 1892 with value: 0.9319758700936625.
Trial 2809: AUC = 0.9293 | Params = {'iterations': 95, 'learning_rate': 0.15140822684958494, 'depth': 4, 'l2_leaf_reg': 4.352211663717699, 'subsample': 0.7169466111979937, 'min_data_in_leaf': 26, 'rsm': 0.9545827521200303, 'loss_function': 'Logloss', 'eval_metric': 'AUC', 'grow_policy': 'Depthwise'}
[I 2024-12-29 22:18:01,044] Trial 2810 finished with value: 0.9302236581375791 and parameters: {'iterations': 80, 'learning_rate': 0.18642316016591456, 'depth': 4, 'l2_leaf_reg': 4.274911201650275, 'subsample': 0.7604316001873048, 'min_data_in_leaf': 28, 'rsm': 0.9691651347336948}. Best is trial 1892 with value: 0.9319758700936625.
Trial 2810: AUC = 0.9302 | Params = {'iterations': 80, 'learning_rate': 0.18642316016591456, 'depth': 4, 'l2_leaf_reg': 4.274911201650275, 'subsample': 0.7604316001873048, 'min_data_in_leaf': 28, 'rsm': 0.9691651347336948, 'loss_function': 'Logloss', 'eval_metric': 'AUC', 'grow_policy': 'Depthwise'}
[I 2024-12-29 22:18:01,595] Trial 2811 finished with value: 0.9300692100321426 and parameters: {'iterations': 99, 'learning_rate': 0.0987630538517791, 'depth': 4, 'l2_leaf_reg': 3.615010953615095, 'subsample': 0.7245352643578589, 'min_data_in_leaf': 24, 'rsm': 0.8540194429639973}. Best is trial 1892 with value: 0.9319758700936625.
Trial 2811: AUC = 0.9301 | Params = {'iterations': 99, 'learning_rate': 0.0987630538517791, 'depth': 4, 'l2_leaf_reg': 3.615010953615095, 'subsample': 0.7245352643578589, 'min_data_in_leaf': 24, 'rsm': 0.8540194429639973, 'loss_function': 'Logloss', 'eval_metric': 'AUC', 'grow_policy': 'Depthwise'}
[I 2024-12-29 22:18:02,063] Trial 2812 finished with value: 0.9299036013409983 and parameters: {'iterations': 75, 'learning_rate': 0.1971513527188452, 'depth': 4, 'l2_leaf_reg': 4.465118369978501, 'subsample': 0.7048661693105558, 'min_data_in_leaf': 21, 'rsm': 0.9820105077806046}. Best is trial 1892 with value: 0.9319758700936625.
Trial 2812: AUC = 0.9299 | Params = {'iterations': 75, 'learning_rate': 0.1971513527188452, 'depth': 4, 'l2_leaf_reg': 4.465118369978501, 'subsample': 0.7048661693105558, 'min_data_in_leaf': 21, 'rsm': 0.9820105077806046, 'loss_function': 'Logloss', 'eval_metric': 'AUC', 'grow_policy': 'Depthwise'}
[I 2024-12-29 22:18:02,657] Trial 2813 finished with value: 0.9304292289259342 and parameters: {'iterations': 105, 'learning_rate': 0.1948576474344543, 'depth': 4, 'l2_leaf_reg': 2.9976693033324224, 'subsample': 0.7174904195074533, 'min_data_in_leaf': 25, 'rsm': 0.9607238156736152}. Best is trial 1892 with value: 0.9319758700936625.
Trial 2813: AUC = 0.9304 | Params = {'iterations': 105, 'learning_rate': 0.1948576474344543, 'depth': 4, 'l2_leaf_reg': 2.9976693033324224, 'subsample': 0.7174904195074533, 'min_data_in_leaf': 25, 'rsm': 0.9607238156736152, 'loss_function': 'Logloss', 'eval_metric': 'AUC', 'grow_policy': 'Depthwise'}
[I 2024-12-29 22:18:03,111] Trial 2814 finished with value: 0.9293945346251772 and parameters: {'iterations': 63, 'learning_rate': 0.18926043704017456, 'depth': 4, 'l2_leaf_reg': 4.573050754561866, 'subsample': 0.7001214648126486, 'min_data_in_leaf': 23, 'rsm': 0.9747246878484038}. Best is trial 1892 with value: 0.9319758700936625.
Trial 2814: AUC = 0.9294 | Params = {'iterations': 63, 'learning_rate': 0.18926043704017456, 'depth': 4, 'l2_leaf_reg': 4.573050754561866, 'subsample': 0.7001214648126486, 'min_data_in_leaf': 23, 'rsm': 0.9747246878484038, 'loss_function': 'Logloss', 'eval_metric': 'AUC', 'grow_policy': 'Depthwise'}
[I 2024-12-29 22:18:02,343] Trial 2815 finished with value: 0.9295633834863654 and parameters: {'iterations': 87, 'learning_rate': 0.19698661611341198, 'depth': 4, 'l2_leaf_reg': 4.394474423422414, 'subsample': 0.7864424224286102, 'min_data_in_leaf': 2, 'rsm': 0.9666987732319693}. Best is trial 1892 with value: 0.9319758700936625.
Trial 2815: AUC = 0.9296 | Params = {'iterations': 87, 'learning_rate': 0.19698661611341198, 'depth': 4, 'l2_leaf_reg': 4.394474423422414, 'subsample': 0.7864424224286102, 'min_data_in_leaf': 2, 'rsm': 0.9666987732319693, 'loss_function': 'Logloss', 'eval_metric': 'AUC', 'grow_policy': 'Depthwise'}
