[I 2024-12-29 22:14:11,651] Trial 2374 finished with value: 0.9297552735567562 and parameters: {'iterations': 94, 'learning_rate': 0.18955698917367192, 'depth': 4, 'l2_leaf_reg': 4.42361559062942, 'subsample': 0.7062837668134289, 'min_data_in_leaf': 26, 'rsm': 0.9162191586328648}. Best is trial 1892 with value: 0.9319758700936625.
Trial 2374: AUC = 0.9298 | Params = {'iterations': 94, 'learning_rate': 0.18955698917367192, 'depth': 4, 'l2_leaf_reg': 4.42361559062942, 'subsample': 0.7062837668134289, 'min_data_in_leaf': 26, 'rsm': 0.9162191586328648, 'loss_function': 'Logloss', 'eval_metric': 'AUC', 'grow_policy': 'Depthwise'}
[I 2024-12-29 22:14:12,160] Trial 2375 finished with value: 0.9287691818066612 and parameters: {'iterations': 59, 'learning_rate': 0.1954858195173103, 'depth': 4, 'l2_leaf_reg': 4.249546441180585, 'subsample': 0.967851578076687, 'min_data_in_leaf': 25, 'rsm': 0.989862980263023}. Best is trial 1892 with value: 0.9319758700936625.
Trial 2375: AUC = 0.9288 | Params = {'iterations': 59, 'learning_rate': 0.1954858195173103, 'depth': 4, 'l2_leaf_reg': 4.249546441180585, 'subsample': 0.967851578076687, 'min_data_in_leaf': 25, 'rsm': 0.989862980263023, 'loss_function': 'Logloss', 'eval_metric': 'AUC', 'grow_policy': 'Depthwise'}
[I 2024-12-29 22:14:12,772] Trial 2376 finished with value: 0.9292750083524384 and parameters: {'iterations': 98, 'learning_rate': 0.19997485035925905, 'depth': 4, 'l2_leaf_reg': 3.8936947852480404, 'subsample': 0.7357722748053742, 'min_data_in_leaf': 25, 'rsm': 0.9761293223078598}. Best is trial 1892 with value: 0.9319758700936625.
Trial 2376: AUC = 0.9293 | Params = {'iterations': 98, 'learning_rate': 0.19997485035925905, 'depth': 4, 'l2_leaf_reg': 3.8936947852480404, 'subsample': 0.7357722748053742, 'min_data_in_leaf': 25, 'rsm': 0.9761293223078598, 'loss_function': 'Logloss', 'eval_metric': 'AUC', 'grow_policy': 'Depthwise'}
[I 2024-12-29 22:14:13,303] Trial 2377 finished with value: 0.9296512280964506 and parameters: {'iterations': 50, 'learning_rate': 0.1919196846553581, 'depth': 4, 'l2_leaf_reg': 4.153713733124146, 'subsample': 0.7210547466031684, 'min_data_in_leaf': 24, 'rsm': 0.9951145200877479}. Best is trial 1892 with value: 0.9319758700936625.
Trial 2377: AUC = 0.9297 | Params = {'iterations': 50, 'learning_rate': 0.1919196846553581, 'depth': 4, 'l2_leaf_reg': 4.153713733124146, 'subsample': 0.7210547466031684, 'min_data_in_leaf': 24, 'rsm': 0.9951145200877479, 'loss_function': 'Logloss', 'eval_metric': 'AUC', 'grow_policy': 'Depthwise'}
[I 2024-12-29 22:14:13,848] Trial 2378 finished with value: 0.9307676466860981 and parameters: {'iterations': 66, 'learning_rate': 0.19712828792056006, 'depth': 4, 'l2_leaf_reg': 4.359095260574961, 'subsample': 0.714002530382649, 'min_data_in_leaf': 23, 'rsm': 0.9703239654539713}. Best is trial 1892 with value: 0.9319758700936625.
Trial 2378: AUC = 0.9308 | Params = {'iterations': 66, 'learning_rate': 0.19712828792056006, 'depth': 4, 'l2_leaf_reg': 4.359095260574961, 'subsample': 0.714002530382649, 'min_data_in_leaf': 23, 'rsm': 0.9703239654539713, 'loss_function': 'Logloss', 'eval_metric': 'AUC', 'grow_policy': 'Depthwise'}
[I 2024-12-29 22:14:14,535] Trial 2379 finished with value: 0.9303575851660695 and parameters: {'iterations': 88, 'learning_rate': 0.19314870581153842, 'depth': 4, 'l2_leaf_reg': 4.285765217370494, 'subsample': 0.7272694476385483, 'min_data_in_leaf': 26, 'rsm': 0.7984744082441269}. Best is trial 1892 with value: 0.9319758700936625.
Trial 2379: AUC = 0.9304 | Params = {'iterations': 88, 'learning_rate': 0.19314870581153842, 'depth': 4, 'l2_leaf_reg': 4.285765217370494, 'subsample': 0.7272694476385483, 'min_data_in_leaf': 26, 'rsm': 0.7984744082441269, 'loss_function': 'Logloss', 'eval_metric': 'AUC', 'grow_policy': 'Depthwise'}
[I 2024-12-29 22:14:15,028] Trial 2380 finished with value: 0.929798835842905 and parameters: {'iterations': 64, 'learning_rate': 0.18910145124483035, 'depth': 4, 'l2_leaf_reg': 4.494110037779696, 'subsample': 0.7044631460304636, 'min_data_in_leaf': 24, 'rsm': 0.8231078948644486}. Best is trial 1892 with value: 0.9319758700936625.
Trial 2380: AUC = 0.9298 | Params = {'iterations': 64, 'learning_rate': 0.18910145124483035, 'depth': 4, 'l2_leaf_reg': 4.494110037779696, 'subsample': 0.7044631460304636, 'min_data_in_leaf': 24, 'rsm': 0.8231078948644486, 'loss_function': 'Logloss', 'eval_metric': 'AUC', 'grow_policy': 'Depthwise'}
[I 2024-12-29 22:14:15,701] Trial 2381 finished with value: 0.9306175188073871 and parameters: {'iterations': 91, 'learning_rate': 0.19472661313533665, 'depth': 4, 'l2_leaf_reg': 4.579056186563925, 'subsample': 0.7182315312371479, 'min_data_in_leaf': 25, 'rsm': 0.9842411428781735}. Best is trial 1892 with value: 0.9319758700936625.
Trial 2381: AUC = 0.9306 | Params = {'iterations': 91, 'learning_rate': 0.19472661313533665, 'depth': 4, 'l2_leaf_reg': 4.579056186563925, 'subsample': 0.7182315312371479, 'min_data_in_leaf': 25, 'rsm': 0.9842411428781735, 'loss_function': 'Logloss', 'eval_metric': 'AUC', 'grow_policy': 'Depthwise'}
[I 2024-12-29 22:14:16,491] Trial 2382 finished with value: 0.9298600390548496 and parameters: {'iterations': 101, 'learning_rate': 0.19698121025719598, 'depth': 4, 'l2_leaf_reg': 4.382368371889184, 'subsample': 0.7100386461972285, 'min_data_in_leaf': 27, 'rsm': 0.9781478855433685}. Best is trial 1892 with value: 0.9319758700936625.
Trial 2382: AUC = 0.9299 | Params = {'iterations': 101, 'learning_rate': 0.19698121025719598, 'depth': 4, 'l2_leaf_reg': 4.382368371889184, 'subsample': 0.7100386461972285, 'min_data_in_leaf': 27, 'rsm': 0.9781478855433685, 'loss_function': 'Logloss', 'eval_metric': 'AUC', 'grow_policy': 'Depthwise'}
[I 2024-12-29 22:14:17,340] Trial 2383 finished with value: 0.9291529619474431 and parameters: {'iterations': 94, 'learning_rate': 0.11789993274804535, 'depth': 4, 'l2_leaf_reg': 4.20073991289083, 'subsample': 0.7218551963287597, 'min_data_in_leaf': 25, 'rsm': 0.9691020928258859}. Best is trial 1892 with value: 0.9319758700936625.
Trial 2383: AUC = 0.9292 | Params = {'iterations': 94, 'learning_rate': 0.11789993274804535, 'depth': 4, 'l2_leaf_reg': 4.20073991289083, 'subsample': 0.7218551963287597, 'min_data_in_leaf': 25, 'rsm': 0.9691020928258859, 'loss_function': 'Logloss', 'eval_metric': 'AUC', 'grow_policy': 'Depthwise'}
[I 2024-12-29 22:14:18,048] Trial 2384 finished with value: 0.9301163725072292 and parameters: {'iterations': 97, 'learning_rate': 0.18926128928353744, 'depth': 4, 'l2_leaf_reg': 2.139312951552351, 'subsample': 0.7000032592730793, 'min_data_in_leaf': 26, 'rsm': 0.8362156873117244}. Best is trial 1892 with value: 0.9319758700936625.
Trial 2384: AUC = 0.9301 | Params = {'iterations': 97, 'learning_rate': 0.18926128928353744, 'depth': 4, 'l2_leaf_reg': 2.139312951552351, 'subsample': 0.7000032592730793, 'min_data_in_leaf': 26, 'rsm': 0.8362156873117244, 'loss_function': 'Logloss', 'eval_metric': 'AUC', 'grow_policy': 'Depthwise'}
[I 2024-12-29 22:14:18,653] Trial 2385 finished with value: 0.9303025022753195 and parameters: {'iterations': 69, 'learning_rate': 0.19265713127745077, 'depth': 4, 'l2_leaf_reg': 4.108419831146599, 'subsample': 0.7151022764097783, 'min_data_in_leaf': 24, 'rsm': 0.7299330081841118}. Best is trial 1892 with value: 0.9319758700936625.
Trial 2385: AUC = 0.9303 | Params = {'iterations': 69, 'learning_rate': 0.19265713127745077, 'depth': 4, 'l2_leaf_reg': 4.108419831146599, 'subsample': 0.7151022764097783, 'min_data_in_leaf': 24, 'rsm': 0.7299330081841118, 'loss_function': 'Logloss', 'eval_metric': 'AUC', 'grow_policy': 'Depthwise'}
[I 2024-12-29 22:14:19,407] Trial 2386 finished with value: 0.9293527724334972 and parameters: {'iterations': 88, 'learning_rate': 0.1977931395131846, 'depth': 4, 'l2_leaf_reg': 4.449963674834215, 'subsample': 0.7280992040556696, 'min_data_in_leaf': 25, 'rsm': 0.9751453381787879}. Best is trial 1892 with value: 0.9319758700936625.
Trial 2386: AUC = 0.9294 | Params = {'iterations': 88, 'learning_rate': 0.1977931395131846, 'depth': 4, 'l2_leaf_reg': 4.449963674834215, 'subsample': 0.7280992040556696, 'min_data_in_leaf': 25, 'rsm': 0.9751453381787879, 'loss_function': 'Logloss', 'eval_metric': 'AUC', 'grow_policy': 'Depthwise'}
[I 2024-12-29 22:14:20,108] Trial 2387 finished with value: 0.9292289259340331 and parameters: {'iterations': 92, 'learning_rate': 0.19481599536581864, 'depth': 4, 'l2_leaf_reg': 4.301938309313712, 'subsample': 0.70938862626455, 'min_data_in_leaf': 24, 'rsm': 0.9874855774862904}. Best is trial 1892 with value: 0.9319758700936625.
Trial 2387: AUC = 0.9292 | Params = {'iterations': 92, 'learning_rate': 0.19481599536581864, 'depth': 4, 'l2_leaf_reg': 4.301938309313712, 'subsample': 0.70938862626455, 'min_data_in_leaf': 24, 'rsm': 0.9874855774862904, 'loss_function': 'Logloss', 'eval_metric': 'AUC', 'grow_policy': 'Depthwise'}
[I 2024-12-29 22:14:20,769] Trial 2388 finished with value: 0.9296217065471597 and parameters: {'iterations': 63, 'learning_rate': 0.10482357182724797, 'depth': 5, 'l2_leaf_reg': 3.36460244246875, 'subsample': 0.8709080651926253, 'min_data_in_leaf': 23, 'rsm': 0.9711077384349135}. Best is trial 1892 with value: 0.9319758700936625.
Trial 2388: AUC = 0.9296 | Params = {'iterations': 63, 'learning_rate': 0.10482357182724797, 'depth': 5, 'l2_leaf_reg': 3.36460244246875, 'subsample': 0.8709080651926253, 'min_data_in_leaf': 23, 'rsm': 0.9711077384349135, 'loss_function': 'Logloss', 'eval_metric': 'AUC', 'grow_policy': 'Depthwise'}
[I 2024-12-29 22:14:21,539] Trial 2389 finished with value: 0.9298549987903366 and parameters: {'iterations': 112, 'learning_rate': 0.19132193968494215, 'depth': 4, 'l2_leaf_reg': 4.233986704748438, 'subsample': 0.7191611813929812, 'min_data_in_leaf': 26, 'rsm': 0.9802054876482766}. Best is trial 1892 with value: 0.9319758700936625.
Trial 2389: AUC = 0.9299 | Params = {'iterations': 112, 'learning_rate': 0.19132193968494215, 'depth': 4, 'l2_leaf_reg': 4.233986704748438, 'subsample': 0.7191611813929812, 'min_data_in_leaf': 26, 'rsm': 0.9802054876482766, 'loss_function': 'Logloss', 'eval_metric': 'AUC', 'grow_policy': 'Depthwise'}
[I 2024-12-29 22:14:22,181] Trial 2390 finished with value: 0.9300990916003271 and parameters: {'iterations': 97, 'learning_rate': 0.188158114236784, 'depth': 4, 'l2_leaf_reg': 2.8056368667856892, 'subsample': 0.7135168679911457, 'min_data_in_leaf': 12, 'rsm': 0.9812912229741197}. Best is trial 1892 with value: 0.9319758700936625.
Trial 2390: AUC = 0.9301 | Params = {'iterations': 97, 'learning_rate': 0.188158114236784, 'depth': 4, 'l2_leaf_reg': 2.8056368667856892, 'subsample': 0.7135168679911457, 'min_data_in_leaf': 12, 'rsm': 0.9812912229741197, 'loss_function': 'Logloss', 'eval_metric': 'AUC', 'grow_policy': 'Depthwise'}
[I 2024-12-29 22:14:22,849] Trial 2391 finished with value: 0.9294388169491135 and parameters: {'iterations': 90, 'learning_rate': 0.19699615603307125, 'depth': 4, 'l2_leaf_reg': 4.669069645059147, 'subsample': 0.7047012656865591, 'min_data_in_leaf': 28, 'rsm': 0.9714636447911287}. Best is trial 1892 with value: 0.9319758700936625.
Trial 2391: AUC = 0.9294 | Params = {'iterations': 90, 'learning_rate': 0.19699615603307125, 'depth': 4, 'l2_leaf_reg': 4.669069645059147, 'subsample': 0.7047012656865591, 'min_data_in_leaf': 28, 'rsm': 0.9714636447911287, 'loss_function': 'Logloss', 'eval_metric': 'AUC', 'grow_policy': 'Depthwise'}
[I 2024-12-29 22:14:23,499] Trial 2392 finished with value: 0.9304205884724831 and parameters: {'iterations': 94, 'learning_rate': 0.19303106899438685, 'depth': 4, 'l2_leaf_reg': 2.9426108262184045, 'subsample': 0.7247529200754096, 'min_data_in_leaf': 25, 'rsm': 0.8020066560272091}. Best is trial 1892 with value: 0.9319758700936625.
Trial 2392: AUC = 0.9304 | Params = {'iterations': 94, 'learning_rate': 0.19303106899438685, 'depth': 4, 'l2_leaf_reg': 2.9426108262184045, 'subsample': 0.7247529200754096, 'min_data_in_leaf': 25, 'rsm': 0.8020066560272091, 'loss_function': 'Logloss', 'eval_metric': 'AUC', 'grow_policy': 'Depthwise'}
[I 2024-12-29 22:14:24,184] Trial 2393 finished with value: 0.9288224646029425 and parameters: {'iterations': 87, 'learning_rate': 0.19999775117692997, 'depth': 4, 'l2_leaf_reg': 2.5832389737312087, 'subsample': 0.7368965401204719, 'min_data_in_leaf': 22, 'rsm': 0.8337564956497728}. Best is trial 1892 with value: 0.9319758700936625.
Trial 2393: AUC = 0.9288 | Params = {'iterations': 87, 'learning_rate': 0.19999775117692997, 'depth': 4, 'l2_leaf_reg': 2.5832389737312087, 'subsample': 0.7368965401204719, 'min_data_in_leaf': 22, 'rsm': 0.8337564956497728, 'loss_function': 'Logloss', 'eval_metric': 'AUC', 'grow_policy': 'Depthwise'}
[I 2024-12-29 22:14:24,633] Trial 2394 finished with value: 0.930584757088052 and parameters: {'iterations': 70, 'learning_rate': 0.1950493987764592, 'depth': 4, 'l2_leaf_reg': 4.381809706559314, 'subsample': 0.7185173180119553, 'min_data_in_leaf': 26, 'rsm': 0.9665053350024031}. Best is trial 1892 with value: 0.9319758700936625.
Trial 2394: AUC = 0.9306 | Params = {'iterations': 70, 'learning_rate': 0.1950493987764592, 'depth': 4, 'l2_leaf_reg': 4.381809706559314, 'subsample': 0.7185173180119553, 'min_data_in_leaf': 26, 'rsm': 0.9665053350024031, 'loss_function': 'Logloss', 'eval_metric': 'AUC', 'grow_policy': 'Depthwise'}
[I 2024-12-29 22:14:25,230] Trial 2395 finished with value: 0.9294928197831821 and parameters: {'iterations': 99, 'learning_rate': 0.19003237569108186, 'depth': 4, 'l2_leaf_reg': 4.519802392214736, 'subsample': 0.7105329355358858, 'min_data_in_leaf': 24, 'rsm': 0.9870330245228881}. Best is trial 1892 with value: 0.9319758700936625.
Trial 2395: AUC = 0.9295 | Params = {'iterations': 99, 'learning_rate': 0.19003237569108186, 'depth': 4, 'l2_leaf_reg': 4.519802392214736, 'subsample': 0.7105329355358858, 'min_data_in_leaf': 24, 'rsm': 0.9870330245228881, 'loss_function': 'Logloss', 'eval_metric': 'AUC', 'grow_policy': 'Depthwise'}
[I 2024-12-29 22:14:25,960] Trial 2396 finished with value: 0.9304321090770844 and parameters: {'iterations': 152, 'learning_rate': 0.19707762693348266, 'depth': 4, 'l2_leaf_reg': 3.7635103486853128, 'subsample': 0.7299018331647449, 'min_data_in_leaf': 27, 'rsm': 0.9749474080198531}. Best is trial 1892 with value: 0.9319758700936625.
Trial 2396: AUC = 0.9304 | Params = {'iterations': 152, 'learning_rate': 0.19707762693348266, 'depth': 4, 'l2_leaf_reg': 3.7635103486853128, 'subsample': 0.7299018331647449, 'min_data_in_leaf': 27, 'rsm': 0.9749474080198531, 'loss_function': 'Logloss', 'eval_metric': 'AUC', 'grow_policy': 'Depthwise'}
[I 2024-12-29 22:14:25,417] Trial 2397 finished with value: 0.9297135113650765 and parameters: {'iterations': 92, 'learning_rate': 0.05822389940356226, 'depth': 4, 'l2_leaf_reg': 4.16302612917788, 'subsample': 0.7051190900288293, 'min_data_in_leaf': 23, 'rsm': 0.9946876853099837}. Best is trial 1892 with value: 0.9319758700936625.
Trial 2397: AUC = 0.9297 | Params = {'iterations': 92, 'learning_rate': 0.05822389940356226, 'depth': 4, 'l2_leaf_reg': 4.16302612917788, 'subsample': 0.7051190900288293, 'min_data_in_leaf': 23, 'rsm': 0.9946876853099837, 'loss_function': 'Logloss', 'eval_metric': 'AUC', 'grow_policy': 'Depthwise'}
[I 2024-12-29 22:14:26,001] Trial 2398 finished with value: 0.9294478174214583 and parameters: {'iterations': 101, 'learning_rate': 0.19277524155288764, 'depth': 4, 'l2_leaf_reg': 4.319004543105104, 'subsample': 0.7153088099414058, 'min_data_in_leaf': 25, 'rsm': 0.8123032044480062}. Best is trial 1892 with value: 0.9319758700936625.
Trial 2398: AUC = 0.9294 | Params = {'iterations': 101, 'learning_rate': 0.19277524155288764, 'depth': 4, 'l2_leaf_reg': 4.319004543105104, 'subsample': 0.7153088099414058, 'min_data_in_leaf': 25, 'rsm': 0.8123032044480062, 'loss_function': 'Logloss', 'eval_metric': 'AUC', 'grow_policy': 'Depthwise'}
[I 2024-12-29 22:14:26,567] Trial 2399 finished with value: 0.9298892005852466 and parameters: {'iterations': 87, 'learning_rate': 0.19744786646875354, 'depth': 4, 'l2_leaf_reg': 4.43466113346713, 'subsample': 0.7228591254967698, 'min_data_in_leaf': 26, 'rsm': 0.979308506392538}. Best is trial 1892 with value: 0.9319758700936625.
Trial 2399: AUC = 0.9299 | Params = {'iterations': 87, 'learning_rate': 0.19744786646875354, 'depth': 4, 'l2_leaf_reg': 4.43466113346713, 'subsample': 0.7228591254967698, 'min_data_in_leaf': 26, 'rsm': 0.979308506392538, 'loss_function': 'Logloss', 'eval_metric': 'AUC', 'grow_policy': 'Depthwise'}
[I 2024-12-29 22:14:27,116] Trial 2400 finished with value: 0.9301682152279351 and parameters: {'iterations': 95, 'learning_rate': 0.18842971479547851, 'depth': 4, 'l2_leaf_reg': 4.030689684299656, 'subsample': 0.7084400346293048, 'min_data_in_leaf': 25, 'rsm': 0.9683812054580214}. Best is trial 1892 with value: 0.9319758700936625.
Trial 2400: AUC = 0.9302 | Params = {'iterations': 95, 'learning_rate': 0.18842971479547851, 'depth': 4, 'l2_leaf_reg': 4.030689684299656, 'subsample': 0.7084400346293048, 'min_data_in_leaf': 25, 'rsm': 0.9683812054580214, 'loss_function': 'Logloss', 'eval_metric': 'AUC', 'grow_policy': 'Depthwise'}
[I 2024-12-29 22:14:27,546] Trial 2401 finished with value: 0.9285009677307865 and parameters: {'iterations': 66, 'learning_rate': 0.19484108050785975, 'depth': 4, 'l2_leaf_reg': 4.263173428895512, 'subsample': 0.7183599574699736, 'min_data_in_leaf': 24, 'rsm': 0.7706802551207962}. Best is trial 1892 with value: 0.9319758700936625.
Trial 2401: AUC = 0.9285 | Params = {'iterations': 66, 'learning_rate': 0.19484108050785975, 'depth': 4, 'l2_leaf_reg': 4.263173428895512, 'subsample': 0.7183599574699736, 'min_data_in_leaf': 24, 'rsm': 0.7706802551207962, 'loss_function': 'Logloss', 'eval_metric': 'AUC', 'grow_policy': 'Depthwise'}
[I 2024-12-29 22:14:28,012] Trial 2402 finished with value: 0.9309555765486572 and parameters: {'iterations': 90, 'learning_rate': 0.19102739266495408, 'depth': 4, 'l2_leaf_reg': 4.363421945953856, 'subsample': 0.7119116222469276, 'min_data_in_leaf': 26, 'rsm': 0.9840343699816912}. Best is trial 1892 with value: 0.9319758700936625.
Trial 2402: AUC = 0.9310 | Params = {'iterations': 90, 'learning_rate': 0.19102739266495408, 'depth': 4, 'l2_leaf_reg': 4.363421945953856, 'subsample': 0.7119116222469276, 'min_data_in_leaf': 26, 'rsm': 0.9840343699816912, 'loss_function': 'Logloss', 'eval_metric': 'AUC', 'grow_policy': 'Depthwise'}
[I 2024-12-29 22:14:28,698] Trial 2403 finished with value: 0.9281189876844737 and parameters: {'iterations': 93, 'learning_rate': 0.19998478659784727, 'depth': 6, 'l2_leaf_reg': 4.110344713908811, 'subsample': 0.7327212774995957, 'min_data_in_leaf': 25, 'rsm': 0.9750990074052928}. Best is trial 1892 with value: 0.9319758700936625.
Trial 2403: AUC = 0.9281 | Params = {'iterations': 93, 'learning_rate': 0.19998478659784727, 'depth': 6, 'l2_leaf_reg': 4.110344713908811, 'subsample': 0.7327212774995957, 'min_data_in_leaf': 25, 'rsm': 0.9750990074052928, 'loss_function': 'Logloss', 'eval_metric': 'AUC', 'grow_policy': 'Depthwise'}
[I 2024-12-29 22:14:29,353] Trial 2404 finished with value: 0.9300465288418337 and parameters: {'iterations': 97, 'learning_rate': 0.19506417616311622, 'depth': 4, 'l2_leaf_reg': 4.566047776457589, 'subsample': 0.7248801888908525, 'min_data_in_leaf': 24, 'rsm': 0.9675374737255461}. Best is trial 1892 with value: 0.9319758700936625.
Trial 2404: AUC = 0.9300 | Params = {'iterations': 97, 'learning_rate': 0.19506417616311622, 'depth': 4, 'l2_leaf_reg': 4.566047776457589, 'subsample': 0.7248801888908525, 'min_data_in_leaf': 24, 'rsm': 0.9675374737255461, 'loss_function': 'Logloss', 'eval_metric': 'AUC', 'grow_policy': 'Depthwise'}
[I 2024-12-29 22:14:29,841] Trial 2405 finished with value: 0.9298964009631226 and parameters: {'iterations': 87, 'learning_rate': 0.19263372713706503, 'depth': 4, 'l2_leaf_reg': 4.446582367714198, 'subsample': 0.7044318291677755, 'min_data_in_leaf': 25, 'rsm': 0.9889425927414457}. Best is trial 1892 with value: 0.9319758700936625.
Trial 2405: AUC = 0.9299 | Params = {'iterations': 87, 'learning_rate': 0.19263372713706503, 'depth': 4, 'l2_leaf_reg': 4.446582367714198, 'subsample': 0.7044318291677755, 'min_data_in_leaf': 25, 'rsm': 0.9889425927414457, 'loss_function': 'Logloss', 'eval_metric': 'AUC', 'grow_policy': 'Depthwise'}
[I 2024-12-29 22:14:30,376] Trial 2406 finished with value: 0.9298877605096716 and parameters: {'iterations': 90, 'learning_rate': 0.19759043031660578, 'depth': 4, 'l2_leaf_reg': 4.224274401428939, 'subsample': 0.8568722495972703, 'min_data_in_leaf': 24, 'rsm': 0.8832641101530075}. Best is trial 1892 with value: 0.9319758700936625.
Trial 2406: AUC = 0.9299 | Params = {'iterations': 90, 'learning_rate': 0.19759043031660578, 'depth': 4, 'l2_leaf_reg': 4.224274401428939, 'subsample': 0.8568722495972703, 'min_data_in_leaf': 24, 'rsm': 0.8832641101530075, 'loss_function': 'Logloss', 'eval_metric': 'AUC', 'grow_policy': 'Depthwise'}
[I 2024-12-29 22:14:30,811] Trial 2407 finished with value: 0.9289175095909034 and parameters: {'iterations': 69, 'learning_rate': 0.16053724067804553, 'depth': 4, 'l2_leaf_reg': 4.329053661320617, 'subsample': 0.7174686996760458, 'min_data_in_leaf': 25, 'rsm': 0.9783145179238039}. Best is trial 1892 with value: 0.9319758700936625.
Trial 2407: AUC = 0.9289 | Params = {'iterations': 69, 'learning_rate': 0.16053724067804553, 'depth': 4, 'l2_leaf_reg': 4.329053661320617, 'subsample': 0.7174686996760458, 'min_data_in_leaf': 25, 'rsm': 0.9783145179238039, 'loss_function': 'Logloss', 'eval_metric': 'AUC', 'grow_policy': 'Depthwise'}
