[I 2024-12-29 22:17:12,352] Trial 2714 finished with value: 0.9306322795820324 and parameters: {'iterations': 58, 'learning_rate': 0.18337034994063992, 'depth': 4, 'l2_leaf_reg': 4.624111650586112, 'subsample': 0.7085046644084775, 'min_data_in_leaf': 25, 'rsm': 0.9563700829387399}. Best is trial 1892 with value: 0.9319758700936625.
Trial 2714: AUC = 0.9306 | Params = {'iterations': 58, 'learning_rate': 0.18337034994063992, 'depth': 4, 'l2_leaf_reg': 4.624111650586112, 'subsample': 0.7085046644084775, 'min_data_in_leaf': 25, 'rsm': 0.9563700829387399, 'loss_function': 'Logloss', 'eval_metric': 'AUC', 'grow_policy': 'Depthwise'}
[I 2024-12-29 22:17:12,788] Trial 2715 finished with value: 0.9305203137060633 and parameters: {'iterations': 61, 'learning_rate': 0.18304329257588817, 'depth': 4, 'l2_leaf_reg': 4.550555250277758, 'subsample': 0.7053223886420984, 'min_data_in_leaf': 25, 'rsm': 0.9566465501506141}. Best is trial 1892 with value: 0.9319758700936625.
Trial 2715: AUC = 0.9305 | Params = {'iterations': 61, 'learning_rate': 0.18304329257588817, 'depth': 4, 'l2_leaf_reg': 4.550555250277758, 'subsample': 0.7053223886420984, 'min_data_in_leaf': 25, 'rsm': 0.9566465501506141, 'loss_function': 'Logloss', 'eval_metric': 'AUC', 'grow_policy': 'Depthwise'}
[I 2024-12-29 22:17:13,301] Trial 2716 finished with value: 0.9306704415847744 and parameters: {'iterations': 71, 'learning_rate': 0.18663096629518897, 'depth': 4, 'l2_leaf_reg': 4.657999476612625, 'subsample': 0.7121811800007449, 'min_data_in_leaf': 25, 'rsm': 0.9560721801633858}. Best is trial 1892 with value: 0.9319758700936625.
Trial 2716: AUC = 0.9307 | Params = {'iterations': 71, 'learning_rate': 0.18663096629518897, 'depth': 4, 'l2_leaf_reg': 4.657999476612625, 'subsample': 0.7121811800007449, 'min_data_in_leaf': 25, 'rsm': 0.9560721801633858, 'loss_function': 'Logloss', 'eval_metric': 'AUC', 'grow_policy': 'Depthwise'}
[I 2024-12-29 22:17:13,768] Trial 2717 finished with value: 0.9292418866142095 and parameters: {'iterations': 61, 'learning_rate': 0.1853483304905162, 'depth': 4, 'l2_leaf_reg': 4.549128692748786, 'subsample': 0.7055651613825658, 'min_data_in_leaf': 2, 'rsm': 0.9557564714189967}. Best is trial 1892 with value: 0.9319758700936625.
Trial 2717: AUC = 0.9292 | Params = {'iterations': 61, 'learning_rate': 0.1853483304905162, 'depth': 4, 'l2_leaf_reg': 4.549128692748786, 'subsample': 0.7055651613825658, 'min_data_in_leaf': 2, 'rsm': 0.9557564714189967, 'loss_function': 'Logloss', 'eval_metric': 'AUC', 'grow_policy': 'Depthwise'}
[I 2024-12-29 22:17:14,196] Trial 2718 finished with value: 0.9298135966175505 and parameters: {'iterations': 58, 'learning_rate': 0.18177493271343498, 'depth': 4, 'l2_leaf_reg': 4.49251885779105, 'subsample': 0.7114057599166422, 'min_data_in_leaf': 25, 'rsm': 0.95944035617513}. Best is trial 1892 with value: 0.9319758700936625.
Trial 2718: AUC = 0.9298 | Params = {'iterations': 58, 'learning_rate': 0.18177493271343498, 'depth': 4, 'l2_leaf_reg': 4.49251885779105, 'subsample': 0.7114057599166422, 'min_data_in_leaf': 25, 'rsm': 0.95944035617513, 'loss_function': 'Logloss', 'eval_metric': 'AUC', 'grow_policy': 'Depthwise'}
[I 2024-12-29 22:17:14,703] Trial 2719 finished with value: 0.9306002379004851 and parameters: {'iterations': 63, 'learning_rate': 0.1823547950702727, 'depth': 4, 'l2_leaf_reg': 4.735142316356456, 'subsample': 0.7138542533649844, 'min_data_in_leaf': 25, 'rsm': 0.9627631947442761}. Best is trial 1892 with value: 0.9319758700936625.
Trial 2719: AUC = 0.9306 | Params = {'iterations': 63, 'learning_rate': 0.1823547950702727, 'depth': 4, 'l2_leaf_reg': 4.735142316356456, 'subsample': 0.7138542533649844, 'min_data_in_leaf': 25, 'rsm': 0.9627631947442761, 'loss_function': 'Logloss', 'eval_metric': 'AUC', 'grow_policy': 'Depthwise'}
[I 2024-12-29 22:17:15,182] Trial 2720 finished with value: 0.9282323936360181 and parameters: {'iterations': 61, 'learning_rate': 0.18510482916862583, 'depth': 5, 'l2_leaf_reg': 4.452720555185284, 'subsample': 0.7091916055857844, 'min_data_in_leaf': 26, 'rsm': 0.9628671789140499}. Best is trial 1892 with value: 0.9319758700936625.
Trial 2720: AUC = 0.9282 | Params = {'iterations': 61, 'learning_rate': 0.18510482916862583, 'depth': 5, 'l2_leaf_reg': 4.452720555185284, 'subsample': 0.7091916055857844, 'min_data_in_leaf': 26, 'rsm': 0.9628671789140499, 'loss_function': 'Logloss', 'eval_metric': 'AUC', 'grow_policy': 'Depthwise'}
[I 2024-12-29 22:17:15,713] Trial 2721 finished with value: 0.9297793948226403 and parameters: {'iterations': 58, 'learning_rate': 0.18317581834046706, 'depth': 4, 'l2_leaf_reg': 4.594826917972608, 'subsample': 0.7043200735204728, 'min_data_in_leaf': 1, 'rsm': 0.9631394562062926}. Best is trial 1892 with value: 0.9319758700936625.
Trial 2721: AUC = 0.9298 | Params = {'iterations': 58, 'learning_rate': 0.18317581834046706, 'depth': 4, 'l2_leaf_reg': 4.594826917972608, 'subsample': 0.7043200735204728, 'min_data_in_leaf': 1, 'rsm': 0.9631394562062926, 'loss_function': 'Logloss', 'eval_metric': 'AUC', 'grow_policy': 'Depthwise'}
[I 2024-12-29 22:17:16,202] Trial 2722 finished with value: 0.9293574526791165 and parameters: {'iterations': 64, 'learning_rate': 0.18277339426869146, 'depth': 4, 'l2_leaf_reg': 4.46183448806704, 'subsample': 0.7140353860732087, 'min_data_in_leaf': 25, 'rsm': 0.9570327006216177}. Best is trial 1892 with value: 0.9319758700936625.
Trial 2722: AUC = 0.9294 | Params = {'iterations': 64, 'learning_rate': 0.18277339426869146, 'depth': 4, 'l2_leaf_reg': 4.46183448806704, 'subsample': 0.7140353860732087, 'min_data_in_leaf': 25, 'rsm': 0.9570327006216177, 'loss_function': 'Logloss', 'eval_metric': 'AUC', 'grow_policy': 'Depthwise'}
[I 2024-12-29 22:17:16,692] Trial 2723 finished with value: 0.9309249749426851 and parameters: {'iterations': 56, 'learning_rate': 0.18481855729244673, 'depth': 4, 'l2_leaf_reg': 4.636737730663666, 'subsample': 0.7161895390539539, 'min_data_in_leaf': 26, 'rsm': 0.9629846612044538}. Best is trial 1892 with value: 0.9319758700936625.
Trial 2723: AUC = 0.9309 | Params = {'iterations': 56, 'learning_rate': 0.18481855729244673, 'depth': 4, 'l2_leaf_reg': 4.636737730663666, 'subsample': 0.7161895390539539, 'min_data_in_leaf': 26, 'rsm': 0.9629846612044538, 'loss_function': 'Logloss', 'eval_metric': 'AUC', 'grow_policy': 'Depthwise'}
[I 2024-12-29 22:17:17,175] Trial 2724 finished with value: 0.9299280826257761 and parameters: {'iterations': 60, 'learning_rate': 0.18525153812452994, 'depth': 4, 'l2_leaf_reg': 4.494254743596265, 'subsample': 0.882560276621805, 'min_data_in_leaf': 25, 'rsm': 0.9658678239161776}. Best is trial 1892 with value: 0.9319758700936625.
Trial 2724: AUC = 0.9299 | Params = {'iterations': 60, 'learning_rate': 0.18525153812452994, 'depth': 4, 'l2_leaf_reg': 4.494254743596265, 'subsample': 0.882560276621805, 'min_data_in_leaf': 25, 'rsm': 0.9658678239161776, 'loss_function': 'Logloss', 'eval_metric': 'AUC', 'grow_policy': 'Depthwise'}
[I 2024-12-29 22:17:17,592] Trial 2725 finished with value: 0.9302290584209859 and parameters: {'iterations': 56, 'learning_rate': 0.18312556967016203, 'depth': 4, 'l2_leaf_reg': 3.5362668500378396, 'subsample': 0.7052870399269392, 'min_data_in_leaf': 11, 'rsm': 0.9626031468440891}. Best is trial 1892 with value: 0.9319758700936625.
Trial 2725: AUC = 0.9302 | Params = {'iterations': 56, 'learning_rate': 0.18312556967016203, 'depth': 4, 'l2_leaf_reg': 3.5362668500378396, 'subsample': 0.7052870399269392, 'min_data_in_leaf': 11, 'rsm': 0.9626031468440891, 'loss_function': 'Logloss', 'eval_metric': 'AUC', 'grow_policy': 'Depthwise'}
[I 2024-12-29 22:17:18,163] Trial 2726 finished with value: 0.9292472868976165 and parameters: {'iterations': 61, 'learning_rate': 0.10231958738524996, 'depth': 4, 'l2_leaf_reg': 4.535485051218011, 'subsample': 0.7099576602971895, 'min_data_in_leaf': 3, 'rsm': 0.9570410909368611}. Best is trial 1892 with value: 0.9319758700936625.
Trial 2726: AUC = 0.9292 | Params = {'iterations': 61, 'learning_rate': 0.10231958738524996, 'depth': 4, 'l2_leaf_reg': 4.535485051218011, 'subsample': 0.7099576602971895, 'min_data_in_leaf': 3, 'rsm': 0.9570410909368611, 'loss_function': 'Logloss', 'eval_metric': 'AUC', 'grow_policy': 'Depthwise'}
[I 2024-12-29 22:17:18,599] Trial 2727 finished with value: 0.9294532177048651 and parameters: {'iterations': 60, 'learning_rate': 0.18792316171550083, 'depth': 4, 'l2_leaf_reg': 4.506493772333945, 'subsample': 0.7166060162750041, 'min_data_in_leaf': 26, 'rsm': 0.9669154965329109}. Best is trial 1892 with value: 0.9319758700936625.
Trial 2727: AUC = 0.9295 | Params = {'iterations': 60, 'learning_rate': 0.18792316171550083, 'depth': 4, 'l2_leaf_reg': 4.506493772333945, 'subsample': 0.7166060162750041, 'min_data_in_leaf': 26, 'rsm': 0.9669154965329109, 'loss_function': 'Logloss', 'eval_metric': 'AUC', 'grow_policy': 'Depthwise'}
[I 2024-12-29 22:17:19,076] Trial 2728 finished with value: 0.9299399632492714 and parameters: {'iterations': 60, 'learning_rate': 0.18408004200364306, 'depth': 4, 'l2_leaf_reg': 4.709746164698601, 'subsample': 0.7569035925470524, 'min_data_in_leaf': 25, 'rsm': 0.7986999052650389}. Best is trial 1892 with value: 0.9319758700936625.
Trial 2728: AUC = 0.9299 | Params = {'iterations': 60, 'learning_rate': 0.18408004200364306, 'depth': 4, 'l2_leaf_reg': 4.709746164698601, 'subsample': 0.7569035925470524, 'min_data_in_leaf': 25, 'rsm': 0.7986999052650389, 'loss_function': 'Logloss', 'eval_metric': 'AUC', 'grow_policy': 'Depthwise'}
[I 2024-12-29 22:17:19,581] Trial 2729 finished with value: 0.9301437339431574 and parameters: {'iterations': 63, 'learning_rate': 0.1842004236788274, 'depth': 4, 'l2_leaf_reg': 4.60220947245574, 'subsample': 0.7048259552430646, 'min_data_in_leaf': 26, 'rsm': 0.9554069271613981}. Best is trial 1892 with value: 0.9319758700936625.
Trial 2729: AUC = 0.9301 | Params = {'iterations': 63, 'learning_rate': 0.1842004236788274, 'depth': 4, 'l2_leaf_reg': 4.60220947245574, 'subsample': 0.7048259552430646, 'min_data_in_leaf': 26, 'rsm': 0.9554069271613981, 'loss_function': 'Logloss', 'eval_metric': 'AUC', 'grow_policy': 'Depthwise'}
[I 2024-12-29 22:17:20,039] Trial 2730 finished with value: 0.9289347904978054 and parameters: {'iterations': 67, 'learning_rate': 0.1845977424979834, 'depth': 4, 'l2_leaf_reg': 4.470432383340746, 'subsample': 0.7129757570815394, 'min_data_in_leaf': 25, 'rsm': 0.9666855743086518}. Best is trial 1892 with value: 0.9319758700936625.
Trial 2730: AUC = 0.9289 | Params = {'iterations': 67, 'learning_rate': 0.1845977424979834, 'depth': 4, 'l2_leaf_reg': 4.470432383340746, 'subsample': 0.7129757570815394, 'min_data_in_leaf': 25, 'rsm': 0.9666855743086518, 'loss_function': 'Logloss', 'eval_metric': 'AUC', 'grow_policy': 'Depthwise'}
[I 2024-12-29 22:17:20,469] Trial 2731 finished with value: 0.928838665453163 and parameters: {'iterations': 54, 'learning_rate': 0.18715475643321883, 'depth': 4, 'l2_leaf_reg': 4.550200255928932, 'subsample': 0.7197080342818044, 'min_data_in_leaf': 25, 'rsm': 0.964445469223183}. Best is trial 1892 with value: 0.9319758700936625.
Trial 2731: AUC = 0.9288 | Params = {'iterations': 54, 'learning_rate': 0.18715475643321883, 'depth': 4, 'l2_leaf_reg': 4.550200255928932, 'subsample': 0.7197080342818044, 'min_data_in_leaf': 25, 'rsm': 0.964445469223183, 'loss_function': 'Logloss', 'eval_metric': 'AUC', 'grow_policy': 'Depthwise'}
[I 2024-12-29 22:17:20,994] Trial 2732 finished with value: 0.9300468888607276 and parameters: {'iterations': 55, 'learning_rate': 0.18649249589664288, 'depth': 4, 'l2_leaf_reg': 4.437773333782833, 'subsample': 0.7097607480343838, 'min_data_in_leaf': 26, 'rsm': 0.9669640808734764}. Best is trial 1892 with value: 0.9319758700936625.
Trial 2732: AUC = 0.9300 | Params = {'iterations': 55, 'learning_rate': 0.18649249589664288, 'depth': 4, 'l2_leaf_reg': 4.437773333782833, 'subsample': 0.7097607480343838, 'min_data_in_leaf': 26, 'rsm': 0.9669640808734764, 'loss_function': 'Logloss', 'eval_metric': 'AUC', 'grow_policy': 'Depthwise'}
[I 2024-12-29 22:17:21,441] Trial 2733 finished with value: 0.9292303660096083 and parameters: {'iterations': 60, 'learning_rate': 0.1826595669821631, 'depth': 4, 'l2_leaf_reg': 4.430284579582708, 'subsample': 0.71520881094996, 'min_data_in_leaf': 18, 'rsm': 0.7686795631555234}. Best is trial 1892 with value: 0.9319758700936625.
Trial 2733: AUC = 0.9292 | Params = {'iterations': 60, 'learning_rate': 0.1826595669821631, 'depth': 4, 'l2_leaf_reg': 4.430284579582708, 'subsample': 0.71520881094996, 'min_data_in_leaf': 18, 'rsm': 0.7686795631555234, 'loss_function': 'Logloss', 'eval_metric': 'AUC', 'grow_policy': 'Depthwise'}
[I 2024-12-29 22:17:21,873] Trial 2734 finished with value: 0.930406907754519 and parameters: {'iterations': 56, 'learning_rate': 0.1873535660949517, 'depth': 4, 'l2_leaf_reg': 4.498446716958407, 'subsample': 0.7004529494217904, 'min_data_in_leaf': 25, 'rsm': 0.9633130462963295}. Best is trial 1892 with value: 0.9319758700936625.
Trial 2734: AUC = 0.9304 | Params = {'iterations': 56, 'learning_rate': 0.1873535660949517, 'depth': 4, 'l2_leaf_reg': 4.498446716958407, 'subsample': 0.7004529494217904, 'min_data_in_leaf': 25, 'rsm': 0.9633130462963295, 'loss_function': 'Logloss', 'eval_metric': 'AUC', 'grow_policy': 'Depthwise'}
[I 2024-12-29 22:17:22,342] Trial 2735 finished with value: 0.9291014792456307 and parameters: {'iterations': 57, 'learning_rate': 0.1837644044385949, 'depth': 4, 'l2_leaf_reg': 4.616862960482584, 'subsample': 0.7214857167263342, 'min_data_in_leaf': 25, 'rsm': 0.9700917921041218}. Best is trial 1892 with value: 0.9319758700936625.
Trial 2735: AUC = 0.9291 | Params = {'iterations': 57, 'learning_rate': 0.1837644044385949, 'depth': 4, 'l2_leaf_reg': 4.616862960482584, 'subsample': 0.7214857167263342, 'min_data_in_leaf': 25, 'rsm': 0.9700917921041218, 'loss_function': 'Logloss', 'eval_metric': 'AUC', 'grow_policy': 'Depthwise'}
[I 2024-12-29 22:17:22,783] Trial 2736 finished with value: 0.9307363250423382 and parameters: {'iterations': 62, 'learning_rate': 0.18906763326833997, 'depth': 4, 'l2_leaf_reg': 4.415109192219345, 'subsample': 0.857576247014696, 'min_data_in_leaf': 26, 'rsm': 0.9710198186754221}. Best is trial 1892 with value: 0.9319758700936625.
Trial 2736: AUC = 0.9307 | Params = {'iterations': 62, 'learning_rate': 0.18906763326833997, 'depth': 4, 'l2_leaf_reg': 4.415109192219345, 'subsample': 0.857576247014696, 'min_data_in_leaf': 26, 'rsm': 0.9710198186754221, 'loss_function': 'Logloss', 'eval_metric': 'AUC', 'grow_policy': 'Depthwise'}
[I 2024-12-29 22:17:23,231] Trial 2737 finished with value: 0.9308036485754773 and parameters: {'iterations': 65, 'learning_rate': 0.18758225591111902, 'depth': 4, 'l2_leaf_reg': 4.53134817026345, 'subsample': 0.7094246132081581, 'min_data_in_leaf': 25, 'rsm': 0.9609432690943336}. Best is trial 1892 with value: 0.9319758700936625.
Trial 2737: AUC = 0.9308 | Params = {'iterations': 65, 'learning_rate': 0.18758225591111902, 'depth': 4, 'l2_leaf_reg': 4.53134817026345, 'subsample': 0.7094246132081581, 'min_data_in_leaf': 25, 'rsm': 0.9609432690943336, 'loss_function': 'Logloss', 'eval_metric': 'AUC', 'grow_policy': 'Depthwise'}
[I 2024-12-29 22:17:23,752] Trial 2738 finished with value: 0.9292541272565984 and parameters: {'iterations': 59, 'learning_rate': 0.15454794872245042, 'depth': 4, 'l2_leaf_reg': 4.422663825401711, 'subsample': 0.8378091513276528, 'min_data_in_leaf': 17, 'rsm': 0.9552824350651605}. Best is trial 1892 with value: 0.9319758700936625.
Trial 2738: AUC = 0.9293 | Params = {'iterations': 59, 'learning_rate': 0.15454794872245042, 'depth': 4, 'l2_leaf_reg': 4.422663825401711, 'subsample': 0.8378091513276528, 'min_data_in_leaf': 17, 'rsm': 0.9552824350651605, 'loss_function': 'Logloss', 'eval_metric': 'AUC', 'grow_policy': 'Depthwise'}
[I 2024-12-29 22:17:24,144] Trial 2739 finished with value: 0.9301743355491296 and parameters: {'iterations': 51, 'learning_rate': 0.18906792141385392, 'depth': 4, 'l2_leaf_reg': 4.498137681728681, 'subsample': 0.7821202254414161, 'min_data_in_leaf': 16, 'rsm': 0.970709900535594}. Best is trial 1892 with value: 0.9319758700936625.
Trial 2739: AUC = 0.9302 | Params = {'iterations': 51, 'learning_rate': 0.18906792141385392, 'depth': 4, 'l2_leaf_reg': 4.498137681728681, 'subsample': 0.7821202254414161, 'min_data_in_leaf': 16, 'rsm': 0.970709900535594, 'loss_function': 'Logloss', 'eval_metric': 'AUC', 'grow_policy': 'Depthwise'}
[I 2024-12-29 22:17:24,559] Trial 2740 finished with value: 0.9293945346251773 and parameters: {'iterations': 63, 'learning_rate': 0.18545605009440613, 'depth': 4, 'l2_leaf_reg': 2.1915143005300073, 'subsample': 0.7000009426763032, 'min_data_in_leaf': 26, 'rsm': 0.9695739608679881}. Best is trial 1892 with value: 0.9319758700936625.
Trial 2740: AUC = 0.9294 | Params = {'iterations': 63, 'learning_rate': 0.18545605009440613, 'depth': 4, 'l2_leaf_reg': 2.1915143005300073, 'subsample': 0.7000009426763032, 'min_data_in_leaf': 26, 'rsm': 0.9695739608679881, 'loss_function': 'Logloss', 'eval_metric': 'AUC', 'grow_policy': 'Depthwise'}
[I 2024-12-29 22:17:25,064] Trial 2741 finished with value: 0.9295417823527379 and parameters: {'iterations': 64, 'learning_rate': 0.18953762577425082, 'depth': 4, 'l2_leaf_reg': 4.408400423465897, 'subsample': 0.7174198888903743, 'min_data_in_leaf': 13, 'rsm': 0.824378172824353}. Best is trial 1892 with value: 0.9319758700936625.
Trial 2741: AUC = 0.9295 | Params = {'iterations': 64, 'learning_rate': 0.18953762577425082, 'depth': 4, 'l2_leaf_reg': 4.408400423465897, 'subsample': 0.7174198888903743, 'min_data_in_leaf': 13, 'rsm': 0.824378172824353, 'loss_function': 'Logloss', 'eval_metric': 'AUC', 'grow_policy': 'Depthwise'}
[I 2024-12-29 22:17:25,508] Trial 2742 finished with value: 0.9300724502021867 and parameters: {'iterations': 64, 'learning_rate': 0.18238337108444813, 'depth': 4, 'l2_leaf_reg': 4.702074170091229, 'subsample': 0.7477931659150968, 'min_data_in_leaf': 25, 'rsm': 0.962021036290778}. Best is trial 1892 with value: 0.9319758700936625.
Trial 2742: AUC = 0.9301 | Params = {'iterations': 64, 'learning_rate': 0.18238337108444813, 'depth': 4, 'l2_leaf_reg': 4.702074170091229, 'subsample': 0.7477931659150968, 'min_data_in_leaf': 25, 'rsm': 0.962021036290778, 'loss_function': 'Logloss', 'eval_metric': 'AUC', 'grow_policy': 'Depthwise'}
[I 2024-12-29 22:17:26,043] Trial 2743 finished with value: 0.9301894563426689 and parameters: {'iterations': 61, 'learning_rate': 0.1863801187971785, 'depth': 4, 'l2_leaf_reg': 4.376914832312212, 'subsample': 0.7097832841994685, 'min_data_in_leaf': 25, 'rsm': 0.9256911265655636}. Best is trial 1892 with value: 0.9319758700936625.
Trial 2743: AUC = 0.9302 | Params = {'iterations': 61, 'learning_rate': 0.1863801187971785, 'depth': 4, 'l2_leaf_reg': 4.376914832312212, 'subsample': 0.7097832841994685, 'min_data_in_leaf': 25, 'rsm': 0.9256911265655636, 'loss_function': 'Logloss', 'eval_metric': 'AUC', 'grow_policy': 'Depthwise'}
[I 2024-12-29 22:17:26,485] Trial 2744 finished with value: 0.929800635937374 and parameters: {'iterations': 66, 'learning_rate': 0.19094455760127585, 'depth': 4, 'l2_leaf_reg': 4.563230283963565, 'subsample': 0.7226226738488939, 'min_data_in_leaf': 24, 'rsm': 0.9720821171812362}. Best is trial 1892 with value: 0.9319758700936625.
Trial 2744: AUC = 0.9298 | Params = {'iterations': 66, 'learning_rate': 0.19094455760127585, 'depth': 4, 'l2_leaf_reg': 4.563230283963565, 'subsample': 0.7226226738488939, 'min_data_in_leaf': 24, 'rsm': 0.9720821171812362, 'loss_function': 'Logloss', 'eval_metric': 'AUC', 'grow_policy': 'Depthwise'}
[I 2024-12-29 22:17:26,905] Trial 2745 finished with value: 0.9307806073662745 and parameters: {'iterations': 56, 'learning_rate': 0.18987641917014958, 'depth': 4, 'l2_leaf_reg': 4.450475970831024, 'subsample': 0.7155688216166453, 'min_data_in_leaf': 9, 'rsm': 0.9670817689342873}. Best is trial 1892 with value: 0.9319758700936625.
Trial 2745: AUC = 0.9308 | Params = {'iterations': 56, 'learning_rate': 0.18987641917014958, 'depth': 4, 'l2_leaf_reg': 4.450475970831024, 'subsample': 0.7155688216166453, 'min_data_in_leaf': 9, 'rsm': 0.9670817689342873, 'loss_function': 'Logloss', 'eval_metric': 'AUC', 'grow_policy': 'Depthwise'}
[I 2024-12-29 22:17:27,454] Trial 2746 finished with value: 0.930268660499303 and parameters: {'iterations': 68, 'learning_rate': 0.1900481276698887, 'depth': 4, 'l2_leaf_reg': 4.633939830304359, 'subsample': 0.7935748663553603, 'min_data_in_leaf': 26, 'rsm': 0.9558960211643283}. Best is trial 1892 with value: 0.9319758700936625.
Trial 2746: AUC = 0.9303 | Params = {'iterations': 68, 'learning_rate': 0.1900481276698887, 'depth': 4, 'l2_leaf_reg': 4.633939830304359, 'subsample': 0.7935748663553603, 'min_data_in_leaf': 26, 'rsm': 0.9558960211643283, 'loss_function': 'Logloss', 'eval_metric': 'AUC', 'grow_policy': 'Depthwise'}
[I 2024-12-29 22:17:27,895] Trial 2747 finished with value: 0.9296375473784864 and parameters: {'iterations': 63, 'learning_rate': 0.18598131001830723, 'depth': 4, 'l2_leaf_reg': 4.409411247319903, 'subsample': 0.8311062679985178, 'min_data_in_leaf': 25, 'rsm': 0.9732030666391496}. Best is trial 1892 with value: 0.9319758700936625.
Trial 2747: AUC = 0.9296 | Params = {'iterations': 63, 'learning_rate': 0.18598131001830723, 'depth': 4, 'l2_leaf_reg': 4.409411247319903, 'subsample': 0.8311062679985178, 'min_data_in_leaf': 25, 'rsm': 0.9732030666391496, 'loss_function': 'Logloss', 'eval_metric': 'AUC', 'grow_policy': 'Depthwise'}
