[I 2024-12-29 22:18:18,921] Trial 2850 finished with value: 0.9293718534348683 and parameters: {'iterations': 60, 'learning_rate': 0.18558287990196845, 'depth': 4, 'l2_leaf_reg': 4.417177088499043, 'subsample': 0.7270517580475481, 'min_data_in_leaf': 26, 'rsm': 0.9809325724657039}. Best is trial 1892 with value: 0.9319758700936625.
Trial 2850: AUC = 0.9294 | Params = {'iterations': 60, 'learning_rate': 0.18558287990196845, 'depth': 4, 'l2_leaf_reg': 4.417177088499043, 'subsample': 0.7270517580475481, 'min_data_in_leaf': 26, 'rsm': 0.9809325724657039, 'loss_function': 'Logloss', 'eval_metric': 'AUC', 'grow_policy': 'Depthwise'}
[I 2024-12-29 22:18:19,329] Trial 2851 finished with value: 0.9295097406711904 and parameters: {'iterations': 54, 'learning_rate': 0.18979280953136993, 'depth': 4, 'l2_leaf_reg': 4.192518677770913, 'subsample': 0.7152399029464963, 'min_data_in_leaf': 18, 'rsm': 0.9724965719437866}. Best is trial 1892 with value: 0.9319758700936625.
Trial 2851: AUC = 0.9295 | Params = {'iterations': 54, 'learning_rate': 0.18979280953136993, 'depth': 4, 'l2_leaf_reg': 4.192518677770913, 'subsample': 0.7152399029464963, 'min_data_in_leaf': 18, 'rsm': 0.9724965719437866, 'loss_function': 'Logloss', 'eval_metric': 'AUC', 'grow_policy': 'Depthwise'}
[I 2024-12-29 22:18:19,784] Trial 2852 finished with value: 0.9293272110920381 and parameters: {'iterations': 55, 'learning_rate': 0.19521408214116606, 'depth': 4, 'l2_leaf_reg': 4.6279051763448855, 'subsample': 0.7097927594807445, 'min_data_in_leaf': 4, 'rsm': 0.8494270758011995}. Best is trial 1892 with value: 0.9319758700936625.
Trial 2852: AUC = 0.9293 | Params = {'iterations': 55, 'learning_rate': 0.19521408214116606, 'depth': 4, 'l2_leaf_reg': 4.6279051763448855, 'subsample': 0.7097927594807445, 'min_data_in_leaf': 4, 'rsm': 0.8494270758011995, 'loss_function': 'Logloss', 'eval_metric': 'AUC', 'grow_policy': 'Depthwise'}
[I 2024-12-29 22:18:20,343] Trial 2853 finished with value: 0.930482871741109 and parameters: {'iterations': 64, 'learning_rate': 0.1923582315104175, 'depth': 4, 'l2_leaf_reg': 4.323980062869566, 'subsample': 0.7184428304241705, 'min_data_in_leaf': 23, 'rsm': 0.9894864486855596}. Best is trial 1892 with value: 0.9319758700936625.
Trial 2853: AUC = 0.9305 | Params = {'iterations': 64, 'learning_rate': 0.1923582315104175, 'depth': 4, 'l2_leaf_reg': 4.323980062869566, 'subsample': 0.7184428304241705, 'min_data_in_leaf': 23, 'rsm': 0.9894864486855596, 'loss_function': 'Logloss', 'eval_metric': 'AUC', 'grow_policy': 'Depthwise'}
[I 2024-12-29 22:18:20,903] Trial 2854 finished with value: 0.9294514176103961 and parameters: {'iterations': 53, 'learning_rate': 0.18385185631083223, 'depth': 4, 'l2_leaf_reg': 4.519492112212446, 'subsample': 0.7251668464159511, 'min_data_in_leaf': 24, 'rsm': 0.9683518998709352}. Best is trial 1892 with value: 0.9319758700936625.
Trial 2854: AUC = 0.9295 | Params = {'iterations': 53, 'learning_rate': 0.18385185631083223, 'depth': 4, 'l2_leaf_reg': 4.519492112212446, 'subsample': 0.7251668464159511, 'min_data_in_leaf': 24, 'rsm': 0.9683518998709352, 'loss_function': 'Logloss', 'eval_metric': 'AUC', 'grow_policy': 'Depthwise'}
[I 2024-12-29 22:18:21,420] Trial 2855 finished with value: 0.930149494245458 and parameters: {'iterations': 51, 'learning_rate': 0.19482000133849683, 'depth': 4, 'l2_leaf_reg': 4.25093582107494, 'subsample': 0.7049718424411587, 'min_data_in_leaf': 25, 'rsm': 0.9767678454334366}. Best is trial 1892 with value: 0.9319758700936625.
Trial 2855: AUC = 0.9301 | Params = {'iterations': 51, 'learning_rate': 0.19482000133849683, 'depth': 4, 'l2_leaf_reg': 4.25093582107494, 'subsample': 0.7049718424411587, 'min_data_in_leaf': 25, 'rsm': 0.9767678454334366, 'loss_function': 'Logloss', 'eval_metric': 'AUC', 'grow_policy': 'Depthwise'}
[I 2024-12-29 22:18:21,841] Trial 2856 finished with value: 0.9298470783746732 and parameters: {'iterations': 57, 'learning_rate': 0.18932291599085008, 'depth': 4, 'l2_leaf_reg': 4.411085498499777, 'subsample': 0.7124886572763649, 'min_data_in_leaf': 22, 'rsm': 0.9602032734627968}. Best is trial 1892 with value: 0.9319758700936625.
Trial 2856: AUC = 0.9298 | Params = {'iterations': 57, 'learning_rate': 0.18932291599085008, 'depth': 4, 'l2_leaf_reg': 4.411085498499777, 'subsample': 0.7124886572763649, 'min_data_in_leaf': 22, 'rsm': 0.9602032734627968, 'loss_function': 'Logloss', 'eval_metric': 'AUC', 'grow_policy': 'Depthwise'}
[I 2024-12-29 22:18:22,263] Trial 2857 finished with value: 0.9285585707537931 and parameters: {'iterations': 61, 'learning_rate': 0.19616924682977796, 'depth': 4, 'l2_leaf_reg': 4.357727108330071, 'subsample': 0.7205745060774483, 'min_data_in_leaf': 23, 'rsm': 0.8298923592346851}. Best is trial 1892 with value: 0.9319758700936625.
Trial 2857: AUC = 0.9286 | Params = {'iterations': 61, 'learning_rate': 0.19616924682977796, 'depth': 4, 'l2_leaf_reg': 4.357727108330071, 'subsample': 0.7205745060774483, 'min_data_in_leaf': 23, 'rsm': 0.8298923592346851, 'loss_function': 'Logloss', 'eval_metric': 'AUC', 'grow_policy': 'Depthwise'}
[I 2024-12-29 22:18:22,795] Trial 2858 finished with value: 0.9289319103466549 and parameters: {'iterations': 61, 'learning_rate': 0.19216678819824634, 'depth': 4, 'l2_leaf_reg': 3.321499783760755, 'subsample': 0.8148060773703298, 'min_data_in_leaf': 20, 'rsm': 0.9841622654347956}. Best is trial 1892 with value: 0.9319758700936625.
Trial 2858: AUC = 0.9289 | Params = {'iterations': 61, 'learning_rate': 0.19216678819824634, 'depth': 4, 'l2_leaf_reg': 3.321499783760755, 'subsample': 0.8148060773703298, 'min_data_in_leaf': 20, 'rsm': 0.9841622654347956, 'loss_function': 'Logloss', 'eval_metric': 'AUC', 'grow_policy': 'Depthwise'}
[I 2024-12-29 22:18:23,233] Trial 2859 finished with value: 0.9310949038605546 and parameters: {'iterations': 57, 'learning_rate': 0.18649935363055736, 'depth': 4, 'l2_leaf_reg': 4.2051349335449695, 'subsample': 0.7327970935875944, 'min_data_in_leaf': 25, 'rsm': 0.967197012406968}. Best is trial 1892 with value: 0.9319758700936625.
Trial 2859: AUC = 0.9311 | Params = {'iterations': 57, 'learning_rate': 0.18649935363055736, 'depth': 4, 'l2_leaf_reg': 4.2051349335449695, 'subsample': 0.7327970935875944, 'min_data_in_leaf': 25, 'rsm': 0.967197012406968, 'loss_function': 'Logloss', 'eval_metric': 'AUC', 'grow_policy': 'Depthwise'}
[I 2024-12-29 22:18:23,693] Trial 2860 finished with value: 0.9301451740187325 and parameters: {'iterations': 61, 'learning_rate': 0.19535061846323903, 'depth': 4, 'l2_leaf_reg': 4.15177147339053, 'subsample': 0.7089193041055408, 'min_data_in_leaf': 26, 'rsm': 0.9747748810319384}. Best is trial 1892 with value: 0.9319758700936625.
Trial 2860: AUC = 0.9301 | Params = {'iterations': 61, 'learning_rate': 0.19535061846323903, 'depth': 4, 'l2_leaf_reg': 4.15177147339053, 'subsample': 0.7089193041055408, 'min_data_in_leaf': 26, 'rsm': 0.9747748810319384, 'loss_function': 'Logloss', 'eval_metric': 'AUC', 'grow_policy': 'Depthwise'}
[I 2024-12-29 22:18:24,195] Trial 2861 finished with value: 0.929507220538934 and parameters: {'iterations': 63, 'learning_rate': 0.1814697711563478, 'depth': 4, 'l2_leaf_reg': 2.603072091296012, 'subsample': 0.7171332285391214, 'min_data_in_leaf': 24, 'rsm': 0.9536596342835194}. Best is trial 1892 with value: 0.9319758700936625.
Trial 2861: AUC = 0.9295 | Params = {'iterations': 63, 'learning_rate': 0.1814697711563478, 'depth': 4, 'l2_leaf_reg': 2.603072091296012, 'subsample': 0.7171332285391214, 'min_data_in_leaf': 24, 'rsm': 0.9536596342835194, 'loss_function': 'Logloss', 'eval_metric': 'AUC', 'grow_policy': 'Depthwise'}
[I 2024-12-29 22:18:24,693] Trial 2862 finished with value: 0.9291828435156275 and parameters: {'iterations': 62, 'learning_rate': 0.19087389082207135, 'depth': 5, 'l2_leaf_reg': 4.550378446620276, 'subsample': 0.7275718844901803, 'min_data_in_leaf': 26, 'rsm': 0.9294077768560098}. Best is trial 1892 with value: 0.9319758700936625.
Trial 2862: AUC = 0.9292 | Params = {'iterations': 62, 'learning_rate': 0.19087389082207135, 'depth': 5, 'l2_leaf_reg': 4.550378446620276, 'subsample': 0.7275718844901803, 'min_data_in_leaf': 26, 'rsm': 0.9294077768560098, 'loss_function': 'Logloss', 'eval_metric': 'AUC', 'grow_policy': 'Depthwise'}
[I 2024-12-29 22:18:25,076] Trial 2863 finished with value: 0.9301998968905889 and parameters: {'iterations': 50, 'learning_rate': 0.19705431046827984, 'depth': 4, 'l2_leaf_reg': 4.467801064183763, 'subsample': 0.7134302788458291, 'min_data_in_leaf': 25, 'rsm': 0.7552668669328841}. Best is trial 1892 with value: 0.9319758700936625.
Trial 2863: AUC = 0.9302 | Params = {'iterations': 50, 'learning_rate': 0.19705431046827984, 'depth': 4, 'l2_leaf_reg': 4.467801064183763, 'subsample': 0.7134302788458291, 'min_data_in_leaf': 25, 'rsm': 0.7552668669328841, 'loss_function': 'Logloss', 'eval_metric': 'AUC', 'grow_policy': 'Depthwise'}
[I 2024-12-29 22:18:25,534] Trial 2864 finished with value: 0.9297999158995864 and parameters: {'iterations': 56, 'learning_rate': 0.18806602803871675, 'depth': 4, 'l2_leaf_reg': 4.275097982329697, 'subsample': 0.7050401510809747, 'min_data_in_leaf': 13, 'rsm': 0.9808044534777918}. Best is trial 1892 with value: 0.9319758700936625.
Trial 2864: AUC = 0.9298 | Params = {'iterations': 56, 'learning_rate': 0.18806602803871675, 'depth': 4, 'l2_leaf_reg': 4.275097982329697, 'subsample': 0.7050401510809747, 'min_data_in_leaf': 13, 'rsm': 0.9808044534777918, 'loss_function': 'Logloss', 'eval_metric': 'AUC', 'grow_policy': 'Depthwise'}
[I 2024-12-29 22:18:26,006] Trial 2865 finished with value: 0.9294650983283602 and parameters: {'iterations': 77, 'learning_rate': 0.19318069979191493, 'depth': 4, 'l2_leaf_reg': 4.360258169620506, 'subsample': 0.72322521197664, 'min_data_in_leaf': 28, 'rsm': 0.9637061957760444}. Best is trial 1892 with value: 0.9319758700936625.
Trial 2865: AUC = 0.9295 | Params = {'iterations': 77, 'learning_rate': 0.19318069979191493, 'depth': 4, 'l2_leaf_reg': 4.360258169620506, 'subsample': 0.72322521197664, 'min_data_in_leaf': 28, 'rsm': 0.9637061957760444, 'loss_function': 'Logloss', 'eval_metric': 'AUC', 'grow_policy': 'Depthwise'}
[I 2024-12-29 22:18:26,542] Trial 2866 finished with value: 0.928742180389627 and parameters: {'iterations': 64, 'learning_rate': 0.19540151628301425, 'depth': 4, 'l2_leaf_reg': 4.6507553148887695, 'subsample': 0.717394341960501, 'min_data_in_leaf': 27, 'rsm': 0.7903384405575286}. Best is trial 1892 with value: 0.9319758700936625.
Trial 2866: AUC = 0.9287 | Params = {'iterations': 64, 'learning_rate': 0.19540151628301425, 'depth': 4, 'l2_leaf_reg': 4.6507553148887695, 'subsample': 0.717394341960501, 'min_data_in_leaf': 27, 'rsm': 0.7903384405575286, 'loss_function': 'Logloss', 'eval_metric': 'AUC', 'grow_policy': 'Depthwise'}
[I 2024-12-29 22:18:26,989] Trial 2867 finished with value: 0.9292793285791638 and parameters: {'iterations': 69, 'learning_rate': 0.08477825431967548, 'depth': 4, 'l2_leaf_reg': 4.442376487823464, 'subsample': 0.7001979486351861, 'min_data_in_leaf': 24, 'rsm': 0.9720745036524697}. Best is trial 1892 with value: 0.9319758700936625.
Trial 2867: AUC = 0.9293 | Params = {'iterations': 69, 'learning_rate': 0.08477825431967548, 'depth': 4, 'l2_leaf_reg': 4.442376487823464, 'subsample': 0.7001979486351861, 'min_data_in_leaf': 24, 'rsm': 0.9720745036524697, 'loss_function': 'Logloss', 'eval_metric': 'AUC', 'grow_policy': 'Depthwise'}
[I 2024-12-29 22:18:27,496] Trial 2868 finished with value: 0.9296465478508311 and parameters: {'iterations': 59, 'learning_rate': 0.19051910904989697, 'depth': 4, 'l2_leaf_reg': 4.309977071325089, 'subsample': 0.7441941405931564, 'min_data_in_leaf': 2, 'rsm': 0.9903893534190762}. Best is trial 1892 with value: 0.9319758700936625.
Trial 2868: AUC = 0.9296 | Params = {'iterations': 59, 'learning_rate': 0.19051910904989697, 'depth': 4, 'l2_leaf_reg': 4.309977071325089, 'subsample': 0.7441941405931564, 'min_data_in_leaf': 2, 'rsm': 0.9903893534190762, 'loss_function': 'Logloss', 'eval_metric': 'AUC', 'grow_policy': 'Depthwise'}
[I 2024-12-29 22:18:28,284] Trial 2869 finished with value: 0.9296681489844587 and parameters: {'iterations': 61, 'learning_rate': 0.197241144682549, 'depth': 4, 'l2_leaf_reg': 4.129605289512827, 'subsample': 0.7104355501710199, 'min_data_in_leaf': 25, 'rsm': 0.9781773108945123}. Best is trial 1892 with value: 0.9319758700936625.
Trial 2869: AUC = 0.9297 | Params = {'iterations': 61, 'learning_rate': 0.197241144682549, 'depth': 4, 'l2_leaf_reg': 4.129605289512827, 'subsample': 0.7104355501710199, 'min_data_in_leaf': 25, 'rsm': 0.9781773108945123, 'loss_function': 'Logloss', 'eval_metric': 'AUC', 'grow_policy': 'Depthwise'}
[I 2024-12-29 22:18:28,934] Trial 2870 finished with value: 0.9294434971947327 and parameters: {'iterations': 66, 'learning_rate': 0.1837564994953479, 'depth': 4, 'l2_leaf_reg': 2.219622593713991, 'subsample': 0.7201536873624892, 'min_data_in_leaf': 26, 'rsm': 0.9681605038494645}. Best is trial 1892 with value: 0.9319758700936625.
Trial 2870: AUC = 0.9294 | Params = {'iterations': 66, 'learning_rate': 0.1837564994953479, 'depth': 4, 'l2_leaf_reg': 2.219622593713991, 'subsample': 0.7201536873624892, 'min_data_in_leaf': 26, 'rsm': 0.9681605038494645, 'loss_function': 'Logloss', 'eval_metric': 'AUC', 'grow_policy': 'Depthwise'}
[I 2024-12-29 22:18:29,406] Trial 2871 finished with value: 0.9295788642987983 and parameters: {'iterations': 62, 'learning_rate': 0.19330813035299207, 'depth': 4, 'l2_leaf_reg': 4.260336982740558, 'subsample': 0.7356292908337575, 'min_data_in_leaf': 16, 'rsm': 0.9843356269515333}. Best is trial 1892 with value: 0.9319758700936625.
Trial 2871: AUC = 0.9296 | Params = {'iterations': 62, 'learning_rate': 0.19330813035299207, 'depth': 4, 'l2_leaf_reg': 4.260336982740558, 'subsample': 0.7356292908337575, 'min_data_in_leaf': 16, 'rsm': 0.9843356269515333, 'loss_function': 'Logloss', 'eval_metric': 'AUC', 'grow_policy': 'Depthwise'}
[I 2024-12-29 22:18:29,924] Trial 2872 finished with value: 0.9304461498139422 and parameters: {'iterations': 70, 'learning_rate': 0.1878885603486315, 'depth': 4, 'l2_leaf_reg': 4.7209150127233555, 'subsample': 0.7102231899170575, 'min_data_in_leaf': 9, 'rsm': 0.9587737222656572}. Best is trial 1892 with value: 0.9319758700936625.
Trial 2872: AUC = 0.9304 | Params = {'iterations': 70, 'learning_rate': 0.1878885603486315, 'depth': 4, 'l2_leaf_reg': 4.7209150127233555, 'subsample': 0.7102231899170575, 'min_data_in_leaf': 9, 'rsm': 0.9587737222656572, 'loss_function': 'Logloss', 'eval_metric': 'AUC', 'grow_policy': 'Depthwise'}
[I 2024-12-29 22:18:30,440] Trial 2873 finished with value: 0.9296371873595927 and parameters: {'iterations': 56, 'learning_rate': 0.19724102337982793, 'depth': 4, 'l2_leaf_reg': 4.392251563779021, 'subsample': 0.7262564702474303, 'min_data_in_leaf': 29, 'rsm': 0.9750364337853258}. Best is trial 1892 with value: 0.9319758700936625.
Trial 2873: AUC = 0.9296 | Params = {'iterations': 56, 'learning_rate': 0.19724102337982793, 'depth': 4, 'l2_leaf_reg': 4.392251563779021, 'subsample': 0.7262564702474303, 'min_data_in_leaf': 29, 'rsm': 0.9750364337853258, 'loss_function': 'Logloss', 'eval_metric': 'AUC', 'grow_policy': 'Depthwise'}
[I 2024-12-29 22:18:30,918] Trial 2874 finished with value: 0.9292192054239006 and parameters: {'iterations': 83, 'learning_rate': 0.19142556005847186, 'depth': 4, 'l2_leaf_reg': 4.5215822790310485, 'subsample': 0.7149304721911773, 'min_data_in_leaf': 24, 'rsm': 0.9093173178667261}. Best is trial 1892 with value: 0.9319758700936625.
Trial 2874: AUC = 0.9292 | Params = {'iterations': 83, 'learning_rate': 0.19142556005847186, 'depth': 4, 'l2_leaf_reg': 4.5215822790310485, 'subsample': 0.7149304721911773, 'min_data_in_leaf': 24, 'rsm': 0.9093173178667261, 'loss_function': 'Logloss', 'eval_metric': 'AUC', 'grow_policy': 'Depthwise'}
[I 2024-12-29 22:18:31,351] Trial 2875 finished with value: 0.9291187601525328 and parameters: {'iterations': 58, 'learning_rate': 0.1943047252126444, 'depth': 4, 'l2_leaf_reg': 1.1940385119414327, 'subsample': 0.7058009312989909, 'min_data_in_leaf': 23, 'rsm': 0.9645857563049446}. Best is trial 1892 with value: 0.9319758700936625.
Trial 2875: AUC = 0.9291 | Params = {'iterations': 58, 'learning_rate': 0.1943047252126444, 'depth': 4, 'l2_leaf_reg': 1.1940385119414327, 'subsample': 0.7058009312989909, 'min_data_in_leaf': 23, 'rsm': 0.9645857563049446, 'loss_function': 'Logloss', 'eval_metric': 'AUC', 'grow_policy': 'Depthwise'}
[I 2024-12-29 22:18:31,807] Trial 2876 finished with value: 0.9290226351078905 and parameters: {'iterations': 68, 'learning_rate': 0.1971103227563743, 'depth': 4, 'l2_leaf_reg': 4.174349829516821, 'subsample': 0.877672653254868, 'min_data_in_leaf': 25, 'rsm': 0.9793400897637529}. Best is trial 1892 with value: 0.9319758700936625.
Trial 2876: AUC = 0.9290 | Params = {'iterations': 68, 'learning_rate': 0.1971103227563743, 'depth': 4, 'l2_leaf_reg': 4.174349829516821, 'subsample': 0.877672653254868, 'min_data_in_leaf': 25, 'rsm': 0.9793400897637529, 'loss_function': 'Logloss', 'eval_metric': 'AUC', 'grow_policy': 'Depthwise'}
[I 2024-12-29 22:18:32,396] Trial 2877 finished with value: 0.9303392242024862 and parameters: {'iterations': 84, 'learning_rate': 0.18986245854785336, 'depth': 4, 'l2_leaf_reg': 4.355907339613465, 'subsample': 0.7166012438824949, 'min_data_in_leaf': 24, 'rsm': 0.9729273486130061}. Best is trial 1892 with value: 0.9319758700936625.
Trial 2877: AUC = 0.9303 | Params = {'iterations': 84, 'learning_rate': 0.18986245854785336, 'depth': 4, 'l2_leaf_reg': 4.355907339613465, 'subsample': 0.7166012438824949, 'min_data_in_leaf': 24, 'rsm': 0.9729273486130061, 'loss_function': 'Logloss', 'eval_metric': 'AUC', 'grow_policy': 'Depthwise'}
[I 2024-12-29 22:18:32,881] Trial 2878 finished with value: 0.9301980967961199 and parameters: {'iterations': 54, 'learning_rate': 0.18475872947572122, 'depth': 4, 'l2_leaf_reg': 4.4288870961069575, 'subsample': 0.7292991549350953, 'min_data_in_leaf': 26, 'rsm': 0.9866714026320463}. Best is trial 1892 with value: 0.9319758700936625.
Trial 2878: AUC = 0.9302 | Params = {'iterations': 54, 'learning_rate': 0.18475872947572122, 'depth': 4, 'l2_leaf_reg': 4.4288870961069575, 'subsample': 0.7292991549350953, 'min_data_in_leaf': 26, 'rsm': 0.9866714026320463, 'loss_function': 'Logloss', 'eval_metric': 'AUC', 'grow_policy': 'Depthwise'}
[I 2024-12-29 22:18:33,396] Trial 2879 finished with value: 0.9294895796131379 and parameters: {'iterations': 86, 'learning_rate': 0.19329883796897143, 'depth': 4, 'l2_leaf_reg': 4.266917995327683, 'subsample': 0.7207700841924171, 'min_data_in_leaf': 25, 'rsm': 0.9682528310567468}. Best is trial 1892 with value: 0.9319758700936625.
Trial 2879: AUC = 0.9295 | Params = {'iterations': 86, 'learning_rate': 0.19329883796897143, 'depth': 4, 'l2_leaf_reg': 4.266917995327683, 'subsample': 0.7207700841924171, 'min_data_in_leaf': 25, 'rsm': 0.9682528310567468, 'loss_function': 'Logloss', 'eval_metric': 'AUC', 'grow_policy': 'Depthwise'}
[I 2024-12-29 22:18:34,150] Trial 2880 finished with value: 0.9290492765060311 and parameters: {'iterations': 72, 'learning_rate': 0.1875761662970707, 'depth': 4, 'l2_leaf_reg': 3.7525211718714084, 'subsample': 0.7090957007842388, 'min_data_in_leaf': 8, 'rsm': 0.8924271530078336}. Best is trial 1892 with value: 0.9319758700936625.
Trial 2880: AUC = 0.9290 | Params = {'iterations': 72, 'learning_rate': 0.1875761662970707, 'depth': 4, 'l2_leaf_reg': 3.7525211718714084, 'subsample': 0.7090957007842388, 'min_data_in_leaf': 8, 'rsm': 0.8924271530078336, 'loss_function': 'Logloss', 'eval_metric': 'AUC', 'grow_policy': 'Depthwise'}
[I 2024-12-29 22:18:33,321] Trial 2881 finished with value: 0.9302157377219157 and parameters: {'iterations': 80, 'learning_rate': 0.06772351287318415, 'depth': 4, 'l2_leaf_reg': 4.562486092860481, 'subsample': 0.7001509937533513, 'min_data_in_leaf': 26, 'rsm': 0.9579347185723502}. Best is trial 1892 with value: 0.9319758700936625.
Trial 2881: AUC = 0.9302 | Params = {'iterations': 80, 'learning_rate': 0.06772351287318415, 'depth': 4, 'l2_leaf_reg': 4.562486092860481, 'subsample': 0.7001509937533513, 'min_data_in_leaf': 26, 'rsm': 0.9579347185723502, 'loss_function': 'Logloss', 'eval_metric': 'AUC', 'grow_policy': 'Depthwise'}
[I 2024-12-29 22:18:33,815] Trial 2882 finished with value: 0.9292638477667309 and parameters: {'iterations': 67, 'learning_rate': 0.1805062752071738, 'depth': 4, 'l2_leaf_reg': 4.47040259856093, 'subsample': 0.8614111671051639, 'min_data_in_leaf': 24, 'rsm': 0.9819027118174795}. Best is trial 1892 with value: 0.9319758700936625.
Trial 2882: AUC = 0.9293 | Params = {'iterations': 67, 'learning_rate': 0.1805062752071738, 'depth': 4, 'l2_leaf_reg': 4.47040259856093, 'subsample': 0.8614111671051639, 'min_data_in_leaf': 24, 'rsm': 0.9819027118174795, 'loss_function': 'Logloss', 'eval_metric': 'AUC', 'grow_policy': 'Depthwise'}
[I 2024-12-29 22:18:34,375] Trial 2883 finished with value: 0.929177083213327 and parameters: {'iterations': 64, 'learning_rate': 0.19558011479442558, 'depth': 4, 'l2_leaf_reg': 4.202839294412117, 'subsample': 0.7142891441581471, 'min_data_in_leaf': 3, 'rsm': 0.9519421055406239}. Best is trial 1892 with value: 0.9319758700936625.
Trial 2883: AUC = 0.9292 | Params = {'iterations': 64, 'learning_rate': 0.19558011479442558, 'depth': 4, 'l2_leaf_reg': 4.202839294412117, 'subsample': 0.7142891441581471, 'min_data_in_leaf': 3, 'rsm': 0.9519421055406239, 'loss_function': 'Logloss', 'eval_metric': 'AUC', 'grow_policy': 'Depthwise'}
