[I 2024-12-29 22:11:28,049] Trial 2034 finished with value: 0.9298200769576388 and parameters: {'iterations': 79, 'learning_rate': 0.19522339954449475, 'depth': 4, 'l2_leaf_reg': 1.3689892732384545, 'subsample': 0.7196816547462993, 'min_data_in_leaf': 24, 'rsm': 0.9705906035601679}. Best is trial 1892 with value: 0.9319758700936625.
Trial 2034: AUC = 0.9298 | Params = {'iterations': 79, 'learning_rate': 0.19522339954449475, 'depth': 4, 'l2_leaf_reg': 1.3689892732384545, 'subsample': 0.7196816547462993, 'min_data_in_leaf': 24, 'rsm': 0.9705906035601679, 'loss_function': 'Logloss', 'eval_metric': 'AUC', 'grow_policy': 'Depthwise'}
[I 2024-12-29 22:11:28,473] Trial 2035 finished with value: 0.9288865479660373 and parameters: {'iterations': 74, 'learning_rate': 0.18871050746665052, 'depth': 4, 'l2_leaf_reg': 4.467192558629184, 'subsample': 0.7131959192871274, 'min_data_in_leaf': 25, 'rsm': 0.9896211312291348}. Best is trial 1892 with value: 0.9319758700936625.
Trial 2035: AUC = 0.9289 | Params = {'iterations': 74, 'learning_rate': 0.18871050746665052, 'depth': 4, 'l2_leaf_reg': 4.467192558629184, 'subsample': 0.7131959192871274, 'min_data_in_leaf': 25, 'rsm': 0.9896211312291348, 'loss_function': 'Logloss', 'eval_metric': 'AUC', 'grow_policy': 'Depthwise'}
[I 2024-12-29 22:11:28,886] Trial 2036 finished with value: 0.9292645678045183 and parameters: {'iterations': 68, 'learning_rate': 0.1960285623131596, 'depth': 4, 'l2_leaf_reg': 3.5018441049485856, 'subsample': 0.7070526555287993, 'min_data_in_leaf': 26, 'rsm': 0.9762443131844258}. Best is trial 1892 with value: 0.9319758700936625.
Trial 2036: AUC = 0.9293 | Params = {'iterations': 68, 'learning_rate': 0.1960285623131596, 'depth': 4, 'l2_leaf_reg': 3.5018441049485856, 'subsample': 0.7070526555287993, 'min_data_in_leaf': 26, 'rsm': 0.9762443131844258, 'loss_function': 'Logloss', 'eval_metric': 'AUC', 'grow_policy': 'Depthwise'}
[I 2024-12-29 22:11:29,363] Trial 2037 finished with value: 0.9303489447126184 and parameters: {'iterations': 82, 'learning_rate': 0.19270875151145134, 'depth': 4, 'l2_leaf_reg': 3.983420316908674, 'subsample': 0.8942385231797754, 'min_data_in_leaf': 24, 'rsm': 0.9720865942256404}. Best is trial 1892 with value: 0.9319758700936625.
Trial 2037: AUC = 0.9303 | Params = {'iterations': 82, 'learning_rate': 0.19270875151145134, 'depth': 4, 'l2_leaf_reg': 3.983420316908674, 'subsample': 0.8942385231797754, 'min_data_in_leaf': 24, 'rsm': 0.9720865942256404, 'loss_function': 'Logloss', 'eval_metric': 'AUC', 'grow_policy': 'Depthwise'}
[I 2024-12-29 22:11:29,793] Trial 2038 finished with value: 0.929167002684301 and parameters: {'iterations': 70, 'learning_rate': 0.19735220757367525, 'depth': 4, 'l2_leaf_reg': 4.339700284087188, 'subsample': 0.722925237621068, 'min_data_in_leaf': 25, 'rsm': 0.8438876355615735}. Best is trial 1892 with value: 0.9319758700936625.
Trial 2038: AUC = 0.9292 | Params = {'iterations': 70, 'learning_rate': 0.19735220757367525, 'depth': 4, 'l2_leaf_reg': 4.339700284087188, 'subsample': 0.722925237621068, 'min_data_in_leaf': 25, 'rsm': 0.8438876355615735, 'loss_function': 'Logloss', 'eval_metric': 'AUC', 'grow_policy': 'Depthwise'}
[I 2024-12-29 22:11:30,243] Trial 2039 finished with value: 0.9305343544429212 and parameters: {'iterations': 81, 'learning_rate': 0.19989948351266315, 'depth': 4, 'l2_leaf_reg': 4.282689494694462, 'subsample': 0.713814850475168, 'min_data_in_leaf': 27, 'rsm': 0.9826245722469765}. Best is trial 1892 with value: 0.9319758700936625.
Trial 2039: AUC = 0.9305 | Params = {'iterations': 81, 'learning_rate': 0.19989948351266315, 'depth': 4, 'l2_leaf_reg': 4.282689494694462, 'subsample': 0.713814850475168, 'min_data_in_leaf': 27, 'rsm': 0.9826245722469765, 'loss_function': 'Logloss', 'eval_metric': 'AUC', 'grow_policy': 'Depthwise'}
[I 2024-12-29 22:11:30,682] Trial 2040 finished with value: 0.930335984032442 and parameters: {'iterations': 75, 'learning_rate': 0.19077154754611272, 'depth': 4, 'l2_leaf_reg': 2.9230626271420794, 'subsample': 0.7172471510104859, 'min_data_in_leaf': 26, 'rsm': 0.9763874249908399}. Best is trial 1892 with value: 0.9319758700936625.
Trial 2040: AUC = 0.9303 | Params = {'iterations': 75, 'learning_rate': 0.19077154754611272, 'depth': 4, 'l2_leaf_reg': 2.9230626271420794, 'subsample': 0.7172471510104859, 'min_data_in_leaf': 26, 'rsm': 0.9763874249908399, 'loss_function': 'Logloss', 'eval_metric': 'AUC', 'grow_policy': 'Depthwise'}
[I 2024-12-29 22:11:31,098] Trial 2041 finished with value: 0.9303835065264227 and parameters: {'iterations': 66, 'learning_rate': 0.1941121460884418, 'depth': 4, 'l2_leaf_reg': 4.440946914888911, 'subsample': 0.7702116834735409, 'min_data_in_leaf': 25, 'rsm': 0.995250800287944}. Best is trial 1892 with value: 0.9319758700936625.
Trial 2041: AUC = 0.9304 | Params = {'iterations': 66, 'learning_rate': 0.1941121460884418, 'depth': 4, 'l2_leaf_reg': 4.440946914888911, 'subsample': 0.7702116834735409, 'min_data_in_leaf': 25, 'rsm': 0.995250800287944, 'loss_function': 'Logloss', 'eval_metric': 'AUC', 'grow_policy': 'Depthwise'}
[I 2024-12-29 22:11:31,624] Trial 2042 finished with value: 0.9285582107348994 and parameters: {'iterations': 84, 'learning_rate': 0.1883077519375541, 'depth': 4, 'l2_leaf_reg': 4.097516148226149, 'subsample': 0.8096458753717116, 'min_data_in_leaf': 23, 'rsm': 0.9689307590657127}. Best is trial 1892 with value: 0.9319758700936625.
Trial 2042: AUC = 0.9286 | Params = {'iterations': 84, 'learning_rate': 0.1883077519375541, 'depth': 4, 'l2_leaf_reg': 4.097516148226149, 'subsample': 0.8096458753717116, 'min_data_in_leaf': 23, 'rsm': 0.9689307590657127, 'loss_function': 'Logloss', 'eval_metric': 'AUC', 'grow_policy': 'Depthwise'}
[I 2024-12-29 22:11:32,077] Trial 2043 finished with value: 0.9306830422460571 and parameters: {'iterations': 88, 'learning_rate': 0.19710221604935457, 'depth': 4, 'l2_leaf_reg': 4.188303598479184, 'subsample': 0.7300842339967342, 'min_data_in_leaf': 24, 'rsm': 0.9876411462868863}. Best is trial 1892 with value: 0.9319758700936625.
Trial 2043: AUC = 0.9307 | Params = {'iterations': 88, 'learning_rate': 0.19710221604935457, 'depth': 4, 'l2_leaf_reg': 4.188303598479184, 'subsample': 0.7300842339967342, 'min_data_in_leaf': 24, 'rsm': 0.9876411462868863, 'loss_function': 'Logloss', 'eval_metric': 'AUC', 'grow_policy': 'Depthwise'}
[I 2024-12-29 22:11:32,602] Trial 2044 finished with value: 0.930434629209341 and parameters: {'iterations': 76, 'learning_rate': 0.1934059841689967, 'depth': 4, 'l2_leaf_reg': 4.561444379080925, 'subsample': 0.7093222839217833, 'min_data_in_leaf': 26, 'rsm': 0.8016385939345841}. Best is trial 1892 with value: 0.9319758700936625.
Trial 2044: AUC = 0.9304 | Params = {'iterations': 76, 'learning_rate': 0.1934059841689967, 'depth': 4, 'l2_leaf_reg': 4.561444379080925, 'subsample': 0.7093222839217833, 'min_data_in_leaf': 26, 'rsm': 0.8016385939345841, 'loss_function': 'Logloss', 'eval_metric': 'AUC', 'grow_policy': 'Depthwise'}
[I 2024-12-29 22:11:33,044] Trial 2045 finished with value: 0.9299428434004217 and parameters: {'iterations': 71, 'learning_rate': 0.19714560105020526, 'depth': 4, 'l2_leaf_reg': 4.3652374340482245, 'subsample': 0.723633042312821, 'min_data_in_leaf': 25, 'rsm': 0.9799047041125065}. Best is trial 1892 with value: 0.9319758700936625.
Trial 2045: AUC = 0.9299 | Params = {'iterations': 71, 'learning_rate': 0.19714560105020526, 'depth': 4, 'l2_leaf_reg': 4.3652374340482245, 'subsample': 0.723633042312821, 'min_data_in_leaf': 25, 'rsm': 0.9799047041125065, 'loss_function': 'Logloss', 'eval_metric': 'AUC', 'grow_policy': 'Depthwise'}
[I 2024-12-29 22:11:33,492] Trial 2046 finished with value: 0.930184056059262 and parameters: {'iterations': 80, 'learning_rate': 0.19994053330179523, 'depth': 4, 'l2_leaf_reg': 4.250830975119876, 'subsample': 0.7182622814347335, 'min_data_in_leaf': 24, 'rsm': 0.9697837848632928}. Best is trial 1892 with value: 0.9319758700936625.
Trial 2046: AUC = 0.9302 | Params = {'iterations': 80, 'learning_rate': 0.19994053330179523, 'depth': 4, 'l2_leaf_reg': 4.250830975119876, 'subsample': 0.7182622814347335, 'min_data_in_leaf': 24, 'rsm': 0.9697837848632928, 'loss_function': 'Logloss', 'eval_metric': 'AUC', 'grow_policy': 'Depthwise'}
[I 2024-12-29 22:11:33,951] Trial 2047 finished with value: 0.9300159272358614 and parameters: {'iterations': 87, 'learning_rate': 0.19151887138527499, 'depth': 4, 'l2_leaf_reg': 4.477024954350533, 'subsample': 0.7058782224084365, 'min_data_in_leaf': 27, 'rsm': 0.976090217280029}. Best is trial 1892 with value: 0.9319758700936625.
Trial 2047: AUC = 0.9300 | Params = {'iterations': 87, 'learning_rate': 0.19151887138527499, 'depth': 4, 'l2_leaf_reg': 4.477024954350533, 'subsample': 0.7058782224084365, 'min_data_in_leaf': 27, 'rsm': 0.976090217280029, 'loss_function': 'Logloss', 'eval_metric': 'AUC', 'grow_policy': 'Depthwise'}
[I 2024-12-29 22:11:34,523] Trial 2048 finished with value: 0.9294589780071658 and parameters: {'iterations': 124, 'learning_rate': 0.1885492391222305, 'depth': 4, 'l2_leaf_reg': 4.159157423854395, 'subsample': 0.8263124099891674, 'min_data_in_leaf': 26, 'rsm': 0.9674076869574839}. Best is trial 1892 with value: 0.9319758700936625.
Trial 2048: AUC = 0.9295 | Params = {'iterations': 124, 'learning_rate': 0.1885492391222305, 'depth': 4, 'l2_leaf_reg': 4.159157423854395, 'subsample': 0.8263124099891674, 'min_data_in_leaf': 26, 'rsm': 0.9674076869574839, 'loss_function': 'Logloss', 'eval_metric': 'AUC', 'grow_policy': 'Depthwise'}
[I 2024-12-29 22:11:34,934] Trial 2049 finished with value: 0.9293210907708435 and parameters: {'iterations': 63, 'learning_rate': 0.150134710971743, 'depth': 4, 'l2_leaf_reg': 4.4103559877039125, 'subsample': 0.7359250841823479, 'min_data_in_leaf': 25, 'rsm': 0.9855228008290647}. Best is trial 1892 with value: 0.9319758700936625.
Trial 2049: AUC = 0.9293 | Params = {'iterations': 63, 'learning_rate': 0.150134710971743, 'depth': 4, 'l2_leaf_reg': 4.4103559877039125, 'subsample': 0.7359250841823479, 'min_data_in_leaf': 25, 'rsm': 0.9855228008290647, 'loss_function': 'Logloss', 'eval_metric': 'AUC', 'grow_policy': 'Depthwise'}
[I 2024-12-29 22:11:35,559] Trial 2050 finished with value: 0.9317958606467668 and parameters: {'iterations': 90, 'learning_rate': 0.19466715101138776, 'depth': 4, 'l2_leaf_reg': 4.282960644811964, 'subsample': 0.7129589248914352, 'min_data_in_leaf': 24, 'rsm': 0.976865565730125}. Best is trial 1892 with value: 0.9319758700936625.
Trial 2050: AUC = 0.9318 | Params = {'iterations': 90, 'learning_rate': 0.19466715101138776, 'depth': 4, 'l2_leaf_reg': 4.282960644811964, 'subsample': 0.7129589248914352, 'min_data_in_leaf': 24, 'rsm': 0.976865565730125, 'loss_function': 'Logloss', 'eval_metric': 'AUC', 'grow_policy': 'Depthwise'}
[I 2024-12-29 22:11:36,051] Trial 2051 finished with value: 0.9307334448911879 and parameters: {'iterations': 86, 'learning_rate': 0.1945513327894101, 'depth': 4, 'l2_leaf_reg': 4.365296812524217, 'subsample': 0.7072215073322925, 'min_data_in_leaf': 23, 'rsm': 0.9900747363844147}. Best is trial 1892 with value: 0.9319758700936625.
Trial 2051: AUC = 0.9307 | Params = {'iterations': 86, 'learning_rate': 0.1945513327894101, 'depth': 4, 'l2_leaf_reg': 4.365296812524217, 'subsample': 0.7072215073322925, 'min_data_in_leaf': 23, 'rsm': 0.9900747363844147, 'loss_function': 'Logloss', 'eval_metric': 'AUC', 'grow_policy': 'Depthwise'}
[I 2024-12-29 22:11:36,530] Trial 2052 finished with value: 0.9300663298809921 and parameters: {'iterations': 90, 'learning_rate': 0.1949598936633752, 'depth': 4, 'l2_leaf_reg': 4.328447326172307, 'subsample': 0.7110744808671932, 'min_data_in_leaf': 23, 'rsm': 0.9843240534145467}. Best is trial 1892 with value: 0.9319758700936625.
Trial 2052: AUC = 0.9301 | Params = {'iterations': 90, 'learning_rate': 0.1949598936633752, 'depth': 4, 'l2_leaf_reg': 4.328447326172307, 'subsample': 0.7110744808671932, 'min_data_in_leaf': 23, 'rsm': 0.9843240534145467, 'loss_function': 'Logloss', 'eval_metric': 'AUC', 'grow_policy': 'Depthwise'}
[I 2024-12-29 22:11:36,980] Trial 2053 finished with value: 0.9302247381942603 and parameters: {'iterations': 89, 'learning_rate': 0.19237821075051306, 'depth': 4, 'l2_leaf_reg': 4.409456375811132, 'subsample': 0.7122519099542431, 'min_data_in_leaf': 23, 'rsm': 0.980215122648955}. Best is trial 1892 with value: 0.9319758700936625.
Trial 2053: AUC = 0.9302 | Params = {'iterations': 89, 'learning_rate': 0.19237821075051306, 'depth': 4, 'l2_leaf_reg': 4.409456375811132, 'subsample': 0.7122519099542431, 'min_data_in_leaf': 23, 'rsm': 0.980215122648955, 'loss_function': 'Logloss', 'eval_metric': 'AUC', 'grow_policy': 'Depthwise'}
[I 2024-12-29 22:11:37,459] Trial 2054 finished with value: 0.9297754346148086 and parameters: {'iterations': 84, 'learning_rate': 0.19545865131003926, 'depth': 4, 'l2_leaf_reg': 4.492803527558708, 'subsample': 0.7045696063057076, 'min_data_in_leaf': 24, 'rsm': 0.9797608014939966}. Best is trial 1892 with value: 0.9319758700936625.
Trial 2054: AUC = 0.9298 | Params = {'iterations': 84, 'learning_rate': 0.19545865131003926, 'depth': 4, 'l2_leaf_reg': 4.492803527558708, 'subsample': 0.7045696063057076, 'min_data_in_leaf': 24, 'rsm': 0.9797608014939966, 'loss_function': 'Logloss', 'eval_metric': 'AUC', 'grow_policy': 'Depthwise'}
[I 2024-12-29 22:11:37,933] Trial 2055 finished with value: 0.9300206074814806 and parameters: {'iterations': 90, 'learning_rate': 0.19721128760960707, 'depth': 4, 'l2_leaf_reg': 4.311048833410278, 'subsample': 0.7143031800937782, 'min_data_in_leaf': 23, 'rsm': 0.9864822271581397}. Best is trial 1892 with value: 0.9319758700936625.
Trial 2055: AUC = 0.9300 | Params = {'iterations': 90, 'learning_rate': 0.19721128760960707, 'depth': 4, 'l2_leaf_reg': 4.311048833410278, 'subsample': 0.7143031800937782, 'min_data_in_leaf': 23, 'rsm': 0.9864822271581397, 'loss_function': 'Logloss', 'eval_metric': 'AUC', 'grow_policy': 'Depthwise'}
[I 2024-12-29 22:11:38,379] Trial 2056 finished with value: 0.9304825117222151 and parameters: {'iterations': 84, 'learning_rate': 0.19338097945234473, 'depth': 4, 'l2_leaf_reg': 4.40037530223984, 'subsample': 0.7067982578211052, 'min_data_in_leaf': 24, 'rsm': 0.9918822938978575}. Best is trial 1892 with value: 0.9319758700936625.
Trial 2056: AUC = 0.9305 | Params = {'iterations': 84, 'learning_rate': 0.19338097945234473, 'depth': 4, 'l2_leaf_reg': 4.40037530223984, 'subsample': 0.7067982578211052, 'min_data_in_leaf': 24, 'rsm': 0.9918822938978575, 'loss_function': 'Logloss', 'eval_metric': 'AUC', 'grow_policy': 'Depthwise'}
[I 2024-12-29 22:11:38,853] Trial 2057 finished with value: 0.9312561923249733 and parameters: {'iterations': 88, 'learning_rate': 0.19127659867610172, 'depth': 4, 'l2_leaf_reg': 4.551046945963458, 'subsample': 0.7173377338378447, 'min_data_in_leaf': 24, 'rsm': 0.9770006778587009}. Best is trial 1892 with value: 0.9319758700936625.
Trial 2057: AUC = 0.9313 | Params = {'iterations': 88, 'learning_rate': 0.19127659867610172, 'depth': 4, 'l2_leaf_reg': 4.551046945963458, 'subsample': 0.7173377338378447, 'min_data_in_leaf': 24, 'rsm': 0.9770006778587009, 'loss_function': 'Logloss', 'eval_metric': 'AUC', 'grow_policy': 'Depthwise'}
[I 2024-12-29 22:11:39,387] Trial 2058 finished with value: 0.9297811949171092 and parameters: {'iterations': 87, 'learning_rate': 0.19726601518958795, 'depth': 5, 'l2_leaf_reg': 4.280176731104688, 'subsample': 0.7113421057655834, 'min_data_in_leaf': 24, 'rsm': 0.9819578784031275}. Best is trial 1892 with value: 0.9319758700936625.
Trial 2058: AUC = 0.9298 | Params = {'iterations': 87, 'learning_rate': 0.19726601518958795, 'depth': 5, 'l2_leaf_reg': 4.280176731104688, 'subsample': 0.7113421057655834, 'min_data_in_leaf': 24, 'rsm': 0.9819578784031275, 'loss_function': 'Logloss', 'eval_metric': 'AUC', 'grow_policy': 'Depthwise'}
[I 2024-12-29 22:11:40,017] Trial 2059 finished with value: 0.929783355030472 and parameters: {'iterations': 91, 'learning_rate': 0.19514265055213822, 'depth': 4, 'l2_leaf_reg': 4.463688996330979, 'subsample': 0.7057970286619897, 'min_data_in_leaf': 23, 'rsm': 0.9753101704666123}. Best is trial 1892 with value: 0.9319758700936625.
Trial 2059: AUC = 0.9298 | Params = {'iterations': 91, 'learning_rate': 0.19514265055213822, 'depth': 4, 'l2_leaf_reg': 4.463688996330979, 'subsample': 0.7057970286619897, 'min_data_in_leaf': 23, 'rsm': 0.9753101704666123, 'loss_function': 'Logloss', 'eval_metric': 'AUC', 'grow_policy': 'Depthwise'}
[I 2024-12-29 22:11:40,483] Trial 2060 finished with value: 0.9290381159203235 and parameters: {'iterations': 86, 'learning_rate': 0.1914427795688742, 'depth': 4, 'l2_leaf_reg': 4.355075048890383, 'subsample': 0.7208515148857468, 'min_data_in_leaf': 24, 'rsm': 0.99502273324809}. Best is trial 1892 with value: 0.9319758700936625.
Trial 2060: AUC = 0.9290 | Params = {'iterations': 86, 'learning_rate': 0.1914427795688742, 'depth': 4, 'l2_leaf_reg': 4.355075048890383, 'subsample': 0.7208515148857468, 'min_data_in_leaf': 24, 'rsm': 0.99502273324809, 'loss_function': 'Logloss', 'eval_metric': 'AUC', 'grow_policy': 'Depthwise'}
[I 2024-12-29 22:11:40,989] Trial 2061 finished with value: 0.9295576231840645 and parameters: {'iterations': 92, 'learning_rate': 0.19726935189026656, 'depth': 4, 'l2_leaf_reg': 4.2842666787679855, 'subsample': 0.7127459102933675, 'min_data_in_leaf': 23, 'rsm': 0.9834801674343912}. Best is trial 1892 with value: 0.9319758700936625.
Trial 2061: AUC = 0.9296 | Params = {'iterations': 92, 'learning_rate': 0.19726935189026656, 'depth': 4, 'l2_leaf_reg': 4.2842666787679855, 'subsample': 0.7127459102933675, 'min_data_in_leaf': 23, 'rsm': 0.9834801674343912, 'loss_function': 'Logloss', 'eval_metric': 'AUC', 'grow_policy': 'Depthwise'}
[I 2024-12-29 22:11:41,507] Trial 2062 finished with value: 0.9302985420674876 and parameters: {'iterations': 90, 'learning_rate': 0.19363075454517195, 'depth': 4, 'l2_leaf_reg': 4.614617931049095, 'subsample': 0.7173063775321445, 'min_data_in_leaf': 24, 'rsm': 0.9730610882183609}. Best is trial 1892 with value: 0.9319758700936625.
Trial 2062: AUC = 0.9303 | Params = {'iterations': 90, 'learning_rate': 0.19363075454517195, 'depth': 4, 'l2_leaf_reg': 4.614617931049095, 'subsample': 0.7173063775321445, 'min_data_in_leaf': 24, 'rsm': 0.9730610882183609, 'loss_function': 'Logloss', 'eval_metric': 'AUC', 'grow_policy': 'Depthwise'}
[I 2024-12-29 22:11:41,983] Trial 2063 finished with value: 0.9297462730844115 and parameters: {'iterations': 81, 'learning_rate': 0.19735631704955223, 'depth': 4, 'l2_leaf_reg': 4.428909432623694, 'subsample': 0.7053580802993703, 'min_data_in_leaf': 24, 'rsm': 0.9997182337704392}. Best is trial 1892 with value: 0.9319758700936625.
Trial 2063: AUC = 0.9297 | Params = {'iterations': 81, 'learning_rate': 0.19735631704955223, 'depth': 4, 'l2_leaf_reg': 4.428909432623694, 'subsample': 0.7053580802993703, 'min_data_in_leaf': 24, 'rsm': 0.9997182337704392, 'loss_function': 'Logloss', 'eval_metric': 'AUC', 'grow_policy': 'Depthwise'}
[I 2024-12-29 22:11:42,467] Trial 2064 finished with value: 0.9296098259236644 and parameters: {'iterations': 88, 'learning_rate': 0.19162064658862538, 'depth': 4, 'l2_leaf_reg': 4.350688737998132, 'subsample': 0.7227292928066444, 'min_data_in_leaf': 25, 'rsm': 0.977031418222992}. Best is trial 1892 with value: 0.9319758700936625.
Trial 2064: AUC = 0.9296 | Params = {'iterations': 88, 'learning_rate': 0.19162064658862538, 'depth': 4, 'l2_leaf_reg': 4.350688737998132, 'subsample': 0.7227292928066444, 'min_data_in_leaf': 25, 'rsm': 0.977031418222992, 'loss_function': 'Logloss', 'eval_metric': 'AUC', 'grow_policy': 'Depthwise'}
[I 2024-12-29 22:11:42,965] Trial 2065 finished with value: 0.9295929050356564 and parameters: {'iterations': 83, 'learning_rate': 0.19511299665801507, 'depth': 4, 'l2_leaf_reg': 4.2424585603653195, 'subsample': 0.7127512461613302, 'min_data_in_leaf': 24, 'rsm': 0.9866052495956503}. Best is trial 1892 with value: 0.9319758700936625.
Trial 2065: AUC = 0.9296 | Params = {'iterations': 83, 'learning_rate': 0.19511299665801507, 'depth': 4, 'l2_leaf_reg': 4.2424585603653195, 'subsample': 0.7127512461613302, 'min_data_in_leaf': 24, 'rsm': 0.9866052495956503, 'loss_function': 'Logloss', 'eval_metric': 'AUC', 'grow_policy': 'Depthwise'}
[I 2024-12-29 22:11:43,440] Trial 2066 finished with value: 0.9300681299754611 and parameters: {'iterations': 91, 'learning_rate': 0.19024300552548587, 'depth': 4, 'l2_leaf_reg': 4.4778049803166375, 'subsample': 0.7188661757718826, 'min_data_in_leaf': 25, 'rsm': 0.980135665314724}. Best is trial 1892 with value: 0.9319758700936625.
Trial 2066: AUC = 0.9301 | Params = {'iterations': 91, 'learning_rate': 0.19024300552548587, 'depth': 4, 'l2_leaf_reg': 4.4778049803166375, 'subsample': 0.7188661757718826, 'min_data_in_leaf': 25, 'rsm': 0.980135665314724, 'loss_function': 'Logloss', 'eval_metric': 'AUC', 'grow_policy': 'Depthwise'}
[I 2024-12-29 22:11:43,972] Trial 2067 finished with value: 0.9304839517977903 and parameters: {'iterations': 86, 'learning_rate': 0.19982002370075436, 'depth': 4, 'l2_leaf_reg': 4.321754932016407, 'subsample': 0.7054584136029174, 'min_data_in_leaf': 23, 'rsm': 0.9739820366226462}. Best is trial 1892 with value: 0.9319758700936625.
Trial 2067: AUC = 0.9305 | Params = {'iterations': 86, 'learning_rate': 0.19982002370075436, 'depth': 4, 'l2_leaf_reg': 4.321754932016407, 'subsample': 0.7054584136029174, 'min_data_in_leaf': 23, 'rsm': 0.9739820366226462, 'loss_function': 'Logloss', 'eval_metric': 'AUC', 'grow_policy': 'Depthwise'}
