[I 2024-12-29 22:12:50,157] Trial 2204 finished with value: 0.9301095321482471 and parameters: {'iterations': 62, 'learning_rate': 0.1104800182545268, 'depth': 4, 'l2_leaf_reg': 4.313620403474982, 'subsample': 0.7000700308534744, 'min_data_in_leaf': 24, 'rsm': 0.9791634495753908}. Best is trial 1892 with value: 0.9319758700936625.
Trial 2204: AUC = 0.9301 | Params = {'iterations': 62, 'learning_rate': 0.1104800182545268, 'depth': 4, 'l2_leaf_reg': 4.313620403474982, 'subsample': 0.7000700308534744, 'min_data_in_leaf': 24, 'rsm': 0.9791634495753908, 'loss_function': 'Logloss', 'eval_metric': 'AUC', 'grow_policy': 'Depthwise'}
[I 2024-12-29 22:12:50,679] Trial 2205 finished with value: 0.9297991958617989 and parameters: {'iterations': 71, 'learning_rate': 0.1926097794050633, 'depth': 4, 'l2_leaf_reg': 4.558468511073794, 'subsample': 0.7149002273566318, 'min_data_in_leaf': 22, 'rsm': 0.973016057638941}. Best is trial 1892 with value: 0.9319758700936625.
Trial 2205: AUC = 0.9298 | Params = {'iterations': 71, 'learning_rate': 0.1926097794050633, 'depth': 4, 'l2_leaf_reg': 4.558468511073794, 'subsample': 0.7149002273566318, 'min_data_in_leaf': 22, 'rsm': 0.973016057638941, 'loss_function': 'Logloss', 'eval_metric': 'AUC', 'grow_policy': 'Depthwise'}
[I 2024-12-29 22:12:51,155] Trial 2206 finished with value: 0.9297671541802514 and parameters: {'iterations': 96, 'learning_rate': 0.18664819750906725, 'depth': 4, 'l2_leaf_reg': 4.205974792529749, 'subsample': 0.7302605528474704, 'min_data_in_leaf': 25, 'rsm': 0.992067745661953}. Best is trial 1892 with value: 0.9319758700936625.
Trial 2206: AUC = 0.9298 | Params = {'iterations': 96, 'learning_rate': 0.18664819750906725, 'depth': 4, 'l2_leaf_reg': 4.205974792529749, 'subsample': 0.7302605528474704, 'min_data_in_leaf': 25, 'rsm': 0.992067745661953, 'loss_function': 'Logloss', 'eval_metric': 'AUC', 'grow_policy': 'Depthwise'}
[I 2024-12-29 22:12:51,703] Trial 2207 finished with value: 0.9292541272565984 and parameters: {'iterations': 89, 'learning_rate': 0.19559605517203107, 'depth': 4, 'l2_leaf_reg': 4.392008188264301, 'subsample': 0.7088158513961813, 'min_data_in_leaf': 27, 'rsm': 0.9647076176897706}. Best is trial 1892 with value: 0.9319758700936625.
Trial 2207: AUC = 0.9293 | Params = {'iterations': 89, 'learning_rate': 0.19559605517203107, 'depth': 4, 'l2_leaf_reg': 4.392008188264301, 'subsample': 0.7088158513961813, 'min_data_in_leaf': 27, 'rsm': 0.9647076176897706, 'loss_function': 'Logloss', 'eval_metric': 'AUC', 'grow_policy': 'Depthwise'}
[I 2024-12-29 22:12:52,221] Trial 2208 finished with value: 0.9293740135482309 and parameters: {'iterations': 92, 'learning_rate': 0.18948864697643306, 'depth': 4, 'l2_leaf_reg': 4.289193278196462, 'subsample': 0.9824147895102322, 'min_data_in_leaf': 26, 'rsm': 0.983357501662852}. Best is trial 1892 with value: 0.9319758700936625.
Trial 2208: AUC = 0.9294 | Params = {'iterations': 92, 'learning_rate': 0.18948864697643306, 'depth': 4, 'l2_leaf_reg': 4.289193278196462, 'subsample': 0.9824147895102322, 'min_data_in_leaf': 26, 'rsm': 0.983357501662852, 'loss_function': 'Logloss', 'eval_metric': 'AUC', 'grow_policy': 'Depthwise'}
[I 2024-12-29 22:12:52,674] Trial 2209 finished with value: 0.9300634497298419 and parameters: {'iterations': 76, 'learning_rate': 0.19267334012341739, 'depth': 4, 'l2_leaf_reg': 4.105039760004546, 'subsample': 0.7212320868202461, 'min_data_in_leaf': 25, 'rsm': 0.9760729547785898}. Best is trial 1892 with value: 0.9319758700936625.
Trial 2209: AUC = 0.9301 | Params = {'iterations': 76, 'learning_rate': 0.19267334012341739, 'depth': 4, 'l2_leaf_reg': 4.105039760004546, 'subsample': 0.7212320868202461, 'min_data_in_leaf': 25, 'rsm': 0.9760729547785898, 'loss_function': 'Logloss', 'eval_metric': 'AUC', 'grow_policy': 'Depthwise'}
[I 2024-12-29 22:12:52,064] Trial 2210 finished with value: 0.9300260077648875 and parameters: {'iterations': 82, 'learning_rate': 0.1971122563580735, 'depth': 4, 'l2_leaf_reg': 3.979917627074504, 'subsample': 0.71428402296322, 'min_data_in_leaf': 24, 'rsm': 0.9683287986097047}. Best is trial 1892 with value: 0.9319758700936625.
Trial 2210: AUC = 0.9300 | Params = {'iterations': 82, 'learning_rate': 0.1971122563580735, 'depth': 4, 'l2_leaf_reg': 3.979917627074504, 'subsample': 0.71428402296322, 'min_data_in_leaf': 24, 'rsm': 0.9683287986097047, 'loss_function': 'Logloss', 'eval_metric': 'AUC', 'grow_policy': 'Depthwise'}
[I 2024-12-29 22:12:52,644] Trial 2211 finished with value: 0.9293077700717735 and parameters: {'iterations': 85, 'learning_rate': 0.19741886380115206, 'depth': 5, 'l2_leaf_reg': 4.460964392179553, 'subsample': 0.8141849542976979, 'min_data_in_leaf': 26, 'rsm': 0.867472889859612}. Best is trial 1892 with value: 0.9319758700936625.
Trial 2211: AUC = 0.9293 | Params = {'iterations': 85, 'learning_rate': 0.19741886380115206, 'depth': 5, 'l2_leaf_reg': 4.460964392179553, 'subsample': 0.8141849542976979, 'min_data_in_leaf': 26, 'rsm': 0.867472889859612, 'loss_function': 'Logloss', 'eval_metric': 'AUC', 'grow_policy': 'Depthwise'}
[I 2024-12-29 22:12:53,113] Trial 2212 finished with value: 0.929778314765959 and parameters: {'iterations': 70, 'learning_rate': 0.12574505743063527, 'depth': 4, 'l2_leaf_reg': 4.344298879532159, 'subsample': 0.7041823430772105, 'min_data_in_leaf': 23, 'rsm': 0.9948434138268993}. Best is trial 1892 with value: 0.9319758700936625.
Trial 2212: AUC = 0.9298 | Params = {'iterations': 70, 'learning_rate': 0.12574505743063527, 'depth': 4, 'l2_leaf_reg': 4.344298879532159, 'subsample': 0.7041823430772105, 'min_data_in_leaf': 23, 'rsm': 0.9948434138268993, 'loss_function': 'Logloss', 'eval_metric': 'AUC', 'grow_policy': 'Depthwise'}
[I 2024-12-29 22:12:53,569] Trial 2213 finished with value: 0.9297469931221991 and parameters: {'iterations': 90, 'learning_rate': 0.1940808842497891, 'depth': 4, 'l2_leaf_reg': 4.199687191537553, 'subsample': 0.7000438960942859, 'min_data_in_leaf': 24, 'rsm': 0.9629530671967272}. Best is trial 1892 with value: 0.9319758700936625.
Trial 2213: AUC = 0.9297 | Params = {'iterations': 90, 'learning_rate': 0.1940808842497891, 'depth': 4, 'l2_leaf_reg': 4.199687191537553, 'subsample': 0.7000438960942859, 'min_data_in_leaf': 24, 'rsm': 0.9629530671967272, 'loss_function': 'Logloss', 'eval_metric': 'AUC', 'grow_policy': 'Depthwise'}
[I 2024-12-29 22:12:54,069] Trial 2214 finished with value: 0.9309915784380365 and parameters: {'iterations': 97, 'learning_rate': 0.19025464904650116, 'depth': 4, 'l2_leaf_reg': 4.586782292917529, 'subsample': 0.9060533726249669, 'min_data_in_leaf': 25, 'rsm': 0.9737646880856922}. Best is trial 1892 with value: 0.9319758700936625.
Trial 2214: AUC = 0.9310 | Params = {'iterations': 97, 'learning_rate': 0.19025464904650116, 'depth': 4, 'l2_leaf_reg': 4.586782292917529, 'subsample': 0.9060533726249669, 'min_data_in_leaf': 25, 'rsm': 0.9737646880856922, 'loss_function': 'Logloss', 'eval_metric': 'AUC', 'grow_policy': 'Depthwise'}
[I 2024-12-29 22:12:54,568] Trial 2215 finished with value: 0.9299442834759968 and parameters: {'iterations': 93, 'learning_rate': 0.19992815614130532, 'depth': 4, 'l2_leaf_reg': 2.5069589403390937, 'subsample': 0.7180723134058533, 'min_data_in_leaf': 25, 'rsm': 0.984969587945172}. Best is trial 1892 with value: 0.9319758700936625.
Trial 2215: AUC = 0.9299 | Params = {'iterations': 93, 'learning_rate': 0.19992815614130532, 'depth': 4, 'l2_leaf_reg': 2.5069589403390937, 'subsample': 0.7180723134058533, 'min_data_in_leaf': 25, 'rsm': 0.984969587945172, 'loss_function': 'Logloss', 'eval_metric': 'AUC', 'grow_policy': 'Depthwise'}
[I 2024-12-29 22:12:55,072] Trial 2216 finished with value: 0.9295871447333557 and parameters: {'iterations': 87, 'learning_rate': 0.19334952500579894, 'depth': 4, 'l2_leaf_reg': 4.261229166899526, 'subsample': 0.7358690107170669, 'min_data_in_leaf': 27, 'rsm': 0.9799256687007268}. Best is trial 1892 with value: 0.9319758700936625.
Trial 2216: AUC = 0.9296 | Params = {'iterations': 87, 'learning_rate': 0.19334952500579894, 'depth': 4, 'l2_leaf_reg': 4.261229166899526, 'subsample': 0.7358690107170669, 'min_data_in_leaf': 27, 'rsm': 0.9799256687007268, 'loss_function': 'Logloss', 'eval_metric': 'AUC', 'grow_policy': 'Depthwise'}
[I 2024-12-29 22:12:55,604] Trial 2217 finished with value: 0.9294157757399107 and parameters: {'iterations': 66, 'learning_rate': 0.18691118702914178, 'depth': 4, 'l2_leaf_reg': 4.399598287566323, 'subsample': 0.7258450542395296, 'min_data_in_leaf': 24, 'rsm': 0.9683822700370674}. Best is trial 1892 with value: 0.9319758700936625.
Trial 2217: AUC = 0.9294 | Params = {'iterations': 66, 'learning_rate': 0.18691118702914178, 'depth': 4, 'l2_leaf_reg': 4.399598287566323, 'subsample': 0.7258450542395296, 'min_data_in_leaf': 24, 'rsm': 0.9683822700370674, 'loss_function': 'Logloss', 'eval_metric': 'AUC', 'grow_policy': 'Depthwise'}
[I 2024-12-29 22:12:56,064] Trial 2218 finished with value: 0.9302067372495709 and parameters: {'iterations': 80, 'learning_rate': 0.19737547164540026, 'depth': 4, 'l2_leaf_reg': 4.489825260233928, 'subsample': 0.7095365575657235, 'min_data_in_leaf': 26, 'rsm': 0.9736639166583442}. Best is trial 1892 with value: 0.9319758700936625.
Trial 2218: AUC = 0.9302 | Params = {'iterations': 80, 'learning_rate': 0.19737547164540026, 'depth': 4, 'l2_leaf_reg': 4.489825260233928, 'subsample': 0.7095365575657235, 'min_data_in_leaf': 26, 'rsm': 0.9736639166583442, 'loss_function': 'Logloss', 'eval_metric': 'AUC', 'grow_policy': 'Depthwise'}
[I 2024-12-29 22:12:56,543] Trial 2219 finished with value: 0.9289070690429833 and parameters: {'iterations': 74, 'learning_rate': 0.19137169460289186, 'depth': 4, 'l2_leaf_reg': 4.335603868668848, 'subsample': 0.714683242814537, 'min_data_in_leaf': 25, 'rsm': 0.9791327964274693}. Best is trial 1892 with value: 0.9319758700936625.
Trial 2219: AUC = 0.9289 | Params = {'iterations': 74, 'learning_rate': 0.19137169460289186, 'depth': 4, 'l2_leaf_reg': 4.335603868668848, 'subsample': 0.714683242814537, 'min_data_in_leaf': 25, 'rsm': 0.9791327964274693, 'loss_function': 'Logloss', 'eval_metric': 'AUC', 'grow_policy': 'Depthwise'}
[I 2024-12-29 22:12:57,168] Trial 2220 finished with value: 0.9300486889551964 and parameters: {'iterations': 95, 'learning_rate': 0.1948212508060616, 'depth': 4, 'l2_leaf_reg': 4.038759007424449, 'subsample': 0.721312951051705, 'min_data_in_leaf': 26, 'rsm': 0.9623462786008452}. Best is trial 1892 with value: 0.9319758700936625.
Trial 2220: AUC = 0.9300 | Params = {'iterations': 95, 'learning_rate': 0.1948212508060616, 'depth': 4, 'l2_leaf_reg': 4.038759007424449, 'subsample': 0.721312951051705, 'min_data_in_leaf': 26, 'rsm': 0.9623462786008452, 'loss_function': 'Logloss', 'eval_metric': 'AUC', 'grow_policy': 'Depthwise'}
[I 2024-12-29 22:12:57,677] Trial 2221 finished with value: 0.9288735872858608 and parameters: {'iterations': 91, 'learning_rate': 0.18927161641350276, 'depth': 4, 'l2_leaf_reg': 4.131001613637678, 'subsample': 0.7086958619879997, 'min_data_in_leaf': 24, 'rsm': 0.9234675524707419}. Best is trial 1892 with value: 0.9319758700936625.
Trial 2221: AUC = 0.9289 | Params = {'iterations': 91, 'learning_rate': 0.18927161641350276, 'depth': 4, 'l2_leaf_reg': 4.131001613637678, 'subsample': 0.7086958619879997, 'min_data_in_leaf': 24, 'rsm': 0.9234675524707419, 'loss_function': 'Logloss', 'eval_metric': 'AUC', 'grow_policy': 'Depthwise'}
[I 2024-12-29 22:12:58,113] Trial 2222 finished with value: 0.9294928197831821 and parameters: {'iterations': 53, 'learning_rate': 0.08682425751957196, 'depth': 4, 'l2_leaf_reg': 4.2306823831327405, 'subsample': 0.7296443688712807, 'min_data_in_leaf': 27, 'rsm': 0.9887835997335793}. Best is trial 1892 with value: 0.9319758700936625.
Trial 2222: AUC = 0.9295 | Params = {'iterations': 53, 'learning_rate': 0.08682425751957196, 'depth': 4, 'l2_leaf_reg': 4.2306823831327405, 'subsample': 0.7296443688712807, 'min_data_in_leaf': 27, 'rsm': 0.9887835997335793, 'loss_function': 'Logloss', 'eval_metric': 'AUC', 'grow_policy': 'Depthwise'}
[I 2024-12-29 22:12:58,623] Trial 2223 finished with value: 0.930802568518796 and parameters: {'iterations': 88, 'learning_rate': 0.19742604107962589, 'depth': 4, 'l2_leaf_reg': 3.301158862636827, 'subsample': 0.7156332614372235, 'min_data_in_leaf': 25, 'rsm': 0.9711749450693374}. Best is trial 1892 with value: 0.9319758700936625.
Trial 2223: AUC = 0.9308 | Params = {'iterations': 88, 'learning_rate': 0.19742604107962589, 'depth': 4, 'l2_leaf_reg': 3.301158862636827, 'subsample': 0.7156332614372235, 'min_data_in_leaf': 25, 'rsm': 0.9711749450693374, 'loss_function': 'Logloss', 'eval_metric': 'AUC', 'grow_policy': 'Depthwise'}
[I 2024-12-29 22:12:59,096] Trial 2224 finished with value: 0.9289326303844426 and parameters: {'iterations': 84, 'learning_rate': 0.19313984576634374, 'depth': 4, 'l2_leaf_reg': 4.45784666777878, 'subsample': 0.869744201787768, 'min_data_in_leaf': 26, 'rsm': 0.9840753358023159}. Best is trial 1892 with value: 0.9319758700936625.
Trial 2224: AUC = 0.9289 | Params = {'iterations': 84, 'learning_rate': 0.19313984576634374, 'depth': 4, 'l2_leaf_reg': 4.45784666777878, 'subsample': 0.869744201787768, 'min_data_in_leaf': 26, 'rsm': 0.9840753358023159, 'loss_function': 'Logloss', 'eval_metric': 'AUC', 'grow_policy': 'Depthwise'}
[I 2024-12-29 22:12:59,603] Trial 2225 finished with value: 0.9298042361263119 and parameters: {'iterations': 78, 'learning_rate': 0.1999830247744612, 'depth': 4, 'l2_leaf_reg': 4.305196693709508, 'subsample': 0.7225046305716016, 'min_data_in_leaf': 23, 'rsm': 0.9666289347037473}. Best is trial 1892 with value: 0.9319758700936625.
Trial 2225: AUC = 0.9298 | Params = {'iterations': 78, 'learning_rate': 0.1999830247744612, 'depth': 4, 'l2_leaf_reg': 4.305196693709508, 'subsample': 0.7225046305716016, 'min_data_in_leaf': 23, 'rsm': 0.9666289347037473, 'loss_function': 'Logloss', 'eval_metric': 'AUC', 'grow_policy': 'Depthwise'}
[I 2024-12-29 22:13:00,071] Trial 2226 finished with value: 0.929111559774657 and parameters: {'iterations': 69, 'learning_rate': 0.18740767748506998, 'depth': 4, 'l2_leaf_reg': 4.400791767349684, 'subsample': 0.7048512308403645, 'min_data_in_leaf': 24, 'rsm': 0.9771016483378285}. Best is trial 1892 with value: 0.9319758700936625.
Trial 2226: AUC = 0.9291 | Params = {'iterations': 69, 'learning_rate': 0.18740767748506998, 'depth': 4, 'l2_leaf_reg': 4.400791767349684, 'subsample': 0.7048512308403645, 'min_data_in_leaf': 24, 'rsm': 0.9771016483378285, 'loss_function': 'Logloss', 'eval_metric': 'AUC', 'grow_policy': 'Depthwise'}
[I 2024-12-29 22:13:00,711] Trial 2227 finished with value: 0.9287601813343164 and parameters: {'iterations': 97, 'learning_rate': 0.06506128823178678, 'depth': 4, 'l2_leaf_reg': 4.549096437632817, 'subsample': 0.7123753814540499, 'min_data_in_leaf': 25, 'rsm': 0.96358003756198}. Best is trial 1892 with value: 0.9319758700936625.
Trial 2227: AUC = 0.9288 | Params = {'iterations': 97, 'learning_rate': 0.06506128823178678, 'depth': 4, 'l2_leaf_reg': 4.549096437632817, 'subsample': 0.7123753814540499, 'min_data_in_leaf': 25, 'rsm': 0.96358003756198, 'loss_function': 'Logloss', 'eval_metric': 'AUC', 'grow_policy': 'Depthwise'}
[I 2024-12-29 22:13:01,214] Trial 2228 finished with value: 0.9306340796765014 and parameters: {'iterations': 144, 'learning_rate': 0.1947192781782881, 'depth': 4, 'l2_leaf_reg': 4.1898173713657325, 'subsample': 0.7192033641248127, 'min_data_in_leaf': 26, 'rsm': 0.9727034989401744}. Best is trial 1892 with value: 0.9319758700936625.
Trial 2228: AUC = 0.9306 | Params = {'iterations': 144, 'learning_rate': 0.1947192781782881, 'depth': 4, 'l2_leaf_reg': 4.1898173713657325, 'subsample': 0.7192033641248127, 'min_data_in_leaf': 26, 'rsm': 0.9727034989401744, 'loss_function': 'Logloss', 'eval_metric': 'AUC', 'grow_policy': 'Depthwise'}
[I 2024-12-29 22:13:01,680] Trial 2229 finished with value: 0.930033568161657 and parameters: {'iterations': 93, 'learning_rate': 0.19199489860857022, 'depth': 4, 'l2_leaf_reg': 4.285070411952032, 'subsample': 0.7255794956537804, 'min_data_in_leaf': 25, 'rsm': 0.9825654091431965}. Best is trial 1892 with value: 0.9319758700936625.
Trial 2229: AUC = 0.9300 | Params = {'iterations': 93, 'learning_rate': 0.19199489860857022, 'depth': 4, 'l2_leaf_reg': 4.285070411952032, 'subsample': 0.7255794956537804, 'min_data_in_leaf': 25, 'rsm': 0.9825654091431965, 'loss_function': 'Logloss', 'eval_metric': 'AUC', 'grow_policy': 'Depthwise'}
[I 2024-12-29 22:13:02,294] Trial 2230 finished with value: 0.9301829760025807 and parameters: {'iterations': 90, 'learning_rate': 0.1971108183400352, 'depth': 4, 'l2_leaf_reg': 4.361269121848151, 'subsample': 0.708880466361068, 'min_data_in_leaf': 24, 'rsm': 0.8303832600761784}. Best is trial 1892 with value: 0.9319758700936625.
Trial 2230: AUC = 0.9302 | Params = {'iterations': 90, 'learning_rate': 0.1971108183400352, 'depth': 4, 'l2_leaf_reg': 4.361269121848151, 'subsample': 0.708880466361068, 'min_data_in_leaf': 24, 'rsm': 0.8303832600761784, 'loss_function': 'Logloss', 'eval_metric': 'AUC', 'grow_policy': 'Depthwise'}
[I 2024-12-29 22:13:02,769] Trial 2231 finished with value: 0.9293200107141623 and parameters: {'iterations': 86, 'learning_rate': 0.19000585431810293, 'depth': 4, 'l2_leaf_reg': 4.626652503013363, 'subsample': 0.7332629498843178, 'min_data_in_leaf': 27, 'rsm': 0.9927668440461225}. Best is trial 1892 with value: 0.9319758700936625.
Trial 2231: AUC = 0.9293 | Params = {'iterations': 86, 'learning_rate': 0.19000585431810293, 'depth': 4, 'l2_leaf_reg': 4.626652503013363, 'subsample': 0.7332629498843178, 'min_data_in_leaf': 27, 'rsm': 0.9927668440461225, 'loss_function': 'Logloss', 'eval_metric': 'AUC', 'grow_policy': 'Depthwise'}
[I 2024-12-29 22:13:03,234] Trial 2232 finished with value: 0.9301498542643517 and parameters: {'iterations': 72, 'learning_rate': 0.1947180918711066, 'depth': 4, 'l2_leaf_reg': 4.160991664419128, 'subsample': 0.7148542547363342, 'min_data_in_leaf': 23, 'rsm': 0.9775308600912759}. Best is trial 1892 with value: 0.9319758700936625.
Trial 2232: AUC = 0.9301 | Params = {'iterations': 72, 'learning_rate': 0.1947180918711066, 'depth': 4, 'l2_leaf_reg': 4.160991664419128, 'subsample': 0.7148542547363342, 'min_data_in_leaf': 23, 'rsm': 0.9775308600912759, 'loss_function': 'Logloss', 'eval_metric': 'AUC', 'grow_policy': 'Depthwise'}
[I 2024-12-29 22:13:03,728] Trial 2233 finished with value: 0.9296911901936613 and parameters: {'iterations': 94, 'learning_rate': 0.19999121462219424, 'depth': 4, 'l2_leaf_reg': 4.435629357890467, 'subsample': 0.7188193340159811, 'min_data_in_leaf': 26, 'rsm': 0.9677860469468488}. Best is trial 1892 with value: 0.9319758700936625.
Trial 2233: AUC = 0.9297 | Params = {'iterations': 94, 'learning_rate': 0.19999121462219424, 'depth': 4, 'l2_leaf_reg': 4.435629357890467, 'subsample': 0.7188193340159811, 'min_data_in_leaf': 26, 'rsm': 0.9677860469468488, 'loss_function': 'Logloss', 'eval_metric': 'AUC', 'grow_policy': 'Depthwise'}
[I 2024-12-29 22:13:04,191] Trial 2234 finished with value: 0.9287155389914863 and parameters: {'iterations': 77, 'learning_rate': 0.18616121793165624, 'depth': 4, 'l2_leaf_reg': 4.080972825951252, 'subsample': 0.8796552678758134, 'min_data_in_leaf': 25, 'rsm': 0.9610985467955397}. Best is trial 1892 with value: 0.9319758700936625.
Trial 2234: AUC = 0.9287 | Params = {'iterations': 77, 'learning_rate': 0.18616121793165624, 'depth': 4, 'l2_leaf_reg': 4.080972825951252, 'subsample': 0.8796552678758134, 'min_data_in_leaf': 25, 'rsm': 0.9610985467955397, 'loss_function': 'Logloss', 'eval_metric': 'AUC', 'grow_policy': 'Depthwise'}
[I 2024-12-29 22:13:04,617] Trial 2235 finished with value: 0.9294553778182278 and parameters: {'iterations': 65, 'learning_rate': 0.19999454318084436, 'depth': 4, 'l2_leaf_reg': 3.9695836503933033, 'subsample': 0.7058724659694073, 'min_data_in_leaf': 24, 'rsm': 0.9866741173876169}. Best is trial 1892 with value: 0.9319758700936625.
Trial 2235: AUC = 0.9295 | Params = {'iterations': 65, 'learning_rate': 0.19999454318084436, 'depth': 4, 'l2_leaf_reg': 3.9695836503933033, 'subsample': 0.7058724659694073, 'min_data_in_leaf': 24, 'rsm': 0.9866741173876169, 'loss_function': 'Logloss', 'eval_metric': 'AUC', 'grow_policy': 'Depthwise'}
[I 2024-12-29 22:13:05,125] Trial 2236 finished with value: 0.9307197641732238 and parameters: {'iterations': 82, 'learning_rate': 0.19505836941752117, 'depth': 4, 'l2_leaf_reg': 4.522873344875096, 'subsample': 0.7262551893976078, 'min_data_in_leaf': 25, 'rsm': 0.9733412786424909}. Best is trial 1892 with value: 0.9319758700936625.
Trial 2236: AUC = 0.9307 | Params = {'iterations': 82, 'learning_rate': 0.19505836941752117, 'depth': 4, 'l2_leaf_reg': 4.522873344875096, 'subsample': 0.7262551893976078, 'min_data_in_leaf': 25, 'rsm': 0.9733412786424909, 'loss_function': 'Logloss', 'eval_metric': 'AUC', 'grow_policy': 'Depthwise'}
[I 2024-12-29 22:13:05,738] Trial 2237 finished with value: 0.9303295036923537 and parameters: {'iterations': 88, 'learning_rate': 0.19111246336021884, 'depth': 4, 'l2_leaf_reg': 4.25207735491935, 'subsample': 0.7123449110982718, 'min_data_in_leaf': 26, 'rsm': 0.9794709005423643}. Best is trial 1892 with value: 0.9319758700936625.
Trial 2237: AUC = 0.9303 | Params = {'iterations': 88, 'learning_rate': 0.19111246336021884, 'depth': 4, 'l2_leaf_reg': 4.25207735491935, 'subsample': 0.7123449110982718, 'min_data_in_leaf': 26, 'rsm': 0.9794709005423643, 'loss_function': 'Logloss', 'eval_metric': 'AUC', 'grow_policy': 'Depthwise'}
