[I 2024-12-29 22:16:55,138] Trial 2680 finished with value: 0.9300850508634695 and parameters: {'iterations': 82, 'learning_rate': 0.1953552845516427, 'depth': 4, 'l2_leaf_reg': 3.0301956993094405, 'subsample': 0.7183077623579602, 'min_data_in_leaf': 4, 'rsm': 0.9658165879850731}. Best is trial 1892 with value: 0.9319758700936625.
Trial 2680: AUC = 0.9301 | Params = {'iterations': 82, 'learning_rate': 0.1953552845516427, 'depth': 4, 'l2_leaf_reg': 3.0301956993094405, 'subsample': 0.7183077623579602, 'min_data_in_leaf': 4, 'rsm': 0.9658165879850731, 'loss_function': 'Logloss', 'eval_metric': 'AUC', 'grow_policy': 'Depthwise'}
[I 2024-12-29 22:16:55,709] Trial 2681 finished with value: 0.9296879500236173 and parameters: {'iterations': 90, 'learning_rate': 0.19736003500856514, 'depth': 4, 'l2_leaf_reg': 3.7764901403432196, 'subsample': 0.7050479760487631, 'min_data_in_leaf': 23, 'rsm': 0.9749991682690279}. Best is trial 1892 with value: 0.9319758700936625.
Trial 2681: AUC = 0.9297 | Params = {'iterations': 90, 'learning_rate': 0.19736003500856514, 'depth': 4, 'l2_leaf_reg': 3.7764901403432196, 'subsample': 0.7050479760487631, 'min_data_in_leaf': 23, 'rsm': 0.9749991682690279, 'loss_function': 'Logloss', 'eval_metric': 'AUC', 'grow_policy': 'Depthwise'}
[I 2024-12-29 22:16:56,166] Trial 2682 finished with value: 0.9306704415847744 and parameters: {'iterations': 72, 'learning_rate': 0.19301630028241898, 'depth': 4, 'l2_leaf_reg': 2.4432478052407207, 'subsample': 0.7335556569660641, 'min_data_in_leaf': 2, 'rsm': 0.9996207414352338}. Best is trial 1892 with value: 0.9319758700936625.
Trial 2682: AUC = 0.9307 | Params = {'iterations': 72, 'learning_rate': 0.19301630028241898, 'depth': 4, 'l2_leaf_reg': 2.4432478052407207, 'subsample': 0.7335556569660641, 'min_data_in_leaf': 2, 'rsm': 0.9996207414352338, 'loss_function': 'Logloss', 'eval_metric': 'AUC', 'grow_policy': 'Depthwise'}
[I 2024-12-29 22:16:56,619] Trial 2683 finished with value: 0.9306239991474753 and parameters: {'iterations': 64, 'learning_rate': 0.18795263573843662, 'depth': 4, 'l2_leaf_reg': 4.469117309468637, 'subsample': 0.7135336643237711, 'min_data_in_leaf': 2, 'rsm': 0.9829374714439796}. Best is trial 1892 with value: 0.9319758700936625.
Trial 2683: AUC = 0.9306 | Params = {'iterations': 64, 'learning_rate': 0.18795263573843662, 'depth': 4, 'l2_leaf_reg': 4.469117309468637, 'subsample': 0.7135336643237711, 'min_data_in_leaf': 2, 'rsm': 0.9829374714439796, 'loss_function': 'Logloss', 'eval_metric': 'AUC', 'grow_policy': 'Depthwise'}
[I 2024-12-29 22:16:57,115] Trial 2684 finished with value: 0.9288246247163051 and parameters: {'iterations': 86, 'learning_rate': 0.19038118850433094, 'depth': 4, 'l2_leaf_reg': 2.897493971029716, 'subsample': 0.7414453127611051, 'min_data_in_leaf': 24, 'rsm': 0.9622437081933903}. Best is trial 1892 with value: 0.9319758700936625.
Trial 2684: AUC = 0.9288 | Params = {'iterations': 86, 'learning_rate': 0.19038118850433094, 'depth': 4, 'l2_leaf_reg': 2.897493971029716, 'subsample': 0.7414453127611051, 'min_data_in_leaf': 24, 'rsm': 0.9622437081933903, 'loss_function': 'Logloss', 'eval_metric': 'AUC', 'grow_policy': 'Depthwise'}
[I 2024-12-29 22:16:57,711] Trial 2685 finished with value: 0.9297570736512252 and parameters: {'iterations': 93, 'learning_rate': 0.18361920984707844, 'depth': 4, 'l2_leaf_reg': 3.9596497250344846, 'subsample': 0.8533372031454307, 'min_data_in_leaf': 24, 'rsm': 0.907913805867707}. Best is trial 1892 with value: 0.9319758700936625.
Trial 2685: AUC = 0.9298 | Params = {'iterations': 93, 'learning_rate': 0.18361920984707844, 'depth': 4, 'l2_leaf_reg': 3.9596497250344846, 'subsample': 0.8533372031454307, 'min_data_in_leaf': 24, 'rsm': 0.907913805867707, 'loss_function': 'Logloss', 'eval_metric': 'AUC', 'grow_policy': 'Depthwise'}
[I 2024-12-29 22:16:58,168] Trial 2686 finished with value: 0.9286669364408245 and parameters: {'iterations': 68, 'learning_rate': 0.19998000470470195, 'depth': 4, 'l2_leaf_reg': 2.951004087236384, 'subsample': 0.723961954459905, 'min_data_in_leaf': 23, 'rsm': 0.9706645285543986}. Best is trial 1892 with value: 0.9319758700936625.
Trial 2686: AUC = 0.9287 | Params = {'iterations': 68, 'learning_rate': 0.19998000470470195, 'depth': 4, 'l2_leaf_reg': 2.951004087236384, 'subsample': 0.723961954459905, 'min_data_in_leaf': 23, 'rsm': 0.9706645285543986, 'loss_function': 'Logloss', 'eval_metric': 'AUC', 'grow_policy': 'Depthwise'}
[I 2024-12-29 22:16:58,666] Trial 2687 finished with value: 0.9296292669439292 and parameters: {'iterations': 89, 'learning_rate': 0.19402771657943652, 'depth': 4, 'l2_leaf_reg': 1.9513773930352456, 'subsample': 0.7137148689995916, 'min_data_in_leaf': 7, 'rsm': 0.9897462282292844}. Best is trial 1892 with value: 0.9319758700936625.
Trial 2687: AUC = 0.9296 | Params = {'iterations': 89, 'learning_rate': 0.19402771657943652, 'depth': 4, 'l2_leaf_reg': 1.9513773930352456, 'subsample': 0.7137148689995916, 'min_data_in_leaf': 7, 'rsm': 0.9897462282292844, 'loss_function': 'Logloss', 'eval_metric': 'AUC', 'grow_policy': 'Depthwise'}
[I 2024-12-29 22:16:59,283] Trial 2688 finished with value: 0.9303719859218212 and parameters: {'iterations': 105, 'learning_rate': 0.19693347859893018, 'depth': 4, 'l2_leaf_reg': 3.0132026967073644, 'subsample': 0.7191925176789754, 'min_data_in_leaf': 24, 'rsm': 0.976103841084538}. Best is trial 1892 with value: 0.9319758700936625.
Trial 2688: AUC = 0.9304 | Params = {'iterations': 105, 'learning_rate': 0.19693347859893018, 'depth': 4, 'l2_leaf_reg': 3.0132026967073644, 'subsample': 0.7191925176789754, 'min_data_in_leaf': 24, 'rsm': 0.976103841084538, 'loss_function': 'Logloss', 'eval_metric': 'AUC', 'grow_policy': 'Depthwise'}
[I 2024-12-29 22:16:59,780] Trial 2689 finished with value: 0.9299237623990506 and parameters: {'iterations': 84, 'learning_rate': 0.1916101096828393, 'depth': 4, 'l2_leaf_reg': 3.1758264792071094, 'subsample': 0.7270809280357035, 'min_data_in_leaf': 4, 'rsm': 0.9699224826168851}. Best is trial 1892 with value: 0.9319758700936625.
Trial 2689: AUC = 0.9299 | Params = {'iterations': 84, 'learning_rate': 0.1916101096828393, 'depth': 4, 'l2_leaf_reg': 3.1758264792071094, 'subsample': 0.7270809280357035, 'min_data_in_leaf': 4, 'rsm': 0.9699224826168851, 'loss_function': 'Logloss', 'eval_metric': 'AUC', 'grow_policy': 'Depthwise'}
[I 2024-12-29 22:17:00,559] Trial 2690 finished with value: 0.9299914459510835 and parameters: {'iterations': 91, 'learning_rate': 0.19531729703119674, 'depth': 4, 'l2_leaf_reg': 2.67514296984136, 'subsample': 0.700033912108755, 'min_data_in_leaf': 3, 'rsm': 0.984073892317108}. Best is trial 1892 with value: 0.9319758700936625.
Trial 2690: AUC = 0.9300 | Params = {'iterations': 91, 'learning_rate': 0.19531729703119674, 'depth': 4, 'l2_leaf_reg': 2.67514296984136, 'subsample': 0.700033912108755, 'min_data_in_leaf': 3, 'rsm': 0.984073892317108, 'loss_function': 'Logloss', 'eval_metric': 'AUC', 'grow_policy': 'Depthwise'}
[I 2024-12-29 22:17:01,108] Trial 2691 finished with value: 0.9310297404407785 and parameters: {'iterations': 78, 'learning_rate': 0.18455621008205492, 'depth': 4, 'l2_leaf_reg': 4.405733433148877, 'subsample': 0.7110879585906286, 'min_data_in_leaf': 2, 'rsm': 0.9583407193880974}. Best is trial 1892 with value: 0.9319758700936625.
Trial 2691: AUC = 0.9310 | Params = {'iterations': 78, 'learning_rate': 0.18455621008205492, 'depth': 4, 'l2_leaf_reg': 4.405733433148877, 'subsample': 0.7110879585906286, 'min_data_in_leaf': 2, 'rsm': 0.9583407193880974, 'loss_function': 'Logloss', 'eval_metric': 'AUC', 'grow_policy': 'Depthwise'}
[I 2024-12-29 22:17:00,347] Trial 2692 finished with value: 0.9292552073132798 and parameters: {'iterations': 74, 'learning_rate': 0.19733719104597508, 'depth': 4, 'l2_leaf_reg': 4.514489443662951, 'subsample': 0.705395484859162, 'min_data_in_leaf': 25, 'rsm': 0.994523830087235}. Best is trial 1892 with value: 0.9319758700936625.
Trial 2692: AUC = 0.9293 | Params = {'iterations': 74, 'learning_rate': 0.19733719104597508, 'depth': 4, 'l2_leaf_reg': 4.514489443662951, 'subsample': 0.705395484859162, 'min_data_in_leaf': 25, 'rsm': 0.994523830087235, 'loss_function': 'Logloss', 'eval_metric': 'AUC', 'grow_policy': 'Depthwise'}
[I 2024-12-29 22:17:00,880] Trial 2693 finished with value: 0.9295335019181807 and parameters: {'iterations': 94, 'learning_rate': 0.187600586343995, 'depth': 4, 'l2_leaf_reg': 4.713058220321757, 'subsample': 0.7197543262818576, 'min_data_in_leaf': 2, 'rsm': 0.7855154144386478}. Best is trial 1892 with value: 0.9319758700936625.
Trial 2693: AUC = 0.9295 | Params = {'iterations': 94, 'learning_rate': 0.187600586343995, 'depth': 4, 'l2_leaf_reg': 4.713058220321757, 'subsample': 0.7197543262818576, 'min_data_in_leaf': 2, 'rsm': 0.7855154144386478, 'loss_function': 'Logloss', 'eval_metric': 'AUC', 'grow_policy': 'Depthwise'}
[I 2024-12-29 22:17:01,600] Trial 2694 finished with value: 0.9292015644981049 and parameters: {'iterations': 87, 'learning_rate': 0.19316248611872186, 'depth': 4, 'l2_leaf_reg': 4.385754316736957, 'subsample': 0.8190156121946521, 'min_data_in_leaf': 3, 'rsm': 0.9775971162381314}. Best is trial 1892 with value: 0.9319758700936625.
Trial 2694: AUC = 0.9292 | Params = {'iterations': 87, 'learning_rate': 0.19316248611872186, 'depth': 4, 'l2_leaf_reg': 4.385754316736957, 'subsample': 0.8190156121946521, 'min_data_in_leaf': 3, 'rsm': 0.9775971162381314, 'loss_function': 'Logloss', 'eval_metric': 'AUC', 'grow_policy': 'Depthwise'}
[I 2024-12-29 22:17:02,157] Trial 2695 finished with value: 0.9301570546422278 and parameters: {'iterations': 92, 'learning_rate': 0.1973502591538432, 'depth': 4, 'l2_leaf_reg': 4.555251572585055, 'subsample': 0.708950693316236, 'min_data_in_leaf': 4, 'rsm': 0.9633313284854473}. Best is trial 1892 with value: 0.9319758700936625.
Trial 2695: AUC = 0.9302 | Params = {'iterations': 92, 'learning_rate': 0.1973502591538432, 'depth': 4, 'l2_leaf_reg': 4.555251572585055, 'subsample': 0.708950693316236, 'min_data_in_leaf': 4, 'rsm': 0.9633313284854473, 'loss_function': 'Logloss', 'eval_metric': 'AUC', 'grow_policy': 'Depthwise'}
[I 2024-12-29 22:17:02,763] Trial 2696 finished with value: 0.9287022182924158 and parameters: {'iterations': 103, 'learning_rate': 0.1908247354581496, 'depth': 5, 'l2_leaf_reg': 1.3693450847150987, 'subsample': 0.7244333458811655, 'min_data_in_leaf': 1, 'rsm': 0.9691836148460207}. Best is trial 1892 with value: 0.9319758700936625.
Trial 2696: AUC = 0.9287 | Params = {'iterations': 103, 'learning_rate': 0.1908247354581496, 'depth': 5, 'l2_leaf_reg': 1.3693450847150987, 'subsample': 0.7244333458811655, 'min_data_in_leaf': 1, 'rsm': 0.9691836148460207, 'loss_function': 'Logloss', 'eval_metric': 'AUC', 'grow_policy': 'Depthwise'}
[I 2024-12-29 22:17:03,287] Trial 2697 finished with value: 0.9313119952535108 and parameters: {'iterations': 70, 'learning_rate': 0.1944624523937472, 'depth': 4, 'l2_leaf_reg': 3.3741178269171295, 'subsample': 0.7154099174245642, 'min_data_in_leaf': 12, 'rsm': 0.8968338112713847}. Best is trial 1892 with value: 0.9319758700936625.
Trial 2697: AUC = 0.9313 | Params = {'iterations': 70, 'learning_rate': 0.1944624523937472, 'depth': 4, 'l2_leaf_reg': 3.3741178269171295, 'subsample': 0.7154099174245642, 'min_data_in_leaf': 12, 'rsm': 0.8968338112713847, 'loss_function': 'Logloss', 'eval_metric': 'AUC', 'grow_policy': 'Depthwise'}
[I 2024-12-29 22:17:03,763] Trial 2698 finished with value: 0.929864719300469 and parameters: {'iterations': 81, 'learning_rate': 0.19735890414950963, 'depth': 4, 'l2_leaf_reg': 1.5025100836982888, 'subsample': 0.7315171340415296, 'min_data_in_leaf': 19, 'rsm': 0.9806923649143472}. Best is trial 1892 with value: 0.9319758700936625.
Trial 2698: AUC = 0.9299 | Params = {'iterations': 81, 'learning_rate': 0.19735890414950963, 'depth': 4, 'l2_leaf_reg': 1.5025100836982888, 'subsample': 0.7315171340415296, 'min_data_in_leaf': 19, 'rsm': 0.9806923649143472, 'loss_function': 'Logloss', 'eval_metric': 'AUC', 'grow_policy': 'Depthwise'}
[I 2024-12-29 22:17:04,236] Trial 2699 finished with value: 0.9286730567620188 and parameters: {'iterations': 166, 'learning_rate': 0.1999902292717845, 'depth': 4, 'l2_leaf_reg': 4.365135196716648, 'subsample': 0.7173621282606646, 'min_data_in_leaf': 25, 'rsm': 0.974295909886698}. Best is trial 1892 with value: 0.9319758700936625.
Trial 2699: AUC = 0.9287 | Params = {'iterations': 166, 'learning_rate': 0.1999902292717845, 'depth': 4, 'l2_leaf_reg': 4.365135196716648, 'subsample': 0.7173621282606646, 'min_data_in_leaf': 25, 'rsm': 0.974295909886698, 'loss_function': 'Logloss', 'eval_metric': 'AUC', 'grow_policy': 'Depthwise'}
[I 2024-12-29 22:17:04,786] Trial 2700 finished with value: 0.9292426066519972 and parameters: {'iterations': 88, 'learning_rate': 0.19996506010083545, 'depth': 4, 'l2_leaf_reg': 1.1420165521875991, 'subsample': 0.7087881713803147, 'min_data_in_leaf': 23, 'rsm': 0.9849204334014771}. Best is trial 1892 with value: 0.9319758700936625.
Trial 2700: AUC = 0.9292 | Params = {'iterations': 88, 'learning_rate': 0.19996506010083545, 'depth': 4, 'l2_leaf_reg': 1.1420165521875991, 'subsample': 0.7087881713803147, 'min_data_in_leaf': 23, 'rsm': 0.9849204334014771, 'loss_function': 'Logloss', 'eval_metric': 'AUC', 'grow_policy': 'Depthwise'}
[I 2024-12-29 22:17:05,384] Trial 2701 finished with value: 0.9298726397161323 and parameters: {'iterations': 67, 'learning_rate': 0.18950616646099525, 'depth': 4, 'l2_leaf_reg': 4.645019679099637, 'subsample': 0.7198792036042675, 'min_data_in_leaf': 2, 'rsm': 0.9675127791111772}. Best is trial 1892 with value: 0.9319758700936625.
Trial 2701: AUC = 0.9299 | Params = {'iterations': 67, 'learning_rate': 0.18950616646099525, 'depth': 4, 'l2_leaf_reg': 4.645019679099637, 'subsample': 0.7198792036042675, 'min_data_in_leaf': 2, 'rsm': 0.9675127791111772, 'loss_function': 'Logloss', 'eval_metric': 'AUC', 'grow_policy': 'Depthwise'}
[I 2024-12-29 22:17:05,926] Trial 2702 finished with value: 0.9315251264386353 and parameters: {'iterations': 97, 'learning_rate': 0.19340290639990013, 'depth': 4, 'l2_leaf_reg': 4.470461414702928, 'subsample': 0.7129443017645407, 'min_data_in_leaf': 24, 'rsm': 0.9736810744962321}. Best is trial 1892 with value: 0.9319758700936625.
Trial 2702: AUC = 0.9315 | Params = {'iterations': 97, 'learning_rate': 0.19340290639990013, 'depth': 4, 'l2_leaf_reg': 4.470461414702928, 'subsample': 0.7129443017645407, 'min_data_in_leaf': 24, 'rsm': 0.9736810744962321, 'loss_function': 'Logloss', 'eval_metric': 'AUC', 'grow_policy': 'Depthwise'}
[I 2024-12-29 22:17:06,452] Trial 2703 finished with value: 0.9296235066416285 and parameters: {'iterations': 102, 'learning_rate': 0.18479582325741586, 'depth': 4, 'l2_leaf_reg': 4.645812952112157, 'subsample': 0.7059266774157165, 'min_data_in_leaf': 1, 'rsm': 0.9616423718243267}. Best is trial 1892 with value: 0.9319758700936625.
Trial 2703: AUC = 0.9296 | Params = {'iterations': 102, 'learning_rate': 0.18479582325741586, 'depth': 4, 'l2_leaf_reg': 4.645812952112157, 'subsample': 0.7059266774157165, 'min_data_in_leaf': 1, 'rsm': 0.9616423718243267, 'loss_function': 'Logloss', 'eval_metric': 'AUC', 'grow_policy': 'Depthwise'}
[I 2024-12-29 22:17:07,019] Trial 2704 finished with value: 0.9292447667653598 and parameters: {'iterations': 104, 'learning_rate': 0.18574306988695283, 'depth': 4, 'l2_leaf_reg': 4.601107291992961, 'subsample': 0.7057381326026005, 'min_data_in_leaf': 2, 'rsm': 0.9575784142948116}. Best is trial 1892 with value: 0.9319758700936625.
Trial 2704: AUC = 0.9292 | Params = {'iterations': 104, 'learning_rate': 0.18574306988695283, 'depth': 4, 'l2_leaf_reg': 4.601107291992961, 'subsample': 0.7057381326026005, 'min_data_in_leaf': 2, 'rsm': 0.9575784142948116, 'loss_function': 'Logloss', 'eval_metric': 'AUC', 'grow_policy': 'Depthwise'}
[I 2024-12-29 22:17:07,582] Trial 2705 finished with value: 0.9301973767583323 and parameters: {'iterations': 103, 'learning_rate': 0.18784273419220626, 'depth': 4, 'l2_leaf_reg': 4.520281811854248, 'subsample': 0.7002008367134809, 'min_data_in_leaf': 24, 'rsm': 0.9658889804197338}. Best is trial 1892 with value: 0.9319758700936625.
Trial 2705: AUC = 0.9302 | Params = {'iterations': 103, 'learning_rate': 0.18784273419220626, 'depth': 4, 'l2_leaf_reg': 4.520281811854248, 'subsample': 0.7002008367134809, 'min_data_in_leaf': 24, 'rsm': 0.9658889804197338, 'loss_function': 'Logloss', 'eval_metric': 'AUC', 'grow_policy': 'Depthwise'}
[I 2024-12-29 22:17:08,127] Trial 2706 finished with value: 0.9306805221138006 and parameters: {'iterations': 108, 'learning_rate': 0.1895930108832804, 'depth': 4, 'l2_leaf_reg': 4.493131334034384, 'subsample': 0.7050378641828032, 'min_data_in_leaf': 25, 'rsm': 0.9631571697607433}. Best is trial 1892 with value: 0.9319758700936625.
Trial 2706: AUC = 0.9307 | Params = {'iterations': 108, 'learning_rate': 0.1895930108832804, 'depth': 4, 'l2_leaf_reg': 4.493131334034384, 'subsample': 0.7050378641828032, 'min_data_in_leaf': 25, 'rsm': 0.9631571697607433, 'loss_function': 'Logloss', 'eval_metric': 'AUC', 'grow_policy': 'Depthwise'}
[I 2024-12-29 22:17:08,750] Trial 2707 finished with value: 0.929740152763217 and parameters: {'iterations': 98, 'learning_rate': 0.18695576261973476, 'depth': 4, 'l2_leaf_reg': 4.595314062551277, 'subsample': 0.7114156485909637, 'min_data_in_leaf': 1, 'rsm': 0.9698425037328074}. Best is trial 1892 with value: 0.9319758700936625.
Trial 2707: AUC = 0.9297 | Params = {'iterations': 98, 'learning_rate': 0.18695576261973476, 'depth': 4, 'l2_leaf_reg': 4.595314062551277, 'subsample': 0.7114156485909637, 'min_data_in_leaf': 1, 'rsm': 0.9698425037328074, 'loss_function': 'Logloss', 'eval_metric': 'AUC', 'grow_policy': 'Depthwise'}
[I 2024-12-29 22:17:09,259] Trial 2708 finished with value: 0.9300378883883826 and parameters: {'iterations': 100, 'learning_rate': 0.19127847728205413, 'depth': 4, 'l2_leaf_reg': 4.5344647324792104, 'subsample': 0.7048878630744229, 'min_data_in_leaf': 3, 'rsm': 0.9583875650434791}. Best is trial 1892 with value: 0.9319758700936625.
Trial 2708: AUC = 0.9300 | Params = {'iterations': 100, 'learning_rate': 0.19127847728205413, 'depth': 4, 'l2_leaf_reg': 4.5344647324792104, 'subsample': 0.7048878630744229, 'min_data_in_leaf': 3, 'rsm': 0.9583875650434791, 'loss_function': 'Logloss', 'eval_metric': 'AUC', 'grow_policy': 'Depthwise'}
[I 2024-12-29 22:17:09,895] Trial 2709 finished with value: 0.9286428151749403 and parameters: {'iterations': 98, 'learning_rate': 0.19197817669855607, 'depth': 6, 'l2_leaf_reg': 4.587087958412449, 'subsample': 0.7117228869209686, 'min_data_in_leaf': 3, 'rsm': 0.966954944707669}. Best is trial 1892 with value: 0.9319758700936625.
Trial 2709: AUC = 0.9286 | Params = {'iterations': 98, 'learning_rate': 0.19197817669855607, 'depth': 6, 'l2_leaf_reg': 4.587087958412449, 'subsample': 0.7117228869209686, 'min_data_in_leaf': 3, 'rsm': 0.966954944707669, 'loss_function': 'Logloss', 'eval_metric': 'AUC', 'grow_policy': 'Depthwise'}
[I 2024-12-29 22:17:10,468] Trial 2710 finished with value: 0.9302650603103652 and parameters: {'iterations': 100, 'learning_rate': 0.18879403593111999, 'depth': 4, 'l2_leaf_reg': 4.696498145938449, 'subsample': 0.7001141994356284, 'min_data_in_leaf': 14, 'rsm': 0.9708597408462227}. Best is trial 1892 with value: 0.9319758700936625.
Trial 2710: AUC = 0.9303 | Params = {'iterations': 100, 'learning_rate': 0.18879403593111999, 'depth': 4, 'l2_leaf_reg': 4.696498145938449, 'subsample': 0.7001141994356284, 'min_data_in_leaf': 14, 'rsm': 0.9708597408462227, 'loss_function': 'Logloss', 'eval_metric': 'AUC', 'grow_policy': 'Depthwise'}
[I 2024-12-29 22:17:10,921] Trial 2711 finished with value: 0.9317126962823008 and parameters: {'iterations': 62, 'learning_rate': 0.18375960978414313, 'depth': 4, 'l2_leaf_reg': 4.492575605441446, 'subsample': 0.7100677681119462, 'min_data_in_leaf': 25, 'rsm': 0.9638537635656501}. Best is trial 1892 with value: 0.9319758700936625.
Trial 2711: AUC = 0.9317 | Params = {'iterations': 62, 'learning_rate': 0.18375960978414313, 'depth': 4, 'l2_leaf_reg': 4.492575605441446, 'subsample': 0.7100677681119462, 'min_data_in_leaf': 25, 'rsm': 0.9638537635656501, 'loss_function': 'Logloss', 'eval_metric': 'AUC', 'grow_policy': 'Depthwise'}
[I 2024-12-29 22:17:11,339] Trial 2712 finished with value: 0.9301725354546606 and parameters: {'iterations': 52, 'learning_rate': 0.18744272757652888, 'depth': 4, 'l2_leaf_reg': 4.5759922216613536, 'subsample': 0.7001282180485527, 'min_data_in_leaf': 2, 'rsm': 0.9593545812662359}. Best is trial 1892 with value: 0.9319758700936625.
Trial 2712: AUC = 0.9302 | Params = {'iterations': 52, 'learning_rate': 0.18744272757652888, 'depth': 4, 'l2_leaf_reg': 4.5759922216613536, 'subsample': 0.7001282180485527, 'min_data_in_leaf': 2, 'rsm': 0.9593545812662359, 'loss_function': 'Logloss', 'eval_metric': 'AUC', 'grow_policy': 'Depthwise'}
[I 2024-12-29 22:17:11,900] Trial 2713 finished with value: 0.930332743862398 and parameters: {'iterations': 65, 'learning_rate': 0.1824697911535201, 'depth': 4, 'l2_leaf_reg': 4.676915919431455, 'subsample': 0.7066715661465249, 'min_data_in_leaf': 25, 'rsm': 0.9581777565657088}. Best is trial 1892 with value: 0.9319758700936625.
Trial 2713: AUC = 0.9303 | Params = {'iterations': 65, 'learning_rate': 0.1824697911535201, 'depth': 4, 'l2_leaf_reg': 4.676915919431455, 'subsample': 0.7066715661465249, 'min_data_in_leaf': 25, 'rsm': 0.9581777565657088, 'loss_function': 'Logloss', 'eval_metric': 'AUC', 'grow_policy': 'Depthwise'}
