[I 2024-12-29 22:15:06,889] Trial 2476 finished with value: 0.9300918912224514 and parameters: {'iterations': 128, 'learning_rate': 0.18641422158212323, 'depth': 4, 'l2_leaf_reg': 4.180665326949426, 'subsample': 0.7280555135710026, 'min_data_in_leaf': 25, 'rsm': 0.7987494782471316}. Best is trial 1892 with value: 0.9319758700936625.
Trial 2476: AUC = 0.9301 | Params = {'iterations': 128, 'learning_rate': 0.18641422158212323, 'depth': 4, 'l2_leaf_reg': 4.180665326949426, 'subsample': 0.7280555135710026, 'min_data_in_leaf': 25, 'rsm': 0.7987494782471316, 'loss_function': 'Logloss', 'eval_metric': 'AUC', 'grow_policy': 'Depthwise'}
[I 2024-12-29 22:15:07,355] Trial 2477 finished with value: 0.929570943883135 and parameters: {'iterations': 101, 'learning_rate': 0.19500445235002598, 'depth': 4, 'l2_leaf_reg': 4.347648802217762, 'subsample': 0.7044861033994335, 'min_data_in_leaf': 19, 'rsm': 0.9605293491614024}. Best is trial 1892 with value: 0.9319758700936625.
Trial 2477: AUC = 0.9296 | Params = {'iterations': 101, 'learning_rate': 0.19500445235002598, 'depth': 4, 'l2_leaf_reg': 4.347648802217762, 'subsample': 0.7044861033994335, 'min_data_in_leaf': 19, 'rsm': 0.9605293491614024, 'loss_function': 'Logloss', 'eval_metric': 'AUC', 'grow_policy': 'Depthwise'}
[I 2024-12-29 22:15:07,950] Trial 2478 finished with value: 0.9289740325572285 and parameters: {'iterations': 92, 'learning_rate': 0.19154822956434478, 'depth': 4, 'l2_leaf_reg': 4.077421420731086, 'subsample': 0.7135276415260583, 'min_data_in_leaf': 23, 'rsm': 0.7554787286409507}. Best is trial 1892 with value: 0.9319758700936625.
Trial 2478: AUC = 0.9290 | Params = {'iterations': 92, 'learning_rate': 0.19154822956434478, 'depth': 4, 'l2_leaf_reg': 4.077421420731086, 'subsample': 0.7135276415260583, 'min_data_in_leaf': 23, 'rsm': 0.7554787286409507, 'loss_function': 'Logloss', 'eval_metric': 'AUC', 'grow_policy': 'Depthwise'}
[I 2024-12-29 22:15:08,488] Trial 2479 finished with value: 0.930626159260838 and parameters: {'iterations': 97, 'learning_rate': 0.19537341893340024, 'depth': 4, 'l2_leaf_reg': 4.222176554810028, 'subsample': 0.71855442191939, 'min_data_in_leaf': 25, 'rsm': 0.9725500397009348}. Best is trial 1892 with value: 0.9319758700936625.
Trial 2479: AUC = 0.9306 | Params = {'iterations': 97, 'learning_rate': 0.19537341893340024, 'depth': 4, 'l2_leaf_reg': 4.222176554810028, 'subsample': 0.71855442191939, 'min_data_in_leaf': 25, 'rsm': 0.9725500397009348, 'loss_function': 'Logloss', 'eval_metric': 'AUC', 'grow_policy': 'Depthwise'}
[I 2024-12-29 22:15:09,109] Trial 2480 finished with value: 0.9308500910127764 and parameters: {'iterations': 160, 'learning_rate': 0.19747115621378264, 'depth': 4, 'l2_leaf_reg': 4.381458798106026, 'subsample': 0.7227119299486301, 'min_data_in_leaf': 25, 'rsm': 0.978608845161154}. Best is trial 1892 with value: 0.9319758700936625.
Trial 2480: AUC = 0.9309 | Params = {'iterations': 160, 'learning_rate': 0.19747115621378264, 'depth': 4, 'l2_leaf_reg': 4.381458798106026, 'subsample': 0.7227119299486301, 'min_data_in_leaf': 25, 'rsm': 0.978608845161154, 'loss_function': 'Logloss', 'eval_metric': 'AUC', 'grow_policy': 'Depthwise'}
[I 2024-12-29 22:15:09,570] Trial 2481 finished with value: 0.930285941406205 and parameters: {'iterations': 84, 'learning_rate': 0.19310107129952284, 'depth': 4, 'l2_leaf_reg': 4.488606513148832, 'subsample': 0.7398906767245538, 'min_data_in_leaf': 24, 'rsm': 0.9847855605038859}. Best is trial 1892 with value: 0.9319758700936625.
Trial 2481: AUC = 0.9303 | Params = {'iterations': 84, 'learning_rate': 0.19310107129952284, 'depth': 4, 'l2_leaf_reg': 4.488606513148832, 'subsample': 0.7398906767245538, 'min_data_in_leaf': 24, 'rsm': 0.9847855605038859, 'loss_function': 'Logloss', 'eval_metric': 'AUC', 'grow_policy': 'Depthwise'}
[I 2024-12-29 22:15:10,134] Trial 2482 finished with value: 0.930536514556284 and parameters: {'iterations': 90, 'learning_rate': 0.1885174052241583, 'depth': 4, 'l2_leaf_reg': 4.298767349398393, 'subsample': 0.7104356340789755, 'min_data_in_leaf': 24, 'rsm': 0.9669836574354986}. Best is trial 1892 with value: 0.9319758700936625.
Trial 2482: AUC = 0.9305 | Params = {'iterations': 90, 'learning_rate': 0.1885174052241583, 'depth': 4, 'l2_leaf_reg': 4.298767349398393, 'subsample': 0.7104356340789755, 'min_data_in_leaf': 24, 'rsm': 0.9669836574354986, 'loss_function': 'Logloss', 'eval_metric': 'AUC', 'grow_policy': 'Depthwise'}
[I 2024-12-29 22:15:10,655] Trial 2483 finished with value: 0.9291039993778873 and parameters: {'iterations': 94, 'learning_rate': 0.19050612298712022, 'depth': 4, 'l2_leaf_reg': 4.161320724661555, 'subsample': 0.7002355606938374, 'min_data_in_leaf': 25, 'rsm': 0.9746504309123901}. Best is trial 1892 with value: 0.9319758700936625.
Trial 2483: AUC = 0.9291 | Params = {'iterations': 94, 'learning_rate': 0.19050612298712022, 'depth': 4, 'l2_leaf_reg': 4.161320724661555, 'subsample': 0.7002355606938374, 'min_data_in_leaf': 25, 'rsm': 0.9746504309123901, 'loss_function': 'Logloss', 'eval_metric': 'AUC', 'grow_policy': 'Depthwise'}
[I 2024-12-29 22:15:11,192] Trial 2484 finished with value: 0.9287256195205125 and parameters: {'iterations': 88, 'learning_rate': 0.1999770720751976, 'depth': 4, 'l2_leaf_reg': 4.399606691701768, 'subsample': 0.7310239728245173, 'min_data_in_leaf': 24, 'rsm': 0.8479465180164963}. Best is trial 1892 with value: 0.9319758700936625.
Trial 2484: AUC = 0.9287 | Params = {'iterations': 88, 'learning_rate': 0.1999770720751976, 'depth': 4, 'l2_leaf_reg': 4.399606691701768, 'subsample': 0.7310239728245173, 'min_data_in_leaf': 24, 'rsm': 0.8479465180164963, 'loss_function': 'Logloss', 'eval_metric': 'AUC', 'grow_policy': 'Depthwise'}
[I 2024-12-29 22:15:11,676] Trial 2485 finished with value: 0.9306056381838919 and parameters: {'iterations': 123, 'learning_rate': 0.19525043839667966, 'depth': 4, 'l2_leaf_reg': 4.2678168127594995, 'subsample': 0.7151223303932992, 'min_data_in_leaf': 23, 'rsm': 0.9915076244926062}. Best is trial 1892 with value: 0.9319758700936625.
Trial 2485: AUC = 0.9306 | Params = {'iterations': 123, 'learning_rate': 0.19525043839667966, 'depth': 4, 'l2_leaf_reg': 4.2678168127594995, 'subsample': 0.7151223303932992, 'min_data_in_leaf': 23, 'rsm': 0.9915076244926062, 'loss_function': 'Logloss', 'eval_metric': 'AUC', 'grow_policy': 'Depthwise'}
[I 2024-12-29 22:15:12,268] Trial 2486 finished with value: 0.9295878647711431 and parameters: {'iterations': 99, 'learning_rate': 0.1384398806917845, 'depth': 4, 'l2_leaf_reg': 4.050399786121961, 'subsample': 0.7080372011228894, 'min_data_in_leaf': 25, 'rsm': 0.9806141939099501}. Best is trial 1892 with value: 0.9319758700936625.
Trial 2486: AUC = 0.9296 | Params = {'iterations': 99, 'learning_rate': 0.1384398806917845, 'depth': 4, 'l2_leaf_reg': 4.050399786121961, 'subsample': 0.7080372011228894, 'min_data_in_leaf': 25, 'rsm': 0.9806141939099501, 'loss_function': 'Logloss', 'eval_metric': 'AUC', 'grow_policy': 'Depthwise'}
[I 2024-12-29 22:15:12,774] Trial 2487 finished with value: 0.9297826349926843 and parameters: {'iterations': 91, 'learning_rate': 0.10927172715437497, 'depth': 4, 'l2_leaf_reg': 4.482570408324452, 'subsample': 0.7209130604733613, 'min_data_in_leaf': 25, 'rsm': 0.9688573323652943}. Best is trial 1892 with value: 0.9319758700936625.
Trial 2487: AUC = 0.9298 | Params = {'iterations': 91, 'learning_rate': 0.10927172715437497, 'depth': 4, 'l2_leaf_reg': 4.482570408324452, 'subsample': 0.7209130604733613, 'min_data_in_leaf': 25, 'rsm': 0.9688573323652943, 'loss_function': 'Logloss', 'eval_metric': 'AUC', 'grow_policy': 'Depthwise'}
[I 2024-12-29 22:15:13,271] Trial 2488 finished with value: 0.9301800958514304 and parameters: {'iterations': 85, 'learning_rate': 0.19310346528036682, 'depth': 4, 'l2_leaf_reg': 4.34649358633844, 'subsample': 0.7139676712930744, 'min_data_in_leaf': 24, 'rsm': 0.959907116881643}. Best is trial 1892 with value: 0.9319758700936625.
Trial 2488: AUC = 0.9302 | Params = {'iterations': 85, 'learning_rate': 0.19310346528036682, 'depth': 4, 'l2_leaf_reg': 4.34649358633844, 'subsample': 0.7139676712930744, 'min_data_in_leaf': 24, 'rsm': 0.959907116881643, 'loss_function': 'Logloss', 'eval_metric': 'AUC', 'grow_policy': 'Depthwise'}
[I 2024-12-29 22:15:13,789] Trial 2489 finished with value: 0.928605373209986 and parameters: {'iterations': 95, 'learning_rate': 0.19992842923021092, 'depth': 4, 'l2_leaf_reg': 4.252710701874917, 'subsample': 0.7061685311325677, 'min_data_in_leaf': 25, 'rsm': 0.9752430814534525}. Best is trial 1892 with value: 0.9319758700936625.
Trial 2489: AUC = 0.9286 | Params = {'iterations': 95, 'learning_rate': 0.19992842923021092, 'depth': 4, 'l2_leaf_reg': 4.252710701874917, 'subsample': 0.7061685311325677, 'min_data_in_leaf': 25, 'rsm': 0.9752430814534525, 'loss_function': 'Logloss', 'eval_metric': 'AUC', 'grow_policy': 'Depthwise'}
[I 2024-12-29 22:15:14,354] Trial 2490 finished with value: 0.9305757566157071 and parameters: {'iterations': 107, 'learning_rate': 0.1873005162107815, 'depth': 4, 'l2_leaf_reg': 4.108335751193594, 'subsample': 0.7265356876408957, 'min_data_in_leaf': 24, 'rsm': 0.9118940617654839}. Best is trial 1892 with value: 0.9319758700936625.
Trial 2490: AUC = 0.9306 | Params = {'iterations': 107, 'learning_rate': 0.1873005162107815, 'depth': 4, 'l2_leaf_reg': 4.108335751193594, 'subsample': 0.7265356876408957, 'min_data_in_leaf': 24, 'rsm': 0.9118940617654839, 'loss_function': 'Logloss', 'eval_metric': 'AUC', 'grow_policy': 'Depthwise'}
[I 2024-12-29 22:15:14,858] Trial 2491 finished with value: 0.9301487742076705 and parameters: {'iterations': 89, 'learning_rate': 0.19729497487642855, 'depth': 4, 'l2_leaf_reg': 4.407430342520064, 'subsample': 0.7194512785964798, 'min_data_in_leaf': 25, 'rsm': 0.9853290404147159}. Best is trial 1892 with value: 0.9319758700936625.
Trial 2491: AUC = 0.9301 | Params = {'iterations': 89, 'learning_rate': 0.19729497487642855, 'depth': 4, 'l2_leaf_reg': 4.407430342520064, 'subsample': 0.7194512785964798, 'min_data_in_leaf': 25, 'rsm': 0.9853290404147159, 'loss_function': 'Logloss', 'eval_metric': 'AUC', 'grow_policy': 'Depthwise'}
[I 2024-12-29 22:15:15,358] Trial 2492 finished with value: 0.9295115407656593 and parameters: {'iterations': 102, 'learning_rate': 0.19134022876273096, 'depth': 4, 'l2_leaf_reg': 4.17946364286188, 'subsample': 0.7110065537022652, 'min_data_in_leaf': 23, 'rsm': 0.9654817724859284}. Best is trial 1892 with value: 0.9319758700936625.
Trial 2492: AUC = 0.9295 | Params = {'iterations': 102, 'learning_rate': 0.19134022876273096, 'depth': 4, 'l2_leaf_reg': 4.17946364286188, 'subsample': 0.7110065537022652, 'min_data_in_leaf': 23, 'rsm': 0.9654817724859284, 'loss_function': 'Logloss', 'eval_metric': 'AUC', 'grow_policy': 'Depthwise'}
[I 2024-12-29 22:15:15,868] Trial 2493 finished with value: 0.9284664059169827 and parameters: {'iterations': 93, 'learning_rate': 0.1949056569465669, 'depth': 4, 'l2_leaf_reg': 4.512430327338468, 'subsample': 0.8598472651693654, 'min_data_in_leaf': 24, 'rsm': 0.9798901655434402}. Best is trial 1892 with value: 0.9319758700936625.
Trial 2493: AUC = 0.9285 | Params = {'iterations': 93, 'learning_rate': 0.1949056569465669, 'depth': 4, 'l2_leaf_reg': 4.512430327338468, 'subsample': 0.8598472651693654, 'min_data_in_leaf': 24, 'rsm': 0.9798901655434402, 'loss_function': 'Logloss', 'eval_metric': 'AUC', 'grow_policy': 'Depthwise'}
[I 2024-12-29 22:15:16,493] Trial 2494 finished with value: 0.929879840094008 and parameters: {'iterations': 96, 'learning_rate': 0.19739695103847468, 'depth': 4, 'l2_leaf_reg': 4.315053685146308, 'subsample': 0.7048214993535498, 'min_data_in_leaf': 25, 'rsm': 0.922690337432007}. Best is trial 1892 with value: 0.9319758700936625.
Trial 2494: AUC = 0.9299 | Params = {'iterations': 96, 'learning_rate': 0.19739695103847468, 'depth': 4, 'l2_leaf_reg': 4.315053685146308, 'subsample': 0.7048214993535498, 'min_data_in_leaf': 25, 'rsm': 0.922690337432007, 'loss_function': 'Logloss', 'eval_metric': 'AUC', 'grow_policy': 'Depthwise'}
[I 2024-12-29 22:15:16,997] Trial 2495 finished with value: 0.9296357472840175 and parameters: {'iterations': 86, 'learning_rate': 0.18535772068891898, 'depth': 4, 'l2_leaf_reg': 3.0546306110490624, 'subsample': 0.8240124540188101, 'min_data_in_leaf': 20, 'rsm': 0.9703430712604031}. Best is trial 1892 with value: 0.9319758700936625.
Trial 2495: AUC = 0.9296 | Params = {'iterations': 86, 'learning_rate': 0.18535772068891898, 'depth': 4, 'l2_leaf_reg': 3.0546306110490624, 'subsample': 0.8240124540188101, 'min_data_in_leaf': 20, 'rsm': 0.9703430712604031, 'loss_function': 'Logloss', 'eval_metric': 'AUC', 'grow_policy': 'Depthwise'}
[I 2024-12-29 22:15:17,539] Trial 2496 finished with value: 0.9312227105678506 and parameters: {'iterations': 98, 'learning_rate': 0.19304172536439962, 'depth': 4, 'l2_leaf_reg': 4.240315869006979, 'subsample': 0.7179532076329634, 'min_data_in_leaf': 24, 'rsm': 0.9596909736375535}. Best is trial 1892 with value: 0.9319758700936625.
Trial 2496: AUC = 0.9312 | Params = {'iterations': 98, 'learning_rate': 0.19304172536439962, 'depth': 4, 'l2_leaf_reg': 4.240315869006979, 'subsample': 0.7179532076329634, 'min_data_in_leaf': 24, 'rsm': 0.9596909736375535, 'loss_function': 'Logloss', 'eval_metric': 'AUC', 'grow_policy': 'Depthwise'}
[I 2024-12-29 22:15:18,014] Trial 2497 finished with value: 0.9300807306367438 and parameters: {'iterations': 91, 'learning_rate': 0.18884147095928144, 'depth': 4, 'l2_leaf_reg': 4.009500287623408, 'subsample': 0.7248103173112087, 'min_data_in_leaf': 25, 'rsm': 0.9895248005697918}. Best is trial 1892 with value: 0.9319758700936625.
Trial 2497: AUC = 0.9301 | Params = {'iterations': 91, 'learning_rate': 0.18884147095928144, 'depth': 4, 'l2_leaf_reg': 4.009500287623408, 'subsample': 0.7248103173112087, 'min_data_in_leaf': 25, 'rsm': 0.9895248005697918, 'loss_function': 'Logloss', 'eval_metric': 'AUC', 'grow_policy': 'Depthwise'}
[I 2024-12-29 22:15:18,632] Trial 2498 finished with value: 0.930736685061232 and parameters: {'iterations': 110, 'learning_rate': 0.19544568375396693, 'depth': 4, 'l2_leaf_reg': 4.4148795475717515, 'subsample': 0.7314468158460642, 'min_data_in_leaf': 22, 'rsm': 0.974609969522212}. Best is trial 1892 with value: 0.9319758700936625.
Trial 2498: AUC = 0.9307 | Params = {'iterations': 110, 'learning_rate': 0.19544568375396693, 'depth': 4, 'l2_leaf_reg': 4.4148795475717515, 'subsample': 0.7314468158460642, 'min_data_in_leaf': 22, 'rsm': 0.974609969522212, 'loss_function': 'Logloss', 'eval_metric': 'AUC', 'grow_policy': 'Depthwise'}
[I 2024-12-29 22:15:19,052] Trial 2499 finished with value: 0.9289117492886027 and parameters: {'iterations': 62, 'learning_rate': 0.19082415992032015, 'depth': 4, 'l2_leaf_reg': 3.6150955572672876, 'subsample': 0.7135978759418571, 'min_data_in_leaf': 23, 'rsm': 0.7890828445804872}. Best is trial 1892 with value: 0.9319758700936625.
Trial 2499: AUC = 0.9289 | Params = {'iterations': 62, 'learning_rate': 0.19082415992032015, 'depth': 4, 'l2_leaf_reg': 3.6150955572672876, 'subsample': 0.7135978759418571, 'min_data_in_leaf': 23, 'rsm': 0.7890828445804872, 'loss_function': 'Logloss', 'eval_metric': 'AUC', 'grow_policy': 'Depthwise'}
[I 2024-12-29 22:15:19,540] Trial 2500 finished with value: 0.9303197831822213 and parameters: {'iterations': 87, 'learning_rate': 0.19720050508224415, 'depth': 4, 'l2_leaf_reg': 4.3370972578646745, 'subsample': 0.7086499311859382, 'min_data_in_leaf': 19, 'rsm': 0.983421863053118}. Best is trial 1892 with value: 0.9319758700936625.
Trial 2500: AUC = 0.9303 | Params = {'iterations': 87, 'learning_rate': 0.19720050508224415, 'depth': 4, 'l2_leaf_reg': 4.3370972578646745, 'subsample': 0.7086499311859382, 'min_data_in_leaf': 19, 'rsm': 0.983421863053118, 'loss_function': 'Logloss', 'eval_metric': 'AUC', 'grow_policy': 'Depthwise'}
[I 2024-12-29 22:15:20,041] Trial 2501 finished with value: 0.9294139756454418 and parameters: {'iterations': 91, 'learning_rate': 0.19328642579696728, 'depth': 4, 'l2_leaf_reg': 4.149102385399225, 'subsample': 0.7202042272481375, 'min_data_in_leaf': 25, 'rsm': 0.9708910817502189}. Best is trial 1892 with value: 0.9319758700936625.
Trial 2501: AUC = 0.9294 | Params = {'iterations': 91, 'learning_rate': 0.19328642579696728, 'depth': 4, 'l2_leaf_reg': 4.149102385399225, 'subsample': 0.7202042272481375, 'min_data_in_leaf': 25, 'rsm': 0.9708910817502189, 'loss_function': 'Logloss', 'eval_metric': 'AUC', 'grow_policy': 'Depthwise'}
[I 2024-12-29 22:15:20,666] Trial 2502 finished with value: 0.9301606548311655 and parameters: {'iterations': 105, 'learning_rate': 0.195361821772642, 'depth': 4, 'l2_leaf_reg': 3.9074901664569617, 'subsample': 0.7149975628030594, 'min_data_in_leaf': 25, 'rsm': 0.7267010336379277}. Best is trial 1892 with value: 0.9319758700936625.
Trial 2502: AUC = 0.9302 | Params = {'iterations': 105, 'learning_rate': 0.195361821772642, 'depth': 4, 'l2_leaf_reg': 3.9074901664569617, 'subsample': 0.7149975628030594, 'min_data_in_leaf': 25, 'rsm': 0.7267010336379277, 'loss_function': 'Logloss', 'eval_metric': 'AUC', 'grow_policy': 'Depthwise'}
[I 2024-12-29 22:15:21,283] Trial 2503 finished with value: 0.9295097406711903 and parameters: {'iterations': 95, 'learning_rate': 0.07474113536450862, 'depth': 4, 'l2_leaf_reg': 4.458100997363701, 'subsample': 0.7044016684636126, 'min_data_in_leaf': 24, 'rsm': 0.8800515175017166}. Best is trial 1892 with value: 0.9319758700936625.
Trial 2503: AUC = 0.9295 | Params = {'iterations': 95, 'learning_rate': 0.07474113536450862, 'depth': 4, 'l2_leaf_reg': 4.458100997363701, 'subsample': 0.7044016684636126, 'min_data_in_leaf': 24, 'rsm': 0.8800515175017166, 'loss_function': 'Logloss', 'eval_metric': 'AUC', 'grow_policy': 'Depthwise'}
[I 2024-12-29 22:15:21,998] Trial 2504 finished with value: 0.9291594422875312 and parameters: {'iterations': 100, 'learning_rate': 0.18543599363191432, 'depth': 4, 'l2_leaf_reg': 4.24876951332394, 'subsample': 0.7253882124293319, 'min_data_in_leaf': 25, 'rsm': 0.9642163689022382}. Best is trial 1892 with value: 0.9319758700936625.
Trial 2504: AUC = 0.9292 | Params = {'iterations': 100, 'learning_rate': 0.18543599363191432, 'depth': 4, 'l2_leaf_reg': 4.24876951332394, 'subsample': 0.7253882124293319, 'min_data_in_leaf': 25, 'rsm': 0.9642163689022382, 'loss_function': 'Logloss', 'eval_metric': 'AUC', 'grow_policy': 'Depthwise'}
[I 2024-12-29 22:15:22,664] Trial 2505 finished with value: 0.9288959084572758 and parameters: {'iterations': 84, 'learning_rate': 0.18928867095966564, 'depth': 5, 'l2_leaf_reg': 4.3791313806884995, 'subsample': 0.7107274664041394, 'min_data_in_leaf': 23, 'rsm': 0.9953304055204613}. Best is trial 1892 with value: 0.9319758700936625.
Trial 2505: AUC = 0.9289 | Params = {'iterations': 84, 'learning_rate': 0.18928867095966564, 'depth': 5, 'l2_leaf_reg': 4.3791313806884995, 'subsample': 0.7107274664041394, 'min_data_in_leaf': 23, 'rsm': 0.9953304055204613, 'loss_function': 'Logloss', 'eval_metric': 'AUC', 'grow_policy': 'Depthwise'}
[I 2024-12-29 22:15:23,325] Trial 2506 finished with value: 0.9303053824264698 and parameters: {'iterations': 88, 'learning_rate': 0.1974456296631641, 'depth': 4, 'l2_leaf_reg': 4.503399462740665, 'subsample': 0.7190609537189975, 'min_data_in_leaf': 24, 'rsm': 0.9773817953367534}. Best is trial 1892 with value: 0.9319758700936625.
Trial 2506: AUC = 0.9303 | Params = {'iterations': 88, 'learning_rate': 0.1974456296631641, 'depth': 4, 'l2_leaf_reg': 4.503399462740665, 'subsample': 0.7190609537189975, 'min_data_in_leaf': 24, 'rsm': 0.9773817953367534, 'loss_function': 'Logloss', 'eval_metric': 'AUC', 'grow_policy': 'Depthwise'}
[I 2024-12-29 22:15:23,872] Trial 2507 finished with value: 0.9295943451112314 and parameters: {'iterations': 65, 'learning_rate': 0.19276000393016576, 'depth': 4, 'l2_leaf_reg': 4.09071470936537, 'subsample': 0.8143990728585597, 'min_data_in_leaf': 24, 'rsm': 0.9670905720926587}. Best is trial 1892 with value: 0.9319758700936625.
Trial 2507: AUC = 0.9296 | Params = {'iterations': 65, 'learning_rate': 0.19276000393016576, 'depth': 4, 'l2_leaf_reg': 4.09071470936537, 'subsample': 0.8143990728585597, 'min_data_in_leaf': 24, 'rsm': 0.9670905720926587, 'loss_function': 'Logloss', 'eval_metric': 'AUC', 'grow_policy': 'Depthwise'}
[I 2024-12-29 22:15:24,540] Trial 2508 finished with value: 0.92895423151807 and parameters: {'iterations': 93, 'learning_rate': 0.19753296640065907, 'depth': 4, 'l2_leaf_reg': 4.303118004227844, 'subsample': 0.7347022435906913, 'min_data_in_leaf': 25, 'rsm': 0.9790707466478268}. Best is trial 1892 with value: 0.9319758700936625.
Trial 2508: AUC = 0.9290 | Params = {'iterations': 93, 'learning_rate': 0.19753296640065907, 'depth': 4, 'l2_leaf_reg': 4.303118004227844, 'subsample': 0.7347022435906913, 'min_data_in_leaf': 25, 'rsm': 0.9790707466478268, 'loss_function': 'Logloss', 'eval_metric': 'AUC', 'grow_policy': 'Depthwise'}
[I 2024-12-29 22:15:25,081] Trial 2509 finished with value: 0.9306344396953952 and parameters: {'iterations': 97, 'learning_rate': 0.19155381262929472, 'depth': 4, 'l2_leaf_reg': 4.191411013343487, 'subsample': 0.7138312118687234, 'min_data_in_leaf': 24, 'rsm': 0.9839741781241986}. Best is trial 1892 with value: 0.9319758700936625.
Trial 2509: AUC = 0.9306 | Params = {'iterations': 97, 'learning_rate': 0.19155381262929472, 'depth': 4, 'l2_leaf_reg': 4.191411013343487, 'subsample': 0.7138312118687234, 'min_data_in_leaf': 24, 'rsm': 0.9839741781241986, 'loss_function': 'Logloss', 'eval_metric': 'AUC', 'grow_policy': 'Depthwise'}
