[I 2024-12-29 22:18:02,914] Trial 2816 finished with value: 0.9285387697146346 and parameters: {'iterations': 92, 'learning_rate': 0.1918686894571875, 'depth': 4, 'l2_leaf_reg': 4.282538155832728, 'subsample': 0.8005762933594018, 'min_data_in_leaf': 24, 'rsm': 0.9842558244668875}. Best is trial 1892 with value: 0.9319758700936625.
Trial 2816: AUC = 0.9285 | Params = {'iterations': 92, 'learning_rate': 0.1918686894571875, 'depth': 4, 'l2_leaf_reg': 4.282538155832728, 'subsample': 0.8005762933594018, 'min_data_in_leaf': 24, 'rsm': 0.9842558244668875, 'loss_function': 'Logloss', 'eval_metric': 'AUC', 'grow_policy': 'Depthwise'}
[I 2024-12-29 22:18:03,483] Trial 2817 finished with value: 0.9303068225020448 and parameters: {'iterations': 113, 'learning_rate': 0.1841785164241171, 'depth': 4, 'l2_leaf_reg': 4.484365351633819, 'subsample': 0.7111064080733742, 'min_data_in_leaf': 26, 'rsm': 0.9710067297218937}. Best is trial 1892 with value: 0.9319758700936625.
Trial 2817: AUC = 0.9303 | Params = {'iterations': 113, 'learning_rate': 0.1841785164241171, 'depth': 4, 'l2_leaf_reg': 4.484365351633819, 'subsample': 0.7111064080733742, 'min_data_in_leaf': 26, 'rsm': 0.9710067297218937, 'loss_function': 'Logloss', 'eval_metric': 'AUC', 'grow_policy': 'Depthwise'}
[I 2024-12-29 22:18:03,966] Trial 2818 finished with value: 0.9301620949067406 and parameters: {'iterations': 72, 'learning_rate': 0.18081647304902834, 'depth': 4, 'l2_leaf_reg': 4.371208412966383, 'subsample': 0.7296453300074911, 'min_data_in_leaf': 25, 'rsm': 0.916894272016274}. Best is trial 1892 with value: 0.9319758700936625.
Trial 2818: AUC = 0.9302 | Params = {'iterations': 72, 'learning_rate': 0.18081647304902834, 'depth': 4, 'l2_leaf_reg': 4.371208412966383, 'subsample': 0.7296453300074911, 'min_data_in_leaf': 25, 'rsm': 0.916894272016274, 'loss_function': 'Logloss', 'eval_metric': 'AUC', 'grow_policy': 'Depthwise'}
[I 2024-12-29 22:18:04,488] Trial 2819 finished with value: 0.9318509435375169 and parameters: {'iterations': 57, 'learning_rate': 0.19392973666830082, 'depth': 4, 'l2_leaf_reg': 4.266704462803854, 'subsample': 0.7184583379621933, 'min_data_in_leaf': 25, 'rsm': 0.9753987664445669}. Best is trial 1892 with value: 0.9319758700936625.
Trial 2819: AUC = 0.9319 | Params = {'iterations': 57, 'learning_rate': 0.19392973666830082, 'depth': 4, 'l2_leaf_reg': 4.266704462803854, 'subsample': 0.7184583379621933, 'min_data_in_leaf': 25, 'rsm': 0.9753987664445669, 'loss_function': 'Logloss', 'eval_metric': 'AUC', 'grow_policy': 'Depthwise'}
[I 2024-12-29 22:18:04,920] Trial 2820 finished with value: 0.9287191391804241 and parameters: {'iterations': 61, 'learning_rate': 0.18684493886634357, 'depth': 4, 'l2_leaf_reg': 4.237892173242725, 'subsample': 0.736437283387539, 'min_data_in_leaf': 26, 'rsm': 0.9575727029978647}. Best is trial 1892 with value: 0.9319758700936625.
Trial 2820: AUC = 0.9287 | Params = {'iterations': 61, 'learning_rate': 0.18684493886634357, 'depth': 4, 'l2_leaf_reg': 4.237892173242725, 'subsample': 0.736437283387539, 'min_data_in_leaf': 26, 'rsm': 0.9575727029978647, 'loss_function': 'Logloss', 'eval_metric': 'AUC', 'grow_policy': 'Depthwise'}
[I 2024-12-29 22:18:05,450] Trial 2821 finished with value: 0.9306401999976959 and parameters: {'iterations': 57, 'learning_rate': 0.18860698153551345, 'depth': 4, 'l2_leaf_reg': 4.22428918426885, 'subsample': 0.73079317499542, 'min_data_in_leaf': 27, 'rsm': 0.964478951675497}. Best is trial 1892 with value: 0.9319758700936625.
Trial 2821: AUC = 0.9306 | Params = {'iterations': 57, 'learning_rate': 0.18860698153551345, 'depth': 4, 'l2_leaf_reg': 4.22428918426885, 'subsample': 0.73079317499542, 'min_data_in_leaf': 27, 'rsm': 0.964478951675497, 'loss_function': 'Logloss', 'eval_metric': 'AUC', 'grow_policy': 'Depthwise'}
[I 2024-12-29 22:18:05,880] Trial 2822 finished with value: 0.9302034970795267 and parameters: {'iterations': 58, 'learning_rate': 0.18909542748245028, 'depth': 4, 'l2_leaf_reg': 4.257576239359401, 'subsample': 0.7262340410109055, 'min_data_in_leaf': 25, 'rsm': 0.7175243769080898}. Best is trial 1892 with value: 0.9319758700936625.
Trial 2822: AUC = 0.9302 | Params = {'iterations': 58, 'learning_rate': 0.18909542748245028, 'depth': 4, 'l2_leaf_reg': 4.257576239359401, 'subsample': 0.7262340410109055, 'min_data_in_leaf': 25, 'rsm': 0.7175243769080898, 'loss_function': 'Logloss', 'eval_metric': 'AUC', 'grow_policy': 'Depthwise'}
[I 2024-12-29 22:18:06,337] Trial 2823 finished with value: 0.9303820664508473 and parameters: {'iterations': 67, 'learning_rate': 0.18631748000021559, 'depth': 4, 'l2_leaf_reg': 4.231326170385043, 'subsample': 0.7359181210709477, 'min_data_in_leaf': 24, 'rsm': 0.969795616823633}. Best is trial 1892 with value: 0.9319758700936625.
Trial 2823: AUC = 0.9304 | Params = {'iterations': 67, 'learning_rate': 0.18631748000021559, 'depth': 4, 'l2_leaf_reg': 4.231326170385043, 'subsample': 0.7359181210709477, 'min_data_in_leaf': 24, 'rsm': 0.969795616823633, 'loss_function': 'Logloss', 'eval_metric': 'AUC', 'grow_policy': 'Depthwise'}
[I 2024-12-29 22:18:06,782] Trial 2824 finished with value: 0.9294971400099077 and parameters: {'iterations': 59, 'learning_rate': 0.18968302194580325, 'depth': 4, 'l2_leaf_reg': 4.290045107744605, 'subsample': 0.7272042627379809, 'min_data_in_leaf': 30, 'rsm': 0.9769375471921957}. Best is trial 1892 with value: 0.9319758700936625.
Trial 2824: AUC = 0.9295 | Params = {'iterations': 59, 'learning_rate': 0.18968302194580325, 'depth': 4, 'l2_leaf_reg': 4.290045107744605, 'subsample': 0.7272042627379809, 'min_data_in_leaf': 30, 'rsm': 0.9769375471921957, 'loss_function': 'Logloss', 'eval_metric': 'AUC', 'grow_policy': 'Depthwise'}
[I 2024-12-29 22:18:07,221] Trial 2825 finished with value: 0.9300357282750198 and parameters: {'iterations': 66, 'learning_rate': 0.1846043985439501, 'depth': 4, 'l2_leaf_reg': 2.1104878485479466, 'subsample': 0.7410547053115798, 'min_data_in_leaf': 25, 'rsm': 0.9632463172336138}. Best is trial 1892 with value: 0.9319758700936625.
Trial 2825: AUC = 0.9300 | Params = {'iterations': 66, 'learning_rate': 0.1846043985439501, 'depth': 4, 'l2_leaf_reg': 2.1104878485479466, 'subsample': 0.7410547053115798, 'min_data_in_leaf': 25, 'rsm': 0.9632463172336138, 'loss_function': 'Logloss', 'eval_metric': 'AUC', 'grow_policy': 'Depthwise'}
[I 2024-12-29 22:18:07,651] Trial 2826 finished with value: 0.9299691247796685 and parameters: {'iterations': 56, 'learning_rate': 0.19036949205278225, 'depth': 4, 'l2_leaf_reg': 4.20658196085895, 'subsample': 0.7230447831127294, 'min_data_in_leaf': 24, 'rsm': 0.9774126125532218}. Best is trial 1892 with value: 0.9319758700936625.
Trial 2826: AUC = 0.9300 | Params = {'iterations': 56, 'learning_rate': 0.19036949205278225, 'depth': 4, 'l2_leaf_reg': 4.20658196085895, 'subsample': 0.7230447831127294, 'min_data_in_leaf': 24, 'rsm': 0.9774126125532218, 'loss_function': 'Logloss', 'eval_metric': 'AUC', 'grow_policy': 'Depthwise'}
[I 2024-12-29 22:18:08,123] Trial 2827 finished with value: 0.9291129998502322 and parameters: {'iterations': 53, 'learning_rate': 0.19132955297093945, 'depth': 4, 'l2_leaf_reg': 4.316479845638658, 'subsample': 0.7203899248357374, 'min_data_in_leaf': 7, 'rsm': 0.9525749590146316}. Best is trial 1892 with value: 0.9319758700936625.
Trial 2827: AUC = 0.9291 | Params = {'iterations': 53, 'learning_rate': 0.19132955297093945, 'depth': 4, 'l2_leaf_reg': 4.316479845638658, 'subsample': 0.7203899248357374, 'min_data_in_leaf': 7, 'rsm': 0.9525749590146316, 'loss_function': 'Logloss', 'eval_metric': 'AUC', 'grow_policy': 'Depthwise'}
[I 2024-12-29 22:18:08,546] Trial 2828 finished with value: 0.9291439614750981 and parameters: {'iterations': 55, 'learning_rate': 0.1871639887377114, 'depth': 4, 'l2_leaf_reg': 1.8027102898297045, 'subsample': 0.7306202773392317, 'min_data_in_leaf': 23, 'rsm': 0.9697276989796931}. Best is trial 1892 with value: 0.9319758700936625.
Trial 2828: AUC = 0.9291 | Params = {'iterations': 55, 'learning_rate': 0.1871639887377114, 'depth': 4, 'l2_leaf_reg': 1.8027102898297045, 'subsample': 0.7306202773392317, 'min_data_in_leaf': 23, 'rsm': 0.9697276989796931, 'loss_function': 'Logloss', 'eval_metric': 'AUC', 'grow_policy': 'Depthwise'}
[I 2024-12-29 22:18:08,982] Trial 2829 finished with value: 0.9301203327150609 and parameters: {'iterations': 58, 'learning_rate': 0.19127089691487875, 'depth': 4, 'l2_leaf_reg': 4.7304211214192255, 'subsample': 0.7209247408235008, 'min_data_in_leaf': 26, 'rsm': 0.9018206383072612}. Best is trial 1892 with value: 0.9319758700936625.
Trial 2829: AUC = 0.9301 | Params = {'iterations': 58, 'learning_rate': 0.19127089691487875, 'depth': 4, 'l2_leaf_reg': 4.7304211214192255, 'subsample': 0.7209247408235008, 'min_data_in_leaf': 26, 'rsm': 0.9018206383072612, 'loss_function': 'Logloss', 'eval_metric': 'AUC', 'grow_policy': 'Depthwise'}
[I 2024-12-29 22:18:09,434] Trial 2830 finished with value: 0.9301620949067407 and parameters: {'iterations': 58, 'learning_rate': 0.18158879814412718, 'depth': 4, 'l2_leaf_reg': 4.261125443108011, 'subsample': 0.7221615546619733, 'min_data_in_leaf': 25, 'rsm': 0.9728061337194511}. Best is trial 1892 with value: 0.9319758700936625.
Trial 2830: AUC = 0.9302 | Params = {'iterations': 58, 'learning_rate': 0.18158879814412718, 'depth': 4, 'l2_leaf_reg': 4.261125443108011, 'subsample': 0.7221615546619733, 'min_data_in_leaf': 25, 'rsm': 0.9728061337194511, 'loss_function': 'Logloss', 'eval_metric': 'AUC', 'grow_policy': 'Depthwise'}
[I 2024-12-29 22:18:10,073] Trial 2831 finished with value: 0.9281369886291633 and parameters: {'iterations': 58, 'learning_rate': 0.19240273721810777, 'depth': 6, 'l2_leaf_reg': 4.31765574051481, 'subsample': 0.8442213069766502, 'min_data_in_leaf': 24, 'rsm': 0.9609239023270177}. Best is trial 1892 with value: 0.9319758700936625.
Trial 2831: AUC = 0.9281 | Params = {'iterations': 58, 'learning_rate': 0.19240273721810777, 'depth': 6, 'l2_leaf_reg': 4.31765574051481, 'subsample': 0.8442213069766502, 'min_data_in_leaf': 24, 'rsm': 0.9609239023270177, 'loss_function': 'Logloss', 'eval_metric': 'AUC', 'grow_policy': 'Depthwise'}
[I 2024-12-29 22:18:10,511] Trial 2832 finished with value: 0.9281647100839853 and parameters: {'iterations': 50, 'learning_rate': 0.18971403030009168, 'depth': 4, 'l2_leaf_reg': 3.1034023646800346, 'subsample': 0.7330250201139025, 'min_data_in_leaf': 26, 'rsm': 0.9815288264402897}. Best is trial 1892 with value: 0.9319758700936625.
Trial 2832: AUC = 0.9282 | Params = {'iterations': 50, 'learning_rate': 0.18971403030009168, 'depth': 4, 'l2_leaf_reg': 3.1034023646800346, 'subsample': 0.7330250201139025, 'min_data_in_leaf': 26, 'rsm': 0.9815288264402897, 'loss_function': 'Logloss', 'eval_metric': 'AUC', 'grow_policy': 'Depthwise'}
[I 2024-12-29 22:18:10,939] Trial 2833 finished with value: 0.9290139946544395 and parameters: {'iterations': 60, 'learning_rate': 0.1843245272565489, 'depth': 4, 'l2_leaf_reg': 4.224524830818109, 'subsample': 0.7164993068520568, 'min_data_in_leaf': 25, 'rsm': 0.966525645833547}. Best is trial 1892 with value: 0.9319758700936625.
Trial 2833: AUC = 0.9290 | Params = {'iterations': 60, 'learning_rate': 0.1843245272565489, 'depth': 4, 'l2_leaf_reg': 4.224524830818109, 'subsample': 0.7164993068520568, 'min_data_in_leaf': 25, 'rsm': 0.966525645833547, 'loss_function': 'Logloss', 'eval_metric': 'AUC', 'grow_policy': 'Depthwise'}
[I 2024-12-29 22:18:11,369] Trial 2834 finished with value: 0.9297070310249882 and parameters: {'iterations': 54, 'learning_rate': 0.18787500884687647, 'depth': 4, 'l2_leaf_reg': 4.356281947780613, 'subsample': 0.7274803249017208, 'min_data_in_leaf': 24, 'rsm': 0.9850307592807668}. Best is trial 1892 with value: 0.9319758700936625.
Trial 2834: AUC = 0.9297 | Params = {'iterations': 54, 'learning_rate': 0.18787500884687647, 'depth': 4, 'l2_leaf_reg': 4.356281947780613, 'subsample': 0.7274803249017208, 'min_data_in_leaf': 24, 'rsm': 0.9850307592807668, 'loss_function': 'Logloss', 'eval_metric': 'AUC', 'grow_policy': 'Depthwise'}
[I 2024-12-29 22:18:11,819] Trial 2835 finished with value: 0.9302812611605858 and parameters: {'iterations': 55, 'learning_rate': 0.19404293674190248, 'depth': 4, 'l2_leaf_reg': 4.3985526953734215, 'subsample': 0.7173451838791747, 'min_data_in_leaf': 23, 'rsm': 0.9741260151460313}. Best is trial 1892 with value: 0.9319758700936625.
Trial 2835: AUC = 0.9303 | Params = {'iterations': 55, 'learning_rate': 0.19404293674190248, 'depth': 4, 'l2_leaf_reg': 4.3985526953734215, 'subsample': 0.7173451838791747, 'min_data_in_leaf': 23, 'rsm': 0.9741260151460313, 'loss_function': 'Logloss', 'eval_metric': 'AUC', 'grow_policy': 'Depthwise'}
[I 2024-12-29 22:18:12,242] Trial 2836 finished with value: 0.9301527344155021 and parameters: {'iterations': 52, 'learning_rate': 0.1921508514374183, 'depth': 4, 'l2_leaf_reg': 4.665640777857116, 'subsample': 0.7231186464352345, 'min_data_in_leaf': 27, 'rsm': 0.9779980673996356}. Best is trial 1892 with value: 0.9319758700936625.
Trial 2836: AUC = 0.9302 | Params = {'iterations': 52, 'learning_rate': 0.1921508514374183, 'depth': 4, 'l2_leaf_reg': 4.665640777857116, 'subsample': 0.7231186464352345, 'min_data_in_leaf': 27, 'rsm': 0.9779980673996356, 'loss_function': 'Logloss', 'eval_metric': 'AUC', 'grow_policy': 'Depthwise'}
[I 2024-12-29 22:18:12,774] Trial 2837 finished with value: 0.9295313418048179 and parameters: {'iterations': 55, 'learning_rate': 0.1931219591820619, 'depth': 4, 'l2_leaf_reg': 4.186752940325951, 'subsample': 0.7746642285103897, 'min_data_in_leaf': 26, 'rsm': 0.9579294509090578}. Best is trial 1892 with value: 0.9319758700936625.
Trial 2837: AUC = 0.9295 | Params = {'iterations': 55, 'learning_rate': 0.1931219591820619, 'depth': 4, 'l2_leaf_reg': 4.186752940325951, 'subsample': 0.7746642285103897, 'min_data_in_leaf': 26, 'rsm': 0.9579294509090578, 'loss_function': 'Logloss', 'eval_metric': 'AUC', 'grow_policy': 'Depthwise'}
[I 2024-12-29 22:18:13,253] Trial 2838 finished with value: 0.9292688880312439 and parameters: {'iterations': 54, 'learning_rate': 0.18828525544161523, 'depth': 5, 'l2_leaf_reg': 4.535258193986612, 'subsample': 0.7140009330578477, 'min_data_in_leaf': 25, 'rsm': 0.9655848955286016}. Best is trial 1892 with value: 0.9319758700936625.
Trial 2838: AUC = 0.9293 | Params = {'iterations': 54, 'learning_rate': 0.18828525544161523, 'depth': 5, 'l2_leaf_reg': 4.535258193986612, 'subsample': 0.7140009330578477, 'min_data_in_leaf': 25, 'rsm': 0.9655848955286016, 'loss_function': 'Logloss', 'eval_metric': 'AUC', 'grow_policy': 'Depthwise'}
[I 2024-12-29 22:18:13,720] Trial 2839 finished with value: 0.9284782865404777 and parameters: {'iterations': 64, 'learning_rate': 0.18551721034312266, 'depth': 4, 'l2_leaf_reg': 4.305008731592595, 'subsample': 0.8911780547582966, 'min_data_in_leaf': 11, 'rsm': 0.9872778618359909}. Best is trial 1892 with value: 0.9319758700936625.
Trial 2839: AUC = 0.9285 | Params = {'iterations': 64, 'learning_rate': 0.18551721034312266, 'depth': 4, 'l2_leaf_reg': 4.305008731592595, 'subsample': 0.8911780547582966, 'min_data_in_leaf': 11, 'rsm': 0.9872778618359909, 'loss_function': 'Logloss', 'eval_metric': 'AUC', 'grow_policy': 'Depthwise'}
[I 2024-12-29 22:18:14,157] Trial 2840 finished with value: 0.9294434971947327 and parameters: {'iterations': 57, 'learning_rate': 0.1905722274859812, 'depth': 4, 'l2_leaf_reg': 4.437410288717496, 'subsample': 0.719859537072138, 'min_data_in_leaf': 24, 'rsm': 0.9712817093536844}. Best is trial 1892 with value: 0.9319758700936625.
Trial 2840: AUC = 0.9294 | Params = {'iterations': 57, 'learning_rate': 0.1905722274859812, 'depth': 4, 'l2_leaf_reg': 4.437410288717496, 'subsample': 0.719859537072138, 'min_data_in_leaf': 24, 'rsm': 0.9712817093536844, 'loss_function': 'Logloss', 'eval_metric': 'AUC', 'grow_policy': 'Depthwise'}
[I 2024-12-29 22:18:14,605] Trial 2841 finished with value: 0.9298344777133903 and parameters: {'iterations': 50, 'learning_rate': 0.19403546005079297, 'depth': 4, 'l2_leaf_reg': 4.284986137606994, 'subsample': 0.7301102626533017, 'min_data_in_leaf': 26, 'rsm': 0.9794554215774024}. Best is trial 1892 with value: 0.9319758700936625.
Trial 2841: AUC = 0.9298 | Params = {'iterations': 50, 'learning_rate': 0.19403546005079297, 'depth': 4, 'l2_leaf_reg': 4.284986137606994, 'subsample': 0.7301102626533017, 'min_data_in_leaf': 26, 'rsm': 0.9794554215774024, 'loss_function': 'Logloss', 'eval_metric': 'AUC', 'grow_policy': 'Depthwise'}
[I 2024-12-29 22:18:15,063] Trial 2842 finished with value: 0.930610678448405 and parameters: {'iterations': 56, 'learning_rate': 0.19438712955416346, 'depth': 4, 'l2_leaf_reg': 4.380809632176543, 'subsample': 0.7146237066391393, 'min_data_in_leaf': 1, 'rsm': 0.9688758147658333}. Best is trial 1892 with value: 0.9319758700936625.
Trial 2842: AUC = 0.9306 | Params = {'iterations': 56, 'learning_rate': 0.19438712955416346, 'depth': 4, 'l2_leaf_reg': 4.380809632176543, 'subsample': 0.7146237066391393, 'min_data_in_leaf': 1, 'rsm': 0.9688758147658333, 'loss_function': 'Logloss', 'eval_metric': 'AUC', 'grow_policy': 'Depthwise'}
[I 2024-12-29 22:18:15,487] Trial 2843 finished with value: 0.9295511428439766 and parameters: {'iterations': 52, 'learning_rate': 0.18918708614731927, 'depth': 4, 'l2_leaf_reg': 4.580504013899655, 'subsample': 0.7508972652240217, 'min_data_in_leaf': 25, 'rsm': 0.9532684388902058}. Best is trial 1892 with value: 0.9319758700936625.
Trial 2843: AUC = 0.9296 | Params = {'iterations': 52, 'learning_rate': 0.18918708614731927, 'depth': 4, 'l2_leaf_reg': 4.580504013899655, 'subsample': 0.7508972652240217, 'min_data_in_leaf': 25, 'rsm': 0.9532684388902058, 'loss_function': 'Logloss', 'eval_metric': 'AUC', 'grow_policy': 'Depthwise'}
[I 2024-12-29 22:18:15,992] Trial 2844 finished with value: 0.9308342501814495 and parameters: {'iterations': 59, 'learning_rate': 0.19286943904954643, 'depth': 4, 'l2_leaf_reg': 4.1920735782452185, 'subsample': 0.711852920507342, 'min_data_in_leaf': 25, 'rsm': 0.9774800894330852}. Best is trial 1892 with value: 0.9319758700936625.
Trial 2844: AUC = 0.9308 | Params = {'iterations': 59, 'learning_rate': 0.19286943904954643, 'depth': 4, 'l2_leaf_reg': 4.1920735782452185, 'subsample': 0.711852920507342, 'min_data_in_leaf': 25, 'rsm': 0.9774800894330852, 'loss_function': 'Logloss', 'eval_metric': 'AUC', 'grow_policy': 'Depthwise'}
[I 2024-12-29 22:18:16,490] Trial 2845 finished with value: 0.9306070782594671 and parameters: {'iterations': 58, 'learning_rate': 0.18176651076673878, 'depth': 4, 'l2_leaf_reg': 4.471419396432749, 'subsample': 0.8690739927099279, 'min_data_in_leaf': 24, 'rsm': 0.8092098914981907}. Best is trial 1892 with value: 0.9319758700936625.
Trial 2845: AUC = 0.9306 | Params = {'iterations': 58, 'learning_rate': 0.18176651076673878, 'depth': 4, 'l2_leaf_reg': 4.471419396432749, 'subsample': 0.8690739927099279, 'min_data_in_leaf': 24, 'rsm': 0.8092098914981907, 'loss_function': 'Logloss', 'eval_metric': 'AUC', 'grow_policy': 'Depthwise'}
[I 2024-12-29 22:18:16,924] Trial 2846 finished with value: 0.9298704796027696 and parameters: {'iterations': 53, 'learning_rate': 0.18728863772693602, 'depth': 4, 'l2_leaf_reg': 4.3392191455813585, 'subsample': 0.724092349683792, 'min_data_in_leaf': 28, 'rsm': 0.959475265060963}. Best is trial 1892 with value: 0.9319758700936625.
Trial 2846: AUC = 0.9299 | Params = {'iterations': 53, 'learning_rate': 0.18728863772693602, 'depth': 4, 'l2_leaf_reg': 4.3392191455813585, 'subsample': 0.724092349683792, 'min_data_in_leaf': 28, 'rsm': 0.959475265060963, 'loss_function': 'Logloss', 'eval_metric': 'AUC', 'grow_policy': 'Depthwise'}
[I 2024-12-29 22:18:17,418] Trial 2847 finished with value: 0.9303244634278406 and parameters: {'iterations': 64, 'learning_rate': 0.19135829511215868, 'depth': 4, 'l2_leaf_reg': 4.263962059858336, 'subsample': 0.7092114794175441, 'min_data_in_leaf': 30, 'rsm': 0.9860395574552524}. Best is trial 1892 with value: 0.9319758700936625.
Trial 2847: AUC = 0.9303 | Params = {'iterations': 64, 'learning_rate': 0.19135829511215868, 'depth': 4, 'l2_leaf_reg': 4.263962059858336, 'subsample': 0.7092114794175441, 'min_data_in_leaf': 30, 'rsm': 0.9860395574552524, 'loss_function': 'Logloss', 'eval_metric': 'AUC', 'grow_policy': 'Depthwise'}
[I 2024-12-29 22:18:17,959] Trial 2848 finished with value: 0.9293837340583635 and parameters: {'iterations': 60, 'learning_rate': 0.19484664569247806, 'depth': 4, 'l2_leaf_reg': 4.493031312434546, 'subsample': 0.7376425836774739, 'min_data_in_leaf': 25, 'rsm': 0.9735637703426667}. Best is trial 1892 with value: 0.9319758700936625.
Trial 2848: AUC = 0.9294 | Params = {'iterations': 60, 'learning_rate': 0.19484664569247806, 'depth': 4, 'l2_leaf_reg': 4.493031312434546, 'subsample': 0.7376425836774739, 'min_data_in_leaf': 25, 'rsm': 0.9735637703426667, 'loss_function': 'Logloss', 'eval_metric': 'AUC', 'grow_policy': 'Depthwise'}
[I 2024-12-29 22:18:18,387] Trial 2849 finished with value: 0.929824757203258 and parameters: {'iterations': 55, 'learning_rate': 0.1930071053317087, 'depth': 4, 'l2_leaf_reg': 2.395523241659622, 'subsample': 0.7197652653574454, 'min_data_in_leaf': 27, 'rsm': 0.9647275314630613}. Best is trial 1892 with value: 0.9319758700936625.
Trial 2849: AUC = 0.9298 | Params = {'iterations': 55, 'learning_rate': 0.1930071053317087, 'depth': 4, 'l2_leaf_reg': 2.395523241659622, 'subsample': 0.7197652653574454, 'min_data_in_leaf': 27, 'rsm': 0.9647275314630613, 'loss_function': 'Logloss', 'eval_metric': 'AUC', 'grow_policy': 'Depthwise'}
