[I 2024-12-29 22:16:18,317] Trial 2612 finished with value: 0.930184056059262 and parameters: {'iterations': 91, 'learning_rate': 0.19495696285627337, 'depth': 4, 'l2_leaf_reg': 1.8899367542988004, 'subsample': 0.7178749261645657, 'min_data_in_leaf': 25, 'rsm': 0.9601482776118931}. Best is trial 1892 with value: 0.9319758700936625.
Trial 2612: AUC = 0.9302 | Params = {'iterations': 91, 'learning_rate': 0.19495696285627337, 'depth': 4, 'l2_leaf_reg': 1.8899367542988004, 'subsample': 0.7178749261645657, 'min_data_in_leaf': 25, 'rsm': 0.9601482776118931, 'loss_function': 'Logloss', 'eval_metric': 'AUC', 'grow_policy': 'Depthwise'}
[I 2024-12-29 22:16:18,938] Trial 2613 finished with value: 0.9304511900784552 and parameters: {'iterations': 104, 'learning_rate': 0.19725319532388172, 'depth': 4, 'l2_leaf_reg': 4.288275761939543, 'subsample': 0.7138563445989191, 'min_data_in_leaf': 25, 'rsm': 0.9792493294620886}. Best is trial 1892 with value: 0.9319758700936625.
Trial 2613: AUC = 0.9305 | Params = {'iterations': 104, 'learning_rate': 0.19725319532388172, 'depth': 4, 'l2_leaf_reg': 4.288275761939543, 'subsample': 0.7138563445989191, 'min_data_in_leaf': 25, 'rsm': 0.9792493294620886, 'loss_function': 'Logloss', 'eval_metric': 'AUC', 'grow_policy': 'Depthwise'}
[I 2024-12-29 22:16:19,519] Trial 2614 finished with value: 0.9303543449960254 and parameters: {'iterations': 116, 'learning_rate': 0.19309496037740775, 'depth': 4, 'l2_leaf_reg': 4.22612736860701, 'subsample': 0.707623502485652, 'min_data_in_leaf': 26, 'rsm': 0.9683636017709676}. Best is trial 1892 with value: 0.9319758700936625.
Trial 2614: AUC = 0.9304 | Params = {'iterations': 116, 'learning_rate': 0.19309496037740775, 'depth': 4, 'l2_leaf_reg': 4.22612736860701, 'subsample': 0.707623502485652, 'min_data_in_leaf': 26, 'rsm': 0.9683636017709676, 'loss_function': 'Logloss', 'eval_metric': 'AUC', 'grow_policy': 'Depthwise'}
[I 2024-12-29 22:16:20,052] Trial 2615 finished with value: 0.9299928860266587 and parameters: {'iterations': 83, 'learning_rate': 0.1874645683398941, 'depth': 4, 'l2_leaf_reg': 3.280988401047122, 'subsample': 0.7229363480345398, 'min_data_in_leaf': 21, 'rsm': 0.988821004622273}. Best is trial 1892 with value: 0.9319758700936625.
Trial 2615: AUC = 0.9300 | Params = {'iterations': 83, 'learning_rate': 0.1874645683398941, 'depth': 4, 'l2_leaf_reg': 3.280988401047122, 'subsample': 0.7229363480345398, 'min_data_in_leaf': 21, 'rsm': 0.988821004622273, 'loss_function': 'Logloss', 'eval_metric': 'AUC', 'grow_policy': 'Depthwise'}
[I 2024-12-29 22:16:20,575] Trial 2616 finished with value: 0.9295115407656593 and parameters: {'iterations': 86, 'learning_rate': 0.06585438366900842, 'depth': 4, 'l2_leaf_reg': 4.701756255968479, 'subsample': 0.8623448105659112, 'min_data_in_leaf': 24, 'rsm': 0.9755649893030488}. Best is trial 1892 with value: 0.9319758700936625.
Trial 2616: AUC = 0.9295 | Params = {'iterations': 86, 'learning_rate': 0.06585438366900842, 'depth': 4, 'l2_leaf_reg': 4.701756255968479, 'subsample': 0.8623448105659112, 'min_data_in_leaf': 24, 'rsm': 0.9755649893030488, 'loss_function': 'Logloss', 'eval_metric': 'AUC', 'grow_policy': 'Depthwise'}
[I 2024-12-29 22:16:21,149] Trial 2617 finished with value: 0.9296091058858769 and parameters: {'iterations': 94, 'learning_rate': 0.1974805831365462, 'depth': 4, 'l2_leaf_reg': 4.159677946039267, 'subsample': 0.844949324577708, 'min_data_in_leaf': 26, 'rsm': 0.9644346652158221}. Best is trial 1892 with value: 0.9319758700936625.
Trial 2617: AUC = 0.9296 | Params = {'iterations': 94, 'learning_rate': 0.1974805831365462, 'depth': 4, 'l2_leaf_reg': 4.159677946039267, 'subsample': 0.844949324577708, 'min_data_in_leaf': 26, 'rsm': 0.9644346652158221, 'loss_function': 'Logloss', 'eval_metric': 'AUC', 'grow_policy': 'Depthwise'}
[I 2024-12-29 22:16:21,667] Trial 2618 finished with value: 0.929296609486066 and parameters: {'iterations': 99, 'learning_rate': 0.19083886678019954, 'depth': 4, 'l2_leaf_reg': 4.407424020435525, 'subsample': 0.7334698447595387, 'min_data_in_leaf': 27, 'rsm': 0.9844907541316165}. Best is trial 1892 with value: 0.9319758700936625.
Trial 2618: AUC = 0.9293 | Params = {'iterations': 99, 'learning_rate': 0.19083886678019954, 'depth': 4, 'l2_leaf_reg': 4.407424020435525, 'subsample': 0.7334698447595387, 'min_data_in_leaf': 27, 'rsm': 0.9844907541316165, 'loss_function': 'Logloss', 'eval_metric': 'AUC', 'grow_policy': 'Depthwise'}
[I 2024-12-29 22:16:22,135] Trial 2619 finished with value: 0.9298765999239641 and parameters: {'iterations': 68, 'learning_rate': 0.19474502313278047, 'depth': 4, 'l2_leaf_reg': 4.031131749199036, 'subsample': 0.7130758095753723, 'min_data_in_leaf': 25, 'rsm': 0.9718974314831502}. Best is trial 1892 with value: 0.9319758700936625.
Trial 2619: AUC = 0.9299 | Params = {'iterations': 68, 'learning_rate': 0.19474502313278047, 'depth': 4, 'l2_leaf_reg': 4.031131749199036, 'subsample': 0.7130758095753723, 'min_data_in_leaf': 25, 'rsm': 0.9718974314831502, 'loss_function': 'Logloss', 'eval_metric': 'AUC', 'grow_policy': 'Depthwise'}
[I 2024-12-29 22:16:22,645] Trial 2620 finished with value: 0.9289574716881142 and parameters: {'iterations': 61, 'learning_rate': 0.19224239153620706, 'depth': 4, 'l2_leaf_reg': 4.330606624137647, 'subsample': 0.7183973143807615, 'min_data_in_leaf': 23, 'rsm': 0.9798770966174328}. Best is trial 1892 with value: 0.9319758700936625.
Trial 2620: AUC = 0.9290 | Params = {'iterations': 61, 'learning_rate': 0.19224239153620706, 'depth': 4, 'l2_leaf_reg': 4.330606624137647, 'subsample': 0.7183973143807615, 'min_data_in_leaf': 23, 'rsm': 0.9798770966174328, 'loss_function': 'Logloss', 'eval_metric': 'AUC', 'grow_policy': 'Depthwise'}
[I 2024-12-29 22:16:23,197] Trial 2621 finished with value: 0.9308338901625558 and parameters: {'iterations': 91, 'learning_rate': 0.1953954103048645, 'depth': 4, 'l2_leaf_reg': 2.2560188398862344, 'subsample': 0.7052013511741106, 'min_data_in_leaf': 26, 'rsm': 0.9579418425695826}. Best is trial 1892 with value: 0.9319758700936625.
Trial 2621: AUC = 0.9308 | Params = {'iterations': 91, 'learning_rate': 0.1953954103048645, 'depth': 4, 'l2_leaf_reg': 2.2560188398862344, 'subsample': 0.7052013511741106, 'min_data_in_leaf': 26, 'rsm': 0.9579418425695826, 'loss_function': 'Logloss', 'eval_metric': 'AUC', 'grow_policy': 'Depthwise'}
[I 2024-12-29 22:16:23,712] Trial 2622 finished with value: 0.9295342219559681 and parameters: {'iterations': 88, 'learning_rate': 0.09474613549684206, 'depth': 4, 'l2_leaf_reg': 2.083299186127957, 'subsample': 0.726581469785616, 'min_data_in_leaf': 24, 'rsm': 0.9925037121481677}. Best is trial 1892 with value: 0.9319758700936625.
Trial 2622: AUC = 0.9295 | Params = {'iterations': 88, 'learning_rate': 0.09474613549684206, 'depth': 4, 'l2_leaf_reg': 2.083299186127957, 'subsample': 0.726581469785616, 'min_data_in_leaf': 24, 'rsm': 0.9925037121481677, 'loss_function': 'Logloss', 'eval_metric': 'AUC', 'grow_policy': 'Depthwise'}
[I 2024-12-29 22:16:24,306] Trial 2623 finished with value: 0.9296944303637054 and parameters: {'iterations': 97, 'learning_rate': 0.19991137927842487, 'depth': 4, 'l2_leaf_reg': 4.5066668377766925, 'subsample': 0.7098347342052853, 'min_data_in_leaf': 25, 'rsm': 0.965682005430591}. Best is trial 1892 with value: 0.9319758700936625.
Trial 2623: AUC = 0.9297 | Params = {'iterations': 97, 'learning_rate': 0.19991137927842487, 'depth': 4, 'l2_leaf_reg': 4.5066668377766925, 'subsample': 0.7098347342052853, 'min_data_in_leaf': 25, 'rsm': 0.965682005430591, 'loss_function': 'Logloss', 'eval_metric': 'AUC', 'grow_policy': 'Depthwise'}
[I 2024-12-29 22:16:24,753] Trial 2624 finished with value: 0.9295972252623819 and parameters: {'iterations': 65, 'learning_rate': 0.18441721908562458, 'depth': 4, 'l2_leaf_reg': 4.103258470390865, 'subsample': 0.7189086727160011, 'min_data_in_leaf': 24, 'rsm': 0.9174637142303645}. Best is trial 1892 with value: 0.9319758700936625.
Trial 2624: AUC = 0.9296 | Params = {'iterations': 65, 'learning_rate': 0.18441721908562458, 'depth': 4, 'l2_leaf_reg': 4.103258470390865, 'subsample': 0.7189086727160011, 'min_data_in_leaf': 24, 'rsm': 0.9174637142303645, 'loss_function': 'Logloss', 'eval_metric': 'AUC', 'grow_policy': 'Depthwise'}
[I 2024-12-29 22:16:25,270] Trial 2625 finished with value: 0.9310542217255561 and parameters: {'iterations': 93, 'learning_rate': 0.18920604738927474, 'depth': 4, 'l2_leaf_reg': 4.279317124722763, 'subsample': 0.713849220261733, 'min_data_in_leaf': 25, 'rsm': 0.9752993051487523}. Best is trial 1892 with value: 0.9319758700936625.
Trial 2625: AUC = 0.9311 | Params = {'iterations': 93, 'learning_rate': 0.18920604738927474, 'depth': 4, 'l2_leaf_reg': 4.279317124722763, 'subsample': 0.713849220261733, 'min_data_in_leaf': 25, 'rsm': 0.9752993051487523, 'loss_function': 'Logloss', 'eval_metric': 'AUC', 'grow_policy': 'Depthwise'}
[I 2024-12-29 22:16:25,819] Trial 2626 finished with value: 0.929562303429684 and parameters: {'iterations': 71, 'learning_rate': 0.19752767481361908, 'depth': 4, 'l2_leaf_reg': 4.620348073152256, 'subsample': 0.7051943420626022, 'min_data_in_leaf': 26, 'rsm': 0.9854350327297993}. Best is trial 1892 with value: 0.9319758700936625.
Trial 2626: AUC = 0.9296 | Params = {'iterations': 71, 'learning_rate': 0.19752767481361908, 'depth': 4, 'l2_leaf_reg': 4.620348073152256, 'subsample': 0.7051943420626022, 'min_data_in_leaf': 26, 'rsm': 0.9854350327297993, 'loss_function': 'Logloss', 'eval_metric': 'AUC', 'grow_policy': 'Depthwise'}
[I 2024-12-29 22:16:26,387] Trial 2627 finished with value: 0.9286057332288798 and parameters: {'iterations': 101, 'learning_rate': 0.19997805421082177, 'depth': 4, 'l2_leaf_reg': 1.5531047138098586, 'subsample': 0.721672478135763, 'min_data_in_leaf': 25, 'rsm': 0.9704525424320856}. Best is trial 1892 with value: 0.9319758700936625.
Trial 2627: AUC = 0.9286 | Params = {'iterations': 101, 'learning_rate': 0.19997805421082177, 'depth': 4, 'l2_leaf_reg': 1.5531047138098586, 'subsample': 0.721672478135763, 'min_data_in_leaf': 25, 'rsm': 0.9704525424320856, 'loss_function': 'Logloss', 'eval_metric': 'AUC', 'grow_policy': 'Depthwise'}
[I 2024-12-29 22:16:26,872] Trial 2628 finished with value: 0.9293401717722146 and parameters: {'iterations': 81, 'learning_rate': 0.19303079420399555, 'depth': 4, 'l2_leaf_reg': 4.41909370295857, 'subsample': 0.7460041197973983, 'min_data_in_leaf': 23, 'rsm': 0.9773283413356042}. Best is trial 1892 with value: 0.9319758700936625.
Trial 2628: AUC = 0.9293 | Params = {'iterations': 81, 'learning_rate': 0.19303079420399555, 'depth': 4, 'l2_leaf_reg': 4.41909370295857, 'subsample': 0.7460041197973983, 'min_data_in_leaf': 23, 'rsm': 0.9773283413356042, 'loss_function': 'Logloss', 'eval_metric': 'AUC', 'grow_policy': 'Depthwise'}
[I 2024-12-29 22:16:27,480] Trial 2629 finished with value: 0.930204937155102 and parameters: {'iterations': 85, 'learning_rate': 0.19085263696995777, 'depth': 4, 'l2_leaf_reg': 4.358643715743899, 'subsample': 0.7270252394125768, 'min_data_in_leaf': 24, 'rsm': 0.958163371148263}. Best is trial 1892 with value: 0.9319758700936625.
Trial 2629: AUC = 0.9302 | Params = {'iterations': 85, 'learning_rate': 0.19085263696995777, 'depth': 4, 'l2_leaf_reg': 4.358643715743899, 'subsample': 0.7270252394125768, 'min_data_in_leaf': 24, 'rsm': 0.958163371148263, 'loss_function': 'Logloss', 'eval_metric': 'AUC', 'grow_policy': 'Depthwise'}
[I 2024-12-29 22:16:27,982] Trial 2630 finished with value: 0.9291806834022649 and parameters: {'iterations': 89, 'learning_rate': 0.194866509047945, 'depth': 4, 'l2_leaf_reg': 4.234683044561653, 'subsample': 0.7117776296545567, 'min_data_in_leaf': 27, 'rsm': 0.982404739379375}. Best is trial 1892 with value: 0.9319758700936625.
Trial 2630: AUC = 0.9292 | Params = {'iterations': 89, 'learning_rate': 0.194866509047945, 'depth': 4, 'l2_leaf_reg': 4.234683044561653, 'subsample': 0.7117776296545567, 'min_data_in_leaf': 27, 'rsm': 0.982404739379375, 'loss_function': 'Logloss', 'eval_metric': 'AUC', 'grow_policy': 'Depthwise'}
[I 2024-12-29 22:16:28,489] Trial 2631 finished with value: 0.9300490489740901 and parameters: {'iterations': 96, 'learning_rate': 0.18742949419721444, 'depth': 4, 'l2_leaf_reg': 4.488255336510166, 'subsample': 0.7171870668099241, 'min_data_in_leaf': 25, 'rsm': 0.9647404818573889}. Best is trial 1892 with value: 0.9319758700936625.
Trial 2631: AUC = 0.9300 | Params = {'iterations': 96, 'learning_rate': 0.18742949419721444, 'depth': 4, 'l2_leaf_reg': 4.488255336510166, 'subsample': 0.7171870668099241, 'min_data_in_leaf': 25, 'rsm': 0.9647404818573889, 'loss_function': 'Logloss', 'eval_metric': 'AUC', 'grow_policy': 'Depthwise'}
[I 2024-12-29 22:16:29,026] Trial 2632 finished with value: 0.9306769219248625 and parameters: {'iterations': 92, 'learning_rate': 0.1974849874357643, 'depth': 4, 'l2_leaf_reg': 4.163059530128382, 'subsample': 0.7051308396932623, 'min_data_in_leaf': 24, 'rsm': 0.9705684630774155}. Best is trial 1892 with value: 0.9319758700936625.
Trial 2632: AUC = 0.9307 | Params = {'iterations': 92, 'learning_rate': 0.1974849874357643, 'depth': 4, 'l2_leaf_reg': 4.163059530128382, 'subsample': 0.7051308396932623, 'min_data_in_leaf': 24, 'rsm': 0.9705684630774155, 'loss_function': 'Logloss', 'eval_metric': 'AUC', 'grow_policy': 'Depthwise'}
[I 2024-12-29 22:16:29,622] Trial 2633 finished with value: 0.9296404275296367 and parameters: {'iterations': 112, 'learning_rate': 0.19301316687858233, 'depth': 4, 'l2_leaf_reg': 4.314362663100325, 'subsample': 0.7327505026634927, 'min_data_in_leaf': 26, 'rsm': 0.9790359346576785}. Best is trial 1892 with value: 0.9319758700936625.
Trial 2633: AUC = 0.9296 | Params = {'iterations': 112, 'learning_rate': 0.19301316687858233, 'depth': 4, 'l2_leaf_reg': 4.314362663100325, 'subsample': 0.7327505026634927, 'min_data_in_leaf': 26, 'rsm': 0.9790359346576785, 'loss_function': 'Logloss', 'eval_metric': 'AUC', 'grow_policy': 'Depthwise'}
[I 2024-12-29 22:16:30,099] Trial 2634 finished with value: 0.9314585229432841 and parameters: {'iterations': 88, 'learning_rate': 0.199891587692913, 'depth': 4, 'l2_leaf_reg': 2.8603152655189703, 'subsample': 0.7232992675345707, 'min_data_in_leaf': 3, 'rsm': 0.9891645759280898}. Best is trial 1892 with value: 0.9319758700936625.
Trial 2634: AUC = 0.9315 | Params = {'iterations': 88, 'learning_rate': 0.199891587692913, 'depth': 4, 'l2_leaf_reg': 2.8603152655189703, 'subsample': 0.7232992675345707, 'min_data_in_leaf': 3, 'rsm': 0.9891645759280898, 'loss_function': 'Logloss', 'eval_metric': 'AUC', 'grow_policy': 'Depthwise'}
[I 2024-12-29 22:16:29,575] Trial 2635 finished with value: 0.9282061122567713 and parameters: {'iterations': 83, 'learning_rate': 0.1997810581110261, 'depth': 6, 'l2_leaf_reg': 2.134601447582823, 'subsample': 0.7401906853546308, 'min_data_in_leaf': 23, 'rsm': 0.994252125364847}. Best is trial 1892 with value: 0.9319758700936625.
Trial 2635: AUC = 0.9282 | Params = {'iterations': 83, 'learning_rate': 0.1997810581110261, 'depth': 6, 'l2_leaf_reg': 2.134601447582823, 'subsample': 0.7401906853546308, 'min_data_in_leaf': 23, 'rsm': 0.994252125364847, 'loss_function': 'Logloss', 'eval_metric': 'AUC', 'grow_policy': 'Depthwise'}
[I 2024-12-29 22:16:30,069] Trial 2636 finished with value: 0.9304943923457102 and parameters: {'iterations': 86, 'learning_rate': 0.19826577153317576, 'depth': 4, 'l2_leaf_reg': 3.1745052983086928, 'subsample': 0.7367561216288913, 'min_data_in_leaf': 3, 'rsm': 0.9934640009866941}. Best is trial 1892 with value: 0.9319758700936625.
Trial 2636: AUC = 0.9305 | Params = {'iterations': 86, 'learning_rate': 0.19826577153317576, 'depth': 4, 'l2_leaf_reg': 3.1745052983086928, 'subsample': 0.7367561216288913, 'min_data_in_leaf': 3, 'rsm': 0.9934640009866941, 'loss_function': 'Logloss', 'eval_metric': 'AUC', 'grow_policy': 'Depthwise'}
[I 2024-12-29 22:16:30,505] Trial 2637 finished with value: 0.9293779737560628 and parameters: {'iterations': 84, 'learning_rate': 0.19985185778739312, 'depth': 4, 'l2_leaf_reg': 2.6244151060353333, 'subsample': 0.7322935692576282, 'min_data_in_leaf': 1, 'rsm': 0.9966823101187805}. Best is trial 1892 with value: 0.9319758700936625.
Trial 2637: AUC = 0.9294 | Params = {'iterations': 84, 'learning_rate': 0.19985185778739312, 'depth': 4, 'l2_leaf_reg': 2.6244151060353333, 'subsample': 0.7322935692576282, 'min_data_in_leaf': 1, 'rsm': 0.9966823101187805, 'loss_function': 'Logloss', 'eval_metric': 'AUC', 'grow_policy': 'Depthwise'}
[I 2024-12-29 22:16:31,011] Trial 2638 finished with value: 0.9295824644877364 and parameters: {'iterations': 83, 'learning_rate': 0.19982215376449936, 'depth': 4, 'l2_leaf_reg': 2.2728288938875645, 'subsample': 0.7300908289775117, 'min_data_in_leaf': 22, 'rsm': 0.9945091320356431}. Best is trial 1892 with value: 0.9319758700936625.
Trial 2638: AUC = 0.9296 | Params = {'iterations': 83, 'learning_rate': 0.19982215376449936, 'depth': 4, 'l2_leaf_reg': 2.2728288938875645, 'subsample': 0.7300908289775117, 'min_data_in_leaf': 22, 'rsm': 0.9945091320356431, 'loss_function': 'Logloss', 'eval_metric': 'AUC', 'grow_policy': 'Depthwise'}
[I 2024-12-29 22:16:31,567] Trial 2639 finished with value: 0.9312986745544406 and parameters: {'iterations': 82, 'learning_rate': 0.19737352335723166, 'depth': 4, 'l2_leaf_reg': 2.7981011948671624, 'subsample': 0.7430787410179164, 'min_data_in_leaf': 3, 'rsm': 0.9935954921045325}. Best is trial 1892 with value: 0.9319758700936625.
Trial 2639: AUC = 0.9313 | Params = {'iterations': 82, 'learning_rate': 0.19737352335723166, 'depth': 4, 'l2_leaf_reg': 2.7981011948671624, 'subsample': 0.7430787410179164, 'min_data_in_leaf': 3, 'rsm': 0.9935954921045325, 'loss_function': 'Logloss', 'eval_metric': 'AUC', 'grow_policy': 'Depthwise'}
[I 2024-12-29 22:16:32,069] Trial 2640 finished with value: 0.9286575759495859 and parameters: {'iterations': 85, 'learning_rate': 0.19973203310257504, 'depth': 4, 'l2_leaf_reg': 1.9421519478049167, 'subsample': 0.7268312456479675, 'min_data_in_leaf': 23, 'rsm': 0.9944990768506462}. Best is trial 1892 with value: 0.9319758700936625.
Trial 2640: AUC = 0.9287 | Params = {'iterations': 85, 'learning_rate': 0.19973203310257504, 'depth': 4, 'l2_leaf_reg': 1.9421519478049167, 'subsample': 0.7268312456479675, 'min_data_in_leaf': 23, 'rsm': 0.9944990768506462, 'loss_function': 'Logloss', 'eval_metric': 'AUC', 'grow_policy': 'Depthwise'}
[I 2024-12-29 22:16:32,539] Trial 2641 finished with value: 0.9303917869609797 and parameters: {'iterations': 79, 'learning_rate': 0.12240878163517004, 'depth': 4, 'l2_leaf_reg': 3.113840844093468, 'subsample': 0.7235231740251613, 'min_data_in_leaf': 1, 'rsm': 0.9994028010373561}. Best is trial 1892 with value: 0.9319758700936625.
Trial 2641: AUC = 0.9304 | Params = {'iterations': 79, 'learning_rate': 0.12240878163517004, 'depth': 4, 'l2_leaf_reg': 3.113840844093468, 'subsample': 0.7235231740251613, 'min_data_in_leaf': 1, 'rsm': 0.9994028010373561, 'loss_function': 'Logloss', 'eval_metric': 'AUC', 'grow_policy': 'Depthwise'}
[I 2024-12-29 22:16:33,098] Trial 2642 finished with value: 0.9304853918733655 and parameters: {'iterations': 81, 'learning_rate': 0.1999454459013772, 'depth': 4, 'l2_leaf_reg': 3.488647999579281, 'subsample': 0.737764096040399, 'min_data_in_leaf': 1, 'rsm': 0.9979330538203206}. Best is trial 1892 with value: 0.9319758700936625.
Trial 2642: AUC = 0.9305 | Params = {'iterations': 81, 'learning_rate': 0.1999454459013772, 'depth': 4, 'l2_leaf_reg': 3.488647999579281, 'subsample': 0.737764096040399, 'min_data_in_leaf': 1, 'rsm': 0.9979330538203206, 'loss_function': 'Logloss', 'eval_metric': 'AUC', 'grow_policy': 'Depthwise'}
[I 2024-12-29 22:16:33,645] Trial 2643 finished with value: 0.930366945657308 and parameters: {'iterations': 86, 'learning_rate': 0.19785812873448208, 'depth': 4, 'l2_leaf_reg': 3.091913280677832, 'subsample': 0.7285239585030161, 'min_data_in_leaf': 2, 'rsm': 0.9900899020959926}. Best is trial 1892 with value: 0.9319758700936625.
Trial 2643: AUC = 0.9304 | Params = {'iterations': 86, 'learning_rate': 0.19785812873448208, 'depth': 4, 'l2_leaf_reg': 3.091913280677832, 'subsample': 0.7285239585030161, 'min_data_in_leaf': 2, 'rsm': 0.9900899020959926, 'loss_function': 'Logloss', 'eval_metric': 'AUC', 'grow_policy': 'Depthwise'}
[I 2024-12-29 22:16:34,152] Trial 2644 finished with value: 0.9305480351608852 and parameters: {'iterations': 89, 'learning_rate': 0.19989452601868565, 'depth': 4, 'l2_leaf_reg': 2.6705667522872822, 'subsample': 0.7217081538629345, 'min_data_in_leaf': 3, 'rsm': 0.9880480946936719}. Best is trial 1892 with value: 0.9319758700936625.
Trial 2644: AUC = 0.9305 | Params = {'iterations': 89, 'learning_rate': 0.19989452601868565, 'depth': 4, 'l2_leaf_reg': 2.6705667522872822, 'subsample': 0.7217081538629345, 'min_data_in_leaf': 3, 'rsm': 0.9880480946936719, 'loss_function': 'Logloss', 'eval_metric': 'AUC', 'grow_policy': 'Depthwise'}
[I 2024-12-29 22:16:34,718] Trial 2645 finished with value: 0.9293743735671249 and parameters: {'iterations': 86, 'learning_rate': 0.19731551424011348, 'depth': 4, 'l2_leaf_reg': 1.453753007952046, 'subsample': 0.7253391616657552, 'min_data_in_leaf': 24, 'rsm': 0.9984611564044916}. Best is trial 1892 with value: 0.9319758700936625.
Trial 2645: AUC = 0.9294 | Params = {'iterations': 86, 'learning_rate': 0.19731551424011348, 'depth': 4, 'l2_leaf_reg': 1.453753007952046, 'subsample': 0.7253391616657552, 'min_data_in_leaf': 24, 'rsm': 0.9984611564044916, 'loss_function': 'Logloss', 'eval_metric': 'AUC', 'grow_policy': 'Depthwise'}
