[I 2024-12-29 22:15:42,812] Trial 2544 finished with value: 0.9303050224075761 and parameters: {'iterations': 100, 'learning_rate': 0.1975888081282371, 'depth': 4, 'l2_leaf_reg': 4.280903001431819, 'subsample': 0.7088223901541206, 'min_data_in_leaf': 22, 'rsm': 0.9810478117182047}. Best is trial 1892 with value: 0.9319758700936625.
Trial 2544: AUC = 0.9303 | Params = {'iterations': 100, 'learning_rate': 0.1975888081282371, 'depth': 4, 'l2_leaf_reg': 4.280903001431819, 'subsample': 0.7088223901541206, 'min_data_in_leaf': 22, 'rsm': 0.9810478117182047, 'loss_function': 'Logloss', 'eval_metric': 'AUC', 'grow_policy': 'Depthwise'}
[I 2024-12-29 22:15:43,327] Trial 2545 finished with value: 0.9296386274351678 and parameters: {'iterations': 139, 'learning_rate': 0.19269031243476054, 'depth': 4, 'l2_leaf_reg': 4.57654918022413, 'subsample': 0.7308453392382213, 'min_data_in_leaf': 23, 'rsm': 0.9713823139470832}. Best is trial 1892 with value: 0.9319758700936625.
Trial 2545: AUC = 0.9296 | Params = {'iterations': 139, 'learning_rate': 0.19269031243476054, 'depth': 4, 'l2_leaf_reg': 4.57654918022413, 'subsample': 0.7308453392382213, 'min_data_in_leaf': 23, 'rsm': 0.9713823139470832, 'loss_function': 'Logloss', 'eval_metric': 'AUC', 'grow_policy': 'Depthwise'}
[I 2024-12-29 22:15:43,841] Trial 2546 finished with value: 0.9304094278867754 and parameters: {'iterations': 86, 'learning_rate': 0.1998851276043777, 'depth': 4, 'l2_leaf_reg': 4.165104885578571, 'subsample': 0.7217107090883113, 'min_data_in_leaf': 26, 'rsm': 0.9864607447739365}. Best is trial 1892 with value: 0.9319758700936625.
Trial 2546: AUC = 0.9304 | Params = {'iterations': 86, 'learning_rate': 0.1998851276043777, 'depth': 4, 'l2_leaf_reg': 4.165104885578571, 'subsample': 0.7217107090883113, 'min_data_in_leaf': 26, 'rsm': 0.9864607447739365, 'loss_function': 'Logloss', 'eval_metric': 'AUC', 'grow_policy': 'Depthwise'}
[I 2024-12-29 22:15:44,506] Trial 2547 finished with value: 0.929956164099492 and parameters: {'iterations': 90, 'learning_rate': 0.18884588567795618, 'depth': 4, 'l2_leaf_reg': 4.472699159353273, 'subsample': 0.7000214185672367, 'min_data_in_leaf': 25, 'rsm': 0.9743635596500976}. Best is trial 1892 with value: 0.9319758700936625.
Trial 2547: AUC = 0.9300 | Params = {'iterations': 90, 'learning_rate': 0.18884588567795618, 'depth': 4, 'l2_leaf_reg': 4.472699159353273, 'subsample': 0.7000214185672367, 'min_data_in_leaf': 25, 'rsm': 0.9743635596500976, 'loss_function': 'Logloss', 'eval_metric': 'AUC', 'grow_policy': 'Depthwise'}
[I 2024-12-29 22:15:45,086] Trial 2548 finished with value: 0.9303971872443867 and parameters: {'iterations': 95, 'learning_rate': 0.1951396927877562, 'depth': 4, 'l2_leaf_reg': 4.072636986703837, 'subsample': 0.954822778175606, 'min_data_in_leaf': 24, 'rsm': 0.9646508981335276}. Best is trial 1892 with value: 0.9319758700936625.
Trial 2548: AUC = 0.9304 | Params = {'iterations': 95, 'learning_rate': 0.1951396927877562, 'depth': 4, 'l2_leaf_reg': 4.072636986703837, 'subsample': 0.954822778175606, 'min_data_in_leaf': 24, 'rsm': 0.9646508981335276, 'loss_function': 'Logloss', 'eval_metric': 'AUC', 'grow_policy': 'Depthwise'}
[I 2024-12-29 22:15:45,599] Trial 2549 finished with value: 0.9295767041854357 and parameters: {'iterations': 82, 'learning_rate': 0.19140201567620035, 'depth': 4, 'l2_leaf_reg': 4.327006814560301, 'subsample': 0.7455950734086322, 'min_data_in_leaf': 24, 'rsm': 0.9787915708856203}. Best is trial 1892 with value: 0.9319758700936625.
Trial 2549: AUC = 0.9296 | Params = {'iterations': 82, 'learning_rate': 0.19140201567620035, 'depth': 4, 'l2_leaf_reg': 4.327006814560301, 'subsample': 0.7455950734086322, 'min_data_in_leaf': 24, 'rsm': 0.9787915708856203, 'loss_function': 'Logloss', 'eval_metric': 'AUC', 'grow_policy': 'Depthwise'}
[I 2024-12-29 22:15:46,048] Trial 2550 finished with value: 0.9291979643091669 and parameters: {'iterations': 59, 'learning_rate': 0.19724961023033205, 'depth': 4, 'l2_leaf_reg': 3.8989372718626485, 'subsample': 0.8535962659855736, 'min_data_in_leaf': 23, 'rsm': 0.7755135779079263}. Best is trial 1892 with value: 0.9319758700936625.
Trial 2550: AUC = 0.9292 | Params = {'iterations': 59, 'learning_rate': 0.19724961023033205, 'depth': 4, 'l2_leaf_reg': 3.8989372718626485, 'subsample': 0.8535962659855736, 'min_data_in_leaf': 23, 'rsm': 0.7755135779079263, 'loss_function': 'Logloss', 'eval_metric': 'AUC', 'grow_policy': 'Depthwise'}
[I 2024-12-29 22:15:46,778] Trial 2551 finished with value: 0.9297390727065358 and parameters: {'iterations': 200, 'learning_rate': 0.19363747513353263, 'depth': 4, 'l2_leaf_reg': 4.226692449628797, 'subsample': 0.7152927373088123, 'min_data_in_leaf': 25, 'rsm': 0.7021477631922347}. Best is trial 1892 with value: 0.9319758700936625.
Trial 2551: AUC = 0.9297 | Params = {'iterations': 200, 'learning_rate': 0.19363747513353263, 'depth': 4, 'l2_leaf_reg': 4.226692449628797, 'subsample': 0.7152927373088123, 'min_data_in_leaf': 25, 'rsm': 0.7021477631922347, 'loss_function': 'Logloss', 'eval_metric': 'AUC', 'grow_policy': 'Depthwise'}
[I 2024-12-29 22:15:47,459] Trial 2552 finished with value: 0.9299565241183858 and parameters: {'iterations': 167, 'learning_rate': 0.15733956467245996, 'depth': 4, 'l2_leaf_reg': 4.385060891085253, 'subsample': 0.7092317421618711, 'min_data_in_leaf': 26, 'rsm': 0.9595770312899079}. Best is trial 1892 with value: 0.9319758700936625.
Trial 2552: AUC = 0.9300 | Params = {'iterations': 167, 'learning_rate': 0.15733956467245996, 'depth': 4, 'l2_leaf_reg': 4.385060891085253, 'subsample': 0.7092317421618711, 'min_data_in_leaf': 26, 'rsm': 0.9595770312899079, 'loss_function': 'Logloss', 'eval_metric': 'AUC', 'grow_policy': 'Depthwise'}
[I 2024-12-29 22:15:48,039] Trial 2553 finished with value: 0.9301998968905888 and parameters: {'iterations': 98, 'learning_rate': 0.09967962027766365, 'depth': 4, 'l2_leaf_reg': 4.520366312461384, 'subsample': 0.7333737739597245, 'min_data_in_leaf': 25, 'rsm': 0.8322461921923937}. Best is trial 1892 with value: 0.9319758700936625.
Trial 2553: AUC = 0.9302 | Params = {'iterations': 98, 'learning_rate': 0.09967962027766365, 'depth': 4, 'l2_leaf_reg': 4.520366312461384, 'subsample': 0.7333737739597245, 'min_data_in_leaf': 25, 'rsm': 0.8322461921923937, 'loss_function': 'Logloss', 'eval_metric': 'AUC', 'grow_policy': 'Depthwise'}
[I 2024-12-29 22:15:48,530] Trial 2554 finished with value: 0.9297804748793215 and parameters: {'iterations': 91, 'learning_rate': 0.18553916764928552, 'depth': 4, 'l2_leaf_reg': 4.316560422572348, 'subsample': 0.7244816863280742, 'min_data_in_leaf': 24, 'rsm': 0.9841518719810036}. Best is trial 1892 with value: 0.9319758700936625.
Trial 2554: AUC = 0.9298 | Params = {'iterations': 91, 'learning_rate': 0.18553916764928552, 'depth': 4, 'l2_leaf_reg': 4.316560422572348, 'subsample': 0.7244816863280742, 'min_data_in_leaf': 24, 'rsm': 0.9841518719810036, 'loss_function': 'Logloss', 'eval_metric': 'AUC', 'grow_policy': 'Depthwise'}
[I 2024-12-29 22:15:49,071] Trial 2555 finished with value: 0.9308911331666686 and parameters: {'iterations': 67, 'learning_rate': 0.19022474991004973, 'depth': 4, 'l2_leaf_reg': 4.158008339024791, 'subsample': 0.716880105550241, 'min_data_in_leaf': 26, 'rsm': 0.9692427845489383}. Best is trial 1892 with value: 0.9319758700936625.
Trial 2555: AUC = 0.9309 | Params = {'iterations': 67, 'learning_rate': 0.19022474991004973, 'depth': 4, 'l2_leaf_reg': 4.158008339024791, 'subsample': 0.716880105550241, 'min_data_in_leaf': 26, 'rsm': 0.9692427845489383, 'loss_function': 'Logloss', 'eval_metric': 'AUC', 'grow_policy': 'Depthwise'}
[I 2024-12-29 22:15:49,533] Trial 2556 finished with value: 0.9299720049308187 and parameters: {'iterations': 87, 'learning_rate': 0.19711467906834665, 'depth': 4, 'l2_leaf_reg': 4.437936761870753, 'subsample': 0.7095028626302573, 'min_data_in_leaf': 25, 'rsm': 0.9945635338263747}. Best is trial 1892 with value: 0.9319758700936625.
Trial 2556: AUC = 0.9300 | Params = {'iterations': 87, 'learning_rate': 0.19711467906834665, 'depth': 4, 'l2_leaf_reg': 4.437936761870753, 'subsample': 0.7095028626302573, 'min_data_in_leaf': 25, 'rsm': 0.9945635338263747, 'loss_function': 'Logloss', 'eval_metric': 'AUC', 'grow_policy': 'Depthwise'}
[I 2024-12-29 22:15:50,048] Trial 2557 finished with value: 0.9303745060540778 and parameters: {'iterations': 94, 'learning_rate': 0.19410103253087913, 'depth': 4, 'l2_leaf_reg': 4.031002663835238, 'subsample': 0.7274200314291249, 'min_data_in_leaf': 26, 'rsm': 0.976790077981536}. Best is trial 1892 with value: 0.9319758700936625.
Trial 2557: AUC = 0.9304 | Params = {'iterations': 94, 'learning_rate': 0.19410103253087913, 'depth': 4, 'l2_leaf_reg': 4.031002663835238, 'subsample': 0.7274200314291249, 'min_data_in_leaf': 26, 'rsm': 0.976790077981536, 'loss_function': 'Logloss', 'eval_metric': 'AUC', 'grow_policy': 'Depthwise'}
[I 2024-12-29 22:15:50,690] Trial 2558 finished with value: 0.9302661403670465 and parameters: {'iterations': 109, 'learning_rate': 0.18762446609207467, 'depth': 4, 'l2_leaf_reg': 4.232922443246422, 'subsample': 0.7145005743940359, 'min_data_in_leaf': 24, 'rsm': 0.9894681314436952}. Best is trial 1892 with value: 0.9319758700936625.
Trial 2558: AUC = 0.9303 | Params = {'iterations': 109, 'learning_rate': 0.18762446609207467, 'depth': 4, 'l2_leaf_reg': 4.232922443246422, 'subsample': 0.7145005743940359, 'min_data_in_leaf': 24, 'rsm': 0.9894681314436952, 'loss_function': 'Logloss', 'eval_metric': 'AUC', 'grow_policy': 'Depthwise'}
[I 2024-12-29 22:15:51,283] Trial 2559 finished with value: 0.929197964309167 and parameters: {'iterations': 104, 'learning_rate': 0.19995696611902333, 'depth': 4, 'l2_leaf_reg': 1.361988611853461, 'subsample': 0.7208055764626976, 'min_data_in_leaf': 24, 'rsm': 0.9738459904345919}. Best is trial 1892 with value: 0.9319758700936625.
Trial 2559: AUC = 0.9292 | Params = {'iterations': 104, 'learning_rate': 0.19995696611902333, 'depth': 4, 'l2_leaf_reg': 1.361988611853461, 'subsample': 0.7208055764626976, 'min_data_in_leaf': 24, 'rsm': 0.9738459904345919, 'loss_function': 'Logloss', 'eval_metric': 'AUC', 'grow_policy': 'Depthwise'}
[I 2024-12-29 22:15:51,790] Trial 2560 finished with value: 0.9295623034296839 and parameters: {'iterations': 85, 'learning_rate': 0.13464979241596858, 'depth': 4, 'l2_leaf_reg': 4.322946285783802, 'subsample': 0.7072458864977154, 'min_data_in_leaf': 25, 'rsm': 0.96565935519917}. Best is trial 1892 with value: 0.9319758700936625.
Trial 2560: AUC = 0.9296 | Params = {'iterations': 85, 'learning_rate': 0.13464979241596858, 'depth': 4, 'l2_leaf_reg': 4.322946285783802, 'subsample': 0.7072458864977154, 'min_data_in_leaf': 25, 'rsm': 0.96565935519917, 'loss_function': 'Logloss', 'eval_metric': 'AUC', 'grow_policy': 'Depthwise'}
[I 2024-12-29 22:15:52,292] Trial 2561 finished with value: 0.9296782295134849 and parameters: {'iterations': 101, 'learning_rate': 0.19242454649837593, 'depth': 4, 'l2_leaf_reg': 4.389292646991567, 'subsample': 0.7142548473585357, 'min_data_in_leaf': 23, 'rsm': 0.9589885921074444}. Best is trial 1892 with value: 0.9319758700936625.
Trial 2561: AUC = 0.9297 | Params = {'iterations': 101, 'learning_rate': 0.19242454649837593, 'depth': 4, 'l2_leaf_reg': 4.389292646991567, 'subsample': 0.7142548473585357, 'min_data_in_leaf': 23, 'rsm': 0.9589885921074444, 'loss_function': 'Logloss', 'eval_metric': 'AUC', 'grow_policy': 'Depthwise'}
[I 2024-12-29 22:15:52,943] Trial 2562 finished with value: 0.929900721189848 and parameters: {'iterations': 89, 'learning_rate': 0.1957386489326655, 'depth': 4, 'l2_leaf_reg': 4.106854234562958, 'subsample': 0.705222084185813, 'min_data_in_leaf': 25, 'rsm': 0.9816231931113485}. Best is trial 1892 with value: 0.9319758700936625.
Trial 2562: AUC = 0.9299 | Params = {'iterations': 89, 'learning_rate': 0.1957386489326655, 'depth': 4, 'l2_leaf_reg': 4.106854234562958, 'subsample': 0.705222084185813, 'min_data_in_leaf': 25, 'rsm': 0.9816231931113485, 'loss_function': 'Logloss', 'eval_metric': 'AUC', 'grow_policy': 'Depthwise'}
[I 2024-12-29 22:15:53,455] Trial 2563 finished with value: 0.9288998686651075 and parameters: {'iterations': 92, 'learning_rate': 0.19073116304476417, 'depth': 4, 'l2_leaf_reg': 4.588526135138246, 'subsample': 0.7249940761014116, 'min_data_in_leaf': 26, 'rsm': 0.9699198778465992}. Best is trial 1892 with value: 0.9319758700936625.
Trial 2563: AUC = 0.9289 | Params = {'iterations': 92, 'learning_rate': 0.19073116304476417, 'depth': 4, 'l2_leaf_reg': 4.588526135138246, 'subsample': 0.7249940761014116, 'min_data_in_leaf': 26, 'rsm': 0.9699198778465992, 'loss_function': 'Logloss', 'eval_metric': 'AUC', 'grow_policy': 'Depthwise'}
[I 2024-12-29 22:15:53,906] Trial 2564 finished with value: 0.9312835537609013 and parameters: {'iterations': 96, 'learning_rate': 0.1967003900676742, 'depth': 4, 'l2_leaf_reg': 4.233266286307575, 'subsample': 0.7179406596746745, 'min_data_in_leaf': 25, 'rsm': 0.977026879361999}. Best is trial 1892 with value: 0.9319758700936625.
Trial 2564: AUC = 0.9313 | Params = {'iterations': 96, 'learning_rate': 0.1967003900676742, 'depth': 4, 'l2_leaf_reg': 4.233266286307575, 'subsample': 0.7179406596746745, 'min_data_in_leaf': 25, 'rsm': 0.977026879361999, 'loss_function': 'Logloss', 'eval_metric': 'AUC', 'grow_policy': 'Depthwise'}
[I 2024-12-29 22:15:54,420] Trial 2565 finished with value: 0.9308292099169364 and parameters: {'iterations': 84, 'learning_rate': 0.19366771480811207, 'depth': 4, 'l2_leaf_reg': 4.4912736189495766, 'subsample': 0.7113879664167275, 'min_data_in_leaf': 24, 'rsm': 0.8639761784774178}. Best is trial 1892 with value: 0.9319758700936625.
Trial 2565: AUC = 0.9308 | Params = {'iterations': 84, 'learning_rate': 0.19366771480811207, 'depth': 4, 'l2_leaf_reg': 4.4912736189495766, 'subsample': 0.7113879664167275, 'min_data_in_leaf': 24, 'rsm': 0.8639761784774178, 'loss_function': 'Logloss', 'eval_metric': 'AUC', 'grow_policy': 'Depthwise'}
[I 2024-12-29 22:15:54,935] Trial 2566 finished with value: 0.930463790739738 and parameters: {'iterations': 68, 'learning_rate': 0.18885994354113803, 'depth': 4, 'l2_leaf_reg': 4.373451118071967, 'subsample': 0.7333213407285863, 'min_data_in_leaf': 23, 'rsm': 0.9852113784088637}. Best is trial 1892 with value: 0.9319758700936625.
Trial 2566: AUC = 0.9305 | Params = {'iterations': 68, 'learning_rate': 0.18885994354113803, 'depth': 4, 'l2_leaf_reg': 4.373451118071967, 'subsample': 0.7333213407285863, 'min_data_in_leaf': 23, 'rsm': 0.9852113784088637, 'loss_function': 'Logloss', 'eval_metric': 'AUC', 'grow_policy': 'Depthwise'}
[I 2024-12-29 22:15:55,491] Trial 2567 finished with value: 0.929296249467172 and parameters: {'iterations': 97, 'learning_rate': 0.19762364935996013, 'depth': 4, 'l2_leaf_reg': 4.266769435955874, 'subsample': 0.7203423403687284, 'min_data_in_leaf': 13, 'rsm': 0.9645450496799146}. Best is trial 1892 with value: 0.9319758700936625.
Trial 2567: AUC = 0.9293 | Params = {'iterations': 97, 'learning_rate': 0.19762364935996013, 'depth': 4, 'l2_leaf_reg': 4.266769435955874, 'subsample': 0.7203423403687284, 'min_data_in_leaf': 13, 'rsm': 0.9645450496799146, 'loss_function': 'Logloss', 'eval_metric': 'AUC', 'grow_policy': 'Depthwise'}
[I 2024-12-29 22:15:55,919] Trial 2568 finished with value: 0.9294632982338913 and parameters: {'iterations': 63, 'learning_rate': 0.19283834500419322, 'depth': 4, 'l2_leaf_reg': 4.169056483262303, 'subsample': 0.7040885136801533, 'min_data_in_leaf': 26, 'rsm': 0.9733603375049453}. Best is trial 1892 with value: 0.9319758700936625.
Trial 2568: AUC = 0.9295 | Params = {'iterations': 63, 'learning_rate': 0.19283834500419322, 'depth': 4, 'l2_leaf_reg': 4.169056483262303, 'subsample': 0.7040885136801533, 'min_data_in_leaf': 26, 'rsm': 0.9733603375049453, 'loss_function': 'Logloss', 'eval_metric': 'AUC', 'grow_policy': 'Depthwise'}
[I 2024-12-29 22:15:56,397] Trial 2569 finished with value: 0.929843838204629 and parameters: {'iterations': 89, 'learning_rate': 0.18479808390298835, 'depth': 4, 'l2_leaf_reg': 4.452868938093581, 'subsample': 0.727348140039698, 'min_data_in_leaf': 20, 'rsm': 0.9816318256498361}. Best is trial 1892 with value: 0.9319758700936625.
Trial 2569: AUC = 0.9298 | Params = {'iterations': 89, 'learning_rate': 0.18479808390298835, 'depth': 4, 'l2_leaf_reg': 4.452868938093581, 'subsample': 0.727348140039698, 'min_data_in_leaf': 20, 'rsm': 0.9816318256498361, 'loss_function': 'Logloss', 'eval_metric': 'AUC', 'grow_policy': 'Depthwise'}
[I 2024-12-29 22:15:56,982] Trial 2570 finished with value: 0.9299774052142258 and parameters: {'iterations': 92, 'learning_rate': 0.19991159949793036, 'depth': 4, 'l2_leaf_reg': 3.9678155428054835, 'subsample': 0.7109377837456394, 'min_data_in_leaf': 25, 'rsm': 0.9591166081182533}. Best is trial 1892 with value: 0.9319758700936625.
Trial 2570: AUC = 0.9300 | Params = {'iterations': 92, 'learning_rate': 0.19991159949793036, 'depth': 4, 'l2_leaf_reg': 3.9678155428054835, 'subsample': 0.7109377837456394, 'min_data_in_leaf': 25, 'rsm': 0.9591166081182533, 'loss_function': 'Logloss', 'eval_metric': 'AUC', 'grow_policy': 'Depthwise'}
[I 2024-12-29 22:15:57,461] Trial 2571 finished with value: 0.92934449199894 and parameters: {'iterations': 87, 'learning_rate': 0.1999725159759133, 'depth': 4, 'l2_leaf_reg': 2.365021115792125, 'subsample': 0.7179635584183731, 'min_data_in_leaf': 24, 'rsm': 0.9695263750836355}. Best is trial 1892 with value: 0.9319758700936625.
Trial 2571: AUC = 0.9293 | Params = {'iterations': 87, 'learning_rate': 0.1999725159759133, 'depth': 4, 'l2_leaf_reg': 2.365021115792125, 'subsample': 0.7179635584183731, 'min_data_in_leaf': 24, 'rsm': 0.9695263750836355, 'loss_function': 'Logloss', 'eval_metric': 'AUC', 'grow_policy': 'Depthwise'}
[I 2024-12-29 22:15:58,053] Trial 2572 finished with value: 0.9303176230688587 and parameters: {'iterations': 99, 'learning_rate': 0.19537851020748243, 'depth': 5, 'l2_leaf_reg': 4.318546625692477, 'subsample': 0.7047861482679931, 'min_data_in_leaf': 26, 'rsm': 0.9020281115588538}. Best is trial 1892 with value: 0.9319758700936625.
Trial 2572: AUC = 0.9303 | Params = {'iterations': 99, 'learning_rate': 0.19537851020748243, 'depth': 5, 'l2_leaf_reg': 4.318546625692477, 'subsample': 0.7047861482679931, 'min_data_in_leaf': 26, 'rsm': 0.9020281115588538, 'loss_function': 'Logloss', 'eval_metric': 'AUC', 'grow_policy': 'Depthwise'}
[I 2024-12-29 22:15:58,601] Trial 2573 finished with value: 0.9297822749737907 and parameters: {'iterations': 93, 'learning_rate': 0.1893414992435277, 'depth': 4, 'l2_leaf_reg': 4.6095269746547505, 'subsample': 0.7136266833225312, 'min_data_in_leaf': 25, 'rsm': 0.9886950087044666}. Best is trial 1892 with value: 0.9319758700936625.
Trial 2573: AUC = 0.9298 | Params = {'iterations': 93, 'learning_rate': 0.1893414992435277, 'depth': 4, 'l2_leaf_reg': 4.6095269746547505, 'subsample': 0.7136266833225312, 'min_data_in_leaf': 25, 'rsm': 0.9886950087044666, 'loss_function': 'Logloss', 'eval_metric': 'AUC', 'grow_policy': 'Depthwise'}
[I 2024-12-29 22:15:59,128] Trial 2574 finished with value: 0.9310138996094516 and parameters: {'iterations': 106, 'learning_rate': 0.1925121481662284, 'depth': 4, 'l2_leaf_reg': 4.107845140412268, 'subsample': 0.7227213683109228, 'min_data_in_leaf': 23, 'rsm': 0.976429110860769}. Best is trial 1892 with value: 0.9319758700936625.
Trial 2574: AUC = 0.9310 | Params = {'iterations': 106, 'learning_rate': 0.1925121481662284, 'depth': 4, 'l2_leaf_reg': 4.107845140412268, 'subsample': 0.7227213683109228, 'min_data_in_leaf': 23, 'rsm': 0.976429110860769, 'loss_function': 'Logloss', 'eval_metric': 'AUC', 'grow_policy': 'Depthwise'}
[I 2024-12-29 22:15:58,503] Trial 2575 finished with value: 0.9302726207071347 and parameters: {'iterations': 83, 'learning_rate': 0.19565057417985682, 'depth': 4, 'l2_leaf_reg': 4.526354816413837, 'subsample': 0.7091673196319257, 'min_data_in_leaf': 18, 'rsm': 0.9681757102615378}. Best is trial 1892 with value: 0.9319758700936625.
Trial 2575: AUC = 0.9303 | Params = {'iterations': 83, 'learning_rate': 0.19565057417985682, 'depth': 4, 'l2_leaf_reg': 4.526354816413837, 'subsample': 0.7091673196319257, 'min_data_in_leaf': 18, 'rsm': 0.9681757102615378, 'loss_function': 'Logloss', 'eval_metric': 'AUC', 'grow_policy': 'Depthwise'}
[I 2024-12-29 22:15:59,135] Trial 2576 finished with value: 0.9287076185758227 and parameters: {'iterations': 95, 'learning_rate': 0.1874089539725125, 'depth': 4, 'l2_leaf_reg': 3.3926929602048252, 'subsample': 0.7385079600360899, 'min_data_in_leaf': 24, 'rsm': 0.9814627615802322}. Best is trial 1892 with value: 0.9319758700936625.
Trial 2576: AUC = 0.9287 | Params = {'iterations': 95, 'learning_rate': 0.1874089539725125, 'depth': 4, 'l2_leaf_reg': 3.3926929602048252, 'subsample': 0.7385079600360899, 'min_data_in_leaf': 24, 'rsm': 0.9814627615802322, 'loss_function': 'Logloss', 'eval_metric': 'AUC', 'grow_policy': 'Depthwise'}
[I 2024-12-29 22:15:59,600] Trial 2577 finished with value: 0.9303259035034158 and parameters: {'iterations': 90, 'learning_rate': 0.19734143075663751, 'depth': 4, 'l2_leaf_reg': 4.404185003410178, 'subsample': 0.716694731312754, 'min_data_in_leaf': 22, 'rsm': 0.9728799708809738}. Best is trial 1892 with value: 0.9319758700936625.
Trial 2577: AUC = 0.9303 | Params = {'iterations': 90, 'learning_rate': 0.19734143075663751, 'depth': 4, 'l2_leaf_reg': 4.404185003410178, 'subsample': 0.716694731312754, 'min_data_in_leaf': 22, 'rsm': 0.9728799708809738, 'loss_function': 'Logloss', 'eval_metric': 'AUC', 'grow_policy': 'Depthwise'}
