[I 2024-12-29 22:12:17,831] Trial 2136 finished with value: 0.929607305791408 and parameters: {'iterations': 69, 'learning_rate': 0.19039373324742942, 'depth': 4, 'l2_leaf_reg': 4.2174337080331465, 'subsample': 0.7000383537514896, 'min_data_in_leaf': 26, 'rsm': 0.9825786126613939}. Best is trial 1892 with value: 0.9319758700936625.
Trial 2136: AUC = 0.9296 | Params = {'iterations': 69, 'learning_rate': 0.19039373324742942, 'depth': 4, 'l2_leaf_reg': 4.2174337080331465, 'subsample': 0.7000383537514896, 'min_data_in_leaf': 26, 'rsm': 0.9825786126613939, 'loss_function': 'Logloss', 'eval_metric': 'AUC', 'grow_policy': 'Depthwise'}
[I 2024-12-29 22:12:18,333] Trial 2137 finished with value: 0.9292735682768634 and parameters: {'iterations': 85, 'learning_rate': 0.05541097937773726, 'depth': 4, 'l2_leaf_reg': 4.594119223780379, 'subsample': 0.728728382745059, 'min_data_in_leaf': 25, 'rsm': 0.9772673423819426}. Best is trial 1892 with value: 0.9319758700936625.
Trial 2137: AUC = 0.9293 | Params = {'iterations': 85, 'learning_rate': 0.05541097937773726, 'depth': 4, 'l2_leaf_reg': 4.594119223780379, 'subsample': 0.728728382745059, 'min_data_in_leaf': 25, 'rsm': 0.9772673423819426, 'loss_function': 'Logloss', 'eval_metric': 'AUC', 'grow_policy': 'Depthwise'}
[I 2024-12-29 22:12:18,834] Trial 2138 finished with value: 0.9295878647711433 and parameters: {'iterations': 90, 'learning_rate': 0.197253196239284, 'depth': 4, 'l2_leaf_reg': 4.662043342753365, 'subsample': 0.7090508256795938, 'min_data_in_leaf': 25, 'rsm': 0.9658164523656411}. Best is trial 1892 with value: 0.9319758700936625.
Trial 2138: AUC = 0.9296 | Params = {'iterations': 90, 'learning_rate': 0.197253196239284, 'depth': 4, 'l2_leaf_reg': 4.662043342753365, 'subsample': 0.7090508256795938, 'min_data_in_leaf': 25, 'rsm': 0.9658164523656411, 'loss_function': 'Logloss', 'eval_metric': 'AUC', 'grow_policy': 'Depthwise'}
[I 2024-12-29 22:12:19,340] Trial 2139 finished with value: 0.9300076468013041 and parameters: {'iterations': 74, 'learning_rate': 0.19381373993953394, 'depth': 4, 'l2_leaf_reg': 4.288602759936167, 'subsample': 0.8885205799806842, 'min_data_in_leaf': 24, 'rsm': 0.98665315954808}. Best is trial 1892 with value: 0.9319758700936625.
Trial 2139: AUC = 0.9300 | Params = {'iterations': 74, 'learning_rate': 0.19381373993953394, 'depth': 4, 'l2_leaf_reg': 4.288602759936167, 'subsample': 0.8885205799806842, 'min_data_in_leaf': 24, 'rsm': 0.98665315954808, 'loss_function': 'Logloss', 'eval_metric': 'AUC', 'grow_policy': 'Depthwise'}
[I 2024-12-29 22:12:19,919] Trial 2140 finished with value: 0.9278086513980253 and parameters: {'iterations': 95, 'learning_rate': 0.18845746686923442, 'depth': 5, 'l2_leaf_reg': 4.360617569145238, 'subsample': 0.7194176573990794, 'min_data_in_leaf': 26, 'rsm': 0.7322876155993107}. Best is trial 1892 with value: 0.9319758700936625.
Trial 2140: AUC = 0.9278 | Params = {'iterations': 95, 'learning_rate': 0.18845746686923442, 'depth': 5, 'l2_leaf_reg': 4.360617569145238, 'subsample': 0.7194176573990794, 'min_data_in_leaf': 26, 'rsm': 0.7322876155993107, 'loss_function': 'Logloss', 'eval_metric': 'AUC', 'grow_policy': 'Depthwise'}
[I 2024-12-29 22:12:20,501] Trial 2141 finished with value: 0.930495112383498 and parameters: {'iterations': 83, 'learning_rate': 0.19290747128135333, 'depth': 4, 'l2_leaf_reg': 4.487263518000751, 'subsample': 0.7137087648463882, 'min_data_in_leaf': 24, 'rsm': 0.97133523648236}. Best is trial 1892 with value: 0.9319758700936625.
Trial 2141: AUC = 0.9305 | Params = {'iterations': 83, 'learning_rate': 0.19290747128135333, 'depth': 4, 'l2_leaf_reg': 4.487263518000751, 'subsample': 0.7137087648463882, 'min_data_in_leaf': 24, 'rsm': 0.97133523648236, 'loss_function': 'Logloss', 'eval_metric': 'AUC', 'grow_policy': 'Depthwise'}
[I 2024-12-29 22:12:20,993] Trial 2142 finished with value: 0.9300756903722307 and parameters: {'iterations': 87, 'learning_rate': 0.19722512139909773, 'depth': 4, 'l2_leaf_reg': 4.234097627876596, 'subsample': 0.7214826301606628, 'min_data_in_leaf': 26, 'rsm': 0.9781331421047292}. Best is trial 1892 with value: 0.9319758700936625.
Trial 2142: AUC = 0.9301 | Params = {'iterations': 87, 'learning_rate': 0.19722512139909773, 'depth': 4, 'l2_leaf_reg': 4.234097627876596, 'subsample': 0.7214826301606628, 'min_data_in_leaf': 26, 'rsm': 0.9781331421047292, 'loss_function': 'Logloss', 'eval_metric': 'AUC', 'grow_policy': 'Depthwise'}
[I 2024-12-29 22:12:21,448] Trial 2143 finished with value: 0.9303493047315122 and parameters: {'iterations': 92, 'learning_rate': 0.19568131148077825, 'depth': 4, 'l2_leaf_reg': 4.424667950009101, 'subsample': 0.7087713706674155, 'min_data_in_leaf': 23, 'rsm': 0.9718344813892315}. Best is trial 1892 with value: 0.9319758700936625.
Trial 2143: AUC = 0.9303 | Params = {'iterations': 92, 'learning_rate': 0.19568131148077825, 'depth': 4, 'l2_leaf_reg': 4.424667950009101, 'subsample': 0.7087713706674155, 'min_data_in_leaf': 23, 'rsm': 0.9718344813892315, 'loss_function': 'Logloss', 'eval_metric': 'AUC', 'grow_policy': 'Depthwise'}
[I 2024-12-29 22:12:21,901] Trial 2144 finished with value: 0.9302639802536836 and parameters: {'iterations': 68, 'learning_rate': 0.19072326432453418, 'depth': 4, 'l2_leaf_reg': 4.335784801872339, 'subsample': 0.7320569001635872, 'min_data_in_leaf': 27, 'rsm': 0.9656381344578278}. Best is trial 1892 with value: 0.9319758700936625.
Trial 2144: AUC = 0.9303 | Params = {'iterations': 68, 'learning_rate': 0.19072326432453418, 'depth': 4, 'l2_leaf_reg': 4.335784801872339, 'subsample': 0.7320569001635872, 'min_data_in_leaf': 27, 'rsm': 0.9656381344578278, 'loss_function': 'Logloss', 'eval_metric': 'AUC', 'grow_policy': 'Depthwise'}
[I 2024-12-29 22:12:21,108] Trial 2145 finished with value: 0.9302834212739485 and parameters: {'iterations': 78, 'learning_rate': 0.199978814736157, 'depth': 4, 'l2_leaf_reg': 4.145378621802406, 'subsample': 0.7242933817573992, 'min_data_in_leaf': 25, 'rsm': 0.9822421901229148}. Best is trial 1892 with value: 0.9319758700936625.
Trial 2145: AUC = 0.9303 | Params = {'iterations': 78, 'learning_rate': 0.199978814736157, 'depth': 4, 'l2_leaf_reg': 4.145378621802406, 'subsample': 0.7242933817573992, 'min_data_in_leaf': 25, 'rsm': 0.9822421901229148, 'loss_function': 'Logloss', 'eval_metric': 'AUC', 'grow_policy': 'Depthwise'}
[I 2024-12-29 22:12:21,576] Trial 2146 finished with value: 0.9298621991682124 and parameters: {'iterations': 71, 'learning_rate': 0.18750008279494695, 'depth': 4, 'l2_leaf_reg': 4.5212499609370855, 'subsample': 0.7164346428857244, 'min_data_in_leaf': 25, 'rsm': 0.99005838291232}. Best is trial 1892 with value: 0.9319758700936625.
Trial 2146: AUC = 0.9299 | Params = {'iterations': 71, 'learning_rate': 0.18750008279494695, 'depth': 4, 'l2_leaf_reg': 4.5212499609370855, 'subsample': 0.7164346428857244, 'min_data_in_leaf': 25, 'rsm': 0.99005838291232, 'loss_function': 'Logloss', 'eval_metric': 'AUC', 'grow_policy': 'Depthwise'}
[I 2024-12-29 22:12:22,088] Trial 2147 finished with value: 0.9291313608138154 and parameters: {'iterations': 94, 'learning_rate': 0.19368542593053117, 'depth': 4, 'l2_leaf_reg': 4.275601050234755, 'subsample': 0.861367191276671, 'min_data_in_leaf': 26, 'rsm': 0.9757017163518356}. Best is trial 1892 with value: 0.9319758700936625.
Trial 2147: AUC = 0.9291 | Params = {'iterations': 94, 'learning_rate': 0.19368542593053117, 'depth': 4, 'l2_leaf_reg': 4.275601050234755, 'subsample': 0.861367191276671, 'min_data_in_leaf': 26, 'rsm': 0.9757017163518356, 'loss_function': 'Logloss', 'eval_metric': 'AUC', 'grow_policy': 'Depthwise'}
[I 2024-12-29 22:12:22,558] Trial 2148 finished with value: 0.9298045961452057 and parameters: {'iterations': 86, 'learning_rate': 0.199994340447342, 'depth': 4, 'l2_leaf_reg': 4.406509986636115, 'subsample': 0.7139575355031296, 'min_data_in_leaf': 24, 'rsm': 0.9716791852801128}. Best is trial 1892 with value: 0.9319758700936625.
Trial 2148: AUC = 0.9298 | Params = {'iterations': 86, 'learning_rate': 0.199994340447342, 'depth': 4, 'l2_leaf_reg': 4.406509986636115, 'subsample': 0.7139575355031296, 'min_data_in_leaf': 24, 'rsm': 0.9716791852801128, 'loss_function': 'Logloss', 'eval_metric': 'AUC', 'grow_policy': 'Depthwise'}
[I 2024-12-29 22:12:23,055] Trial 2149 finished with value: 0.9300778504855934 and parameters: {'iterations': 91, 'learning_rate': 0.19515148435113952, 'depth': 4, 'l2_leaf_reg': 4.190369369017415, 'subsample': 0.704765817399944, 'min_data_in_leaf': 23, 'rsm': 0.9946776245275626}. Best is trial 1892 with value: 0.9319758700936625.
Trial 2149: AUC = 0.9301 | Params = {'iterations': 91, 'learning_rate': 0.19515148435113952, 'depth': 4, 'l2_leaf_reg': 4.190369369017415, 'subsample': 0.704765817399944, 'min_data_in_leaf': 23, 'rsm': 0.9946776245275626, 'loss_function': 'Logloss', 'eval_metric': 'AUC', 'grow_policy': 'Depthwise'}
[I 2024-12-29 22:12:23,517] Trial 2150 finished with value: 0.9292775284846949 and parameters: {'iterations': 80, 'learning_rate': 0.19125777290615517, 'depth': 4, 'l2_leaf_reg': 4.560815025772926, 'subsample': 0.720501496723187, 'min_data_in_leaf': 26, 'rsm': 0.9804602772577967}. Best is trial 1892 with value: 0.9319758700936625.
Trial 2150: AUC = 0.9293 | Params = {'iterations': 80, 'learning_rate': 0.19125777290615517, 'depth': 4, 'l2_leaf_reg': 4.560815025772926, 'subsample': 0.720501496723187, 'min_data_in_leaf': 26, 'rsm': 0.9804602772577967, 'loss_function': 'Logloss', 'eval_metric': 'AUC', 'grow_policy': 'Depthwise'}
[I 2024-12-29 22:12:23,938] Trial 2151 finished with value: 0.928301517263626 and parameters: {'iterations': 64, 'learning_rate': 0.18761809111512906, 'depth': 4, 'l2_leaf_reg': 4.360830232917909, 'subsample': 0.7110449715041917, 'min_data_in_leaf': 25, 'rsm': 0.9667820380526031}. Best is trial 1892 with value: 0.9319758700936625.
Trial 2151: AUC = 0.9283 | Params = {'iterations': 64, 'learning_rate': 0.18761809111512906, 'depth': 4, 'l2_leaf_reg': 4.360830232917909, 'subsample': 0.7110449715041917, 'min_data_in_leaf': 25, 'rsm': 0.9667820380526031, 'loss_function': 'Logloss', 'eval_metric': 'AUC', 'grow_policy': 'Depthwise'}
[I 2024-12-29 22:12:24,445] Trial 2152 finished with value: 0.9289110292508153 and parameters: {'iterations': 88, 'learning_rate': 0.1957371916558067, 'depth': 4, 'l2_leaf_reg': 4.295700959812314, 'subsample': 0.7288789504175001, 'min_data_in_leaf': 27, 'rsm': 0.984890414476168}. Best is trial 1892 with value: 0.9319758700936625.
Trial 2152: AUC = 0.9289 | Params = {'iterations': 88, 'learning_rate': 0.1957371916558067, 'depth': 4, 'l2_leaf_reg': 4.295700959812314, 'subsample': 0.7288789504175001, 'min_data_in_leaf': 27, 'rsm': 0.984890414476168, 'loss_function': 'Logloss', 'eval_metric': 'AUC', 'grow_policy': 'Depthwise'}
[I 2024-12-29 22:12:24,919] Trial 2153 finished with value: 0.9293027298072604 and parameters: {'iterations': 75, 'learning_rate': 0.19749383827814068, 'depth': 4, 'l2_leaf_reg': 4.461124464126759, 'subsample': 0.7064929300610845, 'min_data_in_leaf': 24, 'rsm': 0.9742479850230582}. Best is trial 1892 with value: 0.9319758700936625.
Trial 2153: AUC = 0.9293 | Params = {'iterations': 75, 'learning_rate': 0.19749383827814068, 'depth': 4, 'l2_leaf_reg': 4.461124464126759, 'subsample': 0.7064929300610845, 'min_data_in_leaf': 24, 'rsm': 0.9742479850230582, 'loss_function': 'Logloss', 'eval_metric': 'AUC', 'grow_policy': 'Depthwise'}
[I 2024-12-29 22:12:25,410] Trial 2154 finished with value: 0.9297743545581272 and parameters: {'iterations': 95, 'learning_rate': 0.1915719062705429, 'depth': 4, 'l2_leaf_reg': 4.652448305366701, 'subsample': 0.7158161735067369, 'min_data_in_leaf': 25, 'rsm': 0.9655608506094382}. Best is trial 1892 with value: 0.9319758700936625.
Trial 2154: AUC = 0.9298 | Params = {'iterations': 95, 'learning_rate': 0.1915719062705429, 'depth': 4, 'l2_leaf_reg': 4.652448305366701, 'subsample': 0.7158161735067369, 'min_data_in_leaf': 25, 'rsm': 0.9655608506094382, 'loss_function': 'Logloss', 'eval_metric': 'AUC', 'grow_policy': 'Depthwise'}
[I 2024-12-29 22:12:25,945] Trial 2155 finished with value: 0.9291922040068663 and parameters: {'iterations': 83, 'learning_rate': 0.19334857973718766, 'depth': 4, 'l2_leaf_reg': 4.200831752610505, 'subsample': 0.7239654944674688, 'min_data_in_leaf': 25, 'rsm': 0.9792993067740213}. Best is trial 1892 with value: 0.9319758700936625.
Trial 2155: AUC = 0.9292 | Params = {'iterations': 83, 'learning_rate': 0.19334857973718766, 'depth': 4, 'l2_leaf_reg': 4.200831752610505, 'subsample': 0.7239654944674688, 'min_data_in_leaf': 25, 'rsm': 0.9792993067740213, 'loss_function': 'Logloss', 'eval_metric': 'AUC', 'grow_policy': 'Depthwise'}
[I 2024-12-29 22:12:26,406] Trial 2156 finished with value: 0.9289790728217417 and parameters: {'iterations': 91, 'learning_rate': 0.18809460434838196, 'depth': 4, 'l2_leaf_reg': 4.073461585350611, 'subsample': 0.7041361168056045, 'min_data_in_leaf': 26, 'rsm': 0.9716787784919665}. Best is trial 1892 with value: 0.9319758700936625.
Trial 2156: AUC = 0.9290 | Params = {'iterations': 91, 'learning_rate': 0.18809460434838196, 'depth': 4, 'l2_leaf_reg': 4.073461585350611, 'subsample': 0.7041361168056045, 'min_data_in_leaf': 26, 'rsm': 0.9716787784919665, 'loss_function': 'Logloss', 'eval_metric': 'AUC', 'grow_policy': 'Depthwise'}
[I 2024-12-29 22:12:26,872] Trial 2157 finished with value: 0.929387694266195 and parameters: {'iterations': 72, 'learning_rate': 0.19755540259435958, 'depth': 4, 'l2_leaf_reg': 4.39509046798881, 'subsample': 0.8725035881083244, 'min_data_in_leaf': 24, 'rsm': 0.9879047883036572}. Best is trial 1892 with value: 0.9319758700936625.
Trial 2157: AUC = 0.9294 | Params = {'iterations': 72, 'learning_rate': 0.19755540259435958, 'depth': 4, 'l2_leaf_reg': 4.39509046798881, 'subsample': 0.8725035881083244, 'min_data_in_leaf': 24, 'rsm': 0.9879047883036572, 'loss_function': 'Logloss', 'eval_metric': 'AUC', 'grow_policy': 'Depthwise'}
[I 2024-12-29 22:12:27,368] Trial 2158 finished with value: 0.9307068034930472 and parameters: {'iterations': 88, 'learning_rate': 0.19525049684321552, 'depth': 4, 'l2_leaf_reg': 4.2489156873823255, 'subsample': 0.7170301807567264, 'min_data_in_leaf': 25, 'rsm': 0.9643984522365964}. Best is trial 1892 with value: 0.9319758700936625.
Trial 2158: AUC = 0.9307 | Params = {'iterations': 88, 'learning_rate': 0.19525049684321552, 'depth': 4, 'l2_leaf_reg': 4.2489156873823255, 'subsample': 0.7170301807567264, 'min_data_in_leaf': 25, 'rsm': 0.9643984522365964, 'loss_function': 'Logloss', 'eval_metric': 'AUC', 'grow_policy': 'Depthwise'}
[I 2024-12-29 22:12:27,876] Trial 2159 finished with value: 0.9303212232577965 and parameters: {'iterations': 95, 'learning_rate': 0.19060695765822358, 'depth': 4, 'l2_leaf_reg': 4.501427050717709, 'subsample': 0.7115876690200602, 'min_data_in_leaf': 26, 'rsm': 0.9028625067437114}. Best is trial 1892 with value: 0.9319758700936625.
Trial 2159: AUC = 0.9303 | Params = {'iterations': 95, 'learning_rate': 0.19060695765822358, 'depth': 4, 'l2_leaf_reg': 4.501427050717709, 'subsample': 0.7115876690200602, 'min_data_in_leaf': 26, 'rsm': 0.9028625067437114, 'loss_function': 'Logloss', 'eval_metric': 'AUC', 'grow_policy': 'Depthwise'}
[I 2024-12-29 22:12:28,312] Trial 2160 finished with value: 0.9299846055921015 and parameters: {'iterations': 67, 'learning_rate': 0.19326283865122612, 'depth': 4, 'l2_leaf_reg': 4.3095298303119085, 'subsample': 0.7342460377508331, 'min_data_in_leaf': 23, 'rsm': 0.9766448574559036}. Best is trial 1892 with value: 0.9319758700936625.
Trial 2160: AUC = 0.9300 | Params = {'iterations': 67, 'learning_rate': 0.19326283865122612, 'depth': 4, 'l2_leaf_reg': 4.3095298303119085, 'subsample': 0.7342460377508331, 'min_data_in_leaf': 23, 'rsm': 0.9766448574559036, 'loss_function': 'Logloss', 'eval_metric': 'AUC', 'grow_policy': 'Depthwise'}
[I 2024-12-29 22:12:28,798] Trial 2161 finished with value: 0.9303154629554959 and parameters: {'iterations': 85, 'learning_rate': 0.1974020834938594, 'depth': 4, 'l2_leaf_reg': 4.142383174221488, 'subsample': 0.7216718518860246, 'min_data_in_leaf': 24, 'rsm': 0.9709495821031411}. Best is trial 1892 with value: 0.9319758700936625.
Trial 2161: AUC = 0.9303 | Params = {'iterations': 85, 'learning_rate': 0.1974020834938594, 'depth': 4, 'l2_leaf_reg': 4.142383174221488, 'subsample': 0.7216718518860246, 'min_data_in_leaf': 24, 'rsm': 0.9709495821031411, 'loss_function': 'Logloss', 'eval_metric': 'AUC', 'grow_policy': 'Depthwise'}
[I 2024-12-29 22:12:29,276] Trial 2162 finished with value: 0.9300382484072764 and parameters: {'iterations': 91, 'learning_rate': 0.1876877627249353, 'depth': 4, 'l2_leaf_reg': 4.441223933541821, 'subsample': 0.7271676335993741, 'min_data_in_leaf': 27, 'rsm': 0.9834095889995815}. Best is trial 1892 with value: 0.9319758700936625.
Trial 2162: AUC = 0.9300 | Params = {'iterations': 91, 'learning_rate': 0.1876877627249353, 'depth': 4, 'l2_leaf_reg': 4.441223933541821, 'subsample': 0.7271676335993741, 'min_data_in_leaf': 27, 'rsm': 0.9834095889995815, 'loss_function': 'Logloss', 'eval_metric': 'AUC', 'grow_policy': 'Depthwise'}
[I 2024-12-29 22:12:29,694] Trial 2163 finished with value: 0.9295119007845531 and parameters: {'iterations': 61, 'learning_rate': 0.19475517856154245, 'depth': 4, 'l2_leaf_reg': 4.350647453961915, 'subsample': 0.7000471216879398, 'min_data_in_leaf': 25, 'rsm': 0.9639192281820834}. Best is trial 1892 with value: 0.9319758700936625.
Trial 2163: AUC = 0.9295 | Params = {'iterations': 61, 'learning_rate': 0.19475517856154245, 'depth': 4, 'l2_leaf_reg': 4.350647453961915, 'subsample': 0.7000471216879398, 'min_data_in_leaf': 25, 'rsm': 0.9639192281820834, 'loss_function': 'Logloss', 'eval_metric': 'AUC', 'grow_policy': 'Depthwise'}
[I 2024-12-29 22:12:30,214] Trial 2164 finished with value: 0.9294784190274306 and parameters: {'iterations': 93, 'learning_rate': 0.19159514637912617, 'depth': 4, 'l2_leaf_reg': 1.914528213376527, 'subsample': 0.7109561970213001, 'min_data_in_leaf': 26, 'rsm': 0.9923608088586087}. Best is trial 1892 with value: 0.9319758700936625.
Trial 2164: AUC = 0.9295 | Params = {'iterations': 93, 'learning_rate': 0.19159514637912617, 'depth': 4, 'l2_leaf_reg': 1.914528213376527, 'subsample': 0.7109561970213001, 'min_data_in_leaf': 26, 'rsm': 0.9923608088586087, 'loss_function': 'Logloss', 'eval_metric': 'AUC', 'grow_policy': 'Depthwise'}
[I 2024-12-29 22:12:30,740] Trial 2165 finished with value: 0.9298567988848054 and parameters: {'iterations': 82, 'learning_rate': 0.19732710698980943, 'depth': 5, 'l2_leaf_reg': 4.2608339303426295, 'subsample': 0.7203990914356714, 'min_data_in_leaf': 24, 'rsm': 0.8378882331473542}. Best is trial 1892 with value: 0.9319758700936625.
Trial 2165: AUC = 0.9299 | Params = {'iterations': 82, 'learning_rate': 0.19732710698980943, 'depth': 5, 'l2_leaf_reg': 4.2608339303426295, 'subsample': 0.7203990914356714, 'min_data_in_leaf': 24, 'rsm': 0.8378882331473542, 'loss_function': 'Logloss', 'eval_metric': 'AUC', 'grow_policy': 'Depthwise'}
[I 2024-12-29 22:12:31,194] Trial 2166 finished with value: 0.9309739375122407 and parameters: {'iterations': 88, 'learning_rate': 0.1907095529684868, 'depth': 4, 'l2_leaf_reg': 4.567110630051188, 'subsample': 0.7152551983827217, 'min_data_in_leaf': 25, 'rsm': 0.9757354214167067}. Best is trial 1892 with value: 0.9319758700936625.
Trial 2166: AUC = 0.9310 | Params = {'iterations': 88, 'learning_rate': 0.1907095529684868, 'depth': 4, 'l2_leaf_reg': 4.567110630051188, 'subsample': 0.7152551983827217, 'min_data_in_leaf': 25, 'rsm': 0.9757354214167067, 'loss_function': 'Logloss', 'eval_metric': 'AUC', 'grow_policy': 'Depthwise'}
[I 2024-12-29 22:12:31,638] Trial 2167 finished with value: 0.9292710481446066 and parameters: {'iterations': 70, 'learning_rate': 0.19980944643139717, 'depth': 4, 'l2_leaf_reg': 4.1247480490202, 'subsample': 0.7104664469808343, 'min_data_in_leaf': 27, 'rsm': 0.9822840807114971}. Best is trial 1892 with value: 0.9319758700936625.
Trial 2167: AUC = 0.9293 | Params = {'iterations': 70, 'learning_rate': 0.19980944643139717, 'depth': 4, 'l2_leaf_reg': 4.1247480490202, 'subsample': 0.7104664469808343, 'min_data_in_leaf': 27, 'rsm': 0.9822840807114971, 'loss_function': 'Logloss', 'eval_metric': 'AUC', 'grow_policy': 'Depthwise'}
[I 2024-12-29 22:12:32,117] Trial 2168 finished with value: 0.9291176800958515 and parameters: {'iterations': 77, 'learning_rate': 0.19468168446518, 'depth': 4, 'l2_leaf_reg': 4.426223694981919, 'subsample': 0.7264300764714254, 'min_data_in_leaf': 24, 'rsm': 0.9689525943418679}. Best is trial 1892 with value: 0.9319758700936625.
Trial 2168: AUC = 0.9291 | Params = {'iterations': 77, 'learning_rate': 0.19468168446518, 'depth': 4, 'l2_leaf_reg': 4.426223694981919, 'subsample': 0.7264300764714254, 'min_data_in_leaf': 24, 'rsm': 0.9689525943418679, 'loss_function': 'Logloss', 'eval_metric': 'AUC', 'grow_policy': 'Depthwise'}
[I 2024-12-29 22:12:32,661] Trial 2169 finished with value: 0.9296515881153442 and parameters: {'iterations': 91, 'learning_rate': 0.19999375881017892, 'depth': 4, 'l2_leaf_reg': 4.340511250389696, 'subsample': 0.7058146860164755, 'min_data_in_leaf': 26, 'rsm': 0.9780828047670563}. Best is trial 1892 with value: 0.9319758700936625.
Trial 2169: AUC = 0.9297 | Params = {'iterations': 91, 'learning_rate': 0.19999375881017892, 'depth': 4, 'l2_leaf_reg': 4.340511250389696, 'subsample': 0.7058146860164755, 'min_data_in_leaf': 26, 'rsm': 0.9780828047670563, 'loss_function': 'Logloss', 'eval_metric': 'AUC', 'grow_policy': 'Depthwise'}
