Resuming previous study 'catboost_study' with 2000 trials.
[I 2024-12-29 22:11:13,042] Trial 2000 finished with value: 0.9290327156369166 and parameters: {'iterations': 69, 'learning_rate': 0.1347836178161465, 'depth': 4, 'l2_leaf_reg': 4.329651385725423, 'subsample': 0.72272298622673, 'min_data_in_leaf': 27, 'rsm': 0.988205973572914}. Best is trial 1892 with value: 0.9319758700936625.
Trial 2000: AUC = 0.9290 | Params = {'iterations': 69, 'learning_rate': 0.1347836178161465, 'depth': 4, 'l2_leaf_reg': 4.329651385725423, 'subsample': 0.72272298622673, 'min_data_in_leaf': 27, 'rsm': 0.988205973572914, 'loss_function': 'Logloss', 'eval_metric': 'AUC', 'grow_policy': 'Depthwise'}
[I 2024-12-29 22:11:13,576] Trial 2001 finished with value: 0.9287447005218834 and parameters: {'iterations': 82, 'learning_rate': 0.1901002556326392, 'depth': 4, 'l2_leaf_reg': 4.204640039267375, 'subsample': 0.8505755560580495, 'min_data_in_leaf': 23, 'rsm': 0.9791846422062682}. Best is trial 1892 with value: 0.9319758700936625.
Trial 2001: AUC = 0.9287 | Params = {'iterations': 82, 'learning_rate': 0.1901002556326392, 'depth': 4, 'l2_leaf_reg': 4.204640039267375, 'subsample': 0.8505755560580495, 'min_data_in_leaf': 23, 'rsm': 0.9791846422062682, 'loss_function': 'Logloss', 'eval_metric': 'AUC', 'grow_policy': 'Depthwise'}
[I 2024-12-29 22:11:14,050] Trial 2002 finished with value: 0.929660948606583 and parameters: {'iterations': 75, 'learning_rate': 0.19481528873156823, 'depth': 4, 'l2_leaf_reg': 4.431704089123302, 'subsample': 0.7285987936181693, 'min_data_in_leaf': 25, 'rsm': 0.9726345679024492}. Best is trial 1892 with value: 0.9319758700936625.
Trial 2002: AUC = 0.9297 | Params = {'iterations': 75, 'learning_rate': 0.19481528873156823, 'depth': 4, 'l2_leaf_reg': 4.431704089123302, 'subsample': 0.7285987936181693, 'min_data_in_leaf': 25, 'rsm': 0.9726345679024492, 'loss_function': 'Logloss', 'eval_metric': 'AUC', 'grow_policy': 'Depthwise'}
[I 2024-12-29 22:11:14,564] Trial 2003 finished with value: 0.9297649940668887 and parameters: {'iterations': 87, 'learning_rate': 0.19247347849125726, 'depth': 4, 'l2_leaf_reg': 4.571739904004013, 'subsample': 0.7438380699585838, 'min_data_in_leaf': 24, 'rsm': 0.9671176662232657}. Best is trial 1892 with value: 0.9319758700936625.
Trial 2003: AUC = 0.9298 | Params = {'iterations': 87, 'learning_rate': 0.19247347849125726, 'depth': 4, 'l2_leaf_reg': 4.571739904004013, 'subsample': 0.7438380699585838, 'min_data_in_leaf': 24, 'rsm': 0.9671176662232657, 'loss_function': 'Logloss', 'eval_metric': 'AUC', 'grow_policy': 'Depthwise'}
[I 2024-12-29 22:11:15,065] Trial 2004 finished with value: 0.9296742693056532 and parameters: {'iterations': 93, 'learning_rate': 0.19746026571005343, 'depth': 4, 'l2_leaf_reg': 4.304812073810514, 'subsample': 0.7071632915732579, 'min_data_in_leaf': 25, 'rsm': 0.9838385035243058}. Best is trial 1892 with value: 0.9319758700936625.
Trial 2004: AUC = 0.9297 | Params = {'iterations': 93, 'learning_rate': 0.19746026571005343, 'depth': 4, 'l2_leaf_reg': 4.304812073810514, 'subsample': 0.7071632915732579, 'min_data_in_leaf': 25, 'rsm': 0.9838385035243058, 'loss_function': 'Logloss', 'eval_metric': 'AUC', 'grow_policy': 'Depthwise'}
[I 2024-12-29 22:11:15,522] Trial 2005 finished with value: 0.9301077320537783 and parameters: {'iterations': 66, 'learning_rate': 0.1887505917224856, 'depth': 4, 'l2_leaf_reg': 4.393882682122611, 'subsample': 0.714366566485819, 'min_data_in_leaf': 26, 'rsm': 0.8110461618583216}. Best is trial 1892 with value: 0.9319758700936625.
Trial 2005: AUC = 0.9301 | Params = {'iterations': 66, 'learning_rate': 0.1887505917224856, 'depth': 4, 'l2_leaf_reg': 4.393882682122611, 'subsample': 0.714366566485819, 'min_data_in_leaf': 26, 'rsm': 0.8110461618583216, 'loss_function': 'Logloss', 'eval_metric': 'AUC', 'grow_policy': 'Depthwise'}
[I 2024-12-29 22:11:16,035] Trial 2006 finished with value: 0.9298272773355146 and parameters: {'iterations': 106, 'learning_rate': 0.1940375483601988, 'depth': 4, 'l2_leaf_reg': 4.208979026461984, 'subsample': 0.7222997349812436, 'min_data_in_leaf': 23, 'rsm': 0.909054665999286}. Best is trial 1892 with value: 0.9319758700936625.
Trial 2006: AUC = 0.9298 | Params = {'iterations': 106, 'learning_rate': 0.1940375483601988, 'depth': 4, 'l2_leaf_reg': 4.208979026461984, 'subsample': 0.7222997349812436, 'min_data_in_leaf': 23, 'rsm': 0.909054665999286, 'loss_function': 'Logloss', 'eval_metric': 'AUC', 'grow_policy': 'Depthwise'}
[I 2024-12-29 22:11:16,531] Trial 2007 finished with value: 0.931289314063202 and parameters: {'iterations': 72, 'learning_rate': 0.19690504533780528, 'depth': 4, 'l2_leaf_reg': 4.487432113204, 'subsample': 0.7173506161742008, 'min_data_in_leaf': 24, 'rsm': 0.9763734379311532}. Best is trial 1892 with value: 0.9319758700936625.
Trial 2007: AUC = 0.9313 | Params = {'iterations': 72, 'learning_rate': 0.19690504533780528, 'depth': 4, 'l2_leaf_reg': 4.487432113204, 'subsample': 0.7173506161742008, 'min_data_in_leaf': 24, 'rsm': 0.9763734379311532, 'loss_function': 'Logloss', 'eval_metric': 'AUC', 'grow_policy': 'Depthwise'}
[I 2024-12-29 22:11:16,980] Trial 2008 finished with value: 0.9304371493415974 and parameters: {'iterations': 72, 'learning_rate': 0.19691945256779236, 'depth': 4, 'l2_leaf_reg': 4.623864561723216, 'subsample': 0.7333921176842647, 'min_data_in_leaf': 24, 'rsm': 0.9914740363303765}. Best is trial 1892 with value: 0.9319758700936625.
Trial 2008: AUC = 0.9304 | Params = {'iterations': 72, 'learning_rate': 0.19691945256779236, 'depth': 4, 'l2_leaf_reg': 4.623864561723216, 'subsample': 0.7333921176842647, 'min_data_in_leaf': 24, 'rsm': 0.9914740363303765, 'loss_function': 'Logloss', 'eval_metric': 'AUC', 'grow_policy': 'Depthwise'}
[I 2024-12-29 22:11:17,465] Trial 2009 finished with value: 0.9303064624831513 and parameters: {'iterations': 73, 'learning_rate': 0.19984455716144894, 'depth': 4, 'l2_leaf_reg': 4.600390625162394, 'subsample': 0.7264240634130794, 'min_data_in_leaf': 24, 'rsm': 0.9853646560467249}. Best is trial 1892 with value: 0.9319758700936625.
Trial 2009: AUC = 0.9303 | Params = {'iterations': 73, 'learning_rate': 0.19984455716144894, 'depth': 4, 'l2_leaf_reg': 4.600390625162394, 'subsample': 0.7264240634130794, 'min_data_in_leaf': 24, 'rsm': 0.9853646560467249, 'loss_function': 'Logloss', 'eval_metric': 'AUC', 'grow_policy': 'Depthwise'}
[I 2024-12-29 22:11:17,918] Trial 2010 finished with value: 0.9291140799069135 and parameters: {'iterations': 71, 'learning_rate': 0.19763728847699913, 'depth': 4, 'l2_leaf_reg': 4.619433392476903, 'subsample': 0.7305354644990365, 'min_data_in_leaf': 24, 'rsm': 0.9944635665967025}. Best is trial 1892 with value: 0.9319758700936625.
Trial 2010: AUC = 0.9291 | Params = {'iterations': 71, 'learning_rate': 0.19763728847699913, 'depth': 4, 'l2_leaf_reg': 4.619433392476903, 'subsample': 0.7305354644990365, 'min_data_in_leaf': 24, 'rsm': 0.9944635665967025, 'loss_function': 'Logloss', 'eval_metric': 'AUC', 'grow_policy': 'Depthwise'}
[I 2024-12-29 22:11:18,359] Trial 2011 finished with value: 0.9293747335860185 and parameters: {'iterations': 69, 'learning_rate': 0.19584793271885867, 'depth': 4, 'l2_leaf_reg': 4.553792765822166, 'subsample': 0.7392241382462257, 'min_data_in_leaf': 25, 'rsm': 0.9804384810815534}. Best is trial 1892 with value: 0.9319758700936625.
Trial 2011: AUC = 0.9294 | Params = {'iterations': 69, 'learning_rate': 0.19584793271885867, 'depth': 4, 'l2_leaf_reg': 4.553792765822166, 'subsample': 0.7392241382462257, 'min_data_in_leaf': 25, 'rsm': 0.9804384810815534, 'loss_function': 'Logloss', 'eval_metric': 'AUC', 'grow_policy': 'Depthwise'}
[I 2024-12-29 22:11:18,836] Trial 2012 finished with value: 0.9304454297761546 and parameters: {'iterations': 76, 'learning_rate': 0.19976188235619835, 'depth': 4, 'l2_leaf_reg': 4.5291636054282565, 'subsample': 0.7252637716493534, 'min_data_in_leaf': 24, 'rsm': 0.9888027901800828}. Best is trial 1892 with value: 0.9319758700936625.
Trial 2012: AUC = 0.9304 | Params = {'iterations': 76, 'learning_rate': 0.19976188235619835, 'depth': 4, 'l2_leaf_reg': 4.5291636054282565, 'subsample': 0.7252637716493534, 'min_data_in_leaf': 24, 'rsm': 0.9888027901800828, 'loss_function': 'Logloss', 'eval_metric': 'AUC', 'grow_policy': 'Depthwise'}
[I 2024-12-29 22:11:19,299] Trial 2013 finished with value: 0.9297253919885715 and parameters: {'iterations': 75, 'learning_rate': 0.19463424478490607, 'depth': 4, 'l2_leaf_reg': 4.531687171985865, 'subsample': 0.7186204931161175, 'min_data_in_leaf': 24, 'rsm': 0.7853851149972386}. Best is trial 1892 with value: 0.9319758700936625.
Trial 2013: AUC = 0.9297 | Params = {'iterations': 75, 'learning_rate': 0.19463424478490607, 'depth': 4, 'l2_leaf_reg': 4.531687171985865, 'subsample': 0.7186204931161175, 'min_data_in_leaf': 24, 'rsm': 0.7853851149972386, 'loss_function': 'Logloss', 'eval_metric': 'AUC', 'grow_policy': 'Depthwise'}
[I 2024-12-29 22:11:19,726] Trial 2014 finished with value: 0.9299799253464822 and parameters: {'iterations': 71, 'learning_rate': 0.19780854142199608, 'depth': 4, 'l2_leaf_reg': 4.62222440280632, 'subsample': 0.7290216431983523, 'min_data_in_leaf': 25, 'rsm': 0.9823200793091855}. Best is trial 1892 with value: 0.9319758700936625.
Trial 2014: AUC = 0.9300 | Params = {'iterations': 71, 'learning_rate': 0.19780854142199608, 'depth': 4, 'l2_leaf_reg': 4.62222440280632, 'subsample': 0.7290216431983523, 'min_data_in_leaf': 25, 'rsm': 0.9823200793091855, 'loss_function': 'Logloss', 'eval_metric': 'AUC', 'grow_policy': 'Depthwise'}
[I 2024-12-29 22:11:18,883] Trial 2015 finished with value: 0.9291367610972224 and parameters: {'iterations': 65, 'learning_rate': 0.1928338947231669, 'depth': 4, 'l2_leaf_reg': 4.506605800454554, 'subsample': 0.7218242734095196, 'min_data_in_leaf': 25, 'rsm': 0.9779151162399773}. Best is trial 1892 with value: 0.9319758700936625.
Trial 2015: AUC = 0.9291 | Params = {'iterations': 65, 'learning_rate': 0.1928338947231669, 'depth': 4, 'l2_leaf_reg': 4.506605800454554, 'subsample': 0.7218242734095196, 'min_data_in_leaf': 25, 'rsm': 0.9779151162399773, 'loss_function': 'Logloss', 'eval_metric': 'AUC', 'grow_policy': 'Depthwise'}
[I 2024-12-29 22:11:19,473] Trial 2016 finished with value: 0.9288861879471436 and parameters: {'iterations': 69, 'learning_rate': 0.19992226631183993, 'depth': 6, 'l2_leaf_reg': 4.510254645523791, 'subsample': 0.7237589595113644, 'min_data_in_leaf': 24, 'rsm': 0.9987434168680254}. Best is trial 1892 with value: 0.9319758700936625.
Trial 2016: AUC = 0.9289 | Params = {'iterations': 69, 'learning_rate': 0.19992226631183993, 'depth': 6, 'l2_leaf_reg': 4.510254645523791, 'subsample': 0.7237589595113644, 'min_data_in_leaf': 24, 'rsm': 0.9987434168680254, 'loss_function': 'Logloss', 'eval_metric': 'AUC', 'grow_policy': 'Depthwise'}
[I 2024-12-29 22:11:19,924] Trial 2017 finished with value: 0.9303381441458047 and parameters: {'iterations': 73, 'learning_rate': 0.19528115001423454, 'depth': 4, 'l2_leaf_reg': 4.629550519497138, 'subsample': 0.7202071044202593, 'min_data_in_leaf': 26, 'rsm': 0.9851234915355935}. Best is trial 1892 with value: 0.9319758700936625.
Trial 2017: AUC = 0.9303 | Params = {'iterations': 73, 'learning_rate': 0.19528115001423454, 'depth': 4, 'l2_leaf_reg': 4.629550519497138, 'subsample': 0.7202071044202593, 'min_data_in_leaf': 26, 'rsm': 0.9851234915355935, 'loss_function': 'Logloss', 'eval_metric': 'AUC', 'grow_policy': 'Depthwise'}
[I 2024-12-29 22:11:20,372] Trial 2018 finished with value: 0.9292469268787226 and parameters: {'iterations': 76, 'learning_rate': 0.19213242896870542, 'depth': 4, 'l2_leaf_reg': 4.436213076593369, 'subsample': 0.7336724512868392, 'min_data_in_leaf': 25, 'rsm': 0.9765962259835363}. Best is trial 1892 with value: 0.9319758700936625.
Trial 2018: AUC = 0.9292 | Params = {'iterations': 76, 'learning_rate': 0.19213242896870542, 'depth': 4, 'l2_leaf_reg': 4.436213076593369, 'subsample': 0.7336724512868392, 'min_data_in_leaf': 25, 'rsm': 0.9765962259835363, 'loss_function': 'Logloss', 'eval_metric': 'AUC', 'grow_policy': 'Depthwise'}
[I 2024-12-29 22:11:20,821] Trial 2019 finished with value: 0.9298618391493185 and parameters: {'iterations': 66, 'learning_rate': 0.19739408922635823, 'depth': 4, 'l2_leaf_reg': 4.479923183158158, 'subsample': 0.7167989234632616, 'min_data_in_leaf': 27, 'rsm': 0.9800921795083452}. Best is trial 1892 with value: 0.9319758700936625.
Trial 2019: AUC = 0.9299 | Params = {'iterations': 66, 'learning_rate': 0.19739408922635823, 'depth': 4, 'l2_leaf_reg': 4.479923183158158, 'subsample': 0.7167989234632616, 'min_data_in_leaf': 27, 'rsm': 0.9800921795083452, 'loss_function': 'Logloss', 'eval_metric': 'AUC', 'grow_policy': 'Depthwise'}
[I 2024-12-29 22:11:21,393] Trial 2020 finished with value: 0.9300620096542666 and parameters: {'iterations': 78, 'learning_rate': 0.19495504741452047, 'depth': 4, 'l2_leaf_reg': 4.533410160424433, 'subsample': 0.7279980068513929, 'min_data_in_leaf': 24, 'rsm': 0.990592183705949}. Best is trial 1892 with value: 0.9319758700936625.
Trial 2020: AUC = 0.9301 | Params = {'iterations': 78, 'learning_rate': 0.19495504741452047, 'depth': 4, 'l2_leaf_reg': 4.533410160424433, 'subsample': 0.7279980068513929, 'min_data_in_leaf': 24, 'rsm': 0.990592183705949, 'loss_function': 'Logloss', 'eval_metric': 'AUC', 'grow_policy': 'Depthwise'}
[I 2024-12-29 22:11:21,895] Trial 2021 finished with value: 0.9297390727065357 and parameters: {'iterations': 73, 'learning_rate': 0.19175943847758703, 'depth': 4, 'l2_leaf_reg': 4.462694908266643, 'subsample': 0.7172914449592338, 'min_data_in_leaf': 25, 'rsm': 0.7099815802485668}. Best is trial 1892 with value: 0.9319758700936625.
Trial 2021: AUC = 0.9297 | Params = {'iterations': 73, 'learning_rate': 0.19175943847758703, 'depth': 4, 'l2_leaf_reg': 4.462694908266643, 'subsample': 0.7172914449592338, 'min_data_in_leaf': 25, 'rsm': 0.7099815802485668, 'loss_function': 'Logloss', 'eval_metric': 'AUC', 'grow_policy': 'Depthwise'}
[I 2024-12-29 22:11:22,481] Trial 2022 finished with value: 0.930836770313706 and parameters: {'iterations': 68, 'learning_rate': 0.19492938473014274, 'depth': 4, 'l2_leaf_reg': 4.542873353312884, 'subsample': 0.7213702185045541, 'min_data_in_leaf': 25, 'rsm': 0.9755919051974804}. Best is trial 1892 with value: 0.9319758700936625.
Trial 2022: AUC = 0.9308 | Params = {'iterations': 68, 'learning_rate': 0.19492938473014274, 'depth': 4, 'l2_leaf_reg': 4.542873353312884, 'subsample': 0.7213702185045541, 'min_data_in_leaf': 25, 'rsm': 0.9755919051974804, 'loss_function': 'Logloss', 'eval_metric': 'AUC', 'grow_policy': 'Depthwise'}
[I 2024-12-29 22:11:22,982] Trial 2023 finished with value: 0.9296861499291482 and parameters: {'iterations': 78, 'learning_rate': 0.1972555816619268, 'depth': 4, 'l2_leaf_reg': 4.436492644280538, 'subsample': 0.7124764502144383, 'min_data_in_leaf': 26, 'rsm': 0.9829438425819153}. Best is trial 1892 with value: 0.9319758700936625.
Trial 2023: AUC = 0.9297 | Params = {'iterations': 78, 'learning_rate': 0.1972555816619268, 'depth': 4, 'l2_leaf_reg': 4.436492644280538, 'subsample': 0.7124764502144383, 'min_data_in_leaf': 26, 'rsm': 0.9829438425819153, 'loss_function': 'Logloss', 'eval_metric': 'AUC', 'grow_policy': 'Depthwise'}
[I 2024-12-29 22:11:23,476] Trial 2024 finished with value: 0.9294071352864598 and parameters: {'iterations': 71, 'learning_rate': 0.19181600936249146, 'depth': 4, 'l2_leaf_reg': 4.639496343324291, 'subsample': 0.7272733315284783, 'min_data_in_leaf': 24, 'rsm': 0.9750066244160863}. Best is trial 1892 with value: 0.9319758700936625.
Trial 2024: AUC = 0.9294 | Params = {'iterations': 71, 'learning_rate': 0.19181600936249146, 'depth': 4, 'l2_leaf_reg': 4.639496343324291, 'subsample': 0.7272733315284783, 'min_data_in_leaf': 24, 'rsm': 0.9750066244160863, 'loss_function': 'Logloss', 'eval_metric': 'AUC', 'grow_policy': 'Depthwise'}
[I 2024-12-29 22:11:23,933] Trial 2025 finished with value: 0.930235898779968 and parameters: {'iterations': 68, 'learning_rate': 0.19745412957215075, 'depth': 4, 'l2_leaf_reg': 4.405759203842714, 'subsample': 0.7182318503328244, 'min_data_in_leaf': 23, 'rsm': 0.9853173808284965}. Best is trial 1892 with value: 0.9319758700936625.
Trial 2025: AUC = 0.9302 | Params = {'iterations': 68, 'learning_rate': 0.19745412957215075, 'depth': 4, 'l2_leaf_reg': 4.405759203842714, 'subsample': 0.7182318503328244, 'min_data_in_leaf': 23, 'rsm': 0.9853173808284965, 'loss_function': 'Logloss', 'eval_metric': 'AUC', 'grow_policy': 'Depthwise'}
[I 2024-12-29 22:11:24,424] Trial 2026 finished with value: 0.9293534924712848 and parameters: {'iterations': 73, 'learning_rate': 0.19998608039264198, 'depth': 4, 'l2_leaf_reg': 4.472427383407898, 'subsample': 0.7394560257008173, 'min_data_in_leaf': 27, 'rsm': 0.9735142618318485}. Best is trial 1892 with value: 0.9319758700936625.
Trial 2026: AUC = 0.9294 | Params = {'iterations': 73, 'learning_rate': 0.19998608039264198, 'depth': 4, 'l2_leaf_reg': 4.472427383407898, 'subsample': 0.7394560257008173, 'min_data_in_leaf': 27, 'rsm': 0.9735142618318485, 'loss_function': 'Logloss', 'eval_metric': 'AUC', 'grow_policy': 'Depthwise'}
[I 2024-12-29 22:11:24,948] Trial 2027 finished with value: 0.9290024740498382 and parameters: {'iterations': 64, 'learning_rate': 0.19993566054393808, 'depth': 5, 'l2_leaf_reg': 2.318649791614945, 'subsample': 0.7149271565633621, 'min_data_in_leaf': 26, 'rsm': 0.9905218211802633}. Best is trial 1892 with value: 0.9319758700936625.
Trial 2027: AUC = 0.9290 | Params = {'iterations': 64, 'learning_rate': 0.19993566054393808, 'depth': 5, 'l2_leaf_reg': 2.318649791614945, 'subsample': 0.7149271565633621, 'min_data_in_leaf': 26, 'rsm': 0.9905218211802633, 'loss_function': 'Logloss', 'eval_metric': 'AUC', 'grow_policy': 'Depthwise'}
[I 2024-12-29 22:11:25,405] Trial 2028 finished with value: 0.9303255434845221 and parameters: {'iterations': 76, 'learning_rate': 0.19471248135054278, 'depth': 4, 'l2_leaf_reg': 4.54047784927041, 'subsample': 0.7489624439289535, 'min_data_in_leaf': 25, 'rsm': 0.9788129887437912}. Best is trial 1892 with value: 0.9319758700936625.
Trial 2028: AUC = 0.9303 | Params = {'iterations': 76, 'learning_rate': 0.19471248135054278, 'depth': 4, 'l2_leaf_reg': 4.54047784927041, 'subsample': 0.7489624439289535, 'min_data_in_leaf': 25, 'rsm': 0.9788129887437912, 'loss_function': 'Logloss', 'eval_metric': 'AUC', 'grow_policy': 'Depthwise'}
[I 2024-12-29 22:11:25,811] Trial 2029 finished with value: 0.9303237433900531 and parameters: {'iterations': 62, 'learning_rate': 0.18989903356292653, 'depth': 4, 'l2_leaf_reg': 4.02894820893294, 'subsample': 0.777911961895932, 'min_data_in_leaf': 24, 'rsm': 0.9720844654114978}. Best is trial 1892 with value: 0.9319758700936625.
Trial 2029: AUC = 0.9303 | Params = {'iterations': 62, 'learning_rate': 0.18989903356292653, 'depth': 4, 'l2_leaf_reg': 4.02894820893294, 'subsample': 0.777911961895932, 'min_data_in_leaf': 24, 'rsm': 0.9720844654114978, 'loss_function': 'Logloss', 'eval_metric': 'AUC', 'grow_policy': 'Depthwise'}
[I 2024-12-29 22:11:26,252] Trial 2030 finished with value: 0.9292206454994757 and parameters: {'iterations': 78, 'learning_rate': 0.19327534938164584, 'depth': 4, 'l2_leaf_reg': 4.397741788659119, 'subsample': 0.7253477763279448, 'min_data_in_leaf': 27, 'rsm': 0.9810111840784663}. Best is trial 1892 with value: 0.9319758700936625.
Trial 2030: AUC = 0.9292 | Params = {'iterations': 78, 'learning_rate': 0.19327534938164584, 'depth': 4, 'l2_leaf_reg': 4.397741788659119, 'subsample': 0.7253477763279448, 'min_data_in_leaf': 27, 'rsm': 0.9810111840784663, 'loss_function': 'Logloss', 'eval_metric': 'AUC', 'grow_policy': 'Depthwise'}
[I 2024-12-29 22:11:26,681] Trial 2031 finished with value: 0.9291457615695673 and parameters: {'iterations': 71, 'learning_rate': 0.11986223619572621, 'depth': 4, 'l2_leaf_reg': 4.607432517826758, 'subsample': 0.7603861506873673, 'min_data_in_leaf': 25, 'rsm': 0.9726812628315934}. Best is trial 1892 with value: 0.9319758700936625.
Trial 2031: AUC = 0.9291 | Params = {'iterations': 71, 'learning_rate': 0.11986223619572621, 'depth': 4, 'l2_leaf_reg': 4.607432517826758, 'subsample': 0.7603861506873673, 'min_data_in_leaf': 25, 'rsm': 0.9726812628315934, 'loss_function': 'Logloss', 'eval_metric': 'AUC', 'grow_policy': 'Depthwise'}
[I 2024-12-29 22:11:27,112] Trial 2032 finished with value: 0.9298218770521078 and parameters: {'iterations': 68, 'learning_rate': 0.19060990612699402, 'depth': 4, 'l2_leaf_reg': 4.36946354344323, 'subsample': 0.7944183088092371, 'min_data_in_leaf': 26, 'rsm': 0.9852138647347755}. Best is trial 1892 with value: 0.9319758700936625.
Trial 2032: AUC = 0.9298 | Params = {'iterations': 68, 'learning_rate': 0.19060990612699402, 'depth': 4, 'l2_leaf_reg': 4.36946354344323, 'subsample': 0.7944183088092371, 'min_data_in_leaf': 26, 'rsm': 0.9852138647347755, 'loss_function': 'Logloss', 'eval_metric': 'AUC', 'grow_policy': 'Depthwise'}
[I 2024-12-29 22:11:27,580] Trial 2033 finished with value: 0.928956031612539 and parameters: {'iterations': 73, 'learning_rate': 0.09132023891519227, 'depth': 4, 'l2_leaf_reg': 4.130613386006695, 'subsample': 0.7327754254153481, 'min_data_in_leaf': 23, 'rsm': 0.979233042757485}. Best is trial 1892 with value: 0.9319758700936625.
Trial 2033: AUC = 0.9290 | Params = {'iterations': 73, 'learning_rate': 0.09132023891519227, 'depth': 4, 'l2_leaf_reg': 4.130613386006695, 'subsample': 0.7327754254153481, 'min_data_in_leaf': 23, 'rsm': 0.979233042757485, 'loss_function': 'Logloss', 'eval_metric': 'AUC', 'grow_policy': 'Depthwise'}
