[I 2024-12-29 22:11:44,442] Trial 2068 finished with value: 0.9318559838020299 and parameters: {'iterations': 93, 'learning_rate': 0.19409662394657984, 'depth': 4, 'l2_leaf_reg': 4.392814394959306, 'subsample': 0.7126872144909693, 'min_data_in_leaf': 25, 'rsm': 0.9737740678164405}. Best is trial 1892 with value: 0.9319758700936625.
Trial 2068: AUC = 0.9319 | Params = {'iterations': 93, 'learning_rate': 0.19409662394657984, 'depth': 4, 'l2_leaf_reg': 4.392814394959306, 'subsample': 0.7126872144909693, 'min_data_in_leaf': 25, 'rsm': 0.9737740678164405, 'loss_function': 'Logloss', 'eval_metric': 'AUC', 'grow_policy': 'Depthwise'}
[I 2024-12-29 22:11:44,952] Trial 2069 finished with value: 0.9297945156161795 and parameters: {'iterations': 89, 'learning_rate': 0.1975325379741412, 'depth': 4, 'l2_leaf_reg': 4.527944563241867, 'subsample': 0.8392794833199011, 'min_data_in_leaf': 25, 'rsm': 0.9818893883459632}. Best is trial 1892 with value: 0.9319758700936625.
Trial 2069: AUC = 0.9298 | Params = {'iterations': 89, 'learning_rate': 0.1975325379741412, 'depth': 4, 'l2_leaf_reg': 4.527944563241867, 'subsample': 0.8392794833199011, 'min_data_in_leaf': 25, 'rsm': 0.9818893883459632, 'loss_function': 'Logloss', 'eval_metric': 'AUC', 'grow_policy': 'Depthwise'}
[I 2024-12-29 22:11:45,405] Trial 2070 finished with value: 0.9294708586306609 and parameters: {'iterations': 86, 'learning_rate': 0.19476686975699237, 'depth': 4, 'l2_leaf_reg': 4.586723701874937, 'subsample': 0.7095662630295898, 'min_data_in_leaf': 26, 'rsm': 0.9891907034316122}. Best is trial 1892 with value: 0.9319758700936625.
Trial 2070: AUC = 0.9295 | Params = {'iterations': 86, 'learning_rate': 0.19476686975699237, 'depth': 4, 'l2_leaf_reg': 4.586723701874937, 'subsample': 0.7095662630295898, 'min_data_in_leaf': 26, 'rsm': 0.9891907034316122, 'loss_function': 'Logloss', 'eval_metric': 'AUC', 'grow_policy': 'Depthwise'}
[I 2024-12-29 22:11:46,164] Trial 2071 finished with value: 0.9285301292611835 and parameters: {'iterations': 92, 'learning_rate': 0.19739106330087391, 'depth': 6, 'l2_leaf_reg': 4.6425380454606415, 'subsample': 0.7043029818062234, 'min_data_in_leaf': 25, 'rsm': 0.9764768190282835}. Best is trial 1892 with value: 0.9319758700936625.
Trial 2071: AUC = 0.9285 | Params = {'iterations': 92, 'learning_rate': 0.19739106330087391, 'depth': 6, 'l2_leaf_reg': 4.6425380454606415, 'subsample': 0.7043029818062234, 'min_data_in_leaf': 25, 'rsm': 0.9764768190282835, 'loss_function': 'Logloss', 'eval_metric': 'AUC', 'grow_policy': 'Depthwise'}
[I 2024-12-29 22:11:46,841] Trial 2072 finished with value: 0.9302218580431101 and parameters: {'iterations': 90, 'learning_rate': 0.19283492801215132, 'depth': 4, 'l2_leaf_reg': 4.486689482454277, 'subsample': 0.7101662740412613, 'min_data_in_leaf': 25, 'rsm': 0.9797326419274214}. Best is trial 1892 with value: 0.9319758700936625.
Trial 2072: AUC = 0.9302 | Params = {'iterations': 90, 'learning_rate': 0.19283492801215132, 'depth': 4, 'l2_leaf_reg': 4.486689482454277, 'subsample': 0.7101662740412613, 'min_data_in_leaf': 25, 'rsm': 0.9797326419274214, 'loss_function': 'Logloss', 'eval_metric': 'AUC', 'grow_policy': 'Depthwise'}
[I 2024-12-29 22:11:47,453] Trial 2073 finished with value: 0.9303611853550074 and parameters: {'iterations': 86, 'learning_rate': 0.1897881190942772, 'depth': 4, 'l2_leaf_reg': 4.564528795000411, 'subsample': 0.7044481698514464, 'min_data_in_leaf': 26, 'rsm': 0.9736229947178223}. Best is trial 1892 with value: 0.9319758700936625.
Trial 2073: AUC = 0.9304 | Params = {'iterations': 86, 'learning_rate': 0.1897881190942772, 'depth': 4, 'l2_leaf_reg': 4.564528795000411, 'subsample': 0.7044481698514464, 'min_data_in_leaf': 26, 'rsm': 0.9736229947178223, 'loss_function': 'Logloss', 'eval_metric': 'AUC', 'grow_policy': 'Depthwise'}
[I 2024-12-29 22:11:48,022] Trial 2074 finished with value: 0.9300087268579855 and parameters: {'iterations': 130, 'learning_rate': 0.19475398082735693, 'depth': 4, 'l2_leaf_reg': 4.451793351205776, 'subsample': 0.7127638094975989, 'min_data_in_leaf': 25, 'rsm': 0.9824912547755889}. Best is trial 1892 with value: 0.9319758700936625.
Trial 2074: AUC = 0.9300 | Params = {'iterations': 130, 'learning_rate': 0.19475398082735693, 'depth': 4, 'l2_leaf_reg': 4.451793351205776, 'subsample': 0.7127638094975989, 'min_data_in_leaf': 25, 'rsm': 0.9824912547755889, 'loss_function': 'Logloss', 'eval_metric': 'AUC', 'grow_policy': 'Depthwise'}
[I 2024-12-29 22:11:48,629] Trial 2075 finished with value: 0.9304357092660223 and parameters: {'iterations': 89, 'learning_rate': 0.1974490661586414, 'depth': 4, 'l2_leaf_reg': 4.418849270441681, 'subsample': 0.7145494033115372, 'min_data_in_leaf': 26, 'rsm': 0.973616019668221}. Best is trial 1892 with value: 0.9319758700936625.
Trial 2075: AUC = 0.9304 | Params = {'iterations': 89, 'learning_rate': 0.1974490661586414, 'depth': 4, 'l2_leaf_reg': 4.418849270441681, 'subsample': 0.7145494033115372, 'min_data_in_leaf': 26, 'rsm': 0.973616019668221, 'loss_function': 'Logloss', 'eval_metric': 'AUC', 'grow_policy': 'Depthwise'}
[I 2024-12-29 22:11:49,278] Trial 2076 finished with value: 0.9287338999550697 and parameters: {'iterations': 84, 'learning_rate': 0.19260941182023059, 'depth': 4, 'l2_leaf_reg': 4.520447489572104, 'subsample': 0.7062319219993007, 'min_data_in_leaf': 25, 'rsm': 0.9870189849858789}. Best is trial 1892 with value: 0.9319758700936625.
Trial 2076: AUC = 0.9287 | Params = {'iterations': 84, 'learning_rate': 0.19260941182023059, 'depth': 4, 'l2_leaf_reg': 4.520447489572104, 'subsample': 0.7062319219993007, 'min_data_in_leaf': 25, 'rsm': 0.9870189849858789, 'loss_function': 'Logloss', 'eval_metric': 'AUC', 'grow_policy': 'Depthwise'}
[I 2024-12-29 22:11:49,969] Trial 2077 finished with value: 0.9303691057706709 and parameters: {'iterations': 92, 'learning_rate': 0.19984926296875316, 'depth': 4, 'l2_leaf_reg': 4.390437461098861, 'subsample': 0.7103830877232895, 'min_data_in_leaf': 25, 'rsm': 0.9777840998839267}. Best is trial 1892 with value: 0.9319758700936625.
Trial 2077: AUC = 0.9304 | Params = {'iterations': 92, 'learning_rate': 0.19984926296875316, 'depth': 4, 'l2_leaf_reg': 4.390437461098861, 'subsample': 0.7103830877232895, 'min_data_in_leaf': 25, 'rsm': 0.9777840998839267, 'loss_function': 'Logloss', 'eval_metric': 'AUC', 'grow_policy': 'Depthwise'}
[I 2024-12-29 22:11:50,456] Trial 2078 finished with value: 0.9299964862155966 and parameters: {'iterations': 80, 'learning_rate': 0.19067317279530419, 'depth': 4, 'l2_leaf_reg': 4.474172092314143, 'subsample': 0.7172646333986531, 'min_data_in_leaf': 26, 'rsm': 0.9823069551961936}. Best is trial 1892 with value: 0.9319758700936625.
Trial 2078: AUC = 0.9300 | Params = {'iterations': 80, 'learning_rate': 0.19067317279530419, 'depth': 4, 'l2_leaf_reg': 4.474172092314143, 'subsample': 0.7172646333986531, 'min_data_in_leaf': 26, 'rsm': 0.9823069551961936, 'loss_function': 'Logloss', 'eval_metric': 'AUC', 'grow_policy': 'Depthwise'}
[I 2024-12-29 22:11:49,832] Trial 2079 finished with value: 0.9291947241391227 and parameters: {'iterations': 89, 'learning_rate': 0.19512117629214462, 'depth': 4, 'l2_leaf_reg': 4.560604930155553, 'subsample': 0.7051751863036176, 'min_data_in_leaf': 26, 'rsm': 0.9714098028851545}. Best is trial 1892 with value: 0.9319758700936625.
Trial 2079: AUC = 0.9292 | Params = {'iterations': 89, 'learning_rate': 0.19512117629214462, 'depth': 4, 'l2_leaf_reg': 4.560604930155553, 'subsample': 0.7051751863036176, 'min_data_in_leaf': 26, 'rsm': 0.9714098028851545, 'loss_function': 'Logloss', 'eval_metric': 'AUC', 'grow_policy': 'Depthwise'}
[I 2024-12-29 22:11:50,418] Trial 2080 finished with value: 0.9299057614543611 and parameters: {'iterations': 93, 'learning_rate': 0.18838784844228942, 'depth': 4, 'l2_leaf_reg': 4.399443175930318, 'subsample': 0.7154583282932697, 'min_data_in_leaf': 25, 'rsm': 0.9922361787092661}. Best is trial 1892 with value: 0.9319758700936625.
Trial 2080: AUC = 0.9299 | Params = {'iterations': 93, 'learning_rate': 0.18838784844228942, 'depth': 4, 'l2_leaf_reg': 4.399443175930318, 'subsample': 0.7154583282932697, 'min_data_in_leaf': 25, 'rsm': 0.9922361787092661, 'loss_function': 'Logloss', 'eval_metric': 'AUC', 'grow_policy': 'Depthwise'}
[I 2024-12-29 22:11:50,987] Trial 2081 finished with value: 0.9295983053190632 and parameters: {'iterations': 83, 'learning_rate': 0.10794560601635331, 'depth': 4, 'l2_leaf_reg': 4.476014300786518, 'subsample': 0.7234267300938951, 'min_data_in_leaf': 26, 'rsm': 0.9763579787001799}. Best is trial 1892 with value: 0.9319758700936625.
Trial 2081: AUC = 0.9296 | Params = {'iterations': 83, 'learning_rate': 0.10794560601635331, 'depth': 4, 'l2_leaf_reg': 4.476014300786518, 'subsample': 0.7234267300938951, 'min_data_in_leaf': 26, 'rsm': 0.9763579787001799, 'loss_function': 'Logloss', 'eval_metric': 'AUC', 'grow_policy': 'Depthwise'}
[I 2024-12-29 22:11:51,499] Trial 2082 finished with value: 0.9300310480294006 and parameters: {'iterations': 87, 'learning_rate': 0.19511680667532436, 'depth': 4, 'l2_leaf_reg': 4.645649826766852, 'subsample': 0.7101915617826223, 'min_data_in_leaf': 25, 'rsm': 0.9853825131083314}. Best is trial 1892 with value: 0.9319758700936625.
Trial 2082: AUC = 0.9300 | Params = {'iterations': 87, 'learning_rate': 0.19511680667532436, 'depth': 4, 'l2_leaf_reg': 4.645649826766852, 'subsample': 0.7101915617826223, 'min_data_in_leaf': 25, 'rsm': 0.9853825131083314, 'loss_function': 'Logloss', 'eval_metric': 'AUC', 'grow_policy': 'Depthwise'}
[I 2024-12-29 22:11:51,944] Trial 2083 finished with value: 0.9296199064526907 and parameters: {'iterations': 92, 'learning_rate': 0.19313706857462098, 'depth': 4, 'l2_leaf_reg': 4.3750345050037325, 'subsample': 0.7196473044688791, 'min_data_in_leaf': 25, 'rsm': 0.9715830334243836}. Best is trial 1892 with value: 0.9319758700936625.
Trial 2083: AUC = 0.9296 | Params = {'iterations': 92, 'learning_rate': 0.19313706857462098, 'depth': 4, 'l2_leaf_reg': 4.3750345050037325, 'subsample': 0.7196473044688791, 'min_data_in_leaf': 25, 'rsm': 0.9715830334243836, 'loss_function': 'Logloss', 'eval_metric': 'AUC', 'grow_policy': 'Depthwise'}
[I 2024-12-29 22:11:52,407] Trial 2084 finished with value: 0.9299608443451112 and parameters: {'iterations': 88, 'learning_rate': 0.19756880709988753, 'depth': 4, 'l2_leaf_reg': 4.418322990676623, 'subsample': 0.700050985555627, 'min_data_in_leaf': 26, 'rsm': 0.9784207240962893}. Best is trial 1892 with value: 0.9319758700936625.
Trial 2084: AUC = 0.9300 | Params = {'iterations': 88, 'learning_rate': 0.19756880709988753, 'depth': 4, 'l2_leaf_reg': 4.418322990676623, 'subsample': 0.700050985555627, 'min_data_in_leaf': 26, 'rsm': 0.9784207240962893, 'loss_function': 'Logloss', 'eval_metric': 'AUC', 'grow_policy': 'Depthwise'}
[I 2024-12-29 22:11:52,901] Trial 2085 finished with value: 0.9302625401781086 and parameters: {'iterations': 93, 'learning_rate': 0.19733543887347926, 'depth': 4, 'l2_leaf_reg': 4.519349964973447, 'subsample': 0.7132532568168078, 'min_data_in_leaf': 25, 'rsm': 0.9707750684742804}. Best is trial 1892 with value: 0.9319758700936625.
Trial 2085: AUC = 0.9303 | Params = {'iterations': 93, 'learning_rate': 0.19733543887347926, 'depth': 4, 'l2_leaf_reg': 4.519349964973447, 'subsample': 0.7132532568168078, 'min_data_in_leaf': 25, 'rsm': 0.9707750684742804, 'loss_function': 'Logloss', 'eval_metric': 'AUC', 'grow_policy': 'Depthwise'}
[I 2024-12-29 22:11:53,347] Trial 2086 finished with value: 0.9302956619163374 and parameters: {'iterations': 78, 'learning_rate': 0.1896554024629155, 'depth': 4, 'l2_leaf_reg': 4.362305716928433, 'subsample': 0.7241400889651576, 'min_data_in_leaf': 26, 'rsm': 0.9830614134553396}. Best is trial 1892 with value: 0.9319758700936625.
Trial 2086: AUC = 0.9303 | Params = {'iterations': 78, 'learning_rate': 0.1896554024629155, 'depth': 4, 'l2_leaf_reg': 4.362305716928433, 'subsample': 0.7241400889651576, 'min_data_in_leaf': 26, 'rsm': 0.9830614134553396, 'loss_function': 'Logloss', 'eval_metric': 'AUC', 'grow_policy': 'Depthwise'}
[I 2024-12-29 22:11:53,828] Trial 2087 finished with value: 0.9299590442506424 and parameters: {'iterations': 73, 'learning_rate': 0.19267871739371017, 'depth': 4, 'l2_leaf_reg': 3.639718697634394, 'subsample': 0.7048652674588238, 'min_data_in_leaf': 24, 'rsm': 0.9756572028010844}. Best is trial 1892 with value: 0.9319758700936625.
Trial 2087: AUC = 0.9300 | Params = {'iterations': 73, 'learning_rate': 0.19267871739371017, 'depth': 4, 'l2_leaf_reg': 3.639718697634394, 'subsample': 0.7048652674588238, 'min_data_in_leaf': 24, 'rsm': 0.9756572028010844, 'loss_function': 'Logloss', 'eval_metric': 'AUC', 'grow_policy': 'Depthwise'}
[I 2024-12-29 22:11:54,402] Trial 2088 finished with value: 0.9304011474522182 and parameters: {'iterations': 85, 'learning_rate': 0.19755204239805282, 'depth': 4, 'l2_leaf_reg': 4.449366978492499, 'subsample': 0.7175377858679094, 'min_data_in_leaf': 25, 'rsm': 0.9910154916951562}. Best is trial 1892 with value: 0.9319758700936625.
Trial 2088: AUC = 0.9304 | Params = {'iterations': 85, 'learning_rate': 0.19755204239805282, 'depth': 4, 'l2_leaf_reg': 4.449366978492499, 'subsample': 0.7175377858679094, 'min_data_in_leaf': 25, 'rsm': 0.9910154916951562, 'loss_function': 'Logloss', 'eval_metric': 'AUC', 'grow_policy': 'Depthwise'}
[I 2024-12-29 22:11:54,868] Trial 2089 finished with value: 0.9296645487955209 and parameters: {'iterations': 91, 'learning_rate': 0.1997631640168003, 'depth': 4, 'l2_leaf_reg': 4.331904233170165, 'subsample': 0.7112834627766581, 'min_data_in_leaf': 26, 'rsm': 0.9693272403619002}. Best is trial 1892 with value: 0.9319758700936625.
Trial 2089: AUC = 0.9297 | Params = {'iterations': 91, 'learning_rate': 0.1997631640168003, 'depth': 4, 'l2_leaf_reg': 4.331904233170165, 'subsample': 0.7112834627766581, 'min_data_in_leaf': 26, 'rsm': 0.9693272403619002, 'loss_function': 'Logloss', 'eval_metric': 'AUC', 'grow_policy': 'Depthwise'}
[I 2024-12-29 22:11:55,331] Trial 2090 finished with value: 0.929178883307796 and parameters: {'iterations': 70, 'learning_rate': 0.1998518992771536, 'depth': 5, 'l2_leaf_reg': 4.579191035525185, 'subsample': 0.726490628898052, 'min_data_in_leaf': 25, 'rsm': 0.9787426241062349}. Best is trial 1892 with value: 0.9319758700936625.
Trial 2090: AUC = 0.9292 | Params = {'iterations': 70, 'learning_rate': 0.1998518992771536, 'depth': 5, 'l2_leaf_reg': 4.579191035525185, 'subsample': 0.726490628898052, 'min_data_in_leaf': 25, 'rsm': 0.9787426241062349, 'loss_function': 'Logloss', 'eval_metric': 'AUC', 'grow_policy': 'Depthwise'}
[I 2024-12-29 22:11:55,744] Trial 2091 finished with value: 0.9297901953894542 and parameters: {'iterations': 66, 'learning_rate': 0.19449368487580382, 'depth': 4, 'l2_leaf_reg': 4.419064970245983, 'subsample': 0.7194660458508693, 'min_data_in_leaf': 24, 'rsm': 0.9867276687596497}. Best is trial 1892 with value: 0.9319758700936625.
Trial 2091: AUC = 0.9298 | Params = {'iterations': 66, 'learning_rate': 0.19449368487580382, 'depth': 4, 'l2_leaf_reg': 4.419064970245983, 'subsample': 0.7194660458508693, 'min_data_in_leaf': 24, 'rsm': 0.9867276687596497, 'loss_function': 'Logloss', 'eval_metric': 'AUC', 'grow_policy': 'Depthwise'}
[I 2024-12-29 22:11:56,212] Trial 2092 finished with value: 0.9302344587043929 and parameters: {'iterations': 82, 'learning_rate': 0.1999391670490204, 'depth': 4, 'l2_leaf_reg': 4.298724934411753, 'subsample': 0.7122995686403195, 'min_data_in_leaf': 26, 'rsm': 0.971702678519451}. Best is trial 1892 with value: 0.9319758700936625.
Trial 2092: AUC = 0.9302 | Params = {'iterations': 82, 'learning_rate': 0.1999391670490204, 'depth': 4, 'l2_leaf_reg': 4.298724934411753, 'subsample': 0.7122995686403195, 'min_data_in_leaf': 26, 'rsm': 0.971702678519451, 'loss_function': 'Logloss', 'eval_metric': 'AUC', 'grow_policy': 'Depthwise'}
[I 2024-12-29 22:11:56,662] Trial 2093 finished with value: 0.9295655435997281 and parameters: {'iterations': 89, 'learning_rate': 0.19061965393385413, 'depth': 4, 'l2_leaf_reg': 4.484893516103107, 'subsample': 0.7050165039940574, 'min_data_in_leaf': 25, 'rsm': 0.9784023034629956}. Best is trial 1892 with value: 0.9319758700936625.
Trial 2093: AUC = 0.9296 | Params = {'iterations': 89, 'learning_rate': 0.19061965393385413, 'depth': 4, 'l2_leaf_reg': 4.484893516103107, 'subsample': 0.7050165039940574, 'min_data_in_leaf': 25, 'rsm': 0.9784023034629956, 'loss_function': 'Logloss', 'eval_metric': 'AUC', 'grow_policy': 'Depthwise'}
[I 2024-12-29 22:11:57,179] Trial 2094 finished with value: 0.9301106122049285 and parameters: {'iterations': 93, 'learning_rate': 0.18798277878402395, 'depth': 4, 'l2_leaf_reg': 4.365275217438753, 'subsample': 0.7173055529949874, 'min_data_in_leaf': 24, 'rsm': 0.9703481614124575}. Best is trial 1892 with value: 0.9319758700936625.
Trial 2094: AUC = 0.9301 | Params = {'iterations': 93, 'learning_rate': 0.18798277878402395, 'depth': 4, 'l2_leaf_reg': 4.365275217438753, 'subsample': 0.7173055529949874, 'min_data_in_leaf': 24, 'rsm': 0.9703481614124575, 'loss_function': 'Logloss', 'eval_metric': 'AUC', 'grow_policy': 'Depthwise'}
[I 2024-12-29 22:11:57,644] Trial 2095 finished with value: 0.9297786747848529 and parameters: {'iterations': 75, 'learning_rate': 0.194912315580701, 'depth': 4, 'l2_leaf_reg': 4.644068035954383, 'subsample': 0.8789699232581111, 'min_data_in_leaf': 26, 'rsm': 0.9827649787547024}. Best is trial 1892 with value: 0.9319758700936625.
Trial 2095: AUC = 0.9298 | Params = {'iterations': 75, 'learning_rate': 0.194912315580701, 'depth': 4, 'l2_leaf_reg': 4.644068035954383, 'subsample': 0.8789699232581111, 'min_data_in_leaf': 26, 'rsm': 0.9827649787547024, 'loss_function': 'Logloss', 'eval_metric': 'AUC', 'grow_policy': 'Depthwise'}
[I 2024-12-29 22:11:58,115] Trial 2096 finished with value: 0.9304450697572609 and parameters: {'iterations': 86, 'learning_rate': 0.19280293974485962, 'depth': 4, 'l2_leaf_reg': 4.312355490934268, 'subsample': 0.7265424365982982, 'min_data_in_leaf': 25, 'rsm': 0.974959695356141}. Best is trial 1892 with value: 0.9319758700936625.
Trial 2096: AUC = 0.9304 | Params = {'iterations': 86, 'learning_rate': 0.19280293974485962, 'depth': 4, 'l2_leaf_reg': 4.312355490934268, 'subsample': 0.7265424365982982, 'min_data_in_leaf': 25, 'rsm': 0.974959695356141, 'loss_function': 'Logloss', 'eval_metric': 'AUC', 'grow_policy': 'Depthwise'}
[I 2024-12-29 22:11:58,641] Trial 2097 finished with value: 0.9303248234467345 and parameters: {'iterations': 60, 'learning_rate': 0.19533065157489954, 'depth': 4, 'l2_leaf_reg': 4.547634466534613, 'subsample': 0.7072705640871577, 'min_data_in_leaf': 27, 'rsm': 0.9949688222297416}. Best is trial 1892 with value: 0.9319758700936625.
Trial 2097: AUC = 0.9303 | Params = {'iterations': 60, 'learning_rate': 0.19533065157489954, 'depth': 4, 'l2_leaf_reg': 4.547634466534613, 'subsample': 0.7072705640871577, 'min_data_in_leaf': 27, 'rsm': 0.9949688222297416, 'loss_function': 'Logloss', 'eval_metric': 'AUC', 'grow_policy': 'Depthwise'}
[I 2024-12-29 22:11:59,162] Trial 2098 finished with value: 0.928679537102107 and parameters: {'iterations': 90, 'learning_rate': 0.18819047427387117, 'depth': 4, 'l2_leaf_reg': 4.4373436736800596, 'subsample': 0.7213860687734955, 'min_data_in_leaf': 25, 'rsm': 0.9698287849912959}. Best is trial 1892 with value: 0.9319758700936625.
Trial 2098: AUC = 0.9287 | Params = {'iterations': 90, 'learning_rate': 0.18819047427387117, 'depth': 4, 'l2_leaf_reg': 4.4373436736800596, 'subsample': 0.7213860687734955, 'min_data_in_leaf': 25, 'rsm': 0.9698287849912959, 'loss_function': 'Logloss', 'eval_metric': 'AUC', 'grow_policy': 'Depthwise'}
[I 2024-12-29 22:11:59,688] Trial 2099 finished with value: 0.929140721305054 and parameters: {'iterations': 94, 'learning_rate': 0.19199322904815333, 'depth': 4, 'l2_leaf_reg': 4.260521627991075, 'subsample': 0.8652029543265015, 'min_data_in_leaf': 26, 'rsm': 0.988032504767533}. Best is trial 1892 with value: 0.9319758700936625.
Trial 2099: AUC = 0.9291 | Params = {'iterations': 94, 'learning_rate': 0.19199322904815333, 'depth': 4, 'l2_leaf_reg': 4.260521627991075, 'subsample': 0.8652029543265015, 'min_data_in_leaf': 26, 'rsm': 0.988032504767533, 'loss_function': 'Logloss', 'eval_metric': 'AUC', 'grow_policy': 'Depthwise'}
[I 2024-12-29 22:12:00,135] Trial 2100 finished with value: 0.9290420761281553 and parameters: {'iterations': 78, 'learning_rate': 0.1956096832238001, 'depth': 4, 'l2_leaf_reg': 1.9854245854210169, 'subsample': 0.7134054738764447, 'min_data_in_leaf': 24, 'rsm': 0.9802039663198868}. Best is trial 1892 with value: 0.9319758700936625.
Trial 2100: AUC = 0.9290 | Params = {'iterations': 78, 'learning_rate': 0.1956096832238001, 'depth': 4, 'l2_leaf_reg': 1.9854245854210169, 'subsample': 0.7134054738764447, 'min_data_in_leaf': 24, 'rsm': 0.9802039663198868, 'loss_function': 'Logloss', 'eval_metric': 'AUC', 'grow_policy': 'Depthwise'}
[I 2024-12-29 22:12:00,691] Trial 2101 finished with value: 0.9300540892386031 and parameters: {'iterations': 120, 'learning_rate': 0.19713608709872094, 'depth': 4, 'l2_leaf_reg': 4.381303440872248, 'subsample': 0.7100182616474202, 'min_data_in_leaf': 25, 'rsm': 0.9736888239861956}. Best is trial 1892 with value: 0.9319758700936625.
Trial 2101: AUC = 0.9301 | Params = {'iterations': 120, 'learning_rate': 0.19713608709872094, 'depth': 4, 'l2_leaf_reg': 4.381303440872248, 'subsample': 0.7100182616474202, 'min_data_in_leaf': 25, 'rsm': 0.9736888239861956, 'loss_function': 'Logloss', 'eval_metric': 'AUC', 'grow_policy': 'Depthwise'}
