[I 2024-12-29 22:19:32,826] Trial 2986 finished with value: 0.9292055247059365 and parameters: {'iterations': 95, 'learning_rate': 0.19997960549078958, 'depth': 4, 'l2_leaf_reg': 4.199946820798016, 'subsample': 0.7131592982129281, 'min_data_in_leaf': 25, 'rsm': 0.9777236509900792}. Best is trial 1892 with value: 0.9319758700936625.
Trial 2986: AUC = 0.9292 | Params = {'iterations': 95, 'learning_rate': 0.19997960549078958, 'depth': 4, 'l2_leaf_reg': 4.199946820798016, 'subsample': 0.7131592982129281, 'min_data_in_leaf': 25, 'rsm': 0.9777236509900792, 'loss_function': 'Logloss', 'eval_metric': 'AUC', 'grow_policy': 'Depthwise'}
[I 2024-12-29 22:19:33,339] Trial 2987 finished with value: 0.9293617729058421 and parameters: {'iterations': 89, 'learning_rate': 0.19315479078212042, 'depth': 4, 'l2_leaf_reg': 4.116909001027838, 'subsample': 0.7197217718992399, 'min_data_in_leaf': 24, 'rsm': 0.9719204470721234}. Best is trial 1892 with value: 0.9319758700936625.
Trial 2987: AUC = 0.9294 | Params = {'iterations': 89, 'learning_rate': 0.19315479078212042, 'depth': 4, 'l2_leaf_reg': 4.116909001027838, 'subsample': 0.7197217718992399, 'min_data_in_leaf': 24, 'rsm': 0.9719204470721234, 'loss_function': 'Logloss', 'eval_metric': 'AUC', 'grow_policy': 'Depthwise'}
[I 2024-12-29 22:19:33,905] Trial 2988 finished with value: 0.9295932650545501 and parameters: {'iterations': 91, 'learning_rate': 0.1896173180441294, 'depth': 4, 'l2_leaf_reg': 4.447798814682532, 'subsample': 0.7102570726208253, 'min_data_in_leaf': 26, 'rsm': 0.9884248486019913}. Best is trial 1892 with value: 0.9319758700936625.
Trial 2988: AUC = 0.9296 | Params = {'iterations': 91, 'learning_rate': 0.1896173180441294, 'depth': 4, 'l2_leaf_reg': 4.447798814682532, 'subsample': 0.7102570726208253, 'min_data_in_leaf': 26, 'rsm': 0.9884248486019913, 'loss_function': 'Logloss', 'eval_metric': 'AUC', 'grow_policy': 'Depthwise'}
[I 2024-12-29 22:19:34,409] Trial 2989 finished with value: 0.9294622181772099 and parameters: {'iterations': 86, 'learning_rate': 0.19470718371348109, 'depth': 4, 'l2_leaf_reg': 4.314751072440826, 'subsample': 0.961329434437895, 'min_data_in_leaf': 24, 'rsm': 0.9663912276670135}. Best is trial 1892 with value: 0.9319758700936625.
Trial 2989: AUC = 0.9295 | Params = {'iterations': 86, 'learning_rate': 0.19470718371348109, 'depth': 4, 'l2_leaf_reg': 4.314751072440826, 'subsample': 0.961329434437895, 'min_data_in_leaf': 24, 'rsm': 0.9663912276670135, 'loss_function': 'Logloss', 'eval_metric': 'AUC', 'grow_policy': 'Depthwise'}
[I 2024-12-29 22:19:34,931] Trial 2990 finished with value: 0.9301113322427161 and parameters: {'iterations': 81, 'learning_rate': 0.1914252412142146, 'depth': 4, 'l2_leaf_reg': 4.238917840176909, 'subsample': 0.7285991518050131, 'min_data_in_leaf': 26, 'rsm': 0.9798738582982119}. Best is trial 1892 with value: 0.9319758700936625.
Trial 2990: AUC = 0.9301 | Params = {'iterations': 81, 'learning_rate': 0.1914252412142146, 'depth': 4, 'l2_leaf_reg': 4.238917840176909, 'subsample': 0.7285991518050131, 'min_data_in_leaf': 26, 'rsm': 0.9798738582982119, 'loss_function': 'Logloss', 'eval_metric': 'AUC', 'grow_policy': 'Depthwise'}
[I 2024-12-29 22:19:35,422] Trial 2991 finished with value: 0.9296929902881303 and parameters: {'iterations': 95, 'learning_rate': 0.19523914446744123, 'depth': 4, 'l2_leaf_reg': 4.375534501096097, 'subsample': 0.7164134043289149, 'min_data_in_leaf': 25, 'rsm': 0.9517059572581914}. Best is trial 1892 with value: 0.9319758700936625.
Trial 2991: AUC = 0.9297 | Params = {'iterations': 95, 'learning_rate': 0.19523914446744123, 'depth': 4, 'l2_leaf_reg': 4.375534501096097, 'subsample': 0.7164134043289149, 'min_data_in_leaf': 25, 'rsm': 0.9517059572581914, 'loss_function': 'Logloss', 'eval_metric': 'AUC', 'grow_policy': 'Depthwise'}
[I 2024-12-29 22:19:35,948] Trial 2992 finished with value: 0.9294265763067246 and parameters: {'iterations': 87, 'learning_rate': 0.14697512487286243, 'depth': 4, 'l2_leaf_reg': 1.4279876494134336, 'subsample': 0.7045907234580514, 'min_data_in_leaf': 1, 'rsm': 0.9844956678172929}. Best is trial 1892 with value: 0.9319758700936625.
Trial 2992: AUC = 0.9294 | Params = {'iterations': 87, 'learning_rate': 0.14697512487286243, 'depth': 4, 'l2_leaf_reg': 1.4279876494134336, 'subsample': 0.7045907234580514, 'min_data_in_leaf': 1, 'rsm': 0.9844956678172929, 'loss_function': 'Logloss', 'eval_metric': 'AUC', 'grow_policy': 'Depthwise'}
[I 2024-12-29 22:19:35,186] Trial 2993 finished with value: 0.9300605695786914 and parameters: {'iterations': 92, 'learning_rate': 0.19999505473600906, 'depth': 4, 'l2_leaf_reg': 4.436522412154586, 'subsample': 0.723526906100282, 'min_data_in_leaf': 24, 'rsm': 0.7657094254148211}. Best is trial 1892 with value: 0.9319758700936625.
Trial 2993: AUC = 0.9301 | Params = {'iterations': 92, 'learning_rate': 0.19999505473600906, 'depth': 4, 'l2_leaf_reg': 4.436522412154586, 'subsample': 0.723526906100282, 'min_data_in_leaf': 24, 'rsm': 0.7657094254148211, 'loss_function': 'Logloss', 'eval_metric': 'AUC', 'grow_policy': 'Depthwise'}
[I 2024-12-29 22:19:35,761] Trial 2994 finished with value: 0.9287130188592297 and parameters: {'iterations': 84, 'learning_rate': 0.1867133920445212, 'depth': 5, 'l2_leaf_reg': 2.9599554004943522, 'subsample': 0.7144012402393543, 'min_data_in_leaf': 27, 'rsm': 0.9714671046527034}. Best is trial 1892 with value: 0.9319758700936625.
Trial 2994: AUC = 0.9287 | Params = {'iterations': 84, 'learning_rate': 0.1867133920445212, 'depth': 5, 'l2_leaf_reg': 2.9599554004943522, 'subsample': 0.7144012402393543, 'min_data_in_leaf': 27, 'rsm': 0.9714671046527034, 'loss_function': 'Logloss', 'eval_metric': 'AUC', 'grow_policy': 'Depthwise'}
[I 2024-12-29 22:19:36,233] Trial 2995 finished with value: 0.9305512753309293 and parameters: {'iterations': 77, 'learning_rate': 0.18356927349831695, 'depth': 4, 'l2_leaf_reg': 3.8847253931445396, 'subsample': 0.7087658723369165, 'min_data_in_leaf': 25, 'rsm': 0.9634322915090335}. Best is trial 1892 with value: 0.9319758700936625.
Trial 2995: AUC = 0.9306 | Params = {'iterations': 77, 'learning_rate': 0.18356927349831695, 'depth': 4, 'l2_leaf_reg': 3.8847253931445396, 'subsample': 0.7087658723369165, 'min_data_in_leaf': 25, 'rsm': 0.9634322915090335, 'loss_function': 'Logloss', 'eval_metric': 'AUC', 'grow_policy': 'Depthwise'}
[I 2024-12-29 22:19:36,733] Trial 2996 finished with value: 0.9302657803481527 and parameters: {'iterations': 89, 'learning_rate': 0.19717950196010767, 'depth': 4, 'l2_leaf_reg': 4.28019740652088, 'subsample': 0.7355471571174956, 'min_data_in_leaf': 26, 'rsm': 0.9775234709573264}. Best is trial 1892 with value: 0.9319758700936625.
Trial 2996: AUC = 0.9303 | Params = {'iterations': 89, 'learning_rate': 0.19717950196010767, 'depth': 4, 'l2_leaf_reg': 4.28019740652088, 'subsample': 0.7355471571174956, 'min_data_in_leaf': 26, 'rsm': 0.9775234709573264, 'loss_function': 'Logloss', 'eval_metric': 'AUC', 'grow_policy': 'Depthwise'}
[I 2024-12-29 22:19:37,176] Trial 2997 finished with value: 0.9304000673955369 and parameters: {'iterations': 73, 'learning_rate': 0.18995632813931934, 'depth': 4, 'l2_leaf_reg': 4.043656892027596, 'subsample': 0.7199206733721905, 'min_data_in_leaf': 25, 'rsm': 0.9568889066498434}. Best is trial 1892 with value: 0.9319758700936625.
Trial 2997: AUC = 0.9304 | Params = {'iterations': 73, 'learning_rate': 0.18995632813931934, 'depth': 4, 'l2_leaf_reg': 4.043656892027596, 'subsample': 0.7199206733721905, 'min_data_in_leaf': 25, 'rsm': 0.9568889066498434, 'loss_function': 'Logloss', 'eval_metric': 'AUC', 'grow_policy': 'Depthwise'}
[I 2024-12-29 22:19:37,743] Trial 2998 finished with value: 0.9300818106934252 and parameters: {'iterations': 95, 'learning_rate': 0.1936426062808462, 'depth': 4, 'l2_leaf_reg': 4.187941727029474, 'subsample': 0.7056974096313403, 'min_data_in_leaf': 23, 'rsm': 0.9696641953629381}. Best is trial 1892 with value: 0.9319758700936625.
Trial 2998: AUC = 0.9301 | Params = {'iterations': 95, 'learning_rate': 0.1936426062808462, 'depth': 4, 'l2_leaf_reg': 4.187941727029474, 'subsample': 0.7056974096313403, 'min_data_in_leaf': 23, 'rsm': 0.9696641953629381, 'loss_function': 'Logloss', 'eval_metric': 'AUC', 'grow_policy': 'Depthwise'}
[I 2024-12-29 22:19:38,220] Trial 2999 finished with value: 0.9297563536134377 and parameters: {'iterations': 92, 'learning_rate': 0.19726957193755068, 'depth': 4, 'l2_leaf_reg': 4.356890737620757, 'subsample': 0.7243407380192476, 'min_data_in_leaf': 22, 'rsm': 0.9906431939590448}. Best is trial 1892 with value: 0.9319758700936625.
Trial 2999: AUC = 0.9298 | Params = {'iterations': 92, 'learning_rate': 0.19726957193755068, 'depth': 4, 'l2_leaf_reg': 4.356890737620757, 'subsample': 0.7243407380192476, 'min_data_in_leaf': 22, 'rsm': 0.9906431939590448, 'loss_function': 'Logloss', 'eval_metric': 'AUC', 'grow_policy': 'Depthwise'}
Study saved to /home/chahla/Bank-Churn-Prediction/src/study/catboost_study.pkl
Best AUC: 0.9319758700936625
Best Parameters: {'iterations': 67, 'learning_rate': 0.19715885936728017, 'depth': 4, 'l2_leaf_reg': 4.4125016526853305, 'subsample': 0.8671564652762658, 'min_data_in_leaf': 26, 'rsm': 0.9732160473984149}