[I 2024-12-29 22:16:35,218] Trial 2646 finished with value: 0.930330943767929 and parameters: {'iterations': 126, 'learning_rate': 0.1951039441507144, 'depth': 4, 'l2_leaf_reg': 2.9216064031628624, 'subsample': 0.8724459543029055, 'min_data_in_leaf': 2, 'rsm': 0.9904697883795214}. Best is trial 1892 with value: 0.9319758700936625.
Trial 2646: AUC = 0.9303 | Params = {'iterations': 126, 'learning_rate': 0.1951039441507144, 'depth': 4, 'l2_leaf_reg': 2.9216064031628624, 'subsample': 0.8724459543029055, 'min_data_in_leaf': 2, 'rsm': 0.9904697883795214, 'loss_function': 'Logloss', 'eval_metric': 'AUC', 'grow_policy': 'Depthwise'}
[I 2024-12-29 22:16:35,724] Trial 2647 finished with value: 0.9304342691904472 and parameters: {'iterations': 81, 'learning_rate': 0.19758696959906502, 'depth': 4, 'l2_leaf_reg': 2.5019030096536388, 'subsample': 0.7168712131458689, 'min_data_in_leaf': 2, 'rsm': 0.9891566627120343}. Best is trial 1892 with value: 0.9319758700936625.
Trial 2647: AUC = 0.9304 | Params = {'iterations': 81, 'learning_rate': 0.19758696959906502, 'depth': 4, 'l2_leaf_reg': 2.5019030096536388, 'subsample': 0.7168712131458689, 'min_data_in_leaf': 2, 'rsm': 0.9891566627120343, 'loss_function': 'Logloss', 'eval_metric': 'AUC', 'grow_policy': 'Depthwise'}
[I 2024-12-29 22:16:36,340] Trial 2648 finished with value: 0.9299910859321897 and parameters: {'iterations': 88, 'learning_rate': 0.19993592717978853, 'depth': 4, 'l2_leaf_reg': 2.029697325388863, 'subsample': 0.729816376135659, 'min_data_in_leaf': 1, 'rsm': 0.9992936787583391}. Best is trial 1892 with value: 0.9319758700936625.
Trial 2648: AUC = 0.9300 | Params = {'iterations': 88, 'learning_rate': 0.19993592717978853, 'depth': 4, 'l2_leaf_reg': 2.029697325388863, 'subsample': 0.729816376135659, 'min_data_in_leaf': 1, 'rsm': 0.9992936787583391, 'loss_function': 'Logloss', 'eval_metric': 'AUC', 'grow_policy': 'Depthwise'}
[I 2024-12-29 22:16:36,835] Trial 2649 finished with value: 0.9294899396320319 and parameters: {'iterations': 87, 'learning_rate': 0.19730104750820607, 'depth': 4, 'l2_leaf_reg': 2.873392996574422, 'subsample': 0.7120028898916176, 'min_data_in_leaf': 1, 'rsm': 0.9999239636234839}. Best is trial 1892 with value: 0.9319758700936625.
Trial 2649: AUC = 0.9295 | Params = {'iterations': 87, 'learning_rate': 0.19730104750820607, 'depth': 4, 'l2_leaf_reg': 2.873392996574422, 'subsample': 0.7120028898916176, 'min_data_in_leaf': 1, 'rsm': 0.9999239636234839, 'loss_function': 'Logloss', 'eval_metric': 'AUC', 'grow_policy': 'Depthwise'}
[I 2024-12-29 22:16:37,708] Trial 2650 finished with value: 0.9306261592608378 and parameters: {'iterations': 85, 'learning_rate': 0.1958427846022008, 'depth': 4, 'l2_leaf_reg': 2.196887433630782, 'subsample': 0.7218677700728776, 'min_data_in_leaf': 3, 'rsm': 0.9846569545713033}. Best is trial 1892 with value: 0.9319758700936625.
Trial 2650: AUC = 0.9306 | Params = {'iterations': 85, 'learning_rate': 0.1958427846022008, 'depth': 4, 'l2_leaf_reg': 2.196887433630782, 'subsample': 0.7218677700728776, 'min_data_in_leaf': 3, 'rsm': 0.9846569545713033, 'loss_function': 'Logloss', 'eval_metric': 'AUC', 'grow_policy': 'Depthwise'}
[I 2024-12-29 22:16:38,258] Trial 2651 finished with value: 0.929653748228707 and parameters: {'iterations': 130, 'learning_rate': 0.19593687147807315, 'depth': 4, 'l2_leaf_reg': 2.759076037987452, 'subsample': 0.7341953940538808, 'min_data_in_leaf': 1, 'rsm': 0.9904808520190084}. Best is trial 1892 with value: 0.9319758700936625.
Trial 2651: AUC = 0.9297 | Params = {'iterations': 130, 'learning_rate': 0.19593687147807315, 'depth': 4, 'l2_leaf_reg': 2.759076037987452, 'subsample': 0.7341953940538808, 'min_data_in_leaf': 1, 'rsm': 0.9904808520190084, 'loss_function': 'Logloss', 'eval_metric': 'AUC', 'grow_policy': 'Depthwise'}
[I 2024-12-29 22:16:38,944] Trial 2652 finished with value: 0.9277042459188258 and parameters: {'iterations': 88, 'learning_rate': 0.1973443080671347, 'depth': 5, 'l2_leaf_reg': 2.3817015694831545, 'subsample': 0.9226313295598136, 'min_data_in_leaf': 3, 'rsm': 0.9893326476694619}. Best is trial 1892 with value: 0.9319758700936625.
Trial 2652: AUC = 0.9277 | Params = {'iterations': 88, 'learning_rate': 0.1973443080671347, 'depth': 5, 'l2_leaf_reg': 2.3817015694831545, 'subsample': 0.9226313295598136, 'min_data_in_leaf': 3, 'rsm': 0.9893326476694619, 'loss_function': 'Logloss', 'eval_metric': 'AUC', 'grow_policy': 'Depthwise'}
[I 2024-12-29 22:16:39,555] Trial 2653 finished with value: 0.9298330376378152 and parameters: {'iterations': 82, 'learning_rate': 0.19575830894363971, 'depth': 4, 'l2_leaf_reg': 1.7989260765479727, 'subsample': 0.7171225767248929, 'min_data_in_leaf': 3, 'rsm': 0.9860517218787853}. Best is trial 1892 with value: 0.9319758700936625.
Trial 2653: AUC = 0.9298 | Params = {'iterations': 82, 'learning_rate': 0.19575830894363971, 'depth': 4, 'l2_leaf_reg': 1.7989260765479727, 'subsample': 0.7171225767248929, 'min_data_in_leaf': 3, 'rsm': 0.9860517218787853, 'loss_function': 'Logloss', 'eval_metric': 'AUC', 'grow_policy': 'Depthwise'}
[I 2024-12-29 22:16:40,044] Trial 2654 finished with value: 0.9288930283061255 and parameters: {'iterations': 68, 'learning_rate': 0.1997661422933926, 'depth': 4, 'l2_leaf_reg': 2.323103053420061, 'subsample': 0.7090720263575081, 'min_data_in_leaf': 1, 'rsm': 0.9919532269540456}. Best is trial 1892 with value: 0.9319758700936625.
Trial 2654: AUC = 0.9289 | Params = {'iterations': 68, 'learning_rate': 0.1997661422933926, 'depth': 4, 'l2_leaf_reg': 2.323103053420061, 'subsample': 0.7090720263575081, 'min_data_in_leaf': 1, 'rsm': 0.9919532269540456, 'loss_function': 'Logloss', 'eval_metric': 'AUC', 'grow_policy': 'Depthwise'}
[I 2024-12-29 22:16:40,507] Trial 2655 finished with value: 0.9288415456043133 and parameters: {'iterations': 71, 'learning_rate': 0.19571276163257084, 'depth': 4, 'l2_leaf_reg': 2.5794077487189933, 'subsample': 0.8050128844958293, 'min_data_in_leaf': 2, 'rsm': 0.9863691500557539}. Best is trial 1892 with value: 0.9319758700936625.
Trial 2655: AUC = 0.9288 | Params = {'iterations': 71, 'learning_rate': 0.19571276163257084, 'depth': 4, 'l2_leaf_reg': 2.5794077487189933, 'subsample': 0.8050128844958293, 'min_data_in_leaf': 2, 'rsm': 0.9863691500557539, 'loss_function': 'Logloss', 'eval_metric': 'AUC', 'grow_policy': 'Depthwise'}
[I 2024-12-29 22:16:41,086] Trial 2656 finished with value: 0.9301469741132015 and parameters: {'iterations': 84, 'learning_rate': 0.19993712832855762, 'depth': 4, 'l2_leaf_reg': 3.5888184431076633, 'subsample': 0.7214414024659797, 'min_data_in_leaf': 5, 'rsm': 0.9863789221795758}. Best is trial 1892 with value: 0.9319758700936625.
Trial 2656: AUC = 0.9301 | Params = {'iterations': 84, 'learning_rate': 0.19993712832855762, 'depth': 4, 'l2_leaf_reg': 3.5888184431076633, 'subsample': 0.7214414024659797, 'min_data_in_leaf': 5, 'rsm': 0.9863789221795758, 'loss_function': 'Logloss', 'eval_metric': 'AUC', 'grow_policy': 'Depthwise'}
[I 2024-12-29 22:16:41,571] Trial 2657 finished with value: 0.9296065857536204 and parameters: {'iterations': 89, 'learning_rate': 0.19386334334797645, 'depth': 4, 'l2_leaf_reg': 3.402851372069487, 'subsample': 0.704808512822278, 'min_data_in_leaf': 2, 'rsm': 0.9908477878804579}. Best is trial 1892 with value: 0.9319758700936625.
Trial 2657: AUC = 0.9296 | Params = {'iterations': 89, 'learning_rate': 0.19386334334797645, 'depth': 4, 'l2_leaf_reg': 3.402851372069487, 'subsample': 0.704808512822278, 'min_data_in_leaf': 2, 'rsm': 0.9908477878804579, 'loss_function': 'Logloss', 'eval_metric': 'AUC', 'grow_policy': 'Depthwise'}
[I 2024-12-29 22:16:42,049] Trial 2658 finished with value: 0.9290395559958986 and parameters: {'iterations': 80, 'learning_rate': 0.14779554973327266, 'depth': 4, 'l2_leaf_reg': 1.6311098718732107, 'subsample': 0.7149337144715988, 'min_data_in_leaf': 3, 'rsm': 0.9826845474774907}. Best is trial 1892 with value: 0.9319758700936625.
Trial 2658: AUC = 0.9290 | Params = {'iterations': 80, 'learning_rate': 0.14779554973327266, 'depth': 4, 'l2_leaf_reg': 1.6311098718732107, 'subsample': 0.7149337144715988, 'min_data_in_leaf': 3, 'rsm': 0.9826845474774907, 'loss_function': 'Logloss', 'eval_metric': 'AUC', 'grow_policy': 'Depthwise'}
[I 2024-12-29 22:16:42,565] Trial 2659 finished with value: 0.93024273913895 and parameters: {'iterations': 89, 'learning_rate': 0.19993534505245897, 'depth': 4, 'l2_leaf_reg': 1.0778327008225475, 'subsample': 0.7256738591515448, 'min_data_in_leaf': 23, 'rsm': 0.9841646391132302}. Best is trial 1892 with value: 0.9319758700936625.
Trial 2659: AUC = 0.9302 | Params = {'iterations': 89, 'learning_rate': 0.19993534505245897, 'depth': 4, 'l2_leaf_reg': 1.0778327008225475, 'subsample': 0.7256738591515448, 'min_data_in_leaf': 23, 'rsm': 0.9841646391132302, 'loss_function': 'Logloss', 'eval_metric': 'AUC', 'grow_policy': 'Depthwise'}
[I 2024-12-29 22:16:43,083] Trial 2660 finished with value: 0.9297563536134376 and parameters: {'iterations': 64, 'learning_rate': 0.19540755191821718, 'depth': 4, 'l2_leaf_reg': 3.6729900475692028, 'subsample': 0.7113787979354186, 'min_data_in_leaf': 2, 'rsm': 0.9951614587293757}. Best is trial 1892 with value: 0.9319758700936625.
Trial 2660: AUC = 0.9298 | Params = {'iterations': 64, 'learning_rate': 0.19540755191821718, 'depth': 4, 'l2_leaf_reg': 3.6729900475692028, 'subsample': 0.7113787979354186, 'min_data_in_leaf': 2, 'rsm': 0.9951614587293757, 'loss_function': 'Logloss', 'eval_metric': 'AUC', 'grow_policy': 'Depthwise'}
[I 2024-12-29 22:16:43,591] Trial 2661 finished with value: 0.9296616686443705 and parameters: {'iterations': 87, 'learning_rate': 0.06022836677395618, 'depth': 4, 'l2_leaf_reg': 1.7543545215628482, 'subsample': 0.7172404095368756, 'min_data_in_leaf': 3, 'rsm': 0.9896386186784123}. Best is trial 1892 with value: 0.9319758700936625.
Trial 2661: AUC = 0.9297 | Params = {'iterations': 87, 'learning_rate': 0.06022836677395618, 'depth': 4, 'l2_leaf_reg': 1.7543545215628482, 'subsample': 0.7172404095368756, 'min_data_in_leaf': 3, 'rsm': 0.9896386186784123, 'loss_function': 'Logloss', 'eval_metric': 'AUC', 'grow_policy': 'Depthwise'}
[I 2024-12-29 22:16:44,089] Trial 2662 finished with value: 0.9306095983917236 and parameters: {'iterations': 120, 'learning_rate': 0.19987568633165378, 'depth': 4, 'l2_leaf_reg': 2.841891485615639, 'subsample': 0.7046599968099254, 'min_data_in_leaf': 3, 'rsm': 0.9832739104940393}. Best is trial 1892 with value: 0.9319758700936625.
Trial 2662: AUC = 0.9306 | Params = {'iterations': 120, 'learning_rate': 0.19987568633165378, 'depth': 4, 'l2_leaf_reg': 2.841891485615639, 'subsample': 0.7046599968099254, 'min_data_in_leaf': 3, 'rsm': 0.9832739104940393, 'loss_function': 'Logloss', 'eval_metric': 'AUC', 'grow_policy': 'Depthwise'}
[I 2024-12-29 22:16:44,686] Trial 2663 finished with value: 0.9303629854494764 and parameters: {'iterations': 136, 'learning_rate': 0.1956098776907996, 'depth': 4, 'l2_leaf_reg': 4.59773558754808, 'subsample': 0.7001443346695845, 'min_data_in_leaf': 2, 'rsm': 0.9800003041658101}. Best is trial 1892 with value: 0.9319758700936625.
Trial 2663: AUC = 0.9304 | Params = {'iterations': 136, 'learning_rate': 0.1956098776907996, 'depth': 4, 'l2_leaf_reg': 4.59773558754808, 'subsample': 0.7001443346695845, 'min_data_in_leaf': 2, 'rsm': 0.9800003041658101, 'loss_function': 'Logloss', 'eval_metric': 'AUC', 'grow_policy': 'Depthwise'}
[I 2024-12-29 22:16:45,208] Trial 2664 finished with value: 0.930206377230677 and parameters: {'iterations': 90, 'learning_rate': 0.19312037991541187, 'depth': 4, 'l2_leaf_reg': 4.521262805667895, 'subsample': 0.7350607545574477, 'min_data_in_leaf': 20, 'rsm': 0.9867589701034515}. Best is trial 1892 with value: 0.9319758700936625.
Trial 2664: AUC = 0.9302 | Params = {'iterations': 90, 'learning_rate': 0.19312037991541187, 'depth': 4, 'l2_leaf_reg': 4.521262805667895, 'subsample': 0.7350607545574477, 'min_data_in_leaf': 20, 'rsm': 0.9867589701034515, 'loss_function': 'Logloss', 'eval_metric': 'AUC', 'grow_policy': 'Depthwise'}
[I 2024-12-29 22:16:45,811] Trial 2665 finished with value: 0.9291569221552747 and parameters: {'iterations': 160, 'learning_rate': 0.19715390735726593, 'depth': 4, 'l2_leaf_reg': 2.4652959388911198, 'subsample': 0.7228443715315538, 'min_data_in_leaf': 1, 'rsm': 0.9807223169599308}. Best is trial 1892 with value: 0.9319758700936625.
Trial 2665: AUC = 0.9292 | Params = {'iterations': 160, 'learning_rate': 0.19715390735726593, 'depth': 4, 'l2_leaf_reg': 2.4652959388911198, 'subsample': 0.7228443715315538, 'min_data_in_leaf': 1, 'rsm': 0.9807223169599308, 'loss_function': 'Logloss', 'eval_metric': 'AUC', 'grow_policy': 'Depthwise'}
[I 2024-12-29 22:16:46,623] Trial 2666 finished with value: 0.9292357662930151 and parameters: {'iterations': 84, 'learning_rate': 0.19997399573867403, 'depth': 4, 'l2_leaf_reg': 1.696833898627138, 'subsample': 0.7000816786034804, 'min_data_in_leaf': 2, 'rsm': 0.9938579955361132}. Best is trial 1892 with value: 0.9319758700936625.
Trial 2666: AUC = 0.9292 | Params = {'iterations': 84, 'learning_rate': 0.19997399573867403, 'depth': 4, 'l2_leaf_reg': 1.696833898627138, 'subsample': 0.7000816786034804, 'min_data_in_leaf': 2, 'rsm': 0.9938579955361132, 'loss_function': 'Logloss', 'eval_metric': 'AUC', 'grow_policy': 'Depthwise'}
[I 2024-12-29 22:16:47,196] Trial 2667 finished with value: 0.9287641415421481 and parameters: {'iterations': 72, 'learning_rate': 0.19275968910367652, 'depth': 4, 'l2_leaf_reg': 3.267790932385446, 'subsample': 0.709728013402656, 'min_data_in_leaf': 2, 'rsm': 0.979363765310638}. Best is trial 1892 with value: 0.9319758700936625.
Trial 2667: AUC = 0.9288 | Params = {'iterations': 72, 'learning_rate': 0.19275968910367652, 'depth': 4, 'l2_leaf_reg': 3.267790932385446, 'subsample': 0.709728013402656, 'min_data_in_leaf': 2, 'rsm': 0.979363765310638, 'loss_function': 'Logloss', 'eval_metric': 'AUC', 'grow_policy': 'Depthwise'}
[I 2024-12-29 22:16:47,855] Trial 2668 finished with value: 0.9308889730533058 and parameters: {'iterations': 149, 'learning_rate': 0.19528586522870653, 'depth': 4, 'l2_leaf_reg': 4.620552781640626, 'subsample': 0.7289702654995567, 'min_data_in_leaf': 1, 'rsm': 0.9887497628841776}. Best is trial 1892 with value: 0.9319758700936625.
Trial 2668: AUC = 0.9309 | Params = {'iterations': 149, 'learning_rate': 0.19528586522870653, 'depth': 4, 'l2_leaf_reg': 4.620552781640626, 'subsample': 0.7289702654995567, 'min_data_in_leaf': 1, 'rsm': 0.9887497628841776, 'loss_function': 'Logloss', 'eval_metric': 'AUC', 'grow_policy': 'Depthwise'}
[I 2024-12-29 22:16:48,510] Trial 2669 finished with value: 0.9283962022326931 and parameters: {'iterations': 66, 'learning_rate': 0.1907755535599875, 'depth': 4, 'l2_leaf_reg': 4.547163874020126, 'subsample': 0.7167080119603774, 'min_data_in_leaf': 1, 'rsm': 0.9827924461815971}. Best is trial 1892 with value: 0.9319758700936625.
Trial 2669: AUC = 0.9284 | Params = {'iterations': 66, 'learning_rate': 0.1907755535599875, 'depth': 4, 'l2_leaf_reg': 4.547163874020126, 'subsample': 0.7167080119603774, 'min_data_in_leaf': 1, 'rsm': 0.9827924461815971, 'loss_function': 'Logloss', 'eval_metric': 'AUC', 'grow_policy': 'Depthwise'}
[I 2024-12-29 22:16:49,154] Trial 2670 finished with value: 0.9299356430225458 and parameters: {'iterations': 61, 'learning_rate': 0.19724592399378918, 'depth': 4, 'l2_leaf_reg': 3.861688789228433, 'subsample': 0.7104296408677315, 'min_data_in_leaf': 24, 'rsm': 0.9758513465108241}. Best is trial 1892 with value: 0.9319758700936625.
Trial 2670: AUC = 0.9299 | Params = {'iterations': 61, 'learning_rate': 0.19724592399378918, 'depth': 4, 'l2_leaf_reg': 3.861688789228433, 'subsample': 0.7104296408677315, 'min_data_in_leaf': 24, 'rsm': 0.9758513465108241, 'loss_function': 'Logloss', 'eval_metric': 'AUC', 'grow_policy': 'Depthwise'}
[I 2024-12-29 22:16:49,838] Trial 2671 finished with value: 0.9295597832974274 and parameters: {'iterations': 86, 'learning_rate': 0.19990751276219834, 'depth': 4, 'l2_leaf_reg': 1.2744297906505444, 'subsample': 0.7211203385099484, 'min_data_in_leaf': 24, 'rsm': 0.9758390773142214}. Best is trial 1892 with value: 0.9319758700936625.
Trial 2671: AUC = 0.9296 | Params = {'iterations': 86, 'learning_rate': 0.19990751276219834, 'depth': 4, 'l2_leaf_reg': 1.2744297906505444, 'subsample': 0.7211203385099484, 'min_data_in_leaf': 24, 'rsm': 0.9758390773142214, 'loss_function': 'Logloss', 'eval_metric': 'AUC', 'grow_policy': 'Depthwise'}
[I 2024-12-29 22:16:50,451] Trial 2672 finished with value: 0.9303266235412035 and parameters: {'iterations': 89, 'learning_rate': 0.19298245554066337, 'depth': 4, 'l2_leaf_reg': 1.8520351250102995, 'subsample': 0.7142999921858741, 'min_data_in_leaf': 2, 'rsm': 0.9858705432041248}. Best is trial 1892 with value: 0.9319758700936625.
Trial 2672: AUC = 0.9303 | Params = {'iterations': 89, 'learning_rate': 0.19298245554066337, 'depth': 4, 'l2_leaf_reg': 1.8520351250102995, 'subsample': 0.7142999921858741, 'min_data_in_leaf': 2, 'rsm': 0.9858705432041248, 'loss_function': 'Logloss', 'eval_metric': 'AUC', 'grow_policy': 'Depthwise'}
[I 2024-12-29 22:16:51,062] Trial 2673 finished with value: 0.92935493254686 and parameters: {'iterations': 79, 'learning_rate': 0.1954792481276338, 'depth': 4, 'l2_leaf_reg': 4.690873830175016, 'subsample': 0.7085592071897091, 'min_data_in_leaf': 2, 'rsm': 0.9809992491300912}. Best is trial 1892 with value: 0.9319758700936625.
Trial 2673: AUC = 0.9294 | Params = {'iterations': 79, 'learning_rate': 0.1954792481276338, 'depth': 4, 'l2_leaf_reg': 4.690873830175016, 'subsample': 0.7085592071897091, 'min_data_in_leaf': 2, 'rsm': 0.9809992491300912, 'loss_function': 'Logloss', 'eval_metric': 'AUC', 'grow_policy': 'Depthwise'}
[I 2024-12-29 22:16:51,845] Trial 2674 finished with value: 0.929557263165171 and parameters: {'iterations': 108, 'learning_rate': 0.19994902082063526, 'depth': 4, 'l2_leaf_reg': 4.458897571888318, 'subsample': 0.7226358506777134, 'min_data_in_leaf': 4, 'rsm': 0.8452504481299044}. Best is trial 1892 with value: 0.9319758700936625.
Trial 2674: AUC = 0.9296 | Params = {'iterations': 108, 'learning_rate': 0.19994902082063526, 'depth': 4, 'l2_leaf_reg': 4.458897571888318, 'subsample': 0.7226358506777134, 'min_data_in_leaf': 4, 'rsm': 0.8452504481299044, 'loss_function': 'Logloss', 'eval_metric': 'AUC', 'grow_policy': 'Depthwise'}
[I 2024-12-29 22:16:52,534] Trial 2675 finished with value: 0.9306625211691111 and parameters: {'iterations': 91, 'learning_rate': 0.18909137746423385, 'depth': 4, 'l2_leaf_reg': 2.0599975991197637, 'subsample': 0.7287012141758471, 'min_data_in_leaf': 3, 'rsm': 0.9722710392327134}. Best is trial 1892 with value: 0.9319758700936625.
Trial 2675: AUC = 0.9307 | Params = {'iterations': 91, 'learning_rate': 0.18909137746423385, 'depth': 4, 'l2_leaf_reg': 2.0599975991197637, 'subsample': 0.7287012141758471, 'min_data_in_leaf': 3, 'rsm': 0.9722710392327134, 'loss_function': 'Logloss', 'eval_metric': 'AUC', 'grow_policy': 'Depthwise'}
[I 2024-12-29 22:16:53,042] Trial 2676 finished with value: 0.9308551312772895 and parameters: {'iterations': 69, 'learning_rate': 0.18575582656980363, 'depth': 4, 'l2_leaf_reg': 4.458400437685645, 'subsample': 0.7532729862040343, 'min_data_in_leaf': 8, 'rsm': 0.9571777667311047}. Best is trial 1892 with value: 0.9319758700936625.
Trial 2676: AUC = 0.9309 | Params = {'iterations': 69, 'learning_rate': 0.18575582656980363, 'depth': 4, 'l2_leaf_reg': 4.458400437685645, 'subsample': 0.7532729862040343, 'min_data_in_leaf': 8, 'rsm': 0.9571777667311047, 'loss_function': 'Logloss', 'eval_metric': 'AUC', 'grow_policy': 'Depthwise'}
[I 2024-12-29 22:16:53,545] Trial 2677 finished with value: 0.9309350554717111 and parameters: {'iterations': 86, 'learning_rate': 0.19288518164595783, 'depth': 4, 'l2_leaf_reg': 3.2934102349539325, 'subsample': 0.7165378331844103, 'min_data_in_leaf': 2, 'rsm': 0.9892156395057224}. Best is trial 1892 with value: 0.9319758700936625.
Trial 2677: AUC = 0.9309 | Params = {'iterations': 86, 'learning_rate': 0.19288518164595783, 'depth': 4, 'l2_leaf_reg': 3.2934102349539325, 'subsample': 0.7165378331844103, 'min_data_in_leaf': 2, 'rsm': 0.9892156395057224, 'loss_function': 'Logloss', 'eval_metric': 'AUC', 'grow_policy': 'Depthwise'}
[I 2024-12-29 22:16:54,116] Trial 2678 finished with value: 0.929741952857686 and parameters: {'iterations': 75, 'learning_rate': 0.19656258122730033, 'depth': 4, 'l2_leaf_reg': 4.567776728766294, 'subsample': 0.8677398590255418, 'min_data_in_leaf': 24, 'rsm': 0.8112364527924284}. Best is trial 1892 with value: 0.9319758700936625.
Trial 2678: AUC = 0.9297 | Params = {'iterations': 75, 'learning_rate': 0.19656258122730033, 'depth': 4, 'l2_leaf_reg': 4.567776728766294, 'subsample': 0.8677398590255418, 'min_data_in_leaf': 24, 'rsm': 0.8112364527924284, 'loss_function': 'Logloss', 'eval_metric': 'AUC', 'grow_policy': 'Depthwise'}
[I 2024-12-29 22:16:54,625] Trial 2679 finished with value: 0.9287432604463083 and parameters: {'iterations': 92, 'learning_rate': 0.1907115665061785, 'depth': 4, 'l2_leaf_reg': 4.407176897398434, 'subsample': 0.7094149043527082, 'min_data_in_leaf': 2, 'rsm': 0.9786235929553171}. Best is trial 1892 with value: 0.9319758700936625.
Trial 2679: AUC = 0.9287 | Params = {'iterations': 92, 'learning_rate': 0.1907115665061785, 'depth': 4, 'l2_leaf_reg': 4.407176897398434, 'subsample': 0.7094149043527082, 'min_data_in_leaf': 2, 'rsm': 0.9786235929553171, 'loss_function': 'Logloss', 'eval_metric': 'AUC', 'grow_policy': 'Depthwise'}
