[I 2024-12-29 22:13:22,988] Trial 2272 finished with value: 0.9302002569094826 and parameters: {'iterations': 91, 'learning_rate': 0.18656260138612413, 'depth': 4, 'l2_leaf_reg': 4.324048517409389, 'subsample': 0.72538362863809, 'min_data_in_leaf': 25, 'rsm': 0.9898446163681414}. Best is trial 1892 with value: 0.9319758700936625.
Trial 2272: AUC = 0.9302 | Params = {'iterations': 91, 'learning_rate': 0.18656260138612413, 'depth': 4, 'l2_leaf_reg': 4.324048517409389, 'subsample': 0.72538362863809, 'min_data_in_leaf': 25, 'rsm': 0.9898446163681414, 'loss_function': 'Logloss', 'eval_metric': 'AUC', 'grow_policy': 'Depthwise'}
[I 2024-12-29 22:13:23,426] Trial 2273 finished with value: 0.9295212612757918 and parameters: {'iterations': 85, 'learning_rate': 0.19479944686590378, 'depth': 4, 'l2_leaf_reg': 4.060450124071005, 'subsample': 0.8477524430789026, 'min_data_in_leaf': 24, 'rsm': 0.9675688220665386}. Best is trial 1892 with value: 0.9319758700936625.
Trial 2273: AUC = 0.9295 | Params = {'iterations': 85, 'learning_rate': 0.19479944686590378, 'depth': 4, 'l2_leaf_reg': 4.060450124071005, 'subsample': 0.8477524430789026, 'min_data_in_leaf': 24, 'rsm': 0.9675688220665386, 'loss_function': 'Logloss', 'eval_metric': 'AUC', 'grow_policy': 'Depthwise'}
[I 2024-12-29 22:13:23,928] Trial 2274 finished with value: 0.9296195464337969 and parameters: {'iterations': 94, 'learning_rate': 0.12121397389249933, 'depth': 4, 'l2_leaf_reg': 4.200633356949696, 'subsample': 0.7101738073093936, 'min_data_in_leaf': 23, 'rsm': 0.7518050745315473}. Best is trial 1892 with value: 0.9319758700936625.
Trial 2274: AUC = 0.9296 | Params = {'iterations': 94, 'learning_rate': 0.12121397389249933, 'depth': 4, 'l2_leaf_reg': 4.200633356949696, 'subsample': 0.7101738073093936, 'min_data_in_leaf': 23, 'rsm': 0.7518050745315473, 'loss_function': 'Logloss', 'eval_metric': 'AUC', 'grow_policy': 'Depthwise'}
[I 2024-12-29 22:13:23,207] Trial 2275 finished with value: 0.9304231086047395 and parameters: {'iterations': 157, 'learning_rate': 0.189999440853128, 'depth': 4, 'l2_leaf_reg': 4.6210009459390715, 'subsample': 0.7192716499323344, 'min_data_in_leaf': 27, 'rsm': 0.981528363485606}. Best is trial 1892 with value: 0.9319758700936625.
Trial 2275: AUC = 0.9304 | Params = {'iterations': 157, 'learning_rate': 0.189999440853128, 'depth': 4, 'l2_leaf_reg': 4.6210009459390715, 'subsample': 0.7192716499323344, 'min_data_in_leaf': 27, 'rsm': 0.981528363485606, 'loss_function': 'Logloss', 'eval_metric': 'AUC', 'grow_policy': 'Depthwise'}
[I 2024-12-29 22:13:23,679] Trial 2276 finished with value: 0.930285941406205 and parameters: {'iterations': 88, 'learning_rate': 0.19345938397367, 'depth': 4, 'l2_leaf_reg': 4.493240612183941, 'subsample': 0.7000032421605659, 'min_data_in_leaf': 24, 'rsm': 0.972095216105427}. Best is trial 1892 with value: 0.9319758700936625.
Trial 2276: AUC = 0.9303 | Params = {'iterations': 88, 'learning_rate': 0.19345938397367, 'depth': 4, 'l2_leaf_reg': 4.493240612183941, 'subsample': 0.7000032421605659, 'min_data_in_leaf': 24, 'rsm': 0.972095216105427, 'loss_function': 'Logloss', 'eval_metric': 'AUC', 'grow_policy': 'Depthwise'}
[I 2024-12-29 22:13:24,078] Trial 2277 finished with value: 0.9301311332818747 and parameters: {'iterations': 71, 'learning_rate': 0.19436412098455966, 'depth': 4, 'l2_leaf_reg': 4.277522749289386, 'subsample': 0.7137522026220828, 'min_data_in_leaf': 26, 'rsm': 0.9780493391211043}. Best is trial 1892 with value: 0.9319758700936625.
Trial 2277: AUC = 0.9301 | Params = {'iterations': 71, 'learning_rate': 0.19436412098455966, 'depth': 4, 'l2_leaf_reg': 4.277522749289386, 'subsample': 0.7137522026220828, 'min_data_in_leaf': 26, 'rsm': 0.9780493391211043, 'loss_function': 'Logloss', 'eval_metric': 'AUC', 'grow_policy': 'Depthwise'}
[I 2024-12-29 22:13:24,570] Trial 2278 finished with value: 0.93026362023479 and parameters: {'iterations': 96, 'learning_rate': 0.19740266428148656, 'depth': 4, 'l2_leaf_reg': 4.1226187323715475, 'subsample': 0.7287819363935135, 'min_data_in_leaf': 25, 'rsm': 0.9872828000905888}. Best is trial 1892 with value: 0.9319758700936625.
Trial 2278: AUC = 0.9303 | Params = {'iterations': 96, 'learning_rate': 0.19740266428148656, 'depth': 4, 'l2_leaf_reg': 4.1226187323715475, 'subsample': 0.7287819363935135, 'min_data_in_leaf': 25, 'rsm': 0.9872828000905888, 'loss_function': 'Logloss', 'eval_metric': 'AUC', 'grow_policy': 'Depthwise'}
[I 2024-12-29 22:13:24,970] Trial 2279 finished with value: 0.9293527724334972 and parameters: {'iterations': 63, 'learning_rate': 0.09272307641398116, 'depth': 4, 'l2_leaf_reg': 4.396118660530344, 'subsample': 0.895789492001922, 'min_data_in_leaf': 25, 'rsm': 0.9659026563566366}. Best is trial 1892 with value: 0.9319758700936625.
Trial 2279: AUC = 0.9294 | Params = {'iterations': 63, 'learning_rate': 0.09272307641398116, 'depth': 4, 'l2_leaf_reg': 4.396118660530344, 'subsample': 0.895789492001922, 'min_data_in_leaf': 25, 'rsm': 0.9659026563566366, 'loss_function': 'Logloss', 'eval_metric': 'AUC', 'grow_policy': 'Depthwise'}
[I 2024-12-29 22:13:25,382] Trial 2280 finished with value: 0.9305739565212382 and parameters: {'iterations': 68, 'learning_rate': 0.19115897783244534, 'depth': 4, 'l2_leaf_reg': 3.9588807712337135, 'subsample': 0.706454945931664, 'min_data_in_leaf': 28, 'rsm': 0.9613258956865354}. Best is trial 1892 with value: 0.9319758700936625.
Trial 2280: AUC = 0.9306 | Params = {'iterations': 68, 'learning_rate': 0.19115897783244534, 'depth': 4, 'l2_leaf_reg': 3.9588807712337135, 'subsample': 0.706454945931664, 'min_data_in_leaf': 28, 'rsm': 0.9613258956865354, 'loss_function': 'Logloss', 'eval_metric': 'AUC', 'grow_policy': 'Depthwise'}
[I 2024-12-29 22:13:25,810] Trial 2281 finished with value: 0.9305512753309293 and parameters: {'iterations': 83, 'learning_rate': 0.1865058187162053, 'depth': 4, 'l2_leaf_reg': 3.1763357289883767, 'subsample': 0.7219224117578493, 'min_data_in_leaf': 25, 'rsm': 0.973298520763524}. Best is trial 1892 with value: 0.9319758700936625.
Trial 2281: AUC = 0.9306 | Params = {'iterations': 83, 'learning_rate': 0.1865058187162053, 'depth': 4, 'l2_leaf_reg': 3.1763357289883767, 'subsample': 0.7219224117578493, 'min_data_in_leaf': 25, 'rsm': 0.973298520763524, 'loss_function': 'Logloss', 'eval_metric': 'AUC', 'grow_policy': 'Depthwise'}
[I 2024-12-29 22:13:26,251] Trial 2282 finished with value: 0.929626386792779 and parameters: {'iterations': 90, 'learning_rate': 0.19686923901278822, 'depth': 4, 'l2_leaf_reg': 4.32878305961943, 'subsample': 0.8843328333969405, 'min_data_in_leaf': 24, 'rsm': 0.9818929025070845}. Best is trial 1892 with value: 0.9319758700936625.
Trial 2282: AUC = 0.9296 | Params = {'iterations': 90, 'learning_rate': 0.19686923901278822, 'depth': 4, 'l2_leaf_reg': 4.32878305961943, 'subsample': 0.8843328333969405, 'min_data_in_leaf': 24, 'rsm': 0.9818929025070845, 'loss_function': 'Logloss', 'eval_metric': 'AUC', 'grow_policy': 'Depthwise'}
[I 2024-12-29 22:13:26,856] Trial 2283 finished with value: 0.9300810906556376 and parameters: {'iterations': 76, 'learning_rate': 0.19259323298593817, 'depth': 5, 'l2_leaf_reg': 4.229566550075601, 'subsample': 0.7412037591955615, 'min_data_in_leaf': 26, 'rsm': 0.9685515855236337}. Best is trial 1892 with value: 0.9319758700936625.
Trial 2283: AUC = 0.9301 | Params = {'iterations': 76, 'learning_rate': 0.19259323298593817, 'depth': 5, 'l2_leaf_reg': 4.229566550075601, 'subsample': 0.7412037591955615, 'min_data_in_leaf': 26, 'rsm': 0.9685515855236337, 'loss_function': 'Logloss', 'eval_metric': 'AUC', 'grow_policy': 'Depthwise'}
[I 2024-12-29 22:13:27,382] Trial 2284 finished with value: 0.9294319765901315 and parameters: {'iterations': 137, 'learning_rate': 0.10116725885320674, 'depth': 4, 'l2_leaf_reg': 4.493822160313902, 'subsample': 0.7129757866406613, 'min_data_in_leaf': 26, 'rsm': 0.9770175824357168}. Best is trial 1892 with value: 0.9319758700936625.
Trial 2284: AUC = 0.9294 | Params = {'iterations': 137, 'learning_rate': 0.10116725885320674, 'depth': 4, 'l2_leaf_reg': 4.493822160313902, 'subsample': 0.7129757866406613, 'min_data_in_leaf': 26, 'rsm': 0.9770175824357168, 'loss_function': 'Logloss', 'eval_metric': 'AUC', 'grow_policy': 'Depthwise'}
[I 2024-12-29 22:13:27,887] Trial 2285 finished with value: 0.9293815739450008 and parameters: {'iterations': 122, 'learning_rate': 0.19741375139981937, 'depth': 4, 'l2_leaf_reg': 4.390438694617239, 'subsample': 0.7049264668654964, 'min_data_in_leaf': 27, 'rsm': 0.9858301426176573}. Best is trial 1892 with value: 0.9319758700936625.
Trial 2285: AUC = 0.9294 | Params = {'iterations': 122, 'learning_rate': 0.19741375139981937, 'depth': 4, 'l2_leaf_reg': 4.390438694617239, 'subsample': 0.7049264668654964, 'min_data_in_leaf': 27, 'rsm': 0.9858301426176573, 'loss_function': 'Logloss', 'eval_metric': 'AUC', 'grow_policy': 'Depthwise'}
[I 2024-12-29 22:13:28,364] Trial 2286 finished with value: 0.9300818106934252 and parameters: {'iterations': 92, 'learning_rate': 0.1900397027465048, 'depth': 4, 'l2_leaf_reg': 4.155674510942735, 'subsample': 0.7178681926950531, 'min_data_in_leaf': 24, 'rsm': 0.9621077769069235}. Best is trial 1892 with value: 0.9319758700936625.
Trial 2286: AUC = 0.9301 | Params = {'iterations': 92, 'learning_rate': 0.1900397027465048, 'depth': 4, 'l2_leaf_reg': 4.155674510942735, 'subsample': 0.7178681926950531, 'min_data_in_leaf': 24, 'rsm': 0.9621077769069235, 'loss_function': 'Logloss', 'eval_metric': 'AUC', 'grow_policy': 'Depthwise'}
[I 2024-12-29 22:13:28,848] Trial 2287 finished with value: 0.9299453635326783 and parameters: {'iterations': 80, 'learning_rate': 0.1953886791347282, 'depth': 4, 'l2_leaf_reg': 4.563373844328701, 'subsample': 0.724525688086841, 'min_data_in_leaf': 25, 'rsm': 0.8066597472133225}. Best is trial 1892 with value: 0.9319758700936625.
Trial 2287: AUC = 0.9299 | Params = {'iterations': 80, 'learning_rate': 0.1953886791347282, 'depth': 4, 'l2_leaf_reg': 4.563373844328701, 'subsample': 0.724525688086841, 'min_data_in_leaf': 25, 'rsm': 0.8066597472133225, 'loss_function': 'Logloss', 'eval_metric': 'AUC', 'grow_policy': 'Depthwise'}
[I 2024-12-29 22:13:29,286] Trial 2288 finished with value: 0.929012914597758 and parameters: {'iterations': 98, 'learning_rate': 0.18597543457355914, 'depth': 4, 'l2_leaf_reg': 4.294038914477258, 'subsample': 0.7320342900637216, 'min_data_in_leaf': 26, 'rsm': 0.9723352620572162}. Best is trial 1892 with value: 0.9319758700936625.
Trial 2288: AUC = 0.9290 | Params = {'iterations': 98, 'learning_rate': 0.18597543457355914, 'depth': 4, 'l2_leaf_reg': 4.294038914477258, 'subsample': 0.7320342900637216, 'min_data_in_leaf': 26, 'rsm': 0.9723352620572162, 'loss_function': 'Logloss', 'eval_metric': 'AUC', 'grow_policy': 'Depthwise'}
[I 2024-12-29 22:13:29,828] Trial 2289 finished with value: 0.9298632792248938 and parameters: {'iterations': 86, 'learning_rate': 0.19292583418568734, 'depth': 4, 'l2_leaf_reg': 4.412328787115982, 'subsample': 0.7108129796319602, 'min_data_in_leaf': 23, 'rsm': 0.9952964790843324}. Best is trial 1892 with value: 0.9319758700936625.
Trial 2289: AUC = 0.9299 | Params = {'iterations': 86, 'learning_rate': 0.19292583418568734, 'depth': 4, 'l2_leaf_reg': 4.412328787115982, 'subsample': 0.7108129796319602, 'min_data_in_leaf': 23, 'rsm': 0.9952964790843324, 'loss_function': 'Logloss', 'eval_metric': 'AUC', 'grow_policy': 'Depthwise'}
[I 2024-12-29 22:13:30,312] Trial 2290 finished with value: 0.9292955294293845 and parameters: {'iterations': 95, 'learning_rate': 0.197235497340778, 'depth': 4, 'l2_leaf_reg': 4.044880250644165, 'subsample': 0.7175783139226433, 'min_data_in_leaf': 25, 'rsm': 0.9810353498432389}. Best is trial 1892 with value: 0.9319758700936625.
Trial 2290: AUC = 0.9293 | Params = {'iterations': 95, 'learning_rate': 0.197235497340778, 'depth': 4, 'l2_leaf_reg': 4.044880250644165, 'subsample': 0.7175783139226433, 'min_data_in_leaf': 25, 'rsm': 0.9810353498432389, 'loss_function': 'Logloss', 'eval_metric': 'AUC', 'grow_policy': 'Depthwise'}
[I 2024-12-29 22:13:30,743] Trial 2291 finished with value: 0.9304648707964195 and parameters: {'iterations': 89, 'learning_rate': 0.1893565986471834, 'depth': 4, 'l2_leaf_reg': 4.2205580091051536, 'subsample': 0.7055436135484647, 'min_data_in_leaf': 24, 'rsm': 0.9685835292164778}. Best is trial 1892 with value: 0.9319758700936625.
Trial 2291: AUC = 0.9305 | Params = {'iterations': 89, 'learning_rate': 0.1893565986471834, 'depth': 4, 'l2_leaf_reg': 4.2205580091051536, 'subsample': 0.7055436135484647, 'min_data_in_leaf': 24, 'rsm': 0.9685835292164778, 'loss_function': 'Logloss', 'eval_metric': 'AUC', 'grow_policy': 'Depthwise'}
[I 2024-12-29 22:13:31,170] Trial 2292 finished with value: 0.9295785042799047 and parameters: {'iterations': 72, 'learning_rate': 0.19533145586624415, 'depth': 4, 'l2_leaf_reg': 4.485997237369913, 'subsample': 0.7245018920686114, 'min_data_in_leaf': 27, 'rsm': 0.908385303223732}. Best is trial 1892 with value: 0.9319758700936625.
Trial 2292: AUC = 0.9296 | Params = {'iterations': 72, 'learning_rate': 0.19533145586624415, 'depth': 4, 'l2_leaf_reg': 4.485997237369913, 'subsample': 0.7245018920686114, 'min_data_in_leaf': 27, 'rsm': 0.908385303223732, 'loss_function': 'Logloss', 'eval_metric': 'AUC', 'grow_policy': 'Depthwise'}
[I 2024-12-29 22:13:31,616] Trial 2293 finished with value: 0.9313883192589947 and parameters: {'iterations': 67, 'learning_rate': 0.19230525709958318, 'depth': 4, 'l2_leaf_reg': 4.647855824148879, 'subsample': 0.7130335035063128, 'min_data_in_leaf': 25, 'rsm': 0.9764959967423393}. Best is trial 1892 with value: 0.9319758700936625.
Trial 2293: AUC = 0.9314 | Params = {'iterations': 67, 'learning_rate': 0.19230525709958318, 'depth': 4, 'l2_leaf_reg': 4.647855824148879, 'subsample': 0.7130335035063128, 'min_data_in_leaf': 25, 'rsm': 0.9764959967423393, 'loss_function': 'Logloss', 'eval_metric': 'AUC', 'grow_policy': 'Depthwise'}
[I 2024-12-29 22:13:32,025] Trial 2294 finished with value: 0.9296980305526434 and parameters: {'iterations': 61, 'learning_rate': 0.18641730371730714, 'depth': 4, 'l2_leaf_reg': 4.677393481363555, 'subsample': 0.7057672052674153, 'min_data_in_leaf': 26, 'rsm': 0.9900066902354778}. Best is trial 1892 with value: 0.9319758700936625.
Trial 2294: AUC = 0.9297 | Params = {'iterations': 61, 'learning_rate': 0.18641730371730714, 'depth': 4, 'l2_leaf_reg': 4.677393481363555, 'subsample': 0.7057672052674153, 'min_data_in_leaf': 26, 'rsm': 0.9900066902354778, 'loss_function': 'Logloss', 'eval_metric': 'AUC', 'grow_policy': 'Depthwise'}
[I 2024-12-29 22:13:32,509] Trial 2295 finished with value: 0.9301538144721835 and parameters: {'iterations': 60, 'learning_rate': 0.1897578107294737, 'depth': 4, 'l2_leaf_reg': 4.571780235884008, 'subsample': 0.7046550245026537, 'min_data_in_leaf': 26, 'rsm': 0.9742323686766499}. Best is trial 1892 with value: 0.9319758700936625.
Trial 2295: AUC = 0.9302 | Params = {'iterations': 60, 'learning_rate': 0.1897578107294737, 'depth': 4, 'l2_leaf_reg': 4.571780235884008, 'subsample': 0.7046550245026537, 'min_data_in_leaf': 26, 'rsm': 0.9742323686766499, 'loss_function': 'Logloss', 'eval_metric': 'AUC', 'grow_policy': 'Depthwise'}
[I 2024-12-29 22:13:32,940] Trial 2296 finished with value: 0.9302502995357196 and parameters: {'iterations': 55, 'learning_rate': 0.18658399103136306, 'depth': 4, 'l2_leaf_reg': 4.655656925078913, 'subsample': 0.7104133460391139, 'min_data_in_leaf': 26, 'rsm': 0.9607265668716249}. Best is trial 1892 with value: 0.9319758700936625.
Trial 2296: AUC = 0.9303 | Params = {'iterations': 55, 'learning_rate': 0.18658399103136306, 'depth': 4, 'l2_leaf_reg': 4.655656925078913, 'subsample': 0.7104133460391139, 'min_data_in_leaf': 26, 'rsm': 0.9607265668716249, 'loss_function': 'Logloss', 'eval_metric': 'AUC', 'grow_policy': 'Depthwise'}
[I 2024-12-29 22:13:33,452] Trial 2297 finished with value: 0.9294078553242474 and parameters: {'iterations': 64, 'learning_rate': 0.18876084174756463, 'depth': 4, 'l2_leaf_reg': 4.694185547176933, 'subsample': 0.8544297435882008, 'min_data_in_leaf': 25, 'rsm': 0.9824530414071339}. Best is trial 1892 with value: 0.9319758700936625.
Trial 2297: AUC = 0.9294 | Params = {'iterations': 64, 'learning_rate': 0.18876084174756463, 'depth': 4, 'l2_leaf_reg': 4.694185547176933, 'subsample': 0.8544297435882008, 'min_data_in_leaf': 25, 'rsm': 0.9824530414071339, 'loss_function': 'Logloss', 'eval_metric': 'AUC', 'grow_policy': 'Depthwise'}
[I 2024-12-29 22:13:33,861] Trial 2298 finished with value: 0.9302283383831985 and parameters: {'iterations': 63, 'learning_rate': 0.18539026407154655, 'depth': 4, 'l2_leaf_reg': 4.106039179672195, 'subsample': 0.7104162048287901, 'min_data_in_leaf': 26, 'rsm': 0.9667716391148091}. Best is trial 1892 with value: 0.9319758700936625.
Trial 2298: AUC = 0.9302 | Params = {'iterations': 63, 'learning_rate': 0.18539026407154655, 'depth': 4, 'l2_leaf_reg': 4.106039179672195, 'subsample': 0.7104162048287901, 'min_data_in_leaf': 26, 'rsm': 0.9667716391148091, 'loss_function': 'Logloss', 'eval_metric': 'AUC', 'grow_policy': 'Depthwise'}
[I 2024-12-29 22:13:34,257] Trial 2299 finished with value: 0.929132080851603 and parameters: {'iterations': 61, 'learning_rate': 0.1882707069628511, 'depth': 4, 'l2_leaf_reg': 4.6159059697625135, 'subsample': 0.704749420389776, 'min_data_in_leaf': 26, 'rsm': 0.9740093925231329}. Best is trial 1892 with value: 0.9319758700936625.
Trial 2299: AUC = 0.9291 | Params = {'iterations': 61, 'learning_rate': 0.1882707069628511, 'depth': 4, 'l2_leaf_reg': 4.6159059697625135, 'subsample': 0.704749420389776, 'min_data_in_leaf': 26, 'rsm': 0.9740093925231329, 'loss_function': 'Logloss', 'eval_metric': 'AUC', 'grow_policy': 'Depthwise'}
[I 2024-12-29 22:13:34,825] Trial 2300 finished with value: 0.9306355197520766 and parameters: {'iterations': 64, 'learning_rate': 0.1909403982653161, 'depth': 4, 'l2_leaf_reg': 4.668970883679504, 'subsample': 0.712733869021395, 'min_data_in_leaf': 27, 'rsm': 0.9862781285879694}. Best is trial 1892 with value: 0.9319758700936625.
Trial 2300: AUC = 0.9306 | Params = {'iterations': 64, 'learning_rate': 0.1909403982653161, 'depth': 4, 'l2_leaf_reg': 4.668970883679504, 'subsample': 0.712733869021395, 'min_data_in_leaf': 27, 'rsm': 0.9862781285879694, 'loss_function': 'Logloss', 'eval_metric': 'AUC', 'grow_policy': 'Depthwise'}
[I 2024-12-29 22:13:35,478] Trial 2301 finished with value: 0.929795235653967 and parameters: {'iterations': 60, 'learning_rate': 0.1885531017716511, 'depth': 4, 'l2_leaf_reg': 3.6814913837389405, 'subsample': 0.7043426740058596, 'min_data_in_leaf': 25, 'rsm': 0.8728060687079294}. Best is trial 1892 with value: 0.9319758700936625.
Trial 2301: AUC = 0.9298 | Params = {'iterations': 60, 'learning_rate': 0.1885531017716511, 'depth': 4, 'l2_leaf_reg': 3.6814913837389405, 'subsample': 0.7043426740058596, 'min_data_in_leaf': 25, 'rsm': 0.8728060687079294, 'loss_function': 'Logloss', 'eval_metric': 'AUC', 'grow_policy': 'Depthwise'}
[I 2024-12-29 22:13:36,068] Trial 2302 finished with value: 0.9299806453842697 and parameters: {'iterations': 68, 'learning_rate': 0.1909471731704318, 'depth': 4, 'l2_leaf_reg': 4.641112235711979, 'subsample': 0.7136753094355387, 'min_data_in_leaf': 25, 'rsm': 0.9796188095022802}. Best is trial 1892 with value: 0.9319758700936625.
Trial 2302: AUC = 0.9300 | Params = {'iterations': 68, 'learning_rate': 0.1909471731704318, 'depth': 4, 'l2_leaf_reg': 4.641112235711979, 'subsample': 0.7136753094355387, 'min_data_in_leaf': 25, 'rsm': 0.9796188095022802, 'loss_function': 'Logloss', 'eval_metric': 'AUC', 'grow_policy': 'Depthwise'}
[I 2024-12-29 22:13:36,573] Trial 2303 finished with value: 0.9295554630707019 and parameters: {'iterations': 64, 'learning_rate': 0.1926236465362936, 'depth': 4, 'l2_leaf_reg': 3.9455204282821845, 'subsample': 0.7110816694746135, 'min_data_in_leaf': 26, 'rsm': 0.7816300445237815}. Best is trial 1892 with value: 0.9319758700936625.
Trial 2303: AUC = 0.9296 | Params = {'iterations': 64, 'learning_rate': 0.1926236465362936, 'depth': 4, 'l2_leaf_reg': 3.9455204282821845, 'subsample': 0.7110816694746135, 'min_data_in_leaf': 26, 'rsm': 0.7816300445237815, 'loss_function': 'Logloss', 'eval_metric': 'AUC', 'grow_policy': 'Depthwise'}
[I 2024-12-29 22:13:37,081] Trial 2304 finished with value: 0.9298769599428579 and parameters: {'iterations': 64, 'learning_rate': 0.18531470777448922, 'depth': 4, 'l2_leaf_reg': 4.148739186942217, 'subsample': 0.7174699968375756, 'min_data_in_leaf': 25, 'rsm': 0.9659030583610355}. Best is trial 1892 with value: 0.9319758700936625.
Trial 2304: AUC = 0.9299 | Params = {'iterations': 64, 'learning_rate': 0.18531470777448922, 'depth': 4, 'l2_leaf_reg': 4.148739186942217, 'subsample': 0.7174699968375756, 'min_data_in_leaf': 25, 'rsm': 0.9659030583610355, 'loss_function': 'Logloss', 'eval_metric': 'AUC', 'grow_policy': 'Depthwise'}
[I 2024-12-29 22:13:37,623] Trial 2305 finished with value: 0.929662388682158 and parameters: {'iterations': 65, 'learning_rate': 0.18831219066370275, 'depth': 4, 'l2_leaf_reg': 4.609945588981665, 'subsample': 0.8395703405784967, 'min_data_in_leaf': 28, 'rsm': 0.9719311085750058}. Best is trial 1892 with value: 0.9319758700936625.
Trial 2305: AUC = 0.9297 | Params = {'iterations': 65, 'learning_rate': 0.18831219066370275, 'depth': 4, 'l2_leaf_reg': 4.609945588981665, 'subsample': 0.8395703405784967, 'min_data_in_leaf': 28, 'rsm': 0.9719311085750058, 'loss_function': 'Logloss', 'eval_metric': 'AUC', 'grow_policy': 'Depthwise'}
