[I 2024-12-29 22:12:01,120] Trial 2102 finished with value: 0.9302823412172669 and parameters: {'iterations': 70, 'learning_rate': 0.19074989875154733, 'depth': 4, 'l2_leaf_reg': 1.4934482254014505, 'subsample': 0.7220440650092131, 'min_data_in_leaf': 24, 'rsm': 0.9677679556311337}. Best is trial 1892 with value: 0.9319758700936625.
Trial 2102: AUC = 0.9303 | Params = {'iterations': 70, 'learning_rate': 0.19074989875154733, 'depth': 4, 'l2_leaf_reg': 1.4934482254014505, 'subsample': 0.7220440650092131, 'min_data_in_leaf': 24, 'rsm': 0.9677679556311337, 'loss_function': 'Logloss', 'eval_metric': 'AUC', 'grow_policy': 'Depthwise'}
[I 2024-12-29 22:12:01,614] Trial 2103 finished with value: 0.9301322133385561 and parameters: {'iterations': 84, 'learning_rate': 0.19331501699701578, 'depth': 4, 'l2_leaf_reg': 4.501177102110784, 'subsample': 0.7285757420476345, 'min_data_in_leaf': 26, 'rsm': 0.9849645726078842}. Best is trial 1892 with value: 0.9319758700936625.
Trial 2103: AUC = 0.9301 | Params = {'iterations': 84, 'learning_rate': 0.19331501699701578, 'depth': 4, 'l2_leaf_reg': 4.501177102110784, 'subsample': 0.7285757420476345, 'min_data_in_leaf': 26, 'rsm': 0.9849645726078842, 'loss_function': 'Logloss', 'eval_metric': 'AUC', 'grow_policy': 'Depthwise'}
[I 2024-12-29 22:12:02,073] Trial 2104 finished with value: 0.9312223505489569 and parameters: {'iterations': 88, 'learning_rate': 0.19760135922856414, 'depth': 4, 'l2_leaf_reg': 4.3343782331735055, 'subsample': 0.7176039952732272, 'min_data_in_leaf': 27, 'rsm': 0.9770567593015095}. Best is trial 1892 with value: 0.9319758700936625.
Trial 2104: AUC = 0.9312 | Params = {'iterations': 88, 'learning_rate': 0.19760135922856414, 'depth': 4, 'l2_leaf_reg': 4.3343782331735055, 'subsample': 0.7176039952732272, 'min_data_in_leaf': 27, 'rsm': 0.9770567593015095, 'loss_function': 'Logloss', 'eval_metric': 'AUC', 'grow_policy': 'Depthwise'}
[I 2024-12-29 22:12:02,501] Trial 2105 finished with value: 0.9284991676363176 and parameters: {'iterations': 67, 'learning_rate': 0.1879387972451055, 'depth': 4, 'l2_leaf_reg': 4.26199302113361, 'subsample': 0.7042020518228752, 'min_data_in_leaf': 25, 'rsm': 0.9679635002653703}. Best is trial 1892 with value: 0.9319758700936625.
Trial 2105: AUC = 0.9285 | Params = {'iterations': 67, 'learning_rate': 0.1879387972451055, 'depth': 4, 'l2_leaf_reg': 4.26199302113361, 'subsample': 0.7042020518228752, 'min_data_in_leaf': 25, 'rsm': 0.9679635002653703, 'loss_function': 'Logloss', 'eval_metric': 'AUC', 'grow_policy': 'Depthwise'}
[I 2024-12-29 22:12:02,993] Trial 2106 finished with value: 0.9302326586099239 and parameters: {'iterations': 92, 'learning_rate': 0.19497737908980423, 'depth': 4, 'l2_leaf_reg': 4.429925490668821, 'subsample': 0.7145576330960393, 'min_data_in_leaf': 25, 'rsm': 0.980895087029865}. Best is trial 1892 with value: 0.9319758700936625.
Trial 2106: AUC = 0.9302 | Params = {'iterations': 92, 'learning_rate': 0.19497737908980423, 'depth': 4, 'l2_leaf_reg': 4.429925490668821, 'subsample': 0.7145576330960393, 'min_data_in_leaf': 25, 'rsm': 0.980895087029865, 'loss_function': 'Logloss', 'eval_metric': 'AUC', 'grow_policy': 'Depthwise'}
[I 2024-12-29 22:12:03,547] Trial 2107 finished with value: 0.9298636392437876 and parameters: {'iterations': 80, 'learning_rate': 0.19993202943769775, 'depth': 4, 'l2_leaf_reg': 4.573376635003058, 'subsample': 0.7104495858327246, 'min_data_in_leaf': 24, 'rsm': 0.8597853027753785}. Best is trial 1892 with value: 0.9319758700936625.
Trial 2107: AUC = 0.9299 | Params = {'iterations': 80, 'learning_rate': 0.19993202943769775, 'depth': 4, 'l2_leaf_reg': 4.573376635003058, 'subsample': 0.7104495858327246, 'min_data_in_leaf': 24, 'rsm': 0.8597853027753785, 'loss_function': 'Logloss', 'eval_metric': 'AUC', 'grow_policy': 'Depthwise'}
[I 2024-12-29 22:12:04,005] Trial 2108 finished with value: 0.9297163915162268 and parameters: {'iterations': 74, 'learning_rate': 0.19053584712218796, 'depth': 4, 'l2_leaf_reg': 4.33888442492296, 'subsample': 0.7226330100664647, 'min_data_in_leaf': 26, 'rsm': 0.9750515010126346}. Best is trial 1892 with value: 0.9319758700936625.
Trial 2108: AUC = 0.9297 | Params = {'iterations': 74, 'learning_rate': 0.19053584712218796, 'depth': 4, 'l2_leaf_reg': 4.33888442492296, 'subsample': 0.7226330100664647, 'min_data_in_leaf': 26, 'rsm': 0.9750515010126346, 'loss_function': 'Logloss', 'eval_metric': 'AUC', 'grow_policy': 'Depthwise'}
[I 2024-12-29 22:12:04,597] Trial 2109 finished with value: 0.9293333314132326 and parameters: {'iterations': 94, 'learning_rate': 0.1999709185944099, 'depth': 4, 'l2_leaf_reg': 4.264843593605105, 'subsample': 0.7161053878842591, 'min_data_in_leaf': 24, 'rsm': 0.9882484804031589}. Best is trial 1892 with value: 0.9319758700936625.
Trial 2109: AUC = 0.9293 | Params = {'iterations': 94, 'learning_rate': 0.1999709185944099, 'depth': 4, 'l2_leaf_reg': 4.264843593605105, 'subsample': 0.7161053878842591, 'min_data_in_leaf': 24, 'rsm': 0.9882484804031589, 'loss_function': 'Logloss', 'eval_metric': 'AUC', 'grow_policy': 'Depthwise'}
[I 2024-12-29 22:12:05,116] Trial 2110 finished with value: 0.9293282911487195 and parameters: {'iterations': 86, 'learning_rate': 0.19252261296113987, 'depth': 4, 'l2_leaf_reg': 1.7827937329252483, 'subsample': 0.7085851560051792, 'min_data_in_leaf': 26, 'rsm': 0.9693497062612491}. Best is trial 1892 with value: 0.9319758700936625.
Trial 2110: AUC = 0.9293 | Params = {'iterations': 86, 'learning_rate': 0.19252261296113987, 'depth': 4, 'l2_leaf_reg': 1.7827937329252483, 'subsample': 0.7085851560051792, 'min_data_in_leaf': 26, 'rsm': 0.9693497062612491, 'loss_function': 'Logloss', 'eval_metric': 'AUC', 'grow_policy': 'Depthwise'}
[I 2024-12-29 22:12:05,627] Trial 2111 finished with value: 0.9285524504325986 and parameters: {'iterations': 90, 'learning_rate': 0.19588857246650515, 'depth': 4, 'l2_leaf_reg': 4.484930481353745, 'subsample': 0.7287384767261889, 'min_data_in_leaf': 27, 'rsm': 0.9749510840490717}. Best is trial 1892 with value: 0.9319758700936625.
Trial 2111: AUC = 0.9286 | Params = {'iterations': 90, 'learning_rate': 0.19588857246650515, 'depth': 4, 'l2_leaf_reg': 4.484930481353745, 'subsample': 0.7287384767261889, 'min_data_in_leaf': 27, 'rsm': 0.9749510840490717, 'loss_function': 'Logloss', 'eval_metric': 'AUC', 'grow_policy': 'Depthwise'}
[I 2024-12-29 22:12:06,092] Trial 2112 finished with value: 0.9294251362311494 and parameters: {'iterations': 77, 'learning_rate': 0.1881045810191701, 'depth': 4, 'l2_leaf_reg': 4.382415486421016, 'subsample': 0.7181499682119342, 'min_data_in_leaf': 25, 'rsm': 0.9841452244609361}. Best is trial 1892 with value: 0.9319758700936625.
Trial 2112: AUC = 0.9294 | Params = {'iterations': 77, 'learning_rate': 0.1881045810191701, 'depth': 4, 'l2_leaf_reg': 4.382415486421016, 'subsample': 0.7181499682119342, 'min_data_in_leaf': 25, 'rsm': 0.9841452244609361, 'loss_function': 'Logloss', 'eval_metric': 'AUC', 'grow_policy': 'Depthwise'}
[I 2024-12-29 22:12:06,518] Trial 2113 finished with value: 0.9301131323371851 and parameters: {'iterations': 71, 'learning_rate': 0.19237409455270651, 'depth': 4, 'l2_leaf_reg': 4.225731010708489, 'subsample': 0.7058072119435549, 'min_data_in_leaf': 25, 'rsm': 0.9677164342121513}. Best is trial 1892 with value: 0.9319758700936625.
Trial 2113: AUC = 0.9301 | Params = {'iterations': 71, 'learning_rate': 0.19237409455270651, 'depth': 4, 'l2_leaf_reg': 4.225731010708489, 'subsample': 0.7058072119435549, 'min_data_in_leaf': 25, 'rsm': 0.9677164342121513, 'loss_function': 'Logloss', 'eval_metric': 'AUC', 'grow_policy': 'Depthwise'}
[I 2024-12-29 22:12:07,004] Trial 2114 finished with value: 0.9299622844206864 and parameters: {'iterations': 82, 'learning_rate': 0.19657795122796126, 'depth': 4, 'l2_leaf_reg': 4.410490882528733, 'subsample': 0.7247996260592148, 'min_data_in_leaf': 26, 'rsm': 0.9799484111265717}. Best is trial 1892 with value: 0.9319758700936625.
Trial 2114: AUC = 0.9300 | Params = {'iterations': 82, 'learning_rate': 0.19657795122796126, 'depth': 4, 'l2_leaf_reg': 4.410490882528733, 'subsample': 0.7247996260592148, 'min_data_in_leaf': 26, 'rsm': 0.9799484111265717, 'loss_function': 'Logloss', 'eval_metric': 'AUC', 'grow_policy': 'Depthwise'}
[I 2024-12-29 22:12:07,520] Trial 2115 finished with value: 0.9300015264801097 and parameters: {'iterations': 89, 'learning_rate': 0.19384574793452639, 'depth': 4, 'l2_leaf_reg': 4.288462787598024, 'subsample': 0.7128814424210594, 'min_data_in_leaf': 24, 'rsm': 0.8206828247367899}. Best is trial 1892 with value: 0.9319758700936625.
Trial 2115: AUC = 0.9300 | Params = {'iterations': 89, 'learning_rate': 0.19384574793452639, 'depth': 4, 'l2_leaf_reg': 4.288462787598024, 'subsample': 0.7128814424210594, 'min_data_in_leaf': 24, 'rsm': 0.8206828247367899, 'loss_function': 'Logloss', 'eval_metric': 'AUC', 'grow_policy': 'Depthwise'}
[I 2024-12-29 22:12:08,016] Trial 2116 finished with value: 0.9294139756454419 and parameters: {'iterations': 93, 'learning_rate': 0.19695224113282123, 'depth': 4, 'l2_leaf_reg': 4.523908424755437, 'subsample': 0.7209381372686833, 'min_data_in_leaf': 25, 'rsm': 0.9943505657941751}. Best is trial 1892 with value: 0.9319758700936625.
Trial 2116: AUC = 0.9294 | Params = {'iterations': 93, 'learning_rate': 0.19695224113282123, 'depth': 4, 'l2_leaf_reg': 4.523908424755437, 'subsample': 0.7209381372686833, 'min_data_in_leaf': 25, 'rsm': 0.9943505657941751, 'loss_function': 'Logloss', 'eval_metric': 'AUC', 'grow_policy': 'Depthwise'}
[I 2024-12-29 22:12:08,509] Trial 2117 finished with value: 0.9292235256506263 and parameters: {'iterations': 85, 'learning_rate': 0.18983949865334018, 'depth': 4, 'l2_leaf_reg': 4.350753867812135, 'subsample': 0.7041546575637037, 'min_data_in_leaf': 24, 'rsm': 0.9740658072633913}. Best is trial 1892 with value: 0.9319758700936625.
Trial 2117: AUC = 0.9292 | Params = {'iterations': 85, 'learning_rate': 0.18983949865334018, 'depth': 4, 'l2_leaf_reg': 4.350753867812135, 'subsample': 0.7041546575637037, 'min_data_in_leaf': 24, 'rsm': 0.9740658072633913, 'loss_function': 'Logloss', 'eval_metric': 'AUC', 'grow_policy': 'Depthwise'}
[I 2024-12-29 22:12:08,959] Trial 2118 finished with value: 0.9297991958617988 and parameters: {'iterations': 68, 'learning_rate': 0.1931992365301535, 'depth': 4, 'l2_leaf_reg': 4.451055448759545, 'subsample': 0.7127896259254011, 'min_data_in_leaf': 25, 'rsm': 0.9681247668966074}. Best is trial 1892 with value: 0.9319758700936625.
Trial 2118: AUC = 0.9298 | Params = {'iterations': 68, 'learning_rate': 0.1931992365301535, 'depth': 4, 'l2_leaf_reg': 4.451055448759545, 'subsample': 0.7127896259254011, 'min_data_in_leaf': 25, 'rsm': 0.9681247668966074, 'loss_function': 'Logloss', 'eval_metric': 'AUC', 'grow_policy': 'Depthwise'}
[I 2024-12-29 22:12:09,461] Trial 2119 finished with value: 0.929896040944229 and parameters: {'iterations': 88, 'learning_rate': 0.12783553797380234, 'depth': 4, 'l2_leaf_reg': 4.634639679948558, 'subsample': 0.7315617341351884, 'min_data_in_leaf': 26, 'rsm': 0.9998513259237991}. Best is trial 1892 with value: 0.9319758700936625.
Trial 2119: AUC = 0.9299 | Params = {'iterations': 88, 'learning_rate': 0.12783553797380234, 'depth': 4, 'l2_leaf_reg': 4.634639679948558, 'subsample': 0.7315617341351884, 'min_data_in_leaf': 26, 'rsm': 0.9998513259237991, 'loss_function': 'Logloss', 'eval_metric': 'AUC', 'grow_policy': 'Depthwise'}
[I 2024-12-29 22:12:09,980] Trial 2120 finished with value: 0.9303752260918653 and parameters: {'iterations': 148, 'learning_rate': 0.19700832956796568, 'depth': 4, 'l2_leaf_reg': 4.249450991277192, 'subsample': 0.7163635571133217, 'min_data_in_leaf': 24, 'rsm': 0.9783156474943993}. Best is trial 1892 with value: 0.9319758700936625.
Trial 2120: AUC = 0.9304 | Params = {'iterations': 148, 'learning_rate': 0.19700832956796568, 'depth': 4, 'l2_leaf_reg': 4.249450991277192, 'subsample': 0.7163635571133217, 'min_data_in_leaf': 24, 'rsm': 0.9783156474943993, 'loss_function': 'Logloss', 'eval_metric': 'AUC', 'grow_policy': 'Depthwise'}
[I 2024-12-29 22:12:10,412] Trial 2121 finished with value: 0.9300656098432046 and parameters: {'iterations': 65, 'learning_rate': 0.18796127986281938, 'depth': 4, 'l2_leaf_reg': 4.316340518007502, 'subsample': 0.7091378028034099, 'min_data_in_leaf': 27, 'rsm': 0.9899942581628586}. Best is trial 1892 with value: 0.9319758700936625.
Trial 2121: AUC = 0.9301 | Params = {'iterations': 65, 'learning_rate': 0.18796127986281938, 'depth': 4, 'l2_leaf_reg': 4.316340518007502, 'subsample': 0.7091378028034099, 'min_data_in_leaf': 27, 'rsm': 0.9899942581628586, 'loss_function': 'Logloss', 'eval_metric': 'AUC', 'grow_policy': 'Depthwise'}
[I 2024-12-29 22:12:10,855] Trial 2122 finished with value: 0.9301131323371852 and parameters: {'iterations': 74, 'learning_rate': 0.19024160531315987, 'depth': 4, 'l2_leaf_reg': 4.406029230321562, 'subsample': 0.7239958652720334, 'min_data_in_leaf': 26, 'rsm': 0.96639200414345}. Best is trial 1892 with value: 0.9319758700936625.
Trial 2122: AUC = 0.9301 | Params = {'iterations': 74, 'learning_rate': 0.19024160531315987, 'depth': 4, 'l2_leaf_reg': 4.406029230321562, 'subsample': 0.7239958652720334, 'min_data_in_leaf': 26, 'rsm': 0.96639200414345, 'loss_function': 'Logloss', 'eval_metric': 'AUC', 'grow_policy': 'Depthwise'}
[I 2024-12-29 22:12:11,332] Trial 2123 finished with value: 0.9299568841372795 and parameters: {'iterations': 91, 'learning_rate': 0.19987400434964656, 'depth': 4, 'l2_leaf_reg': 4.552824136067638, 'subsample': 0.7044337492199755, 'min_data_in_leaf': 25, 'rsm': 0.9828194067296991}. Best is trial 1892 with value: 0.9319758700936625.
Trial 2123: AUC = 0.9300 | Params = {'iterations': 91, 'learning_rate': 0.19987400434964656, 'depth': 4, 'l2_leaf_reg': 4.552824136067638, 'subsample': 0.7044337492199755, 'min_data_in_leaf': 25, 'rsm': 0.9828194067296991, 'loss_function': 'Logloss', 'eval_metric': 'AUC', 'grow_policy': 'Depthwise'}
[I 2024-12-29 22:12:11,873] Trial 2124 finished with value: 0.9295925450167625 and parameters: {'iterations': 94, 'learning_rate': 0.19498093788572182, 'depth': 4, 'l2_leaf_reg': 4.227042408801375, 'subsample': 0.8453014352660432, 'min_data_in_leaf': 25, 'rsm': 0.9737986765279047}. Best is trial 1892 with value: 0.9319758700936625.
Trial 2124: AUC = 0.9296 | Params = {'iterations': 94, 'learning_rate': 0.19498093788572182, 'depth': 4, 'l2_leaf_reg': 4.227042408801375, 'subsample': 0.8453014352660432, 'min_data_in_leaf': 25, 'rsm': 0.9737986765279047, 'loss_function': 'Logloss', 'eval_metric': 'AUC', 'grow_policy': 'Depthwise'}
[I 2024-12-29 22:12:12,390] Trial 2125 finished with value: 0.9294359367979632 and parameters: {'iterations': 83, 'learning_rate': 0.19222883651403627, 'depth': 4, 'l2_leaf_reg': 4.467642204197173, 'subsample': 0.7201196978447858, 'min_data_in_leaf': 27, 'rsm': 0.9721625162275761}. Best is trial 1892 with value: 0.9319758700936625.
Trial 2125: AUC = 0.9294 | Params = {'iterations': 83, 'learning_rate': 0.19222883651403627, 'depth': 4, 'l2_leaf_reg': 4.467642204197173, 'subsample': 0.7201196978447858, 'min_data_in_leaf': 27, 'rsm': 0.9721625162275761, 'loss_function': 'Logloss', 'eval_metric': 'AUC', 'grow_policy': 'Depthwise'}
[I 2024-12-29 22:12:12,861] Trial 2126 finished with value: 0.930230498496561 and parameters: {'iterations': 140, 'learning_rate': 0.19685981358061974, 'depth': 4, 'l2_leaf_reg': 4.313508920713885, 'subsample': 0.7138425213567045, 'min_data_in_leaf': 26, 'rsm': 0.9841926266295604}. Best is trial 1892 with value: 0.9319758700936625.
Trial 2126: AUC = 0.9302 | Params = {'iterations': 140, 'learning_rate': 0.19685981358061974, 'depth': 4, 'l2_leaf_reg': 4.313508920713885, 'subsample': 0.7138425213567045, 'min_data_in_leaf': 26, 'rsm': 0.9841926266295604, 'loss_function': 'Logloss', 'eval_metric': 'AUC', 'grow_policy': 'Depthwise'}
[I 2024-12-29 22:12:13,333] Trial 2127 finished with value: 0.9292854489003584 and parameters: {'iterations': 95, 'learning_rate': 0.18765861819336074, 'depth': 4, 'l2_leaf_reg': 4.194101511687991, 'subsample': 0.7004382267657722, 'min_data_in_leaf': 24, 'rsm': 0.9797001974059731}. Best is trial 1892 with value: 0.9319758700936625.
Trial 2127: AUC = 0.9293 | Params = {'iterations': 95, 'learning_rate': 0.18765861819336074, 'depth': 4, 'l2_leaf_reg': 4.194101511687991, 'subsample': 0.7004382267657722, 'min_data_in_leaf': 24, 'rsm': 0.9797001974059731, 'loss_function': 'Logloss', 'eval_metric': 'AUC', 'grow_policy': 'Depthwise'}
[I 2024-12-29 22:12:13,822] Trial 2128 finished with value: 0.9291515218718678 and parameters: {'iterations': 87, 'learning_rate': 0.19451390225426937, 'depth': 4, 'l2_leaf_reg': 4.350409878571525, 'subsample': 0.7281775383228659, 'min_data_in_leaf': 23, 'rsm': 0.9664711973437552}. Best is trial 1892 with value: 0.9319758700936625.
Trial 2128: AUC = 0.9292 | Params = {'iterations': 87, 'learning_rate': 0.19451390225426937, 'depth': 4, 'l2_leaf_reg': 4.350409878571525, 'subsample': 0.7281775383228659, 'min_data_in_leaf': 23, 'rsm': 0.9664711973437552, 'loss_function': 'Logloss', 'eval_metric': 'AUC', 'grow_policy': 'Depthwise'}
[I 2024-12-29 22:12:14,309] Trial 2129 finished with value: 0.9296278268683542 and parameters: {'iterations': 80, 'learning_rate': 0.19995819792034625, 'depth': 4, 'l2_leaf_reg': 1.6193356263987098, 'subsample': 0.709047872158051, 'min_data_in_leaf': 24, 'rsm': 0.9129027998162679}. Best is trial 1892 with value: 0.9319758700936625.
Trial 2129: AUC = 0.9296 | Params = {'iterations': 80, 'learning_rate': 0.19995819792034625, 'depth': 4, 'l2_leaf_reg': 1.6193356263987098, 'subsample': 0.709047872158051, 'min_data_in_leaf': 24, 'rsm': 0.9129027998162679, 'loss_function': 'Logloss', 'eval_metric': 'AUC', 'grow_policy': 'Depthwise'}
[I 2024-12-29 22:12:14,749] Trial 2130 finished with value: 0.9296184663771155 and parameters: {'iterations': 72, 'learning_rate': 0.19076056056079516, 'depth': 4, 'l2_leaf_reg': 4.406822038267214, 'subsample': 0.7184423332077778, 'min_data_in_leaf': 25, 'rsm': 0.9894888676873036}. Best is trial 1892 with value: 0.9319758700936625.
Trial 2130: AUC = 0.9296 | Params = {'iterations': 72, 'learning_rate': 0.19076056056079516, 'depth': 4, 'l2_leaf_reg': 4.406822038267214, 'subsample': 0.7184423332077778, 'min_data_in_leaf': 25, 'rsm': 0.9894888676873036, 'loss_function': 'Logloss', 'eval_metric': 'AUC', 'grow_policy': 'Depthwise'}
[I 2024-12-29 22:12:15,289] Trial 2131 finished with value: 0.9293182106196934 and parameters: {'iterations': 91, 'learning_rate': 0.1034586528082241, 'depth': 4, 'l2_leaf_reg': 4.524011600804654, 'subsample': 0.7106162511759291, 'min_data_in_leaf': 25, 'rsm': 0.976387363635425}. Best is trial 1892 with value: 0.9319758700936625.
Trial 2131: AUC = 0.9293 | Params = {'iterations': 91, 'learning_rate': 0.1034586528082241, 'depth': 4, 'l2_leaf_reg': 4.524011600804654, 'subsample': 0.7106162511759291, 'min_data_in_leaf': 25, 'rsm': 0.976387363635425, 'loss_function': 'Logloss', 'eval_metric': 'AUC', 'grow_policy': 'Depthwise'}
[I 2024-12-29 22:12:15,725] Trial 2132 finished with value: 0.9296256667549914 and parameters: {'iterations': 63, 'learning_rate': 0.1953419081910902, 'depth': 4, 'l2_leaf_reg': 4.191428900472832, 'subsample': 0.7242289440711299, 'min_data_in_leaf': 26, 'rsm': 0.8886261131485507}. Best is trial 1892 with value: 0.9319758700936625.
Trial 2132: AUC = 0.9296 | Params = {'iterations': 63, 'learning_rate': 0.1953419081910902, 'depth': 4, 'l2_leaf_reg': 4.191428900472832, 'subsample': 0.7242289440711299, 'min_data_in_leaf': 26, 'rsm': 0.8886261131485507, 'loss_function': 'Logloss', 'eval_metric': 'AUC', 'grow_policy': 'Depthwise'}
[I 2024-12-29 22:12:16,185] Trial 2133 finished with value: 0.930042208615108 and parameters: {'iterations': 94, 'learning_rate': 0.19277070652748782, 'depth': 4, 'l2_leaf_reg': 4.29635731706307, 'subsample': 0.9511137269586976, 'min_data_in_leaf': 24, 'rsm': 0.9201568698096826}. Best is trial 1892 with value: 0.9319758700936625.
Trial 2133: AUC = 0.9300 | Params = {'iterations': 94, 'learning_rate': 0.19277070652748782, 'depth': 4, 'l2_leaf_reg': 4.29635731706307, 'subsample': 0.9511137269586976, 'min_data_in_leaf': 24, 'rsm': 0.9201568698096826, 'loss_function': 'Logloss', 'eval_metric': 'AUC', 'grow_policy': 'Depthwise'}
[I 2024-12-29 22:12:16,752] Trial 2134 finished with value: 0.9293189306574808 and parameters: {'iterations': 89, 'learning_rate': 0.07347268765862221, 'depth': 4, 'l2_leaf_reg': 4.4649498493051984, 'subsample': 0.7162301415950632, 'min_data_in_leaf': 27, 'rsm': 0.9720036014431551}. Best is trial 1892 with value: 0.9319758700936625.
Trial 2134: AUC = 0.9293 | Params = {'iterations': 89, 'learning_rate': 0.07347268765862221, 'depth': 4, 'l2_leaf_reg': 4.4649498493051984, 'subsample': 0.7162301415950632, 'min_data_in_leaf': 27, 'rsm': 0.9720036014431551, 'loss_function': 'Logloss', 'eval_metric': 'AUC', 'grow_policy': 'Depthwise'}
[I 2024-12-29 22:12:17,396] Trial 2135 finished with value: 0.9276722042372784 and parameters: {'iterations': 77, 'learning_rate': 0.19735884540199464, 'depth': 6, 'l2_leaf_reg': 4.389327417958672, 'subsample': 0.8524614038713204, 'min_data_in_leaf': 23, 'rsm': 0.9658475507890564}. Best is trial 1892 with value: 0.9319758700936625.
Trial 2135: AUC = 0.9277 | Params = {'iterations': 77, 'learning_rate': 0.19735884540199464, 'depth': 6, 'l2_leaf_reg': 4.389327417958672, 'subsample': 0.8524614038713204, 'min_data_in_leaf': 23, 'rsm': 0.9658475507890564, 'loss_function': 'Logloss', 'eval_metric': 'AUC', 'grow_policy': 'Depthwise'}
