[I 2024-12-29 22:16:00,133] Trial 2578 finished with value: 0.9305501952742481 and parameters: {'iterations': 102, 'learning_rate': 0.1910830299074093, 'depth': 4, 'l2_leaf_reg': 4.213685184351767, 'subsample': 0.7281848641367054, 'min_data_in_leaf': 26, 'rsm': 0.9912475771588274}. Best is trial 1892 with value: 0.9319758700936625.
Trial 2578: AUC = 0.9306 | Params = {'iterations': 102, 'learning_rate': 0.1910830299074093, 'depth': 4, 'l2_leaf_reg': 4.213685184351767, 'subsample': 0.7281848641367054, 'min_data_in_leaf': 26, 'rsm': 0.9912475771588274, 'loss_function': 'Logloss', 'eval_metric': 'AUC', 'grow_policy': 'Depthwise'}
[I 2024-12-29 22:16:00,603] Trial 2579 finished with value: 0.9296231466227348 and parameters: {'iterations': 87, 'learning_rate': 0.19381723034557807, 'depth': 4, 'l2_leaf_reg': 4.29753531240432, 'subsample': 0.700418114078521, 'min_data_in_leaf': 24, 'rsm': 0.9643791547182815}. Best is trial 1892 with value: 0.9319758700936625.
Trial 2579: AUC = 0.9296 | Params = {'iterations': 87, 'learning_rate': 0.19381723034557807, 'depth': 4, 'l2_leaf_reg': 4.29753531240432, 'subsample': 0.700418114078521, 'min_data_in_leaf': 24, 'rsm': 0.9643791547182815, 'loss_function': 'Logloss', 'eval_metric': 'AUC', 'grow_policy': 'Depthwise'}
[I 2024-12-29 22:16:01,050] Trial 2580 finished with value: 0.9290571969216945 and parameters: {'iterations': 66, 'learning_rate': 0.19522669608211207, 'depth': 4, 'l2_leaf_reg': 4.459366022061035, 'subsample': 0.7970356531250898, 'min_data_in_leaf': 25, 'rsm': 0.9779637130890894}. Best is trial 1892 with value: 0.9319758700936625.
Trial 2580: AUC = 0.9291 | Params = {'iterations': 66, 'learning_rate': 0.19522669608211207, 'depth': 4, 'l2_leaf_reg': 4.459366022061035, 'subsample': 0.7970356531250898, 'min_data_in_leaf': 25, 'rsm': 0.9779637130890894, 'loss_function': 'Logloss', 'eval_metric': 'AUC', 'grow_policy': 'Depthwise'}
[I 2024-12-29 22:16:01,663] Trial 2581 finished with value: 0.9288872680038248 and parameters: {'iterations': 97, 'learning_rate': 0.19750925518383008, 'depth': 4, 'l2_leaf_reg': 4.329748460075735, 'subsample': 0.7000269770633835, 'min_data_in_leaf': 26, 'rsm': 0.9851122685523998}. Best is trial 1892 with value: 0.9319758700936625.
Trial 2581: AUC = 0.9289 | Params = {'iterations': 97, 'learning_rate': 0.19750925518383008, 'depth': 4, 'l2_leaf_reg': 4.329748460075735, 'subsample': 0.7000269770633835, 'min_data_in_leaf': 26, 'rsm': 0.9851122685523998, 'loss_function': 'Logloss', 'eval_metric': 'AUC', 'grow_policy': 'Depthwise'}
[I 2024-12-29 22:16:02,105] Trial 2582 finished with value: 0.9284430046888861 and parameters: {'iterations': 90, 'learning_rate': 0.19046260348483024, 'depth': 4, 'l2_leaf_reg': 4.028201730724838, 'subsample': 0.7204610201238016, 'min_data_in_leaf': 25, 'rsm': 0.9713135070829813}. Best is trial 1892 with value: 0.9319758700936625.
Trial 2582: AUC = 0.9284 | Params = {'iterations': 90, 'learning_rate': 0.19046260348483024, 'depth': 4, 'l2_leaf_reg': 4.028201730724838, 'subsample': 0.7204610201238016, 'min_data_in_leaf': 25, 'rsm': 0.9713135070829813, 'loss_function': 'Logloss', 'eval_metric': 'AUC', 'grow_policy': 'Depthwise'}
[I 2024-12-29 22:16:02,641] Trial 2583 finished with value: 0.9301001716570085 and parameters: {'iterations': 82, 'learning_rate': 0.1854821636828961, 'depth': 4, 'l2_leaf_reg': 4.17355655177001, 'subsample': 0.7117292233572037, 'min_data_in_leaf': 24, 'rsm': 0.9597917861960102}. Best is trial 1892 with value: 0.9319758700936625.
Trial 2583: AUC = 0.9301 | Params = {'iterations': 82, 'learning_rate': 0.1854821636828961, 'depth': 4, 'l2_leaf_reg': 4.17355655177001, 'subsample': 0.7117292233572037, 'min_data_in_leaf': 24, 'rsm': 0.9597917861960102, 'loss_function': 'Logloss', 'eval_metric': 'AUC', 'grow_policy': 'Depthwise'}
[I 2024-12-29 22:16:03,152] Trial 2584 finished with value: 0.9295511428439764 and parameters: {'iterations': 93, 'learning_rate': 0.07155037107364813, 'depth': 4, 'l2_leaf_reg': 4.39112631736404, 'subsample': 0.7249136874920605, 'min_data_in_leaf': 12, 'rsm': 0.9762693328666248}. Best is trial 1892 with value: 0.9319758700936625.
Trial 2584: AUC = 0.9296 | Params = {'iterations': 93, 'learning_rate': 0.07155037107364813, 'depth': 4, 'l2_leaf_reg': 4.39112631736404, 'subsample': 0.7249136874920605, 'min_data_in_leaf': 12, 'rsm': 0.9762693328666248, 'loss_function': 'Logloss', 'eval_metric': 'AUC', 'grow_policy': 'Depthwise'}
[I 2024-12-29 22:16:03,688] Trial 2585 finished with value: 0.9303665856384142 and parameters: {'iterations': 69, 'learning_rate': 0.1929497390600913, 'depth': 4, 'l2_leaf_reg': 3.718417768885424, 'subsample': 0.7157264199248922, 'min_data_in_leaf': 17, 'rsm': 0.9951447831334149}. Best is trial 1892 with value: 0.9319758700936625.
Trial 2585: AUC = 0.9304 | Params = {'iterations': 69, 'learning_rate': 0.1929497390600913, 'depth': 4, 'l2_leaf_reg': 3.718417768885424, 'subsample': 0.7157264199248922, 'min_data_in_leaf': 17, 'rsm': 0.9951447831334149, 'loss_function': 'Logloss', 'eval_metric': 'AUC', 'grow_policy': 'Depthwise'}
[I 2024-12-29 22:16:04,185] Trial 2586 finished with value: 0.9296983905715372 and parameters: {'iterations': 100, 'learning_rate': 0.19759746450556764, 'depth': 4, 'l2_leaf_reg': 4.260496858530558, 'subsample': 0.7086177393342642, 'min_data_in_leaf': 10, 'rsm': 0.7456706388403962}. Best is trial 1892 with value: 0.9319758700936625.
Trial 2586: AUC = 0.9297 | Params = {'iterations': 100, 'learning_rate': 0.19759746450556764, 'depth': 4, 'l2_leaf_reg': 4.260496858530558, 'subsample': 0.7086177393342642, 'min_data_in_leaf': 10, 'rsm': 0.7456706388403962, 'loss_function': 'Logloss', 'eval_metric': 'AUC', 'grow_policy': 'Depthwise'}
[I 2024-12-29 22:16:04,657] Trial 2587 finished with value: 0.9289005887028952 and parameters: {'iterations': 85, 'learning_rate': 0.18792946775630584, 'depth': 4, 'l2_leaf_reg': 4.541747832505868, 'subsample': 0.7210221819041857, 'min_data_in_leaf': 25, 'rsm': 0.999738892368569}. Best is trial 1892 with value: 0.9319758700936625.
Trial 2587: AUC = 0.9289 | Params = {'iterations': 85, 'learning_rate': 0.18792946775630584, 'depth': 4, 'l2_leaf_reg': 4.541747832505868, 'subsample': 0.7210221819041857, 'min_data_in_leaf': 25, 'rsm': 0.999738892368569, 'loss_function': 'Logloss', 'eval_metric': 'AUC', 'grow_policy': 'Depthwise'}
[I 2024-12-29 22:16:05,261] Trial 2588 finished with value: 0.9291803233833711 and parameters: {'iterations': 95, 'learning_rate': 0.19507791013256204, 'depth': 4, 'l2_leaf_reg': 4.096325290400215, 'subsample': 0.7314134990437192, 'min_data_in_leaf': 23, 'rsm': 0.9661040916763555}. Best is trial 1892 with value: 0.9319758700936625.
Trial 2588: AUC = 0.9292 | Params = {'iterations': 95, 'learning_rate': 0.19507791013256204, 'depth': 4, 'l2_leaf_reg': 4.096325290400215, 'subsample': 0.7314134990437192, 'min_data_in_leaf': 23, 'rsm': 0.9661040916763555, 'loss_function': 'Logloss', 'eval_metric': 'AUC', 'grow_policy': 'Depthwise'}
[I 2024-12-29 22:16:05,776] Trial 2589 finished with value: 0.9295795843365862 and parameters: {'iterations': 88, 'learning_rate': 0.19098376773986245, 'depth': 4, 'l2_leaf_reg': 4.37587076814409, 'subsample': 0.7127948410257582, 'min_data_in_leaf': 26, 'rsm': 0.7357924704178777}. Best is trial 1892 with value: 0.9319758700936625.
Trial 2589: AUC = 0.9296 | Params = {'iterations': 88, 'learning_rate': 0.19098376773986245, 'depth': 4, 'l2_leaf_reg': 4.37587076814409, 'subsample': 0.7127948410257582, 'min_data_in_leaf': 26, 'rsm': 0.7357924704178777, 'loss_function': 'Logloss', 'eval_metric': 'AUC', 'grow_policy': 'Depthwise'}
[I 2024-12-29 22:16:06,322] Trial 2590 finished with value: 0.9300195274247992 and parameters: {'iterations': 91, 'learning_rate': 0.19711347241821497, 'depth': 4, 'l2_leaf_reg': 4.22859297166906, 'subsample': 0.7517305237548274, 'min_data_in_leaf': 25, 'rsm': 0.9817925938476963}. Best is trial 1892 with value: 0.9319758700936625.
Trial 2590: AUC = 0.9300 | Params = {'iterations': 91, 'learning_rate': 0.19711347241821497, 'depth': 4, 'l2_leaf_reg': 4.22859297166906, 'subsample': 0.7517305237548274, 'min_data_in_leaf': 25, 'rsm': 0.9817925938476963, 'loss_function': 'Logloss', 'eval_metric': 'AUC', 'grow_policy': 'Depthwise'}
[I 2024-12-29 22:16:06,931] Trial 2591 finished with value: 0.9304943923457103 and parameters: {'iterations': 142, 'learning_rate': 0.1937038461357548, 'depth': 4, 'l2_leaf_reg': 4.476280326436888, 'subsample': 0.7054665217289412, 'min_data_in_leaf': 24, 'rsm': 0.9740233006208247}. Best is trial 1892 with value: 0.9319758700936625.
Trial 2591: AUC = 0.9305 | Params = {'iterations': 142, 'learning_rate': 0.1937038461357548, 'depth': 4, 'l2_leaf_reg': 4.476280326436888, 'subsample': 0.7054665217289412, 'min_data_in_leaf': 24, 'rsm': 0.9740233006208247, 'loss_function': 'Logloss', 'eval_metric': 'AUC', 'grow_policy': 'Depthwise'}
[I 2024-12-29 22:16:07,470] Trial 2592 finished with value: 0.9290003139364754 and parameters: {'iterations': 63, 'learning_rate': 0.18826797667377634, 'depth': 6, 'l2_leaf_reg': 4.650953865019494, 'subsample': 0.7164744264525595, 'min_data_in_leaf': 24, 'rsm': 0.9691109846944143}. Best is trial 1892 with value: 0.9319758700936625.
Trial 2592: AUC = 0.9290 | Params = {'iterations': 63, 'learning_rate': 0.18826797667377634, 'depth': 6, 'l2_leaf_reg': 4.650953865019494, 'subsample': 0.7164744264525595, 'min_data_in_leaf': 24, 'rsm': 0.9691109846944143, 'loss_function': 'Logloss', 'eval_metric': 'AUC', 'grow_policy': 'Depthwise'}
[I 2024-12-29 22:16:07,984] Trial 2593 finished with value: 0.9295198212002166 and parameters: {'iterations': 98, 'learning_rate': 0.18506024403395507, 'depth': 4, 'l2_leaf_reg': 2.538090524572933, 'subsample': 0.7256755963082338, 'min_data_in_leaf': 26, 'rsm': 0.9870750587920262}. Best is trial 1892 with value: 0.9319758700936625.
Trial 2593: AUC = 0.9295 | Params = {'iterations': 98, 'learning_rate': 0.18506024403395507, 'depth': 4, 'l2_leaf_reg': 2.538090524572933, 'subsample': 0.7256755963082338, 'min_data_in_leaf': 26, 'rsm': 0.9870750587920262, 'loss_function': 'Logloss', 'eval_metric': 'AUC', 'grow_policy': 'Depthwise'}
[I 2024-12-29 22:16:08,659] Trial 2594 finished with value: 0.9296209865093721 and parameters: {'iterations': 95, 'learning_rate': 0.1974639780870167, 'depth': 4, 'l2_leaf_reg': 4.307263458998007, 'subsample': 0.7095898696635836, 'min_data_in_leaf': 25, 'rsm': 0.8867883407168863}. Best is trial 1892 with value: 0.9319758700936625.
Trial 2594: AUC = 0.9296 | Params = {'iterations': 95, 'learning_rate': 0.1974639780870167, 'depth': 4, 'l2_leaf_reg': 4.307263458998007, 'subsample': 0.7095898696635836, 'min_data_in_leaf': 25, 'rsm': 0.8867883407168863, 'loss_function': 'Logloss', 'eval_metric': 'AUC', 'grow_policy': 'Depthwise'}
[I 2024-12-29 22:16:09,180] Trial 2595 finished with value: 0.9294262162878308 and parameters: {'iterations': 92, 'learning_rate': 0.19244521590253494, 'depth': 4, 'l2_leaf_reg': 4.157845379776317, 'subsample': 0.7173313097389152, 'min_data_in_leaf': 25, 'rsm': 0.9790276433136053}. Best is trial 1892 with value: 0.9319758700936625.
Trial 2595: AUC = 0.9294 | Params = {'iterations': 92, 'learning_rate': 0.19244521590253494, 'depth': 4, 'l2_leaf_reg': 4.157845379776317, 'subsample': 0.7173313097389152, 'min_data_in_leaf': 25, 'rsm': 0.9790276433136053, 'loss_function': 'Logloss', 'eval_metric': 'AUC', 'grow_policy': 'Depthwise'}
[I 2024-12-29 22:16:09,661] Trial 2596 finished with value: 0.9298776799806453 and parameters: {'iterations': 88, 'learning_rate': 0.19490701770909197, 'depth': 4, 'l2_leaf_reg': 4.4280710466686255, 'subsample': 0.7216545123496494, 'min_data_in_leaf': 24, 'rsm': 0.9612831226373111}. Best is trial 1892 with value: 0.9319758700936625.
Trial 2596: AUC = 0.9299 | Params = {'iterations': 88, 'learning_rate': 0.19490701770909197, 'depth': 4, 'l2_leaf_reg': 4.4280710466686255, 'subsample': 0.7216545123496494, 'min_data_in_leaf': 24, 'rsm': 0.9612831226373111, 'loss_function': 'Logloss', 'eval_metric': 'AUC', 'grow_policy': 'Depthwise'}
[I 2024-12-29 22:16:10,250] Trial 2597 finished with value: 0.9295705838642412 and parameters: {'iterations': 102, 'learning_rate': 0.1908919119463774, 'depth': 4, 'l2_leaf_reg': 4.282712716156782, 'subsample': 0.7880903909077024, 'min_data_in_leaf': 16, 'rsm': 0.9734143028630484}. Best is trial 1892 with value: 0.9319758700936625.
Trial 2597: AUC = 0.9296 | Params = {'iterations': 102, 'learning_rate': 0.1908919119463774, 'depth': 4, 'l2_leaf_reg': 4.282712716156782, 'subsample': 0.7880903909077024, 'min_data_in_leaf': 16, 'rsm': 0.9734143028630484, 'loss_function': 'Logloss', 'eval_metric': 'AUC', 'grow_policy': 'Depthwise'}
[I 2024-12-29 22:16:10,710] Trial 2598 finished with value: 0.9297988358429049 and parameters: {'iterations': 69, 'learning_rate': 0.1281624912954869, 'depth': 4, 'l2_leaf_reg': 3.8487125237369244, 'subsample': 0.7066623220102819, 'min_data_in_leaf': 26, 'rsm': 0.984120339103229}. Best is trial 1892 with value: 0.9319758700936625.
Trial 2598: AUC = 0.9298 | Params = {'iterations': 69, 'learning_rate': 0.1281624912954869, 'depth': 4, 'l2_leaf_reg': 3.8487125237369244, 'subsample': 0.7066623220102819, 'min_data_in_leaf': 26, 'rsm': 0.984120339103229, 'loss_function': 'Logloss', 'eval_metric': 'AUC', 'grow_policy': 'Depthwise'}
[I 2024-12-29 22:16:11,211] Trial 2599 finished with value: 0.9305192336493819 and parameters: {'iterations': 85, 'learning_rate': 0.19710569225496122, 'depth': 4, 'l2_leaf_reg': 2.7374000517183283, 'subsample': 0.7133289271393901, 'min_data_in_leaf': 23, 'rsm': 0.8763100740968572}. Best is trial 1892 with value: 0.9319758700936625.
Trial 2599: AUC = 0.9305 | Params = {'iterations': 85, 'learning_rate': 0.19710569225496122, 'depth': 4, 'l2_leaf_reg': 2.7374000517183283, 'subsample': 0.7133289271393901, 'min_data_in_leaf': 23, 'rsm': 0.8763100740968572, 'loss_function': 'Logloss', 'eval_metric': 'AUC', 'grow_policy': 'Depthwise'}
[I 2024-12-29 22:16:11,681] Trial 2600 finished with value: 0.9291328008893907 and parameters: {'iterations': 93, 'learning_rate': 0.19987756157657757, 'depth': 4, 'l2_leaf_reg': 4.3770050144743085, 'subsample': 0.8912926614722272, 'min_data_in_leaf': 27, 'rsm': 0.9581754649466439}. Best is trial 1892 with value: 0.9319758700936625.
Trial 2600: AUC = 0.9291 | Params = {'iterations': 93, 'learning_rate': 0.19987756157657757, 'depth': 4, 'l2_leaf_reg': 4.3770050144743085, 'subsample': 0.8912926614722272, 'min_data_in_leaf': 27, 'rsm': 0.9581754649466439, 'loss_function': 'Logloss', 'eval_metric': 'AUC', 'grow_policy': 'Depthwise'}
[I 2024-12-29 22:16:12,284] Trial 2601 finished with value: 0.9298045961452057 and parameters: {'iterations': 82, 'learning_rate': 0.08595502129840316, 'depth': 4, 'l2_leaf_reg': 4.534178256836153, 'subsample': 0.7306306648388742, 'min_data_in_leaf': 25, 'rsm': 0.965658168733606}. Best is trial 1892 with value: 0.9319758700936625.
Trial 2601: AUC = 0.9298 | Params = {'iterations': 82, 'learning_rate': 0.08595502129840316, 'depth': 4, 'l2_leaf_reg': 4.534178256836153, 'subsample': 0.7306306648388742, 'min_data_in_leaf': 25, 'rsm': 0.965658168733606, 'loss_function': 'Logloss', 'eval_metric': 'AUC', 'grow_policy': 'Depthwise'}
[I 2024-12-29 22:16:12,786] Trial 2602 finished with value: 0.9293675332081427 and parameters: {'iterations': 89, 'learning_rate': 0.19376690158360635, 'depth': 4, 'l2_leaf_reg': 4.214931759908582, 'subsample': 0.7232551153829099, 'min_data_in_leaf': 24, 'rsm': 0.9798567022636222}. Best is trial 1892 with value: 0.9319758700936625.
Trial 2602: AUC = 0.9294 | Params = {'iterations': 89, 'learning_rate': 0.19376690158360635, 'depth': 4, 'l2_leaf_reg': 4.214931759908582, 'subsample': 0.7232551153829099, 'min_data_in_leaf': 24, 'rsm': 0.9798567022636222, 'loss_function': 'Logloss', 'eval_metric': 'AUC', 'grow_policy': 'Depthwise'}
[I 2024-12-29 22:16:13,268] Trial 2603 finished with value: 0.9299788452898008 and parameters: {'iterations': 66, 'learning_rate': 0.10569984079148843, 'depth': 4, 'l2_leaf_reg': 4.126802647679725, 'subsample': 0.7136631176835465, 'min_data_in_leaf': 22, 'rsm': 0.971270472118439}. Best is trial 1892 with value: 0.9319758700936625.
Trial 2603: AUC = 0.9300 | Params = {'iterations': 66, 'learning_rate': 0.10569984079148843, 'depth': 4, 'l2_leaf_reg': 4.126802647679725, 'subsample': 0.7136631176835465, 'min_data_in_leaf': 22, 'rsm': 0.971270472118439, 'loss_function': 'Logloss', 'eval_metric': 'AUC', 'grow_policy': 'Depthwise'}
[I 2024-12-29 22:16:13,879] Trial 2604 finished with value: 0.9297628339535258 and parameters: {'iterations': 99, 'learning_rate': 0.18990880678564778, 'depth': 4, 'l2_leaf_reg': 3.9317889875113146, 'subsample': 0.7051529961281675, 'min_data_in_leaf': 25, 'rsm': 0.9770894214824855}. Best is trial 1892 with value: 0.9319758700936625.
Trial 2604: AUC = 0.9298 | Params = {'iterations': 99, 'learning_rate': 0.18990880678564778, 'depth': 4, 'l2_leaf_reg': 3.9317889875113146, 'subsample': 0.7051529961281675, 'min_data_in_leaf': 25, 'rsm': 0.9770894214824855, 'loss_function': 'Logloss', 'eval_metric': 'AUC', 'grow_policy': 'Depthwise'}
[I 2024-12-29 22:16:14,376] Trial 2605 finished with value: 0.928453445236806 and parameters: {'iterations': 95, 'learning_rate': 0.19488553479114626, 'depth': 4, 'l2_leaf_reg': 4.340157978044229, 'subsample': 0.9463446899411241, 'min_data_in_leaf': 26, 'rsm': 0.9910100080530482}. Best is trial 1892 with value: 0.9319758700936625.
Trial 2605: AUC = 0.9285 | Params = {'iterations': 95, 'learning_rate': 0.19488553479114626, 'depth': 4, 'l2_leaf_reg': 4.340157978044229, 'subsample': 0.9463446899411241, 'min_data_in_leaf': 26, 'rsm': 0.9910100080530482, 'loss_function': 'Logloss', 'eval_metric': 'AUC', 'grow_policy': 'Depthwise'}
[I 2024-12-29 22:16:14,955] Trial 2606 finished with value: 0.9297837150493657 and parameters: {'iterations': 107, 'learning_rate': 0.14267683196006914, 'depth': 4, 'l2_leaf_reg': 4.049861719420224, 'subsample': 0.738519229855819, 'min_data_in_leaf': 25, 'rsm': 0.9661155413717353}. Best is trial 1892 with value: 0.9319758700936625.
Trial 2606: AUC = 0.9298 | Params = {'iterations': 107, 'learning_rate': 0.14267683196006914, 'depth': 4, 'l2_leaf_reg': 4.049861719420224, 'subsample': 0.738519229855819, 'min_data_in_leaf': 25, 'rsm': 0.9661155413717353, 'loss_function': 'Logloss', 'eval_metric': 'AUC', 'grow_policy': 'Depthwise'}
[I 2024-12-29 22:16:15,572] Trial 2607 finished with value: 0.9301232128662112 and parameters: {'iterations': 91, 'learning_rate': 0.18829588513585357, 'depth': 4, 'l2_leaf_reg': 4.45564599581689, 'subsample': 0.7194734096480193, 'min_data_in_leaf': 24, 'rsm': 0.983358742683821}. Best is trial 1892 with value: 0.9319758700936625.
Trial 2607: AUC = 0.9301 | Params = {'iterations': 91, 'learning_rate': 0.18829588513585357, 'depth': 4, 'l2_leaf_reg': 4.45564599581689, 'subsample': 0.7194734096480193, 'min_data_in_leaf': 24, 'rsm': 0.983358742683821, 'loss_function': 'Logloss', 'eval_metric': 'AUC', 'grow_policy': 'Depthwise'}
[I 2024-12-29 22:16:16,003] Trial 2608 finished with value: 0.9296400675107429 and parameters: {'iterations': 58, 'learning_rate': 0.19762069806277355, 'depth': 4, 'l2_leaf_reg': 4.236828453093612, 'subsample': 0.7000475049359269, 'min_data_in_leaf': 26, 'rsm': 0.9750079566282306}. Best is trial 1892 with value: 0.9319758700936625.
Trial 2608: AUC = 0.9296 | Params = {'iterations': 58, 'learning_rate': 0.19762069806277355, 'depth': 4, 'l2_leaf_reg': 4.236828453093612, 'subsample': 0.7000475049359269, 'min_data_in_leaf': 26, 'rsm': 0.9750079566282306, 'loss_function': 'Logloss', 'eval_metric': 'AUC', 'grow_policy': 'Depthwise'}
[I 2024-12-29 22:16:16,571] Trial 2609 finished with value: 0.9292130851027062 and parameters: {'iterations': 71, 'learning_rate': 0.05641088326989992, 'depth': 5, 'l2_leaf_reg': 4.367220925063553, 'subsample': 0.8783073325179798, 'min_data_in_leaf': 24, 'rsm': 0.9708023107478275}. Best is trial 1892 with value: 0.9319758700936625.
Trial 2609: AUC = 0.9292 | Params = {'iterations': 71, 'learning_rate': 0.05641088326989992, 'depth': 5, 'l2_leaf_reg': 4.367220925063553, 'subsample': 0.8783073325179798, 'min_data_in_leaf': 24, 'rsm': 0.9708023107478275, 'loss_function': 'Logloss', 'eval_metric': 'AUC', 'grow_policy': 'Depthwise'}
[I 2024-12-29 22:16:17,150] Trial 2610 finished with value: 0.929709191138351 and parameters: {'iterations': 87, 'learning_rate': 0.18474148101263396, 'depth': 4, 'l2_leaf_reg': 4.568575947860602, 'subsample': 0.7098860925383182, 'min_data_in_leaf': 27, 'rsm': 0.9280730701861113}. Best is trial 1892 with value: 0.9319758700936625.
Trial 2610: AUC = 0.9297 | Params = {'iterations': 87, 'learning_rate': 0.18474148101263396, 'depth': 4, 'l2_leaf_reg': 4.568575947860602, 'subsample': 0.7098860925383182, 'min_data_in_leaf': 27, 'rsm': 0.9280730701861113, 'loss_function': 'Logloss', 'eval_metric': 'AUC', 'grow_policy': 'Depthwise'}
[I 2024-12-29 22:16:17,765] Trial 2611 finished with value: 0.9294989401043767 and parameters: {'iterations': 96, 'learning_rate': 0.1916893443693128, 'depth': 4, 'l2_leaf_reg': 4.4594016830592045, 'subsample': 0.7270525124485967, 'min_data_in_leaf': 23, 'rsm': 0.8207084746126445}. Best is trial 1892 with value: 0.9319758700936625.
Trial 2611: AUC = 0.9295 | Params = {'iterations': 96, 'learning_rate': 0.1916893443693128, 'depth': 4, 'l2_leaf_reg': 4.4594016830592045, 'subsample': 0.7270525124485967, 'min_data_in_leaf': 23, 'rsm': 0.8207084746126445, 'loss_function': 'Logloss', 'eval_metric': 'AUC', 'grow_policy': 'Depthwise'}
