[I 2024-12-29 22:13:38,136] Trial 2306 finished with value: 0.929415415721017 and parameters: {'iterations': 67, 'learning_rate': 0.19215429363797346, 'depth': 4, 'l2_leaf_reg': 1.5395929970883224, 'subsample': 0.7082572709307262, 'min_data_in_leaf': 27, 'rsm': 0.9791799501468195}. Best is trial 1892 with value: 0.9319758700936625.
Trial 2306: AUC = 0.9294 | Params = {'iterations': 67, 'learning_rate': 0.19215429363797346, 'depth': 4, 'l2_leaf_reg': 1.5395929970883224, 'subsample': 0.7082572709307262, 'min_data_in_leaf': 27, 'rsm': 0.9791799501468195, 'loss_function': 'Logloss', 'eval_metric': 'AUC', 'grow_policy': 'Depthwise'}
[I 2024-12-29 22:13:38,803] Trial 2307 finished with value: 0.9301376136219628 and parameters: {'iterations': 56, 'learning_rate': 0.18602852257232977, 'depth': 4, 'l2_leaf_reg': 4.648156462369256, 'subsample': 0.7162713754416921, 'min_data_in_leaf': 26, 'rsm': 0.9612990106447487}. Best is trial 1892 with value: 0.9319758700936625.
Trial 2307: AUC = 0.9301 | Params = {'iterations': 56, 'learning_rate': 0.18602852257232977, 'depth': 4, 'l2_leaf_reg': 4.648156462369256, 'subsample': 0.7162713754416921, 'min_data_in_leaf': 26, 'rsm': 0.9612990106447487, 'loss_function': 'Logloss', 'eval_metric': 'AUC', 'grow_policy': 'Depthwise'}
[I 2024-12-29 22:13:39,324] Trial 2308 finished with value: 0.928893748343913 and parameters: {'iterations': 92, 'learning_rate': 0.1922950018628301, 'depth': 4, 'l2_leaf_reg': 4.692007845257145, 'subsample': 0.7209613022527053, 'min_data_in_leaf': 25, 'rsm': 0.9911003408955941}. Best is trial 1892 with value: 0.9319758700936625.
Trial 2308: AUC = 0.9289 | Params = {'iterations': 92, 'learning_rate': 0.1922950018628301, 'depth': 4, 'l2_leaf_reg': 4.692007845257145, 'subsample': 0.7209613022527053, 'min_data_in_leaf': 25, 'rsm': 0.9911003408955941, 'loss_function': 'Logloss', 'eval_metric': 'AUC', 'grow_policy': 'Depthwise'}
[I 2024-12-29 22:13:39,729] Trial 2309 finished with value: 0.9292206454994758 and parameters: {'iterations': 68, 'learning_rate': 0.18969591678745534, 'depth': 4, 'l2_leaf_reg': 4.010393810705978, 'subsample': 0.7044676289583408, 'min_data_in_leaf': 25, 'rsm': 0.9692726927612128}. Best is trial 1892 with value: 0.9319758700936625.
Trial 2309: AUC = 0.9292 | Params = {'iterations': 68, 'learning_rate': 0.18969591678745534, 'depth': 4, 'l2_leaf_reg': 4.010393810705978, 'subsample': 0.7044676289583408, 'min_data_in_leaf': 25, 'rsm': 0.9692726927612128, 'loss_function': 'Logloss', 'eval_metric': 'AUC', 'grow_policy': 'Depthwise'}
[I 2024-12-29 22:13:40,137] Trial 2310 finished with value: 0.9304645107775256 and parameters: {'iterations': 57, 'learning_rate': 0.19304339687228061, 'depth': 4, 'l2_leaf_reg': 2.2680112391311367, 'subsample': 0.7005578435962513, 'min_data_in_leaf': 27, 'rsm': 0.7610331381475461}. Best is trial 1892 with value: 0.9319758700936625.
Trial 2310: AUC = 0.9305 | Params = {'iterations': 57, 'learning_rate': 0.19304339687228061, 'depth': 4, 'l2_leaf_reg': 2.2680112391311367, 'subsample': 0.7005578435962513, 'min_data_in_leaf': 27, 'rsm': 0.7610331381475461, 'loss_function': 'Logloss', 'eval_metric': 'AUC', 'grow_policy': 'Depthwise'}
[I 2024-12-29 22:13:40,661] Trial 2311 finished with value: 0.9301937765693944 and parameters: {'iterations': 95, 'learning_rate': 0.185436819737252, 'depth': 4, 'l2_leaf_reg': 4.2312240990132315, 'subsample': 0.7106815371434446, 'min_data_in_leaf': 26, 'rsm': 0.983645054070923}. Best is trial 1892 with value: 0.9319758700936625.
Trial 2311: AUC = 0.9302 | Params = {'iterations': 95, 'learning_rate': 0.185436819737252, 'depth': 4, 'l2_leaf_reg': 4.2312240990132315, 'subsample': 0.7106815371434446, 'min_data_in_leaf': 26, 'rsm': 0.983645054070923, 'loss_function': 'Logloss', 'eval_metric': 'AUC', 'grow_policy': 'Depthwise'}
[I 2024-12-29 22:13:41,137] Trial 2312 finished with value: 0.9308101289155654 and parameters: {'iterations': 66, 'learning_rate': 0.18936561199499674, 'depth': 4, 'l2_leaf_reg': 2.050301420773964, 'subsample': 0.7151582667981209, 'min_data_in_leaf': 26, 'rsm': 0.9755104418122474}. Best is trial 1892 with value: 0.9319758700936625.
Trial 2312: AUC = 0.9308 | Params = {'iterations': 66, 'learning_rate': 0.18936561199499674, 'depth': 4, 'l2_leaf_reg': 2.050301420773964, 'subsample': 0.7151582667981209, 'min_data_in_leaf': 26, 'rsm': 0.9755104418122474, 'loss_function': 'Logloss', 'eval_metric': 'AUC', 'grow_policy': 'Depthwise'}
[I 2024-12-29 22:13:41,788] Trial 2313 finished with value: 0.9284307640464972 and parameters: {'iterations': 89, 'learning_rate': 0.061764677569069615, 'depth': 4, 'l2_leaf_reg': 4.171538551952387, 'subsample': 0.7237241192619971, 'min_data_in_leaf': 25, 'rsm': 0.9609334456845654}. Best is trial 1892 with value: 0.9319758700936625.
Trial 2313: AUC = 0.9284 | Params = {'iterations': 89, 'learning_rate': 0.061764677569069615, 'depth': 4, 'l2_leaf_reg': 4.171538551952387, 'subsample': 0.7237241192619971, 'min_data_in_leaf': 25, 'rsm': 0.9609334456845654, 'loss_function': 'Logloss', 'eval_metric': 'AUC', 'grow_policy': 'Depthwise'}
[I 2024-12-29 22:13:42,244] Trial 2314 finished with value: 0.9295007401988457 and parameters: {'iterations': 85, 'learning_rate': 0.1932417386595538, 'depth': 4, 'l2_leaf_reg': 4.68935438952775, 'subsample': 0.7098287056908933, 'min_data_in_leaf': 26, 'rsm': 0.9998859344378215}. Best is trial 1892 with value: 0.9319758700936625.
Trial 2314: AUC = 0.9295 | Params = {'iterations': 85, 'learning_rate': 0.1932417386595538, 'depth': 4, 'l2_leaf_reg': 4.68935438952775, 'subsample': 0.7098287056908933, 'min_data_in_leaf': 26, 'rsm': 0.9998859344378215, 'loss_function': 'Logloss', 'eval_metric': 'AUC', 'grow_policy': 'Depthwise'}
[I 2024-12-29 22:13:42,726] Trial 2315 finished with value: 0.9302438191956313 and parameters: {'iterations': 93, 'learning_rate': 0.19430428673286015, 'depth': 4, 'l2_leaf_reg': 4.257641374733414, 'subsample': 0.719545254796158, 'min_data_in_leaf': 25, 'rsm': 0.9679214924824648}. Best is trial 1892 with value: 0.9319758700936625.
Trial 2315: AUC = 0.9302 | Params = {'iterations': 93, 'learning_rate': 0.19430428673286015, 'depth': 4, 'l2_leaf_reg': 4.257641374733414, 'subsample': 0.719545254796158, 'min_data_in_leaf': 25, 'rsm': 0.9679214924824648, 'loss_function': 'Logloss', 'eval_metric': 'AUC', 'grow_policy': 'Depthwise'}
[I 2024-12-29 22:13:43,228] Trial 2316 finished with value: 0.9298672394327254 and parameters: {'iterations': 96, 'learning_rate': 0.1912534869823817, 'depth': 4, 'l2_leaf_reg': 4.074830075973131, 'subsample': 0.7131314939094803, 'min_data_in_leaf': 25, 'rsm': 0.9777592693522581}. Best is trial 1892 with value: 0.9319758700936625.
Trial 2316: AUC = 0.9299 | Params = {'iterations': 96, 'learning_rate': 0.1912534869823817, 'depth': 4, 'l2_leaf_reg': 4.074830075973131, 'subsample': 0.7131314939094803, 'min_data_in_leaf': 25, 'rsm': 0.9777592693522581, 'loss_function': 'Logloss', 'eval_metric': 'AUC', 'grow_policy': 'Depthwise'}
[I 2024-12-29 22:13:43,741] Trial 2317 finished with value: 0.9287151789725925 and parameters: {'iterations': 88, 'learning_rate': 0.18805828288813198, 'depth': 4, 'l2_leaf_reg': 1.0096897462417953, 'subsample': 0.7056983385230653, 'min_data_in_leaf': 27, 'rsm': 0.985867397803322}. Best is trial 1892 with value: 0.9319758700936625.
Trial 2317: AUC = 0.9287 | Params = {'iterations': 88, 'learning_rate': 0.18805828288813198, 'depth': 4, 'l2_leaf_reg': 1.0096897462417953, 'subsample': 0.7056983385230653, 'min_data_in_leaf': 27, 'rsm': 0.985867397803322, 'loss_function': 'Logloss', 'eval_metric': 'AUC', 'grow_policy': 'Depthwise'}
[I 2024-12-29 22:13:44,533] Trial 2318 finished with value: 0.929686509948042 and parameters: {'iterations': 98, 'learning_rate': 0.14116094403255183, 'depth': 4, 'l2_leaf_reg': 4.318955991653573, 'subsample': 0.7262307144616665, 'min_data_in_leaf': 25, 'rsm': 0.9716674387230377}. Best is trial 1892 with value: 0.9319758700936625.
Trial 2318: AUC = 0.9297 | Params = {'iterations': 98, 'learning_rate': 0.14116094403255183, 'depth': 4, 'l2_leaf_reg': 4.318955991653573, 'subsample': 0.7262307144616665, 'min_data_in_leaf': 25, 'rsm': 0.9716674387230377, 'loss_function': 'Logloss', 'eval_metric': 'AUC', 'grow_policy': 'Depthwise'}
[I 2024-12-29 22:13:44,963] Trial 2319 finished with value: 0.9305703563323005 and parameters: {'iterations': 92, 'learning_rate': 0.1948903390827921, 'depth': 4, 'l2_leaf_reg': 4.195952524719729, 'subsample': 0.7001642053147501, 'min_data_in_leaf': 26, 'rsm': 0.9607811363890483}. Best is trial 1892 with value: 0.9319758700936625.
Trial 2319: AUC = 0.9306 | Params = {'iterations': 92, 'learning_rate': 0.1948903390827921, 'depth': 4, 'l2_leaf_reg': 4.195952524719729, 'subsample': 0.7001642053147501, 'min_data_in_leaf': 26, 'rsm': 0.9607811363890483, 'loss_function': 'Logloss', 'eval_metric': 'AUC', 'grow_policy': 'Depthwise'}
[I 2024-12-29 22:13:45,456] Trial 2320 finished with value: 0.9294816591974746 and parameters: {'iterations': 66, 'learning_rate': 0.1917673019129393, 'depth': 5, 'l2_leaf_reg': 4.266772915352705, 'subsample': 0.7188337591151728, 'min_data_in_leaf': 26, 'rsm': 0.9804096210270311}. Best is trial 1892 with value: 0.9319758700936625.
Trial 2320: AUC = 0.9295 | Params = {'iterations': 66, 'learning_rate': 0.1917673019129393, 'depth': 5, 'l2_leaf_reg': 4.266772915352705, 'subsample': 0.7188337591151728, 'min_data_in_leaf': 26, 'rsm': 0.9804096210270311, 'loss_function': 'Logloss', 'eval_metric': 'AUC', 'grow_policy': 'Depthwise'}
[I 2024-12-29 22:13:45,984] Trial 2321 finished with value: 0.929223525650626 and parameters: {'iterations': 85, 'learning_rate': 0.19448273056936552, 'depth': 4, 'l2_leaf_reg': 4.117937669914661, 'subsample': 0.7096086170917167, 'min_data_in_leaf': 25, 'rsm': 0.9654048342852042}. Best is trial 1892 with value: 0.9319758700936625.
Trial 2321: AUC = 0.9292 | Params = {'iterations': 85, 'learning_rate': 0.19448273056936552, 'depth': 4, 'l2_leaf_reg': 4.117937669914661, 'subsample': 0.7096086170917167, 'min_data_in_leaf': 25, 'rsm': 0.9654048342852042, 'loss_function': 'Logloss', 'eval_metric': 'AUC', 'grow_policy': 'Depthwise'}
[I 2024-12-29 22:13:46,434] Trial 2322 finished with value: 0.9302956619163374 and parameters: {'iterations': 88, 'learning_rate': 0.18901161713865672, 'depth': 4, 'l2_leaf_reg': 2.6490544985402416, 'subsample': 0.7312372782553442, 'min_data_in_leaf': 28, 'rsm': 0.9914193061753863}. Best is trial 1892 with value: 0.9319758700936625.
Trial 2322: AUC = 0.9303 | Params = {'iterations': 88, 'learning_rate': 0.18901161713865672, 'depth': 4, 'l2_leaf_reg': 2.6490544985402416, 'subsample': 0.7312372782553442, 'min_data_in_leaf': 28, 'rsm': 0.9914193061753863, 'loss_function': 'Logloss', 'eval_metric': 'AUC', 'grow_policy': 'Depthwise'}
[I 2024-12-29 22:13:46,861] Trial 2323 finished with value: 0.9306232791096877 and parameters: {'iterations': 62, 'learning_rate': 0.18550882248857503, 'depth': 4, 'l2_leaf_reg': 3.890592615687344, 'subsample': 0.7152572519014831, 'min_data_in_leaf': 26, 'rsm': 0.971455774894087}. Best is trial 1892 with value: 0.9319758700936625.
Trial 2323: AUC = 0.9306 | Params = {'iterations': 62, 'learning_rate': 0.18550882248857503, 'depth': 4, 'l2_leaf_reg': 3.890592615687344, 'subsample': 0.7152572519014831, 'min_data_in_leaf': 26, 'rsm': 0.971455774894087, 'loss_function': 'Logloss', 'eval_metric': 'AUC', 'grow_policy': 'Depthwise'}
[I 2024-12-29 22:13:47,484] Trial 2324 finished with value: 0.9307993283487517 and parameters: {'iterations': 132, 'learning_rate': 0.0840323423925434, 'depth': 4, 'l2_leaf_reg': 4.337765483823431, 'subsample': 0.7219779331774141, 'min_data_in_leaf': 25, 'rsm': 0.9762434627152967}. Best is trial 1892 with value: 0.9319758700936625.
Trial 2324: AUC = 0.9308 | Params = {'iterations': 132, 'learning_rate': 0.0840323423925434, 'depth': 4, 'l2_leaf_reg': 4.337765483823431, 'subsample': 0.7219779331774141, 'min_data_in_leaf': 25, 'rsm': 0.9762434627152967, 'loss_function': 'Logloss', 'eval_metric': 'AUC', 'grow_policy': 'Depthwise'}
[I 2024-12-29 22:13:47,907] Trial 2325 finished with value: 0.9314200009216484 and parameters: {'iterations': 91, 'learning_rate': 0.195624953374373, 'depth': 4, 'l2_leaf_reg': 4.176329049641016, 'subsample': 0.709158378408645, 'min_data_in_leaf': 25, 'rsm': 0.7968272600385438}. Best is trial 1892 with value: 0.9319758700936625.
Trial 2325: AUC = 0.9314 | Params = {'iterations': 91, 'learning_rate': 0.195624953374373, 'depth': 4, 'l2_leaf_reg': 4.176329049641016, 'subsample': 0.709158378408645, 'min_data_in_leaf': 25, 'rsm': 0.7968272600385438, 'loss_function': 'Logloss', 'eval_metric': 'AUC', 'grow_policy': 'Depthwise'}
[I 2024-12-29 22:13:48,363] Trial 2326 finished with value: 0.9295900248845059 and parameters: {'iterations': 99, 'learning_rate': 0.1954520785111885, 'depth': 4, 'l2_leaf_reg': 4.119157673905309, 'subsample': 0.864267852910453, 'min_data_in_leaf': 24, 'rsm': 0.8665294030216489}. Best is trial 1892 with value: 0.9319758700936625.
Trial 2326: AUC = 0.9296 | Params = {'iterations': 99, 'learning_rate': 0.1954520785111885, 'depth': 4, 'l2_leaf_reg': 4.119157673905309, 'subsample': 0.864267852910453, 'min_data_in_leaf': 24, 'rsm': 0.8665294030216489, 'loss_function': 'Logloss', 'eval_metric': 'AUC', 'grow_policy': 'Depthwise'}
[I 2024-12-29 22:13:48,883] Trial 2327 finished with value: 0.9291410813239478 and parameters: {'iterations': 98, 'learning_rate': 0.19646877699111664, 'depth': 4, 'l2_leaf_reg': 4.0169901382873, 'subsample': 0.7270597203044356, 'min_data_in_leaf': 24, 'rsm': 0.8739698552501782}. Best is trial 1892 with value: 0.9319758700936625.
Trial 2327: AUC = 0.9291 | Params = {'iterations': 98, 'learning_rate': 0.19646877699111664, 'depth': 4, 'l2_leaf_reg': 4.0169901382873, 'subsample': 0.7270597203044356, 'min_data_in_leaf': 24, 'rsm': 0.8739698552501782, 'loss_function': 'Logloss', 'eval_metric': 'AUC', 'grow_policy': 'Depthwise'}
[I 2024-12-29 22:13:49,364] Trial 2328 finished with value: 0.9299367230792273 and parameters: {'iterations': 96, 'learning_rate': 0.19765174201210126, 'depth': 4, 'l2_leaf_reg': 4.092906799595272, 'subsample': 0.7204632254715382, 'min_data_in_leaf': 24, 'rsm': 0.8090600993921693}. Best is trial 1892 with value: 0.9319758700936625.
Trial 2328: AUC = 0.9299 | Params = {'iterations': 96, 'learning_rate': 0.19765174201210126, 'depth': 4, 'l2_leaf_reg': 4.092906799595272, 'subsample': 0.7204632254715382, 'min_data_in_leaf': 24, 'rsm': 0.8090600993921693, 'loss_function': 'Logloss', 'eval_metric': 'AUC', 'grow_policy': 'Depthwise'}
[I 2024-12-29 22:13:49,970] Trial 2329 finished with value: 0.929132440870497 and parameters: {'iterations': 95, 'learning_rate': 0.1949839244662481, 'depth': 4, 'l2_leaf_reg': 3.986857872966786, 'subsample': 0.737339363769677, 'min_data_in_leaf': 24, 'rsm': 0.8622774604343132}. Best is trial 1892 with value: 0.9319758700936625.
Trial 2329: AUC = 0.9291 | Params = {'iterations': 95, 'learning_rate': 0.1949839244662481, 'depth': 4, 'l2_leaf_reg': 3.986857872966786, 'subsample': 0.737339363769677, 'min_data_in_leaf': 24, 'rsm': 0.8622774604343132, 'loss_function': 'Logloss', 'eval_metric': 'AUC', 'grow_policy': 'Depthwise'}
[I 2024-12-29 22:13:50,464] Trial 2330 finished with value: 0.9299961261967028 and parameters: {'iterations': 94, 'learning_rate': 0.19770049549559618, 'depth': 4, 'l2_leaf_reg': 4.062783082841317, 'subsample': 0.7158348765058025, 'min_data_in_leaf': 25, 'rsm': 0.8905417952664262}. Best is trial 1892 with value: 0.9319758700936625.
Trial 2330: AUC = 0.9300 | Params = {'iterations': 94, 'learning_rate': 0.19770049549559618, 'depth': 4, 'l2_leaf_reg': 4.062783082841317, 'subsample': 0.7158348765058025, 'min_data_in_leaf': 25, 'rsm': 0.8905417952664262, 'loss_function': 'Logloss', 'eval_metric': 'AUC', 'grow_policy': 'Depthwise'}
[I 2024-12-29 22:13:50,966] Trial 2331 finished with value: 0.9298683194894068 and parameters: {'iterations': 98, 'learning_rate': 0.1938251572802267, 'depth': 4, 'l2_leaf_reg': 1.850345967138658, 'subsample': 0.7221200649507435, 'min_data_in_leaf': 9, 'rsm': 0.793882304540245}. Best is trial 1892 with value: 0.9319758700936625.
Trial 2331: AUC = 0.9299 | Params = {'iterations': 98, 'learning_rate': 0.1938251572802267, 'depth': 4, 'l2_leaf_reg': 1.850345967138658, 'subsample': 0.7221200649507435, 'min_data_in_leaf': 9, 'rsm': 0.793882304540245, 'loss_function': 'Logloss', 'eval_metric': 'AUC', 'grow_policy': 'Depthwise'}
[I 2024-12-29 22:13:51,442] Trial 2332 finished with value: 0.930971777398878 and parameters: {'iterations': 99, 'learning_rate': 0.19999243406111272, 'depth': 4, 'l2_leaf_reg': 1.7330366222008062, 'subsample': 0.7161295735298399, 'min_data_in_leaf': 25, 'rsm': 0.7917767666988187}. Best is trial 1892 with value: 0.9319758700936625.
Trial 2332: AUC = 0.9310 | Params = {'iterations': 99, 'learning_rate': 0.19999243406111272, 'depth': 4, 'l2_leaf_reg': 1.7330366222008062, 'subsample': 0.7161295735298399, 'min_data_in_leaf': 25, 'rsm': 0.7917767666988187, 'loss_function': 'Logloss', 'eval_metric': 'AUC', 'grow_policy': 'Depthwise'}
[I 2024-12-29 22:13:51,943] Trial 2333 finished with value: 0.9306427201299524 and parameters: {'iterations': 95, 'learning_rate': 0.1952481717007873, 'depth': 4, 'l2_leaf_reg': 4.015448032480797, 'subsample': 0.7252710877038187, 'min_data_in_leaf': 25, 'rsm': 0.7923198995121957}. Best is trial 1892 with value: 0.9319758700936625.
Trial 2333: AUC = 0.9306 | Params = {'iterations': 95, 'learning_rate': 0.1952481717007873, 'depth': 4, 'l2_leaf_reg': 4.015448032480797, 'subsample': 0.7252710877038187, 'min_data_in_leaf': 25, 'rsm': 0.7923198995121957, 'loss_function': 'Logloss', 'eval_metric': 'AUC', 'grow_policy': 'Depthwise'}
[I 2024-12-29 22:13:52,481] Trial 2334 finished with value: 0.928356600154376 and parameters: {'iterations': 60, 'learning_rate': 0.19352457104265702, 'depth': 6, 'l2_leaf_reg': 3.90859310254523, 'subsample': 0.7124414858891644, 'min_data_in_leaf': 24, 'rsm': 0.7839624508928992}. Best is trial 1892 with value: 0.9319758700936625.
Trial 2334: AUC = 0.9284 | Params = {'iterations': 60, 'learning_rate': 0.19352457104265702, 'depth': 6, 'l2_leaf_reg': 3.90859310254523, 'subsample': 0.7124414858891644, 'min_data_in_leaf': 24, 'rsm': 0.7839624508928992, 'loss_function': 'Logloss', 'eval_metric': 'AUC', 'grow_policy': 'Depthwise'}
[I 2024-12-29 22:13:53,044] Trial 2335 finished with value: 0.9302250982131542 and parameters: {'iterations': 94, 'learning_rate': 0.19994107174702355, 'depth': 4, 'l2_leaf_reg': 4.153196921046589, 'subsample': 0.7306544632000287, 'min_data_in_leaf': 25, 'rsm': 0.7469093298869022}. Best is trial 1892 with value: 0.9319758700936625.
Trial 2335: AUC = 0.9302 | Params = {'iterations': 94, 'learning_rate': 0.19994107174702355, 'depth': 4, 'l2_leaf_reg': 4.153196921046589, 'subsample': 0.7306544632000287, 'min_data_in_leaf': 25, 'rsm': 0.7469093298869022, 'loss_function': 'Logloss', 'eval_metric': 'AUC', 'grow_policy': 'Depthwise'}
[I 2024-12-29 22:13:53,486] Trial 2336 finished with value: 0.9299878457621455 and parameters: {'iterations': 92, 'learning_rate': 0.19251979935080285, 'depth': 4, 'l2_leaf_reg': 4.59244935568567, 'subsample': 0.7190913783274535, 'min_data_in_leaf': 24, 'rsm': 0.8280267896445933}. Best is trial 1892 with value: 0.9319758700936625.
Trial 2336: AUC = 0.9300 | Params = {'iterations': 92, 'learning_rate': 0.19251979935080285, 'depth': 4, 'l2_leaf_reg': 4.59244935568567, 'subsample': 0.7190913783274535, 'min_data_in_leaf': 24, 'rsm': 0.8280267896445933, 'loss_function': 'Logloss', 'eval_metric': 'AUC', 'grow_policy': 'Depthwise'}
[I 2024-12-29 22:13:54,030] Trial 2337 finished with value: 0.9290341557124919 and parameters: {'iterations': 98, 'learning_rate': 0.11337643510702705, 'depth': 4, 'l2_leaf_reg': 4.679773314451624, 'subsample': 0.71126824429347, 'min_data_in_leaf': 25, 'rsm': 0.9842501101332126}. Best is trial 1892 with value: 0.9319758700936625.
Trial 2337: AUC = 0.9290 | Params = {'iterations': 98, 'learning_rate': 0.11337643510702705, 'depth': 4, 'l2_leaf_reg': 4.679773314451624, 'subsample': 0.71126824429347, 'min_data_in_leaf': 25, 'rsm': 0.9842501101332126, 'loss_function': 'Logloss', 'eval_metric': 'AUC', 'grow_policy': 'Depthwise'}
[I 2024-12-29 22:13:54,541] Trial 2338 finished with value: 0.9290658373751455 and parameters: {'iterations': 92, 'learning_rate': 0.1971829439820019, 'depth': 4, 'l2_leaf_reg': 4.187187489699001, 'subsample': 0.9406686656589968, 'min_data_in_leaf': 25, 'rsm': 0.9870748831516382}. Best is trial 1892 with value: 0.9319758700936625.
Trial 2338: AUC = 0.9291 | Params = {'iterations': 92, 'learning_rate': 0.1971829439820019, 'depth': 4, 'l2_leaf_reg': 4.187187489699001, 'subsample': 0.9406686656589968, 'min_data_in_leaf': 25, 'rsm': 0.9870748831516382, 'loss_function': 'Logloss', 'eval_metric': 'AUC', 'grow_policy': 'Depthwise'}
[I 2024-12-29 22:13:54,992] Trial 2339 finished with value: 0.9294010149652655 and parameters: {'iterations': 58, 'learning_rate': 0.19504389663259297, 'depth': 4, 'l2_leaf_reg': 4.1428301472809315, 'subsample': 0.7170746367522913, 'min_data_in_leaf': 24, 'rsm': 0.8182852267746104}. Best is trial 1892 with value: 0.9319758700936625.
Trial 2339: AUC = 0.9294 | Params = {'iterations': 58, 'learning_rate': 0.19504389663259297, 'depth': 4, 'l2_leaf_reg': 4.1428301472809315, 'subsample': 0.7170746367522913, 'min_data_in_leaf': 24, 'rsm': 0.8182852267746104, 'loss_function': 'Logloss', 'eval_metric': 'AUC', 'grow_policy': 'Depthwise'}
