[I 2024-12-29 22:18:55,443] Trial 2918 finished with value: 0.9299511238349789 and parameters: {'iterations': 82, 'learning_rate': 0.19348984155192162, 'depth': 4, 'l2_leaf_reg': 4.010663211083994, 'subsample': 0.7801524632055519, 'min_data_in_leaf': 25, 'rsm': 0.993563724274636}. Best is trial 1892 with value: 0.9319758700936625.
Trial 2918: AUC = 0.9300 | Params = {'iterations': 82, 'learning_rate': 0.19348984155192162, 'depth': 4, 'l2_leaf_reg': 4.010663211083994, 'subsample': 0.7801524632055519, 'min_data_in_leaf': 25, 'rsm': 0.993563724274636, 'loss_function': 'Logloss', 'eval_metric': 'AUC', 'grow_policy': 'Depthwise'}
[I 2024-12-29 22:18:56,143] Trial 2919 finished with value: 0.9291029193212059 and parameters: {'iterations': 85, 'learning_rate': 0.19501982248676716, 'depth': 5, 'l2_leaf_reg': 4.412478454011276, 'subsample': 0.7097233434712935, 'min_data_in_leaf': 23, 'rsm': 0.9754056842951058}. Best is trial 1892 with value: 0.9319758700936625.
Trial 2919: AUC = 0.9291 | Params = {'iterations': 85, 'learning_rate': 0.19501982248676716, 'depth': 5, 'l2_leaf_reg': 4.412478454011276, 'subsample': 0.7097233434712935, 'min_data_in_leaf': 23, 'rsm': 0.9754056842951058, 'loss_function': 'Logloss', 'eval_metric': 'AUC', 'grow_policy': 'Depthwise'}
[I 2024-12-29 22:18:56,686] Trial 2920 finished with value: 0.9294632982338913 and parameters: {'iterations': 59, 'learning_rate': 0.1898965082774231, 'depth': 4, 'l2_leaf_reg': 4.150935314829872, 'subsample': 0.7318593782927243, 'min_data_in_leaf': 2, 'rsm': 0.9808397961641102}. Best is trial 1892 with value: 0.9319758700936625.
Trial 2920: AUC = 0.9295 | Params = {'iterations': 59, 'learning_rate': 0.1898965082774231, 'depth': 4, 'l2_leaf_reg': 4.150935314829872, 'subsample': 0.7318593782927243, 'min_data_in_leaf': 2, 'rsm': 0.9808397961641102, 'loss_function': 'Logloss', 'eval_metric': 'AUC', 'grow_policy': 'Depthwise'}
[I 2024-12-29 22:18:57,226] Trial 2921 finished with value: 0.9296569883987512 and parameters: {'iterations': 90, 'learning_rate': 0.19753483963170362, 'depth': 4, 'l2_leaf_reg': 4.493242750468554, 'subsample': 0.716197210824937, 'min_data_in_leaf': 23, 'rsm': 0.773441025558841}. Best is trial 1892 with value: 0.9319758700936625.
Trial 2921: AUC = 0.9297 | Params = {'iterations': 90, 'learning_rate': 0.19753483963170362, 'depth': 4, 'l2_leaf_reg': 4.493242750468554, 'subsample': 0.716197210824937, 'min_data_in_leaf': 23, 'rsm': 0.773441025558841, 'loss_function': 'Logloss', 'eval_metric': 'AUC', 'grow_policy': 'Depthwise'}
[I 2024-12-29 22:18:57,764] Trial 2922 finished with value: 0.9305336344051336 and parameters: {'iterations': 69, 'learning_rate': 0.18537938709817064, 'depth': 4, 'l2_leaf_reg': 4.330848586986213, 'subsample': 0.7226550781727816, 'min_data_in_leaf': 21, 'rsm': 0.9639629335545808}. Best is trial 1892 with value: 0.9319758700936625.
Trial 2922: AUC = 0.9305 | Params = {'iterations': 69, 'learning_rate': 0.18537938709817064, 'depth': 4, 'l2_leaf_reg': 4.330848586986213, 'subsample': 0.7226550781727816, 'min_data_in_leaf': 21, 'rsm': 0.9639629335545808, 'loss_function': 'Logloss', 'eval_metric': 'AUC', 'grow_policy': 'Depthwise'}
[I 2024-12-29 22:18:58,234] Trial 2923 finished with value: 0.9299950461400215 and parameters: {'iterations': 63, 'learning_rate': 0.19277445863954057, 'depth': 4, 'l2_leaf_reg': 4.7601281852109185, 'subsample': 0.8396260128421082, 'min_data_in_leaf': 27, 'rsm': 0.9711656267834454}. Best is trial 1892 with value: 0.9319758700936625.
Trial 2923: AUC = 0.9300 | Params = {'iterations': 63, 'learning_rate': 0.19277445863954057, 'depth': 4, 'l2_leaf_reg': 4.7601281852109185, 'subsample': 0.8396260128421082, 'min_data_in_leaf': 27, 'rsm': 0.9711656267834454, 'loss_function': 'Logloss', 'eval_metric': 'AUC', 'grow_policy': 'Depthwise'}
[I 2024-12-29 22:18:58,795] Trial 2924 finished with value: 0.9302960219352312 and parameters: {'iterations': 80, 'learning_rate': 0.19740428635605137, 'depth': 4, 'l2_leaf_reg': 4.5844817501198785, 'subsample': 0.709236491642331, 'min_data_in_leaf': 25, 'rsm': 0.9585545416787209}. Best is trial 1892 with value: 0.9319758700936625.
Trial 2924: AUC = 0.9303 | Params = {'iterations': 80, 'learning_rate': 0.19740428635605137, 'depth': 4, 'l2_leaf_reg': 4.5844817501198785, 'subsample': 0.709236491642331, 'min_data_in_leaf': 25, 'rsm': 0.9585545416787209, 'loss_function': 'Logloss', 'eval_metric': 'AUC', 'grow_policy': 'Depthwise'}
[I 2024-12-29 22:18:59,291] Trial 2925 finished with value: 0.9298197169387449 and parameters: {'iterations': 123, 'learning_rate': 0.18794647347530055, 'depth': 4, 'l2_leaf_reg': 3.8065052634776753, 'subsample': 0.7150711873462078, 'min_data_in_leaf': 26, 'rsm': 0.9778799280757141}. Best is trial 1892 with value: 0.9319758700936625.
Trial 2925: AUC = 0.9298 | Params = {'iterations': 123, 'learning_rate': 0.18794647347530055, 'depth': 4, 'l2_leaf_reg': 3.8065052634776753, 'subsample': 0.7150711873462078, 'min_data_in_leaf': 26, 'rsm': 0.9778799280757141, 'loss_function': 'Logloss', 'eval_metric': 'AUC', 'grow_policy': 'Depthwise'}
[I 2024-12-29 22:18:59,964] Trial 2926 finished with value: 0.929724671950784 and parameters: {'iterations': 92, 'learning_rate': 0.19269771387481338, 'depth': 4, 'l2_leaf_reg': 4.240782938560927, 'subsample': 0.7000234844598631, 'min_data_in_leaf': 24, 'rsm': 0.9859222606163097}. Best is trial 1892 with value: 0.9319758700936625.
Trial 2926: AUC = 0.9297 | Params = {'iterations': 92, 'learning_rate': 0.19269771387481338, 'depth': 4, 'l2_leaf_reg': 4.240782938560927, 'subsample': 0.7000234844598631, 'min_data_in_leaf': 24, 'rsm': 0.9859222606163097, 'loss_function': 'Logloss', 'eval_metric': 'AUC', 'grow_policy': 'Depthwise'}
[I 2024-12-29 22:19:00,470] Trial 2927 finished with value: 0.9292447667653598 and parameters: {'iterations': 88, 'learning_rate': 0.1956501777028281, 'depth': 4, 'l2_leaf_reg': 3.450836631228359, 'subsample': 0.7265938129642092, 'min_data_in_leaf': 25, 'rsm': 0.8731440186668118}. Best is trial 1892 with value: 0.9319758700936625.
Trial 2927: AUC = 0.9292 | Params = {'iterations': 88, 'learning_rate': 0.1956501777028281, 'depth': 4, 'l2_leaf_reg': 3.450836631228359, 'subsample': 0.7265938129642092, 'min_data_in_leaf': 25, 'rsm': 0.8731440186668118, 'loss_function': 'Logloss', 'eval_metric': 'AUC', 'grow_policy': 'Depthwise'}
[I 2024-12-29 22:19:01,096] Trial 2928 finished with value: 0.9295918249789749 and parameters: {'iterations': 84, 'learning_rate': 0.18133163485501486, 'depth': 4, 'l2_leaf_reg': 4.410436022429766, 'subsample': 0.7565666314184413, 'min_data_in_leaf': 22, 'rsm': 0.9682750159147534}. Best is trial 1892 with value: 0.9319758700936625.
Trial 2928: AUC = 0.9296 | Params = {'iterations': 84, 'learning_rate': 0.18133163485501486, 'depth': 4, 'l2_leaf_reg': 4.410436022429766, 'subsample': 0.7565666314184413, 'min_data_in_leaf': 22, 'rsm': 0.9682750159147534, 'loss_function': 'Logloss', 'eval_metric': 'AUC', 'grow_policy': 'Depthwise'}
[I 2024-12-29 22:19:01,551] Trial 2929 finished with value: 0.929591824978975 and parameters: {'iterations': 65, 'learning_rate': 0.1911219284483982, 'depth': 4, 'l2_leaf_reg': 4.347058516994155, 'subsample': 0.849548601852131, 'min_data_in_leaf': 24, 'rsm': 0.9512963990859902}. Best is trial 1892 with value: 0.9319758700936625.
Trial 2929: AUC = 0.9296 | Params = {'iterations': 65, 'learning_rate': 0.1911219284483982, 'depth': 4, 'l2_leaf_reg': 4.347058516994155, 'subsample': 0.849548601852131, 'min_data_in_leaf': 24, 'rsm': 0.9512963990859902, 'loss_function': 'Logloss', 'eval_metric': 'AUC', 'grow_policy': 'Depthwise'}
[I 2024-12-29 22:19:02,201] Trial 2930 finished with value: 0.9303975472632804 and parameters: {'iterations': 93, 'learning_rate': 0.1973461170402692, 'depth': 4, 'l2_leaf_reg': 1.0087812028330947, 'subsample': 0.7208208556725954, 'min_data_in_leaf': 25, 'rsm': 0.9747269858172438}. Best is trial 1892 with value: 0.9319758700936625.
Trial 2930: AUC = 0.9304 | Params = {'iterations': 93, 'learning_rate': 0.1973461170402692, 'depth': 4, 'l2_leaf_reg': 1.0087812028330947, 'subsample': 0.7208208556725954, 'min_data_in_leaf': 25, 'rsm': 0.9747269858172438, 'loss_function': 'Logloss', 'eval_metric': 'AUC', 'grow_policy': 'Depthwise'}
[I 2024-12-29 22:19:02,711] Trial 2931 finished with value: 0.9294784190274306 and parameters: {'iterations': 90, 'learning_rate': 0.18490749789715077, 'depth': 4, 'l2_leaf_reg': 1.8898173362523494, 'subsample': 0.737218839364868, 'min_data_in_leaf': 26, 'rsm': 0.989252547374346}. Best is trial 1892 with value: 0.9319758700936625.
Trial 2931: AUC = 0.9295 | Params = {'iterations': 90, 'learning_rate': 0.18490749789715077, 'depth': 4, 'l2_leaf_reg': 1.8898173362523494, 'subsample': 0.737218839364868, 'min_data_in_leaf': 26, 'rsm': 0.989252547374346, 'loss_function': 'Logloss', 'eval_metric': 'AUC', 'grow_policy': 'Depthwise'}
[I 2024-12-29 22:19:03,185] Trial 2932 finished with value: 0.9299482436838286 and parameters: {'iterations': 73, 'learning_rate': 0.19982837541049375, 'depth': 4, 'l2_leaf_reg': 4.513116765063742, 'subsample': 0.7069534179947032, 'min_data_in_leaf': 26, 'rsm': 0.9617527392048365}. Best is trial 1892 with value: 0.9319758700936625.
Trial 2932: AUC = 0.9299 | Params = {'iterations': 73, 'learning_rate': 0.19982837541049375, 'depth': 4, 'l2_leaf_reg': 4.513116765063742, 'subsample': 0.7069534179947032, 'min_data_in_leaf': 26, 'rsm': 0.9617527392048365, 'loss_function': 'Logloss', 'eval_metric': 'AUC', 'grow_policy': 'Depthwise'}
[I 2024-12-29 22:19:03,716] Trial 2933 finished with value: 0.929631427057292 and parameters: {'iterations': 69, 'learning_rate': 0.19439114060297738, 'depth': 4, 'l2_leaf_reg': 4.675785628065732, 'subsample': 0.7130206735414377, 'min_data_in_leaf': 24, 'rsm': 0.981555951228236}. Best is trial 1892 with value: 0.9319758700936625.
Trial 2933: AUC = 0.9296 | Params = {'iterations': 69, 'learning_rate': 0.19439114060297738, 'depth': 4, 'l2_leaf_reg': 4.675785628065732, 'subsample': 0.7130206735414377, 'min_data_in_leaf': 24, 'rsm': 0.981555951228236, 'loss_function': 'Logloss', 'eval_metric': 'AUC', 'grow_policy': 'Depthwise'}
[I 2024-12-29 22:19:04,247] Trial 2934 finished with value: 0.930370545846246 and parameters: {'iterations': 86, 'learning_rate': 0.18928838152755115, 'depth': 4, 'l2_leaf_reg': 4.112550354284645, 'subsample': 0.8829597287754273, 'min_data_in_leaf': 29, 'rsm': 0.9696914370653358}. Best is trial 1892 with value: 0.9319758700936625.
Trial 2934: AUC = 0.9304 | Params = {'iterations': 86, 'learning_rate': 0.18928838152755115, 'depth': 4, 'l2_leaf_reg': 4.112550354284645, 'subsample': 0.8829597287754273, 'min_data_in_leaf': 29, 'rsm': 0.9696914370653358, 'loss_function': 'Logloss', 'eval_metric': 'AUC', 'grow_policy': 'Depthwise'}
[I 2024-12-29 22:19:04,822] Trial 2935 finished with value: 0.9314030800336401 and parameters: {'iterations': 77, 'learning_rate': 0.1928928997491218, 'depth': 4, 'l2_leaf_reg': 4.270768795284771, 'subsample': 0.718474758327521, 'min_data_in_leaf': 25, 'rsm': 0.9741610743932279}. Best is trial 1892 with value: 0.9319758700936625.
Trial 2935: AUC = 0.9314 | Params = {'iterations': 77, 'learning_rate': 0.1928928997491218, 'depth': 4, 'l2_leaf_reg': 4.270768795284771, 'subsample': 0.718474758327521, 'min_data_in_leaf': 25, 'rsm': 0.9741610743932279, 'loss_function': 'Logloss', 'eval_metric': 'AUC', 'grow_policy': 'Depthwise'}
[I 2024-12-29 22:19:04,143] Trial 2936 finished with value: 0.9290931988110737 and parameters: {'iterations': 77, 'learning_rate': 0.19493823147696046, 'depth': 4, 'l2_leaf_reg': 4.205341798755302, 'subsample': 0.7293395658769727, 'min_data_in_leaf': 25, 'rsm': 0.9609069331143306}. Best is trial 1892 with value: 0.9319758700936625.
Trial 2936: AUC = 0.9291 | Params = {'iterations': 77, 'learning_rate': 0.19493823147696046, 'depth': 4, 'l2_leaf_reg': 4.205341798755302, 'subsample': 0.7293395658769727, 'min_data_in_leaf': 25, 'rsm': 0.9609069331143306, 'loss_function': 'Logloss', 'eval_metric': 'AUC', 'grow_policy': 'Depthwise'}
[I 2024-12-29 22:19:04,807] Trial 2937 finished with value: 0.9298675994516192 and parameters: {'iterations': 78, 'learning_rate': 0.19986914030557099, 'depth': 4, 'l2_leaf_reg': 4.203152429269078, 'subsample': 0.734076495295186, 'min_data_in_leaf': 24, 'rsm': 0.9656939652409784}. Best is trial 1892 with value: 0.9319758700936625.
Trial 2937: AUC = 0.9299 | Params = {'iterations': 78, 'learning_rate': 0.19986914030557099, 'depth': 4, 'l2_leaf_reg': 4.203152429269078, 'subsample': 0.734076495295186, 'min_data_in_leaf': 24, 'rsm': 0.9656939652409784, 'loss_function': 'Logloss', 'eval_metric': 'AUC', 'grow_policy': 'Depthwise'}
[I 2024-12-29 22:19:05,383] Trial 2938 finished with value: 0.9297473531410928 and parameters: {'iterations': 79, 'learning_rate': 0.1977626309502826, 'depth': 4, 'l2_leaf_reg': 4.261242540107377, 'subsample': 0.7279836208460456, 'min_data_in_leaf': 23, 'rsm': 0.9554920962565077}. Best is trial 1892 with value: 0.9319758700936625.
Trial 2938: AUC = 0.9297 | Params = {'iterations': 79, 'learning_rate': 0.1977626309502826, 'depth': 4, 'l2_leaf_reg': 4.261242540107377, 'subsample': 0.7279836208460456, 'min_data_in_leaf': 23, 'rsm': 0.9554920962565077, 'loss_function': 'Logloss', 'eval_metric': 'AUC', 'grow_policy': 'Depthwise'}
[I 2024-12-29 22:19:06,041] Trial 2939 finished with value: 0.9295273815969862 and parameters: {'iterations': 82, 'learning_rate': 0.194665920963296, 'depth': 4, 'l2_leaf_reg': 4.136394538353981, 'subsample': 0.7389598160844609, 'min_data_in_leaf': 26, 'rsm': 0.968889916067143}. Best is trial 1892 with value: 0.9319758700936625.
Trial 2939: AUC = 0.9295 | Params = {'iterations': 82, 'learning_rate': 0.194665920963296, 'depth': 4, 'l2_leaf_reg': 4.136394538353981, 'subsample': 0.7389598160844609, 'min_data_in_leaf': 26, 'rsm': 0.968889916067143, 'loss_function': 'Logloss', 'eval_metric': 'AUC', 'grow_policy': 'Depthwise'}
[I 2024-12-29 22:19:06,533] Trial 2940 finished with value: 0.9291886038179284 and parameters: {'iterations': 76, 'learning_rate': 0.19202889176475607, 'depth': 4, 'l2_leaf_reg': 4.272840091785267, 'subsample': 0.7484062644918035, 'min_data_in_leaf': 24, 'rsm': 0.9730814083919251}. Best is trial 1892 with value: 0.9319758700936625.
Trial 2940: AUC = 0.9292 | Params = {'iterations': 76, 'learning_rate': 0.19202889176475607, 'depth': 4, 'l2_leaf_reg': 4.272840091785267, 'subsample': 0.7484062644918035, 'min_data_in_leaf': 24, 'rsm': 0.9730814083919251, 'loss_function': 'Logloss', 'eval_metric': 'AUC', 'grow_policy': 'Depthwise'}
[I 2024-12-29 22:19:07,122] Trial 2941 finished with value: 0.9289041888918331 and parameters: {'iterations': 79, 'learning_rate': 0.19713788042126903, 'depth': 4, 'l2_leaf_reg': 4.236933334485726, 'subsample': 0.7261584436963892, 'min_data_in_leaf': 26, 'rsm': 0.9630541574245923}. Best is trial 1892 with value: 0.9319758700936625.
Trial 2941: AUC = 0.9289 | Params = {'iterations': 79, 'learning_rate': 0.19713788042126903, 'depth': 4, 'l2_leaf_reg': 4.236933334485726, 'subsample': 0.7261584436963892, 'min_data_in_leaf': 26, 'rsm': 0.9630541574245923, 'loss_function': 'Logloss', 'eval_metric': 'AUC', 'grow_policy': 'Depthwise'}
[I 2024-12-29 22:19:07,614] Trial 2942 finished with value: 0.9300922512413452 and parameters: {'iterations': 77, 'learning_rate': 0.1893370589537318, 'depth': 4, 'l2_leaf_reg': 4.067924446695071, 'subsample': 0.7326960180264823, 'min_data_in_leaf': 25, 'rsm': 0.9702790970265052}. Best is trial 1892 with value: 0.9319758700936625.
Trial 2942: AUC = 0.9301 | Params = {'iterations': 77, 'learning_rate': 0.1893370589537318, 'depth': 4, 'l2_leaf_reg': 4.067924446695071, 'subsample': 0.7326960180264823, 'min_data_in_leaf': 25, 'rsm': 0.9702790970265052, 'loss_function': 'Logloss', 'eval_metric': 'AUC', 'grow_policy': 'Depthwise'}
[I 2024-12-29 22:19:08,286] Trial 2943 finished with value: 0.9295201812191104 and parameters: {'iterations': 82, 'learning_rate': 0.19423546969061917, 'depth': 5, 'l2_leaf_reg': 4.19684434371106, 'subsample': 0.7231523222018198, 'min_data_in_leaf': 25, 'rsm': 0.9565875626108441}. Best is trial 1892 with value: 0.9319758700936625.
Trial 2943: AUC = 0.9295 | Params = {'iterations': 82, 'learning_rate': 0.19423546969061917, 'depth': 5, 'l2_leaf_reg': 4.19684434371106, 'subsample': 0.7231523222018198, 'min_data_in_leaf': 25, 'rsm': 0.9565875626108441, 'loss_function': 'Logloss', 'eval_metric': 'AUC', 'grow_policy': 'Depthwise'}
[I 2024-12-29 22:19:08,781] Trial 2944 finished with value: 0.929567343694197 and parameters: {'iterations': 78, 'learning_rate': 0.19747822743476812, 'depth': 4, 'l2_leaf_reg': 4.168801710713088, 'subsample': 0.7209242743822847, 'min_data_in_leaf': 27, 'rsm': 0.9650113051226807}. Best is trial 1892 with value: 0.9319758700936625.
Trial 2944: AUC = 0.9296 | Params = {'iterations': 78, 'learning_rate': 0.19747822743476812, 'depth': 4, 'l2_leaf_reg': 4.168801710713088, 'subsample': 0.7209242743822847, 'min_data_in_leaf': 27, 'rsm': 0.9650113051226807, 'loss_function': 'Logloss', 'eval_metric': 'AUC', 'grow_policy': 'Depthwise'}
[I 2024-12-29 22:19:09,444] Trial 2945 finished with value: 0.9296699490789277 and parameters: {'iterations': 78, 'learning_rate': 0.19981689257566723, 'depth': 4, 'l2_leaf_reg': 4.273482892626811, 'subsample': 0.728815674184905, 'min_data_in_leaf': 24, 'rsm': 0.9762502426129077}. Best is trial 1892 with value: 0.9319758700936625.
Trial 2945: AUC = 0.9297 | Params = {'iterations': 78, 'learning_rate': 0.19981689257566723, 'depth': 4, 'l2_leaf_reg': 4.273482892626811, 'subsample': 0.728815674184905, 'min_data_in_leaf': 24, 'rsm': 0.9762502426129077, 'loss_function': 'Logloss', 'eval_metric': 'AUC', 'grow_policy': 'Depthwise'}
[I 2024-12-29 22:19:10,099] Trial 2946 finished with value: 0.928916429534222 and parameters: {'iterations': 74, 'learning_rate': 0.19224408757059053, 'depth': 6, 'l2_leaf_reg': 4.29232212698162, 'subsample': 0.7203480182044181, 'min_data_in_leaf': 23, 'rsm': 0.9504237585932573}. Best is trial 1892 with value: 0.9319758700936625.
Trial 2946: AUC = 0.9289 | Params = {'iterations': 74, 'learning_rate': 0.19224408757059053, 'depth': 6, 'l2_leaf_reg': 4.29232212698162, 'subsample': 0.7203480182044181, 'min_data_in_leaf': 23, 'rsm': 0.9504237585932573, 'loss_function': 'Logloss', 'eval_metric': 'AUC', 'grow_policy': 'Depthwise'}
[I 2024-12-29 22:19:10,678] Trial 2947 finished with value: 0.9293434119422588 and parameters: {'iterations': 74, 'learning_rate': 0.1999191171769507, 'depth': 4, 'l2_leaf_reg': 4.0921062283639875, 'subsample': 0.7249144516429786, 'min_data_in_leaf': 28, 'rsm': 0.9705400692406959}. Best is trial 1892 with value: 0.9319758700936625.
Trial 2947: AUC = 0.9293 | Params = {'iterations': 74, 'learning_rate': 0.1999191171769507, 'depth': 4, 'l2_leaf_reg': 4.0921062283639875, 'subsample': 0.7249144516429786, 'min_data_in_leaf': 28, 'rsm': 0.9705400692406959, 'loss_function': 'Logloss', 'eval_metric': 'AUC', 'grow_policy': 'Depthwise'}
[I 2024-12-29 22:19:11,213] Trial 2948 finished with value: 0.9295583432218523 and parameters: {'iterations': 86, 'learning_rate': 0.1867256895264367, 'depth': 4, 'l2_leaf_reg': 4.158420517173735, 'subsample': 0.7953184083746841, 'min_data_in_leaf': 26, 'rsm': 0.980391278724035}. Best is trial 1892 with value: 0.9319758700936625.
Trial 2948: AUC = 0.9296 | Params = {'iterations': 86, 'learning_rate': 0.1867256895264367, 'depth': 4, 'l2_leaf_reg': 4.158420517173735, 'subsample': 0.7953184083746841, 'min_data_in_leaf': 26, 'rsm': 0.980391278724035, 'loss_function': 'Logloss', 'eval_metric': 'AUC', 'grow_policy': 'Depthwise'}
[I 2024-12-29 22:19:11,722] Trial 2949 finished with value: 0.9304774714577021 and parameters: {'iterations': 80, 'learning_rate': 0.1947680733970382, 'depth': 4, 'l2_leaf_reg': 4.313818900702931, 'subsample': 0.7431430829810222, 'min_data_in_leaf': 27, 'rsm': 0.9608573327392402}. Best is trial 1892 with value: 0.9319758700936625.
Trial 2949: AUC = 0.9305 | Params = {'iterations': 80, 'learning_rate': 0.1947680733970382, 'depth': 4, 'l2_leaf_reg': 4.313818900702931, 'subsample': 0.7431430829810222, 'min_data_in_leaf': 27, 'rsm': 0.9608573327392402, 'loss_function': 'Logloss', 'eval_metric': 'AUC', 'grow_policy': 'Depthwise'}
[I 2024-12-29 22:19:12,287] Trial 2950 finished with value: 0.9291734830243892 and parameters: {'iterations': 81, 'learning_rate': 0.1899619674873065, 'depth': 4, 'l2_leaf_reg': 4.30977159096145, 'subsample': 0.734140544037593, 'min_data_in_leaf': 25, 'rsm': 0.9748811030348652}. Best is trial 1892 with value: 0.9319758700936625.
Trial 2950: AUC = 0.9292 | Params = {'iterations': 81, 'learning_rate': 0.1899619674873065, 'depth': 4, 'l2_leaf_reg': 4.30977159096145, 'subsample': 0.734140544037593, 'min_data_in_leaf': 25, 'rsm': 0.9748811030348652, 'loss_function': 'Logloss', 'eval_metric': 'AUC', 'grow_policy': 'Depthwise'}
[I 2024-12-29 22:19:12,805] Trial 2951 finished with value: 0.9298305175055587 and parameters: {'iterations': 79, 'learning_rate': 0.19528860434336345, 'depth': 4, 'l2_leaf_reg': 4.202993682990507, 'subsample': 0.7193542724539217, 'min_data_in_leaf': 30, 'rsm': 0.9678391791862025}. Best is trial 1892 with value: 0.9319758700936625.
Trial 2951: AUC = 0.9298 | Params = {'iterations': 79, 'learning_rate': 0.19528860434336345, 'depth': 4, 'l2_leaf_reg': 4.202993682990507, 'subsample': 0.7193542724539217, 'min_data_in_leaf': 30, 'rsm': 0.9678391791862025, 'loss_function': 'Logloss', 'eval_metric': 'AUC', 'grow_policy': 'Depthwise'}
