[I 2024-12-29 22:15:25,644] Trial 2510 finished with value: 0.9300029665556848 and parameters: {'iterations': 90, 'learning_rate': 0.19502865736719738, 'depth': 4, 'l2_leaf_reg': 4.401732268297997, 'subsample': 0.7045713051580091, 'min_data_in_leaf': 25, 'rsm': 0.9731203675651311}. Best is trial 1892 with value: 0.9319758700936625.
Trial 2510: AUC = 0.9300 | Params = {'iterations': 90, 'learning_rate': 0.19502865736719738, 'depth': 4, 'l2_leaf_reg': 4.401732268297997, 'subsample': 0.7045713051580091, 'min_data_in_leaf': 25, 'rsm': 0.9731203675651311, 'loss_function': 'Logloss', 'eval_metric': 'AUC', 'grow_policy': 'Depthwise'}
[I 2024-12-29 22:15:26,254] Trial 2511 finished with value: 0.930855851315077 and parameters: {'iterations': 103, 'learning_rate': 0.1875430427207546, 'depth': 4, 'l2_leaf_reg': 4.295466272432525, 'subsample': 0.7237053855945935, 'min_data_in_leaf': 25, 'rsm': 0.9603676002820956}. Best is trial 1892 with value: 0.9319758700936625.
Trial 2511: AUC = 0.9309 | Params = {'iterations': 103, 'learning_rate': 0.1875430427207546, 'depth': 4, 'l2_leaf_reg': 4.295466272432525, 'subsample': 0.7237053855945935, 'min_data_in_leaf': 25, 'rsm': 0.9603676002820956, 'loss_function': 'Logloss', 'eval_metric': 'AUC', 'grow_policy': 'Depthwise'}
[I 2024-12-29 22:15:26,852] Trial 2512 finished with value: 0.9293819339638945 and parameters: {'iterations': 118, 'learning_rate': 0.19054942433236824, 'depth': 4, 'l2_leaf_reg': 4.530230989849354, 'subsample': 0.7175239704606896, 'min_data_in_leaf': 23, 'rsm': 0.9909385449352958}. Best is trial 1892 with value: 0.9319758700936625.
Trial 2512: AUC = 0.9294 | Params = {'iterations': 118, 'learning_rate': 0.19054942433236824, 'depth': 4, 'l2_leaf_reg': 4.530230989849354, 'subsample': 0.7175239704606896, 'min_data_in_leaf': 23, 'rsm': 0.9909385449352958, 'loss_function': 'Logloss', 'eval_metric': 'AUC', 'grow_policy': 'Depthwise'}
[I 2024-12-29 22:15:27,421] Trial 2513 finished with value: 0.9298841603207336 and parameters: {'iterations': 83, 'learning_rate': 0.19742339225373035, 'depth': 4, 'l2_leaf_reg': 4.243815758094826, 'subsample': 0.7297620389297375, 'min_data_in_leaf': 26, 'rsm': 0.9703194759151801}. Best is trial 1892 with value: 0.9319758700936625.
Trial 2513: AUC = 0.9299 | Params = {'iterations': 83, 'learning_rate': 0.19742339225373035, 'depth': 4, 'l2_leaf_reg': 4.243815758094826, 'subsample': 0.7297620389297375, 'min_data_in_leaf': 26, 'rsm': 0.9703194759151801, 'loss_function': 'Logloss', 'eval_metric': 'AUC', 'grow_policy': 'Depthwise'}
[I 2024-12-29 22:15:27,987] Trial 2514 finished with value: 0.931247911890416 and parameters: {'iterations': 94, 'learning_rate': 0.19382853823648627, 'depth': 4, 'l2_leaf_reg': 3.8119554521231995, 'subsample': 0.7087797811912193, 'min_data_in_leaf': 24, 'rsm': 0.9777653689029594}. Best is trial 1892 with value: 0.9319758700936625.
Trial 2514: AUC = 0.9312 | Params = {'iterations': 94, 'learning_rate': 0.19382853823648627, 'depth': 4, 'l2_leaf_reg': 3.8119554521231995, 'subsample': 0.7087797811912193, 'min_data_in_leaf': 24, 'rsm': 0.9777653689029594, 'loss_function': 'Logloss', 'eval_metric': 'AUC', 'grow_policy': 'Depthwise'}
[I 2024-12-29 22:15:27,186] Trial 2515 finished with value: 0.9295770642043294 and parameters: {'iterations': 87, 'learning_rate': 0.19760824670065416, 'depth': 4, 'l2_leaf_reg': 4.140035717683325, 'subsample': 0.7219679338556131, 'min_data_in_leaf': 21, 'rsm': 0.9649873701198965}. Best is trial 1892 with value: 0.9319758700936625.
Trial 2515: AUC = 0.9296 | Params = {'iterations': 87, 'learning_rate': 0.19760824670065416, 'depth': 4, 'l2_leaf_reg': 4.140035717683325, 'subsample': 0.7219679338556131, 'min_data_in_leaf': 21, 'rsm': 0.9649873701198965, 'loss_function': 'Logloss', 'eval_metric': 'AUC', 'grow_policy': 'Depthwise'}
[I 2024-12-29 22:15:27,695] Trial 2516 finished with value: 0.9289225498554164 and parameters: {'iterations': 99, 'learning_rate': 0.1857744307764802, 'depth': 4, 'l2_leaf_reg': 4.364935500498275, 'subsample': 0.7411434141346488, 'min_data_in_leaf': 26, 'rsm': 0.9845462093633911}. Best is trial 1892 with value: 0.9319758700936625.
Trial 2516: AUC = 0.9289 | Params = {'iterations': 99, 'learning_rate': 0.1857744307764802, 'depth': 4, 'l2_leaf_reg': 4.364935500498275, 'subsample': 0.7411434141346488, 'min_data_in_leaf': 26, 'rsm': 0.9845462093633911, 'loss_function': 'Logloss', 'eval_metric': 'AUC', 'grow_policy': 'Depthwise'}
[I 2024-12-29 22:15:28,230] Trial 2517 finished with value: 0.9304490299650925 and parameters: {'iterations': 162, 'learning_rate': 0.19327857562540085, 'depth': 4, 'l2_leaf_reg': 3.974157903750458, 'subsample': 0.7132444124992625, 'min_data_in_leaf': 25, 'rsm': 0.9759425820840391}. Best is trial 1892 with value: 0.9319758700936625.
Trial 2517: AUC = 0.9304 | Params = {'iterations': 162, 'learning_rate': 0.19327857562540085, 'depth': 4, 'l2_leaf_reg': 3.974157903750458, 'subsample': 0.7132444124992625, 'min_data_in_leaf': 25, 'rsm': 0.9759425820840391, 'loss_function': 'Logloss', 'eval_metric': 'AUC', 'grow_policy': 'Depthwise'}
[I 2024-12-29 22:15:28,844] Trial 2518 finished with value: 0.9304979925346483 and parameters: {'iterations': 92, 'learning_rate': 0.19116744100376437, 'depth': 4, 'l2_leaf_reg': 4.437641651575499, 'subsample': 0.7050465051626621, 'min_data_in_leaf': 24, 'rsm': 0.9700566466833676}. Best is trial 1892 with value: 0.9319758700936625.
Trial 2518: AUC = 0.9305 | Params = {'iterations': 92, 'learning_rate': 0.19116744100376437, 'depth': 4, 'l2_leaf_reg': 4.437641651575499, 'subsample': 0.7050465051626621, 'min_data_in_leaf': 24, 'rsm': 0.9700566466833676, 'loss_function': 'Logloss', 'eval_metric': 'AUC', 'grow_policy': 'Depthwise'}
[I 2024-12-29 22:15:29,314] Trial 2519 finished with value: 0.9301329333763436 and parameters: {'iterations': 96, 'learning_rate': 0.19523688144317594, 'depth': 4, 'l2_leaf_reg': 4.05196939041873, 'subsample': 0.7004440427892382, 'min_data_in_leaf': 25, 'rsm': 0.9802112323387013}. Best is trial 1892 with value: 0.9319758700936625.
Trial 2519: AUC = 0.9301 | Params = {'iterations': 96, 'learning_rate': 0.19523688144317594, 'depth': 4, 'l2_leaf_reg': 4.05196939041873, 'subsample': 0.7004440427892382, 'min_data_in_leaf': 25, 'rsm': 0.9802112323387013, 'loss_function': 'Logloss', 'eval_metric': 'AUC', 'grow_policy': 'Depthwise'}
[I 2024-12-29 22:15:29,819] Trial 2520 finished with value: 0.9301059319593091 and parameters: {'iterations': 89, 'learning_rate': 0.1882223264735041, 'depth': 4, 'l2_leaf_reg': 4.21805542364289, 'subsample': 0.7173493636205138, 'min_data_in_leaf': 9, 'rsm': 0.9878615792743758}. Best is trial 1892 with value: 0.9319758700936625.
Trial 2520: AUC = 0.9301 | Params = {'iterations': 89, 'learning_rate': 0.1882223264735041, 'depth': 4, 'l2_leaf_reg': 4.21805542364289, 'subsample': 0.7173493636205138, 'min_data_in_leaf': 9, 'rsm': 0.9878615792743758, 'loss_function': 'Logloss', 'eval_metric': 'AUC', 'grow_policy': 'Depthwise'}
[I 2024-12-29 22:15:30,296] Trial 2521 finished with value: 0.9303349039757607 and parameters: {'iterations': 85, 'learning_rate': 0.19697077826071288, 'depth': 4, 'l2_leaf_reg': 4.343716082161677, 'subsample': 0.7095941665119958, 'min_data_in_leaf': 23, 'rsm': 0.9607663264165098}. Best is trial 1892 with value: 0.9319758700936625.
Trial 2521: AUC = 0.9303 | Params = {'iterations': 85, 'learning_rate': 0.19697077826071288, 'depth': 4, 'l2_leaf_reg': 4.343716082161677, 'subsample': 0.7095941665119958, 'min_data_in_leaf': 23, 'rsm': 0.9607663264165098, 'loss_function': 'Logloss', 'eval_metric': 'AUC', 'grow_policy': 'Depthwise'}
[I 2024-12-29 22:15:30,902] Trial 2522 finished with value: 0.9296778694945912 and parameters: {'iterations': 93, 'learning_rate': 0.19985559546527198, 'depth': 4, 'l2_leaf_reg': 4.448880174074536, 'subsample': 0.7288822237713969, 'min_data_in_leaf': 26, 'rsm': 0.8571253492237801}. Best is trial 1892 with value: 0.9319758700936625.
Trial 2522: AUC = 0.9297 | Params = {'iterations': 93, 'learning_rate': 0.19985559546527198, 'depth': 4, 'l2_leaf_reg': 4.448880174074536, 'subsample': 0.7288822237713969, 'min_data_in_leaf': 26, 'rsm': 0.8571253492237801, 'loss_function': 'Logloss', 'eval_metric': 'AUC', 'grow_policy': 'Depthwise'}
[I 2024-12-29 22:15:31,366] Trial 2523 finished with value: 0.9291439614750983 and parameters: {'iterations': 65, 'learning_rate': 0.1930473330939575, 'depth': 4, 'l2_leaf_reg': 4.146963135241466, 'subsample': 0.7221767984336427, 'min_data_in_leaf': 24, 'rsm': 0.9713907955623096}. Best is trial 1892 with value: 0.9319758700936625.
Trial 2523: AUC = 0.9291 | Params = {'iterations': 65, 'learning_rate': 0.1930473330939575, 'depth': 4, 'l2_leaf_reg': 4.146963135241466, 'subsample': 0.7221767984336427, 'min_data_in_leaf': 24, 'rsm': 0.9713907955623096, 'loss_function': 'Logloss', 'eval_metric': 'AUC', 'grow_policy': 'Depthwise'}
[I 2024-12-29 22:15:31,864] Trial 2524 finished with value: 0.9304259887558899 and parameters: {'iterations': 90, 'learning_rate': 0.1900683946516937, 'depth': 4, 'l2_leaf_reg': 4.561610319179673, 'subsample': 0.7141883038361484, 'min_data_in_leaf': 25, 'rsm': 0.9655332863194724}. Best is trial 1892 with value: 0.9319758700936625.
Trial 2524: AUC = 0.9304 | Params = {'iterations': 90, 'learning_rate': 0.1900683946516937, 'depth': 4, 'l2_leaf_reg': 4.561610319179673, 'subsample': 0.7141883038361484, 'min_data_in_leaf': 25, 'rsm': 0.9655332863194724, 'loss_function': 'Logloss', 'eval_metric': 'AUC', 'grow_policy': 'Depthwise'}
[I 2024-12-29 22:15:32,673] Trial 2525 finished with value: 0.9278770549878458 and parameters: {'iterations': 98, 'learning_rate': 0.19511597194977415, 'depth': 6, 'l2_leaf_reg': 4.286026450535015, 'subsample': 0.8836567590709182, 'min_data_in_leaf': 25, 'rsm': 0.9817132064648878}. Best is trial 1892 with value: 0.9319758700936625.
Trial 2525: AUC = 0.9279 | Params = {'iterations': 98, 'learning_rate': 0.19511597194977415, 'depth': 6, 'l2_leaf_reg': 4.286026450535015, 'subsample': 0.8836567590709182, 'min_data_in_leaf': 25, 'rsm': 0.9817132064648878, 'loss_function': 'Logloss', 'eval_metric': 'AUC', 'grow_policy': 'Depthwise'}
[I 2024-12-29 22:15:33,176] Trial 2526 finished with value: 0.929139281229479 and parameters: {'iterations': 147, 'learning_rate': 0.19747033754578694, 'depth': 4, 'l2_leaf_reg': 1.9912836864484271, 'subsample': 0.7094847806630873, 'min_data_in_leaf': 26, 'rsm': 0.9995173451509805}. Best is trial 1892 with value: 0.9319758700936625.
Trial 2526: AUC = 0.9291 | Params = {'iterations': 147, 'learning_rate': 0.19747033754578694, 'depth': 4, 'l2_leaf_reg': 1.9912836864484271, 'subsample': 0.7094847806630873, 'min_data_in_leaf': 26, 'rsm': 0.9995173451509805, 'loss_function': 'Logloss', 'eval_metric': 'AUC', 'grow_policy': 'Depthwise'}
[I 2024-12-29 22:15:33,735] Trial 2527 finished with value: 0.9309238948860036 and parameters: {'iterations': 101, 'learning_rate': 0.1925636883461103, 'depth': 4, 'l2_leaf_reg': 3.4995155354817933, 'subsample': 0.7253729685522036, 'min_data_in_leaf': 22, 'rsm': 0.8933523803033455}. Best is trial 1892 with value: 0.9319758700936625.
Trial 2527: AUC = 0.9309 | Params = {'iterations': 101, 'learning_rate': 0.1925636883461103, 'depth': 4, 'l2_leaf_reg': 3.4995155354817933, 'subsample': 0.7253729685522036, 'min_data_in_leaf': 22, 'rsm': 0.8933523803033455, 'loss_function': 'Logloss', 'eval_metric': 'AUC', 'grow_policy': 'Depthwise'}
[I 2024-12-29 22:15:34,282] Trial 2528 finished with value: 0.9303287836545662 and parameters: {'iterations': 86, 'learning_rate': 0.18551278210134842, 'depth': 4, 'l2_leaf_reg': 4.359670693694321, 'subsample': 0.7178885160460864, 'min_data_in_leaf': 15, 'rsm': 0.9753129005048873}. Best is trial 1892 with value: 0.9319758700936625.
Trial 2528: AUC = 0.9303 | Params = {'iterations': 86, 'learning_rate': 0.18551278210134842, 'depth': 4, 'l2_leaf_reg': 4.359670693694321, 'subsample': 0.7178885160460864, 'min_data_in_leaf': 15, 'rsm': 0.9753129005048873, 'loss_function': 'Logloss', 'eval_metric': 'AUC', 'grow_policy': 'Depthwise'}
[I 2024-12-29 22:15:34,924] Trial 2529 finished with value: 0.9296724692111844 and parameters: {'iterations': 94, 'learning_rate': 0.18852449635562576, 'depth': 4, 'l2_leaf_reg': 4.205277838180396, 'subsample': 0.8321837415434529, 'min_data_in_leaf': 24, 'rsm': 0.9887031932647293}. Best is trial 1892 with value: 0.9319758700936625.
Trial 2529: AUC = 0.9297 | Params = {'iterations': 94, 'learning_rate': 0.18852449635562576, 'depth': 4, 'l2_leaf_reg': 4.205277838180396, 'subsample': 0.8321837415434529, 'min_data_in_leaf': 24, 'rsm': 0.9887031932647293, 'loss_function': 'Logloss', 'eval_metric': 'AUC', 'grow_policy': 'Depthwise'}
[I 2024-12-29 22:15:35,472] Trial 2530 finished with value: 0.9301174525639105 and parameters: {'iterations': 113, 'learning_rate': 0.11501811663502354, 'depth': 4, 'l2_leaf_reg': 4.491256279572951, 'subsample': 0.7103021093732915, 'min_data_in_leaf': 25, 'rsm': 0.9678178760934023}. Best is trial 1892 with value: 0.9319758700936625.
Trial 2530: AUC = 0.9301 | Params = {'iterations': 113, 'learning_rate': 0.11501811663502354, 'depth': 4, 'l2_leaf_reg': 4.491256279572951, 'subsample': 0.7103021093732915, 'min_data_in_leaf': 25, 'rsm': 0.9678178760934023, 'loss_function': 'Logloss', 'eval_metric': 'AUC', 'grow_policy': 'Depthwise'}
[I 2024-12-29 22:15:35,976] Trial 2531 finished with value: 0.9288969885139572 and parameters: {'iterations': 133, 'learning_rate': 0.1999890199677941, 'depth': 4, 'l2_leaf_reg': 4.288910167023212, 'subsample': 0.7365319967338692, 'min_data_in_leaf': 26, 'rsm': 0.9600947452322021}. Best is trial 1892 with value: 0.9319758700936625.
Trial 2531: AUC = 0.9289 | Params = {'iterations': 133, 'learning_rate': 0.1999890199677941, 'depth': 4, 'l2_leaf_reg': 4.288910167023212, 'subsample': 0.7365319967338692, 'min_data_in_leaf': 26, 'rsm': 0.9600947452322021, 'loss_function': 'Logloss', 'eval_metric': 'AUC', 'grow_policy': 'Depthwise'}
[I 2024-12-29 22:15:36,527] Trial 2532 finished with value: 0.9299223223234755 and parameters: {'iterations': 83, 'learning_rate': 0.19485595110294912, 'depth': 4, 'l2_leaf_reg': 4.40824495358955, 'subsample': 0.8687512659185008, 'min_data_in_leaf': 23, 'rsm': 0.9747966848223946}. Best is trial 1892 with value: 0.9319758700936625.
Trial 2532: AUC = 0.9299 | Params = {'iterations': 83, 'learning_rate': 0.19485595110294912, 'depth': 4, 'l2_leaf_reg': 4.40824495358955, 'subsample': 0.8687512659185008, 'min_data_in_leaf': 23, 'rsm': 0.9747966848223946, 'loss_function': 'Logloss', 'eval_metric': 'AUC', 'grow_policy': 'Depthwise'}
[I 2024-12-29 22:15:37,095] Trial 2533 finished with value: 0.9282140326724346 and parameters: {'iterations': 62, 'learning_rate': 0.19991497190786778, 'depth': 5, 'l2_leaf_reg': 4.082311428387751, 'subsample': 0.7196007260073549, 'min_data_in_leaf': 25, 'rsm': 0.9819491506756284}. Best is trial 1892 with value: 0.9319758700936625.
Trial 2533: AUC = 0.9282 | Params = {'iterations': 62, 'learning_rate': 0.19991497190786778, 'depth': 5, 'l2_leaf_reg': 4.082311428387751, 'subsample': 0.7196007260073549, 'min_data_in_leaf': 25, 'rsm': 0.9819491506756284, 'loss_function': 'Logloss', 'eval_metric': 'AUC', 'grow_policy': 'Depthwise'}
[I 2024-12-29 22:15:37,615] Trial 2534 finished with value: 0.9309228148293223 and parameters: {'iterations': 89, 'learning_rate': 0.1908921574911411, 'depth': 4, 'l2_leaf_reg': 4.212181435589054, 'subsample': 0.7158046812544894, 'min_data_in_leaf': 24, 'rsm': 0.9724412457989797}. Best is trial 1892 with value: 0.9319758700936625.
Trial 2534: AUC = 0.9309 | Params = {'iterations': 89, 'learning_rate': 0.1908921574911411, 'depth': 4, 'l2_leaf_reg': 4.212181435589054, 'subsample': 0.7158046812544894, 'min_data_in_leaf': 24, 'rsm': 0.9724412457989797, 'loss_function': 'Logloss', 'eval_metric': 'AUC', 'grow_policy': 'Depthwise'}
[I 2024-12-29 22:15:38,035] Trial 2535 finished with value: 0.930019887443693 and parameters: {'iterations': 54, 'learning_rate': 0.1954216701734757, 'depth': 4, 'l2_leaf_reg': 4.325922069714727, 'subsample': 0.7063367635104253, 'min_data_in_leaf': 25, 'rsm': 0.9789810589919509}. Best is trial 1892 with value: 0.9319758700936625.
Trial 2535: AUC = 0.9300 | Params = {'iterations': 54, 'learning_rate': 0.1954216701734757, 'depth': 4, 'l2_leaf_reg': 4.325922069714727, 'subsample': 0.7063367635104253, 'min_data_in_leaf': 25, 'rsm': 0.9789810589919509, 'loss_function': 'Logloss', 'eval_metric': 'AUC', 'grow_policy': 'Depthwise'}
[I 2024-12-29 22:15:38,495] Trial 2536 finished with value: 0.930928575131623 and parameters: {'iterations': 155, 'learning_rate': 0.19745123420385174, 'depth': 4, 'l2_leaf_reg': 4.5322879156978715, 'subsample': 0.7270340036976978, 'min_data_in_leaf': 26, 'rsm': 0.9656006772253753}. Best is trial 1892 with value: 0.9319758700936625.
Trial 2536: AUC = 0.9309 | Params = {'iterations': 155, 'learning_rate': 0.19745123420385174, 'depth': 4, 'l2_leaf_reg': 4.5322879156978715, 'subsample': 0.7270340036976978, 'min_data_in_leaf': 26, 'rsm': 0.9656006772253753, 'loss_function': 'Logloss', 'eval_metric': 'AUC', 'grow_policy': 'Depthwise'}
[I 2024-12-29 22:15:39,039] Trial 2537 finished with value: 0.9288469458877201 and parameters: {'iterations': 92, 'learning_rate': 0.19260799330109882, 'depth': 4, 'l2_leaf_reg': 4.447734317538879, 'subsample': 0.7133118755166608, 'min_data_in_leaf': 14, 'rsm': 0.9932812740106377}. Best is trial 1892 with value: 0.9319758700936625.
Trial 2537: AUC = 0.9288 | Params = {'iterations': 92, 'learning_rate': 0.19260799330109882, 'depth': 4, 'l2_leaf_reg': 4.447734317538879, 'subsample': 0.7133118755166608, 'min_data_in_leaf': 14, 'rsm': 0.9932812740106377, 'loss_function': 'Logloss', 'eval_metric': 'AUC', 'grow_policy': 'Depthwise'}
[I 2024-12-29 22:15:39,533] Trial 2538 finished with value: 0.9299003611709542 and parameters: {'iterations': 97, 'learning_rate': 0.18841698923581543, 'depth': 4, 'l2_leaf_reg': 4.139943046028323, 'subsample': 0.7050263618008142, 'min_data_in_leaf': 24, 'rsm': 0.9860791608976648}. Best is trial 1892 with value: 0.9319758700936625.
Trial 2538: AUC = 0.9299 | Params = {'iterations': 97, 'learning_rate': 0.18841698923581543, 'depth': 4, 'l2_leaf_reg': 4.139943046028323, 'subsample': 0.7050263618008142, 'min_data_in_leaf': 24, 'rsm': 0.9860791608976648, 'loss_function': 'Logloss', 'eval_metric': 'AUC', 'grow_policy': 'Depthwise'}
[I 2024-12-29 22:15:39,990] Trial 2539 finished with value: 0.9300756903722307 and parameters: {'iterations': 66, 'learning_rate': 0.1951214026252454, 'depth': 4, 'l2_leaf_reg': 4.3664527630279535, 'subsample': 0.9339840245779679, 'min_data_in_leaf': 24, 'rsm': 0.8709202292254233}. Best is trial 1892 with value: 0.9319758700936625.
Trial 2539: AUC = 0.9301 | Params = {'iterations': 66, 'learning_rate': 0.1951214026252454, 'depth': 4, 'l2_leaf_reg': 4.3664527630279535, 'subsample': 0.9339840245779679, 'min_data_in_leaf': 24, 'rsm': 0.8709202292254233, 'loss_function': 'Logloss', 'eval_metric': 'AUC', 'grow_policy': 'Depthwise'}
[I 2024-12-29 22:15:40,633] Trial 2540 finished with value: 0.9302963819541249 and parameters: {'iterations': 104, 'learning_rate': 0.19985049004734273, 'depth': 4, 'l2_leaf_reg': 4.255367013808302, 'subsample': 0.7003008617677319, 'min_data_in_leaf': 26, 'rsm': 0.9717547188628705}. Best is trial 1892 with value: 0.9319758700936625.
Trial 2540: AUC = 0.9303 | Params = {'iterations': 104, 'learning_rate': 0.19985049004734273, 'depth': 4, 'l2_leaf_reg': 4.255367013808302, 'subsample': 0.7003008617677319, 'min_data_in_leaf': 26, 'rsm': 0.9717547188628705, 'loss_function': 'Logloss', 'eval_metric': 'AUC', 'grow_policy': 'Depthwise'}
[I 2024-12-29 22:15:41,154] Trial 2541 finished with value: 0.9289344304789116 and parameters: {'iterations': 95, 'learning_rate': 0.18533751190573364, 'depth': 4, 'l2_leaf_reg': 4.411162104697151, 'subsample': 0.7223459746728079, 'min_data_in_leaf': 25, 'rsm': 0.9602084932689068}. Best is trial 1892 with value: 0.9319758700936625.
Trial 2541: AUC = 0.9289 | Params = {'iterations': 95, 'learning_rate': 0.18533751190573364, 'depth': 4, 'l2_leaf_reg': 4.411162104697151, 'subsample': 0.7223459746728079, 'min_data_in_leaf': 25, 'rsm': 0.9602084932689068, 'loss_function': 'Logloss', 'eval_metric': 'AUC', 'grow_policy': 'Depthwise'}
[I 2024-12-29 22:15:41,629] Trial 2542 finished with value: 0.929952563910554 and parameters: {'iterations': 88, 'learning_rate': 0.19095725065234945, 'depth': 4, 'l2_leaf_reg': 3.9961495675716905, 'subsample': 0.7133737113376836, 'min_data_in_leaf': 11, 'rsm': 0.9779890850538366}. Best is trial 1892 with value: 0.9319758700936625.
Trial 2542: AUC = 0.9300 | Params = {'iterations': 88, 'learning_rate': 0.19095725065234945, 'depth': 4, 'l2_leaf_reg': 3.9961495675716905, 'subsample': 0.7133737113376836, 'min_data_in_leaf': 11, 'rsm': 0.9779890850538366, 'loss_function': 'Logloss', 'eval_metric': 'AUC', 'grow_policy': 'Depthwise'}
[I 2024-12-29 22:15:42,179] Trial 2543 finished with value: 0.929336211564383 and parameters: {'iterations': 92, 'learning_rate': 0.1950174501218588, 'depth': 4, 'l2_leaf_reg': 1.6695833147005166, 'subsample': 0.7194554801875039, 'min_data_in_leaf': 25, 'rsm': 0.966554224755884}. Best is trial 1892 with value: 0.9319758700936625.
Trial 2543: AUC = 0.9293 | Params = {'iterations': 92, 'learning_rate': 0.1950174501218588, 'depth': 4, 'l2_leaf_reg': 1.6695833147005166, 'subsample': 0.7194554801875039, 'min_data_in_leaf': 25, 'rsm': 0.966554224755884, 'loss_function': 'Logloss', 'eval_metric': 'AUC', 'grow_policy': 'Depthwise'}
